#
# A fatal error has been detected by the Java Runtime Environment:
#
#  EXCEPTION_ACCESS_VIOLATION (0xc0000005) at pc=0x00007ff9eebd2a88, pid=14924, tid=15364
#
# JRE version: Java(TM) SE Runtime Environment (17.0.10+11) (build 17.0.10+11-LTS-240)
# Java VM: Java HotSpot(TM) 64-Bit Server VM (17.0.10+11-LTS-240, mixed mode, sharing, tiered, compressed oops, compressed class ptrs, g1 gc, windows-amd64)
# Problematic frame:
# C  [VkLayer_khronos_validation.dll+0x1012a88]
#
# No core dump will be written. Minidumps are not enabled by default on client versions of Windows
#
# If you would like to submit a bug report, please visit:
#   https://bugreport.java.com/bugreport/crash.jsp
# The crash happened outside the Java Virtual Machine in native code.
# See problematic frame for where to report the bug.
#

---------------  S U M M A R Y ------------

Command Line: -Dfile.encoding=UTF-8 -Dstdout.encoding=UTF-8 -Dstderr.encoding=UTF-8 -XX:+ShowCodeDetailsInExceptionMessages PShapeTest

Host: Intel(R) Core(TM) i7-8650U CPU @ 1.90GHz, 8 cores, 15G,  Windows 11 , 64 bit Build 22621 (10.0.22621.3958)
Time: Thu Oct 31 14:46:25 2024 GMT Standard Time elapsed time: 8.860503 seconds (0d 0h 0m 8s)

---------------  T H R E A D  ---------------

Current thread (0x000001e6161fff70):  JavaThread "Thread-2" [_thread_in_native, id=15364, stack(0x00000076d9400000,0x00000076d9500000)]

Stack: [0x00000076d9400000,0x00000076d9500000],  sp=0x00000076d94ff150,  free space=1020k
Native frames: (J=compiled Java code, j=interpreted, Vv=VM code, C=native code)
C  [VkLayer_khronos_validation.dll+0x1012a88]

Java frames: (J=compiled Java code, j=interpreted, Vv=VM code)
J 1237  org.lwjgl.system.JNI.callPPPV(JIIJJJ)V (0 bytes) @ 0x000001e5bcb1d583 [0x000001e5bcb1d520+0x0000000000000063]
J 1362 c2 org.lwjgl.vulkan.VK10.vkCmdBindVertexBuffers(Lorg/lwjgl/vulkan/VkCommandBuffer;ILjava/nio/LongBuffer;Ljava/nio/LongBuffer;)V (32 bytes) @ 0x000001e5bcb3ce90 [0x000001e5bcb3ce20+0x0000000000000070]
j  processing.GL2VK.ThreadNode$1.run()V+1073
j  java.lang.Thread.run()V+11 java.base@17.0.10
v  ~StubRoutines::call_stub

siginfo: EXCEPTION_ACCESS_VIOLATION (0xc0000005), reading address 0x0000000000000000


Registers:
RAX=0x0000000000000000, RBX=0x0000000000000000, RCX=0x0000000000000000, RDX=0x00000076d94ff1d0
RSP=0x00000076d94ff150, RBP=0x00000076d94ff231, RSI=0x0000057a04ac2a10, RDI=0x00000076d94ff1d0
R8 =0x0000000000000000, R9 =0x0000000000000000, R10=0x0000000000000000, R11=0x000000003b000000
R12=0x0000000000000000, R13=0x0000057a04968000, R14=0x0000000000000000, R15=0x000001e6165fe630
RIP=0x00007ff9eebd2a88, EFLAGS=0x0000000000010206


Register to memory mapping:

RIP=0x00007ff9eebd2a88 VkLayer_khronos_validation.dll
RAX=0x0 is NULL
RBX=0x0 is NULL
RCX=0x0 is NULL
RDX=0x00000076d94ff1d0 is pointing into the stack for thread: 0x000001e6161fff70
RSP=0x00000076d94ff150 is pointing into the stack for thread: 0x000001e6161fff70
RBP=0x00000076d94ff231 is pointing into the stack for thread: 0x000001e6161fff70
RSI=0x0000057a04ac2a10 points into unknown readable memory: 0x00007ff9ef083ee8 | e8 3e 08 ef f9 7f 00 00
RDI=0x00000076d94ff1d0 is pointing into the stack for thread: 0x000001e6161fff70
R8 =0x0 is NULL
R9 =0x0 is NULL
R10=0x0 is NULL
R11=0x000000003b000000 is an unknown value
R12=0x0 is NULL
R13=0x0000057a04968000 points into unknown readable memory: 0x00007ff9ef0a2e88 | 88 2e 0a ef f9 7f 00 00
R14=0x0 is NULL
R15=0x000001e6165fe630 points into unknown readable memory: 0x000000003b000000 | 00 00 00 3b 00 00 00 00


Top of Stack: (sp=0x00000076d94ff150)
0x00000076d94ff150:   0000000000000000 0000057a0496c640
0x00000076d94ff160:   0000057a0496c740 00007ff9ee7ee0af
0x00000076d94ff170:   0000057a0496c640 00000076d94ff200
0x00000076d94ff180:   0000000000000000 00000076d94ff1e0
0x00000076d94ff190:   0000057a080700e0 00007ff9eec34036
0x00000076d94ff1a0:   0000000000000000 00000000ffffffff
0x00000076d94ff1b0:   00000076d94ff231 00000000ffffffff
0x00000076d94ff1c0:   0000057a04ac2a10 0000057a04ac2a00
0x00000076d94ff1d0:   0000000000000000 0000000000000000
0x00000076d94ff1e0:   0000000000000000 0000000000000000
0x00000076d94ff1f0:   0000057a04ac2a10 0000057a04ac2a00
0x00000076d94ff200:   0000057a04ac3660 0000057a04b10001
0x00000076d94ff210:   00007ff9eefb7c98 0000000000000000
0x00000076d94ff220:   0000000000000000 0000000000000000
0x00000076d94ff230:   0000000000000000 0000000000000000
0x00000076d94ff240:   000001e6165fe630 0000000000000002 

Instructions: (pc=0x00007ff9eebd2a88)
0x00007ff9eebd2988:   00 00 44 88 b7 64 0c 00 00 48 8b cf e8 e7 01 00
0x00007ff9eebd2998:   00 90 48 8b c7 48 8b 8d e0 00 00 00 48 33 cc e8
0x00007ff9eebd29a8:   a4 3e 26 00 4c 8d 9c 24 f0 01 00 00 49 8b 5b 28
0x00007ff9eebd29b8:   49 8b 73 30 49 8b e3 41 5e 5f 5d c3 cc cc cc cc
0x00007ff9eebd29c8:   cc cc cc cc cc cc cc cc 48 8b 02 45 33 d2 48 89
0x00007ff9eebd29d8:   01 4c 8b c2 48 8b 42 08 4c 8b c9 48 89 41 08 48
0x00007ff9eebd29e8:   8b 42 10 48 89 41 10 0f 10 42 18 0f 11 41 18 0f
0x00007ff9eebd29f8:   10 4a 28 0f 11 49 28 0f 10 42 38 0f 11 41 38 0f
0x00007ff9eebd2a08:   10 4a 48 0f 11 49 48 48 8b 42 58 48 89 41 58 4c
0x00007ff9eebd2a18:   89 51 60 4c 89 51 68 48 8b 42 60 48 89 41 60 48
0x00007ff9eebd2a28:   8b 42 68 48 89 41 68 49 8b 40 70 49 8b 48 78 4c
0x00007ff9eebd2a38:   89 52 60 4c 89 52 68 48 8b 92 80 00 00 00 4d 89
0x00007ff9eebd2a48:   90 80 00 00 00 4d 89 50 78 4d 89 50 70 49 89 41
0x00007ff9eebd2a58:   70 49 8b c1 49 89 49 78 49 89 91 80 00 00 00 c3
0x00007ff9eebd2a68:   cc cc cc cc cc cc cc cc 48 89 5c 24 08 48 89 74
0x00007ff9eebd2a78:   24 10 57 48 83 ec 40 48 8b fa 48 8b f1 48 8b 0a
0x00007ff9eebd2a88:   48 8b 01 48 8b d6 ff 50 28 84 c0 0f 84 c6 00 00
0x00007ff9eebd2a98:   00 48 8b 5f 08 48 85 db 74 08 f0 ff 43 08 48 8b
0x00007ff9eebd2aa8:   5f 08 48 8b 3f 48 89 7c 24 20 48 89 5c 24 28 4c
0x00007ff9eebd2ab8:   8d 44 24 20 48 8d 54 24 30 48 8d 8e c0 05 00 00
0x00007ff9eebd2ac8:   e8 b3 be 00 00 8b 4c 24 38 85 c9 0f 84 96 00 00
0x00007ff9eebd2ad8:   00 83 e9 01 74 49 83 e9 01 74 26 83 f9 01 75 3f
0x00007ff9eebd2ae8:   48 8b 4c 24 30 48 c1 e1 04 48 03 8e d0 05 00 00
0x00007ff9eebd2af8:   48 8d 54 24 20 e8 9e ce bc ff 48 8b 5c 24 28 eb
0x00007ff9eebd2b08:   1e 48 8b 44 24 30 48 c1 e0 04 48 03 86 d0 05 00
0x00007ff9eebd2b18:   00 48 89 38 48 89 58 08 33 db 48 89 5c 24 28 48
0x00007ff9eebd2b28:   85 db 74 33 bf ff ff ff ff 8b c7 f0 0f c1 43 08
0x00007ff9eebd2b38:   83 f8 01 75 22 48 8b 5c 24 28 48 8b 03 48 8b cb
0x00007ff9eebd2b48:   ff 10 f0 0f c1 7b 0c 83 ff 01 75 0b 48 8b 4c 24
0x00007ff9eebd2b58:   28 48 8b 01 ff 50 08 48 8b 5c 24 50 48 8b 74 24
0x00007ff9eebd2b68:   58 48 83 c4 40 5f c3 e8 1c c4 ba ff 90 cc cc cc
0x00007ff9eebd2b78:   cc cc cc cc cc cc cc cc 48 89 5c 24 10 48 89 6c 


Stack slot to memory mapping:
stack at sp + 0 slots: 0x0 is NULL
stack at sp + 1 slots: 0x0000057a0496c640 points into unknown readable memory: 0x0000000000000000 | 00 00 00 00 00 00 00 00
stack at sp + 2 slots: 0x0000057a0496c740 points into unknown readable memory: 0x0000000000000000 | 00 00 00 00 00 00 00 00
stack at sp + 3 slots: 0x00007ff9ee7ee0af VkLayer_khronos_validation.dll
stack at sp + 4 slots: 0x0000057a0496c640 points into unknown readable memory: 0x0000000000000000 | 00 00 00 00 00 00 00 00
stack at sp + 5 slots: 0x00000076d94ff200 is pointing into the stack for thread: 0x000001e6161fff70
stack at sp + 6 slots: 0x0 is NULL
stack at sp + 7 slots: 0x00000076d94ff1e0 is pointing into the stack for thread: 0x000001e6161fff70


Compiled method (n/a)    9058 1237     n 0       org.lwjgl.system.JNI::callPPPV (native)
 total in heap  [0x000001e5bcb1d390,0x000001e5bcb1d760] = 976
 relocation     [0x000001e5bcb1d4e8,0x000001e5bcb1d518] = 48
 main code      [0x000001e5bcb1d520,0x000001e5bcb1d758] = 568
 oops           [0x000001e5bcb1d758,0x000001e5bcb1d760] = 8

[Constant Pool (empty)]

[MachCode]
[Entry Point]
  # {method} {0x000001e61265eb50} 'callPPPV' '(JIIJJJ)V' in 'org/lwjgl/system/JNI'
  # parm0:    rdx:rdx   = long
  # parm1:    r8        = int
  # parm2:    r9        = int
  # parm3:    rdi:rdi   = long
  # parm4:    rsi:rsi   = long
  # parm5:    rcx:rcx   = long
  #           [sp+0x90]  (sp of caller)
  0x000001e5bcb1d520: 448b 5208 | 49bb 0000 | 00d1 e501 | 0000 4d03 | d349 3bc2 | 0f84 0600 

  0x000001e5bcb1d538: ;   {runtime_call ic_miss_stub}
  0x000001e5bcb1d538: 0000 e941 | f5a4 ff90 
[Verified Entry Point]
  0x000001e5bcb1d540: 8984 2400 | 90ff ff55 | 488b ec48 | 81ec 8000 | 0000 4889 | 4c24 3848 | 8974 2430 | 4889 7c24 
  0x000001e5bcb1d560: 284c 894c | 2420 4d8b | c84c 8bc2 

  0x000001e5bcb1d56c: ;   {oop(a 'java/lang/Class'{0x000000070140ae88} = 'org/lwjgl/system/JNI')}
  0x000001e5bcb1d56c: 49be 88ae | 4001 0700 | 0000 4c89 | 7424 704c | 8d74 2470 | 498b d6c5 

  0x000001e5bcb1d584: ;   {internal_word}
  0x000001e5bcb1d584: f877 49ba | 83d5 b1bc | e501 0000 | 4d89 9798 | 0200 0049 | 89a7 9002 

  0x000001e5bcb1d59c: ;   {external_word}
  0x000001e5bcb1d59c: 0000 49ba | e380 2222 | fa7f 0000 | 4180 3a00 | 0f84 5200 | 0000 5241 

  0x000001e5bcb1d5b4: ;   {metadata({method} {0x000001e61265eb50} 'callPPPV' '(JIIJJJ)V' in 'org/lwjgl/system/JNI')}
  0x000001e5bcb1d5b4: 5041 5148 | ba48 eb65 | 12e6 0100 | 0049 8bcf | 4883 ec20 | f7c4 0f00 | 0000 0f84 | 1a00 0000 
  0x000001e5bcb1d5d4: 4883 ec08 

  0x000001e5bcb1d5d8: ;   {runtime_call}
  0x000001e5bcb1d5d8: 49ba 00d6 | df21 fa7f | 0000 41ff | d248 83c4 | 08e9 0d00 

  0x000001e5bcb1d5ec: ;   {runtime_call}
  0x000001e5bcb1d5ec: 0000 49ba | 00d6 df21 | fa7f 0000 | 41ff d248 | 83c4 2041 | 5941 585a | 498d 8fb0 | 0200 0041 
  0x000001e5bcb1d60c: c787 4003 | 0000 0400 

  0x000001e5bcb1d614: ;   {runtime_call}
  0x000001e5bcb1d614: 0000 49ba | c019 885b | fa7f 0000 | 41ff d2c5 | f877 41c7 | 8740 0300 | 0005 0000 | 00f0 8344 
  0x000001e5bcb1d634: 24c0 0049 | 3baf 4803 | 0000 0f87 | 1100 0000 | 4181 bf30 | 0300 0000 | 0000 000f | 8424 0000 
  0x000001e5bcb1d654: 00c5 f877 | 498b cf4c | 8be4 4883 | ec20 4883 

  0x000001e5bcb1d664: ;   {runtime_call}
  0x000001e5bcb1d664: e4f0 49ba | 408d ea21 | fa7f 0000 | 41ff d249 | 8be4 4d33 | e441 c787 | 4003 0000 | 0800 0000 
  0x000001e5bcb1d684: 4181 bfb0 | 0300 0002 | 0000 000f | 849b 0000 

  0x000001e5bcb1d694: ;   {external_word}
  0x000001e5bcb1d694: 0049 bae3 | 8022 22fa | 7f00 0041 | 803a 000f | 8448 0000 

  0x000001e5bcb1d6a8: ;   {metadata({method} {0x000001e61265eb50} 'callPPPV' '(JIIJJJ)V' in 'org/lwjgl/system/JNI')}
  0x000001e5bcb1d6a8: 0048 ba48 | eb65 12e6 | 0100 0049 | 8bcf 4883 | ec20 f7c4 | 0f00 0000 | 0f84 1a00 | 0000 4883 
  0x000001e5bcb1d6c8: ;   {runtime_call}
  0x000001e5bcb1d6c8: ec08 49ba | 00d6 df21 | fa7f 0000 | 41ff d248 | 83c4 08e9 | 0d00 0000 

  0x000001e5bcb1d6e0: ;   {runtime_call}
  0x000001e5bcb1d6e0: 49ba 00d6 | df21 fa7f | 0000 41ff | d248 83c4 | 2049 c787 | 9002 0000 | 0000 0000 | 49c7 8798 
  0x000001e5bcb1d700: 0200 0000 | 0000 00c5 | f877 498b | 8fd8 0000 | 00c7 8100 | 0100 0000 | 0000 00c9 | 4981 7f08 
  0x000001e5bcb1d720: 0000 0000 | 0f85 0100 

  0x000001e5bcb1d728: ;   {runtime_call StubRoutines (1)}
  0x000001e5bcb1d728: 0000 c3e9 | d037 a0ff | c5f8 774c | 8be4 4883 | ec20 4883 

  0x000001e5bcb1d73c: ;   {runtime_call}
  0x000001e5bcb1d73c: e4f0 49ba | a006 e021 | fa7f 0000 | 41ff d249 | 8be4 4d33 | e4e9 3fff | ffff f4f4 
[/MachCode]


Compiled method (c2)    9075 1362       4       org.lwjgl.vulkan.VK10::vkCmdBindVertexBuffers (32 bytes)
 total in heap  [0x000001e5bcb3cc90,0x000001e5bcb3d188] = 1272
 relocation     [0x000001e5bcb3cde8,0x000001e5bcb3ce18] = 48
 main code      [0x000001e5bcb3ce20,0x000001e5bcb3cf60] = 320
 stub code      [0x000001e5bcb3cf60,0x000001e5bcb3cf88] = 40
 oops           [0x000001e5bcb3cf88,0x000001e5bcb3cf90] = 8
 metadata       [0x000001e5bcb3cf90,0x000001e5bcb3cfe0] = 80
 scopes data    [0x000001e5bcb3cfe0,0x000001e5bcb3d098] = 184
 scopes pcs     [0x000001e5bcb3d098,0x000001e5bcb3d138] = 160
 dependencies   [0x000001e5bcb3d138,0x000001e5bcb3d148] = 16
 handler table  [0x000001e5bcb3d148,0x000001e5bcb3d160] = 24
 nul chk table  [0x000001e5bcb3d160,0x000001e5bcb3d188] = 40

[Constant Pool (empty)]

[MachCode]
[Verified Entry Point]
  # {method} {0x000001e6126ac898} 'vkCmdBindVertexBuffers' '(Lorg/lwjgl/vulkan/VkCommandBuffer;ILjava/nio/LongBuffer;Ljava/nio/LongBuffer;)V' in 'org/lwjgl/vulkan/VK10'
  # parm0:    rdx:rdx   = 'org/lwjgl/vulkan/VkCommandBuffer'
  # parm1:    r8        = int
  # parm2:    r9:r9     = 'java/nio/LongBuffer'
  # parm3:    rdi:rdi   = 'java/nio/LongBuffer'
  #           [sp+0x50]  (sp of caller)
  0x000001e5bcb3ce20: 8984 2400 | 90ff ff55 | 4883 ec40 | 488b df4d | 8be9 458b | 491c 458b | 5518 452b | ca66 6690 
  0x000001e5bcb3ce40: 4585 c90f | 8e5a 0000 | 008b 6f1c | 8b47 182b | e885 ed0f | 8e6b 0000 | 0041 3be9 | 0f1f 4000 
  0x000001e5bcb3ce60: 0f8c 8200 | 0000 448b | 5a0c 4b8b | 8cdc d802 | 0000 488b | 5210 418b | fa8b f048 | c1e7 0349 
  0x000001e5bcb3ce80: 037d 1048 | c1e6 0348 

  0x000001e5bcb3ce88: ;   {static_call}
  0x000001e5bcb3ce88: 0373 10e8 

  0x000001e5bcb3ce8c: ; ImmutableOopMap {}
                      ;*invokestatic callPPPV {reexecute=0 rethrow=0 return_oop=0}
                      ; - org.lwjgl.vulkan.VK10::nvkCmdBindVertexBuffers@20 (line 11188)
                      ; - org.lwjgl.vulkan.VK10::vkCmdBindVertexBuffers@28 (line 11258)
  0x000001e5bcb3ce8c: b006 feff | 4883 c440 

  0x000001e5bcb3ce94: ;   {poll_return}
  0x000001e5bcb3ce94: 5d49 3ba7 | 4803 0000 | 0f87 a600 | 0000 c348 | 8bea 4489 | 0424 4c89 | 6c24 0848 | 897c 2418 
  0x000001e5bcb3ceb4: 4489 4c24 | 20ba 45ff 

  0x000001e5bcb3cebc: ;   {runtime_call UncommonTrapBlob}
  0x000001e5bcb3cebc: ffff 90e8 

  0x000001e5bcb3cec0: ; ImmutableOopMap {rbp=Oop [8]=Oop [24]=Oop }
                      ;*ifle {reexecute=1 rethrow=0 return_oop=0}
                      ; - (reexecute) java.nio.Buffer::remaining@11 (line 508)
                      ; - org.lwjgl.vulkan.VK10::vkCmdBindVertexBuffers@8 (line 11256)
  0x000001e5bcb3cec0: 3c54 a3ff | 4889 1424 | 4489 4424 | 084c 896c | 2410 4889 | 7c24 1844 | 894c 240c | ba45 ffff 
  0x000001e5bcb3cee0: ;   {runtime_call UncommonTrapBlob}
  0x000001e5bcb3cee0: ff66 90e8 

  0x000001e5bcb3cee4: ; ImmutableOopMap {[0]=Oop [16]=Oop [24]=Oop }
                      ;*ifle {reexecute=1 rethrow=0 return_oop=0}
                      ; - (reexecute) java.nio.Buffer::remaining@11 (line 508)
                      ; - org.lwjgl.system.Checks::check@1 (line 444)
                      ; - org.lwjgl.vulkan.VK10::vkCmdBindVertexBuffers@11 (line 11256)
  0x000001e5bcb3cee4: 1854 a3ff | 4889 1424 | 4489 4424 | 084c 896c | 2410 4889 | 7c24 1844 | 894c 2420 | ba45 ffff 
  0x000001e5bcb3cf04: ;   {runtime_call UncommonTrapBlob}
  0x000001e5bcb3cf04: ff66 90e8 

  0x000001e5bcb3cf08: ; ImmutableOopMap {[0]=Oop [16]=Oop [24]=Oop }
                      ;*if_icmpge {reexecute=1 rethrow=0 return_oop=0}
                      ; - (reexecute) org.lwjgl.system.Checks::checkBuffer@2 (line 346)
                      ; - org.lwjgl.system.Checks::check@5 (line 444)
                      ; - org.lwjgl.vulkan.VK10::vkCmdBindVertexBuffers@11 (line 11256)
  0x000001e5bcb3cf08: f453 a3ff | 488b d048 | 83c4 405d 

  0x000001e5bcb3cf14: ;   {runtime_call _rethrow_Java}
  0x000001e5bcb3cf14: e9e7 4cae | ffba f6ff 

  0x000001e5bcb3cf1c: ;   {runtime_call UncommonTrapBlob}
  0x000001e5bcb3cf1c: ffff 90e8 

  0x000001e5bcb3cf20: ; ImmutableOopMap {}
                      ;*invokevirtual remaining {reexecute=0 rethrow=0 return_oop=0}
                      ; - org.lwjgl.vulkan.VK10::vkCmdBindVertexBuffers@8 (line 11256)
  0x000001e5bcb3cf20: dc53 a3ff | baf6 ffff 

  0x000001e5bcb3cf28: ;   {runtime_call UncommonTrapBlob}
  0x000001e5bcb3cf28: ff66 90e8 

  0x000001e5bcb3cf2c: ; ImmutableOopMap {}
                      ;*invokevirtual remaining {reexecute=0 rethrow=0 return_oop=0}
                      ; - org.lwjgl.system.Checks::check@1 (line 444)
                      ; - org.lwjgl.vulkan.VK10::vkCmdBindVertexBuffers@11 (line 11256)
  0x000001e5bcb3cf2c: d053 a3ff | baf6 ffff 

  0x000001e5bcb3cf34: ;   {runtime_call UncommonTrapBlob}
  0x000001e5bcb3cf34: ff66 90e8 

  0x000001e5bcb3cf38: ; ImmutableOopMap {}
                      ;*invokevirtual getCapabilities {reexecute=0 rethrow=0 return_oop=0}
                      ; - org.lwjgl.vulkan.VK10::nvkCmdBindVertexBuffers@1 (line 11187)
                      ; - org.lwjgl.vulkan.VK10::vkCmdBindVertexBuffers@28 (line 11258)
  0x000001e5bcb3cf38: c453 a3ff | baf6 ffff 

  0x000001e5bcb3cf40: ;   {runtime_call UncommonTrapBlob}
  0x000001e5bcb3cf40: ff66 90e8 

  0x000001e5bcb3cf44: ; ImmutableOopMap {}
                      ;*getfield vkCmdBindVertexBuffers {reexecute=1 rethrow=0 return_oop=0}
                      ; - (reexecute) org.lwjgl.vulkan.VK10::nvkCmdBindVertexBuffers@4 (line 11187)
                      ; - org.lwjgl.vulkan.VK10::vkCmdBindVertexBuffers@28 (line 11258)
  0x000001e5bcb3cf44: b853 a3ff 

  0x000001e5bcb3cf48: ;   {internal_word}
  0x000001e5bcb3cf48: 49ba 95ce | b3bc e501 | 0000 4d89 | 9760 0300 

  0x000001e5bcb3cf58: ;   {runtime_call SafepointBlob}
  0x000001e5bcb3cf58: 00e9 a264 | a3ff f4f4 
[Stub Code]
  0x000001e5bcb3cf60: ;   {no_reloc}
  0x000001e5bcb3cf60: 48bb 0000 | 0000 0000 

  0x000001e5bcb3cf68: ;   {runtime_call}
  0x000001e5bcb3cf68: 0000 e9fb 

  0x000001e5bcb3cf6c: ;   {runtime_call ExceptionBlob}
  0x000001e5bcb3cf6c: ffff ffe9 | 8c8d a4ff 
[Deopt Handler Code]
  0x000001e5bcb3cf74: e800 0000 | 0048 832c 

  0x000001e5bcb3cf7c: ;   {runtime_call DeoptimizationBlob}
  0x000001e5bcb3cf7c: 2405 e91d | 57a3 fff4 | f4f4 f4f4 
[/MachCode]


---------------  P R O C E S S  ---------------

Threads class SMR info:
_java_thread_list=0x000001e61c074d80, length=24, elements={
0x000001e5d04ee350, 0x000001e5d04ef1d0, 0x000001e5d0501010, 0x000001e5d0502be0,
0x000001e5d0503db0, 0x000001e5d0506780, 0x000001e5d06211c0, 0x000001e5d0507550,
0x000001e5d050beb0, 0x000001e5d0743b00, 0x000001e5d07579b0, 0x000001e616125160,
0x000001e6160eb400, 0x000001e6161b0c50, 0x000001e61619abe0, 0x000001e61619b0c0,
0x000001e616201dd0, 0x000001e6161fff70, 0x000001e6161feb30, 0x000001e6162018c0,
0x000001e6161ffa60, 0x000001e616200480, 0x000001e616200ea0, 0x000001e616200990
}

Java Threads: ( => current thread )
  0x000001e5d04ee350 JavaThread "Reference Handler" daemon [_thread_blocked, id=6924, stack(0x00000076d7600000,0x00000076d7700000)]
  0x000001e5d04ef1d0 JavaThread "Finalizer" daemon [_thread_blocked, id=1748, stack(0x00000076d7700000,0x00000076d7800000)]
  0x000001e5d0501010 JavaThread "Signal Dispatcher" daemon [_thread_blocked, id=10192, stack(0x00000076d7800000,0x00000076d7900000)]
  0x000001e5d0502be0 JavaThread "Attach Listener" daemon [_thread_blocked, id=6788, stack(0x00000076d7900000,0x00000076d7a00000)]
  0x000001e5d0503db0 JavaThread "Service Thread" daemon [_thread_blocked, id=10260, stack(0x00000076d7a00000,0x00000076d7b00000)]
  0x000001e5d0506780 JavaThread "Monitor Deflation Thread" daemon [_thread_blocked, id=3132, stack(0x00000076d7b00000,0x00000076d7c00000)]
  0x000001e5d06211c0 JavaThread "C2 CompilerThread0" daemon [_thread_blocked, id=7660, stack(0x00000076d7c00000,0x00000076d7d00000)]
  0x000001e5d0507550 JavaThread "C1 CompilerThread0" daemon [_thread_blocked, id=10924, stack(0x00000076d7d00000,0x00000076d7e00000)]
  0x000001e5d050beb0 JavaThread "Sweeper thread" daemon [_thread_blocked, id=3764, stack(0x00000076d7e00000,0x00000076d7f00000)]
  0x000001e5d0743b00 JavaThread "Notification Thread" daemon [_thread_blocked, id=14308, stack(0x00000076d7f00000,0x00000076d8000000)]
  0x000001e5d07579b0 JavaThread "Common-Cleaner" daemon [_thread_blocked, id=9052, stack(0x00000076d8100000,0x00000076d8200000)]
  0x000001e616125160 JavaThread "Java2D Disposer" daemon [_thread_blocked, id=11768, stack(0x00000076d8300000,0x00000076d8400000)]
  0x000001e6160eb400 JavaThread "AWT-Windows" daemon [_thread_in_native, id=5524, stack(0x00000076d8500000,0x00000076d8600000)]
  0x000001e6161b0c50 JavaThread "HighResTimerThread" daemon [_thread_blocked, id=12164, stack(0x00000076d8600000,0x00000076d8700000)]
  0x000001e61619abe0 JavaThread "Thread-0" [_thread_blocked, id=9276, stack(0x00000076d8700000,0x00000076d8800000)]
  0x000001e61619b0c0 JavaThread "Timer-0" [_thread_in_Java, id=3008, stack(0x00000076d8800000,0x00000076d8900000)]
  0x000001e616201dd0 JavaThread "DestroyJavaVM" [_thread_blocked, id=268, stack(0x00000076d6f00000,0x00000076d7000000)]
=>0x000001e6161fff70 JavaThread "Thread-2" [_thread_in_native, id=15364, stack(0x00000076d9400000,0x00000076d9500000)]
  0x000001e6161feb30 JavaThread "Thread-3" [_thread_blocked, id=6568, stack(0x00000076d9500000,0x00000076d9600000)]
  0x000001e6162018c0 JavaThread "Thread-4" [_thread_blocked, id=312, stack(0x00000076d9600000,0x00000076d9700000)]
  0x000001e6161ffa60 JavaThread "Thread-5" [_thread_blocked, id=8560, stack(0x00000076d9700000,0x00000076d9800000)]
  0x000001e616200480 JavaThread "Thread-6" [_thread_blocked, id=11248, stack(0x00000076d9800000,0x00000076d9900000)]
  0x000001e616200ea0 JavaThread "Thread-7" [_thread_blocked, id=6208, stack(0x00000076d9900000,0x00000076d9a00000)]
  0x000001e616200990 JavaThread "Thread-8" [_thread_blocked, id=6068, stack(0x00000076d9a00000,0x00000076d9b00000)]

Other Threads:
  0x000001e5d04e8740 VMThread "VM Thread" [stack: 0x00000076d7500000,0x00000076d7600000] [id=5540]
  0x000001e5ad7d41a0 WatcherThread [stack: 0x00000076d8000000,0x00000076d8100000] [id=8104]
  0x000001e5ad7b41e0 GCTaskThread "GC Thread#0" [stack: 0x00000076d7000000,0x00000076d7100000] [id=14992]
  0x000001e6193826c0 GCTaskThread "GC Thread#1" [stack: 0x00000076d9d00000,0x00000076d9e00000] [id=15968]
  0x000001e619382400 GCTaskThread "GC Thread#2" [stack: 0x00000076d9e00000,0x00000076d9f00000] [id=16152]
  0x000001e619382140 GCTaskThread "GC Thread#3" [stack: 0x00000076d9f00000,0x00000076da000000] [id=13556]
  0x000001e619382980 GCTaskThread "GC Thread#4" [stack: 0x00000076da000000,0x00000076da100000] [id=9972]
  0x000001e619381bc0 GCTaskThread "GC Thread#5" [stack: 0x00000076da100000,0x00000076da200000] [id=7908]
  0x000001e619380e00 GCTaskThread "GC Thread#6" [stack: 0x00000076da200000,0x00000076da300000] [id=4712]
  0x000001e6193810c0 GCTaskThread "GC Thread#7" [stack: 0x00000076da300000,0x00000076da400000] [id=6344]
  0x000001e5ad7c5790 ConcurrentGCThread "G1 Main Marker" [stack: 0x00000076d7100000,0x00000076d7200000] [id=11780]
  0x000001e5ad7c61a0 ConcurrentGCThread "G1 Conc#0" [stack: 0x00000076d7200000,0x00000076d7300000] [id=1288]
  0x000001e5ad80e220 ConcurrentGCThread "G1 Refine#0" [stack: 0x00000076d7300000,0x00000076d7400000] [id=2316]
  0x000001e5ad80ec50 ConcurrentGCThread "G1 Service" [stack: 0x00000076d7400000,0x00000076d7500000] [id=4292]

Threads with active compile tasks:

VM state: not at safepoint (normal execution)

VM Mutex/Monitor currently owned by a thread: None

Heap address: 0x0000000701400000, size: 4076 MB, Compressed Oops mode: Zero based, Oop shift amount: 3

CDS archive(s) mapped at: [0x000001e5d1000000-0x000001e5d1bd0000-0x000001e5d1bd0000), size 12386304, SharedBaseAddress: 0x000001e5d1000000, ArchiveRelocationMode: 1.
Compressed class space mapped at: 0x000001e5d2000000-0x000001e612000000, reserved size: 1073741824
Narrow klass base: 0x000001e5d1000000, Narrow klass shift: 0, Narrow klass range: 0x100000000

GC Precious Log:
 CPUs: 8 total, 8 available
 Memory: 16301M
 Large Page Support: Disabled
 NUMA Support: Disabled
 Compressed Oops: Enabled (Zero based)
 Heap Region Size: 2M
 Heap Min Capacity: 8M
 Heap Initial Capacity: 256M
 Heap Max Capacity: 4076M
 Pre-touch: Disabled
 Parallel Workers: 8
 Concurrent Workers: 2
 Concurrent Refinement Workers: 8
 Periodic GC: Disabled

Heap:
 garbage-first heap   total 262144K, used 14038K [0x0000000701400000, 0x0000000800000000)
  region size 2048K, 7 young (14336K), 1 survivors (2048K)
 Metaspace       used 9212K, committed 9408K, reserved 1114112K
  class space    used 607K, committed 704K, reserved 1048576K

Heap Regions: E=young(eden), S=young(survivor), O=old, HS=humongous(starts), HC=humongous(continues), CS=collection set, F=free, OA=open archive, CA=closed archive, TAMS=top-at-mark-start (previous, next)
|   0|0x0000000701400000, 0x0000000701600000, 0x0000000701600000|100%| O|  |TAMS 0x0000000701400000, 0x0000000701400000| Untracked 
|   1|0x0000000701600000, 0x000000070173ba00, 0x0000000701800000| 61%| O|  |TAMS 0x0000000701600000, 0x0000000701600000| Untracked 
|   2|0x0000000701800000, 0x0000000701800000, 0x0000000701a00000|  0%| F|  |TAMS 0x0000000701800000, 0x0000000701800000| Untracked 
|   3|0x0000000701a00000, 0x0000000701a00000, 0x0000000701c00000|  0%| F|  |TAMS 0x0000000701a00000, 0x0000000701a00000| Untracked 
|   4|0x0000000701c00000, 0x0000000701c00000, 0x0000000701e00000|  0%| F|  |TAMS 0x0000000701c00000, 0x0000000701c00000| Untracked 
|   5|0x0000000701e00000, 0x0000000701e00000, 0x0000000702000000|  0%| F|  |TAMS 0x0000000701e00000, 0x0000000701e00000| Untracked 
|   6|0x0000000702000000, 0x0000000702000000, 0x0000000702200000|  0%| F|  |TAMS 0x0000000702000000, 0x0000000702000000| Untracked 
|   7|0x0000000702200000, 0x0000000702200000, 0x0000000702400000|  0%| F|  |TAMS 0x0000000702200000, 0x0000000702200000| Untracked 
|   8|0x0000000702400000, 0x0000000702400000, 0x0000000702600000|  0%| F|  |TAMS 0x0000000702400000, 0x0000000702400000| Untracked 
|   9|0x0000000702600000, 0x0000000702600000, 0x0000000702800000|  0%| F|  |TAMS 0x0000000702600000, 0x0000000702600000| Untracked 
|  10|0x0000000702800000, 0x0000000702800000, 0x0000000702a00000|  0%| F|  |TAMS 0x0000000702800000, 0x0000000702800000| Untracked 
|  11|0x0000000702a00000, 0x0000000702a00000, 0x0000000702c00000|  0%| F|  |TAMS 0x0000000702a00000, 0x0000000702a00000| Untracked 
|  12|0x0000000702c00000, 0x0000000702c00000, 0x0000000702e00000|  0%| F|  |TAMS 0x0000000702c00000, 0x0000000702c00000| Untracked 
|  13|0x0000000702e00000, 0x0000000702e00000, 0x0000000703000000|  0%| F|  |TAMS 0x0000000702e00000, 0x0000000702e00000| Untracked 
|  14|0x0000000703000000, 0x0000000703000000, 0x0000000703200000|  0%| F|  |TAMS 0x0000000703000000, 0x0000000703000000| Untracked 
|  15|0x0000000703200000, 0x0000000703200000, 0x0000000703400000|  0%| F|  |TAMS 0x0000000703200000, 0x0000000703200000| Untracked 
|  16|0x0000000703400000, 0x0000000703400000, 0x0000000703600000|  0%| F|  |TAMS 0x0000000703400000, 0x0000000703400000| Untracked 
|  17|0x0000000703600000, 0x0000000703600000, 0x0000000703800000|  0%| F|  |TAMS 0x0000000703600000, 0x0000000703600000| Untracked 
|  18|0x0000000703800000, 0x0000000703800000, 0x0000000703a00000|  0%| F|  |TAMS 0x0000000703800000, 0x0000000703800000| Untracked 
|  19|0x0000000703a00000, 0x0000000703a00000, 0x0000000703c00000|  0%| F|  |TAMS 0x0000000703a00000, 0x0000000703a00000| Untracked 
|  20|0x0000000703c00000, 0x0000000703c00000, 0x0000000703e00000|  0%| F|  |TAMS 0x0000000703c00000, 0x0000000703c00000| Untracked 
|  21|0x0000000703e00000, 0x0000000703e00000, 0x0000000704000000|  0%| F|  |TAMS 0x0000000703e00000, 0x0000000703e00000| Untracked 
|  22|0x0000000704000000, 0x0000000704000000, 0x0000000704200000|  0%| F|  |TAMS 0x0000000704000000, 0x0000000704000000| Untracked 
|  23|0x0000000704200000, 0x0000000704200000, 0x0000000704400000|  0%| F|  |TAMS 0x0000000704200000, 0x0000000704200000| Untracked 
|  24|0x0000000704400000, 0x0000000704400000, 0x0000000704600000|  0%| F|  |TAMS 0x0000000704400000, 0x0000000704400000| Untracked 
|  25|0x0000000704600000, 0x0000000704600000, 0x0000000704800000|  0%| F|  |TAMS 0x0000000704600000, 0x0000000704600000| Untracked 
|  26|0x0000000704800000, 0x0000000704800000, 0x0000000704a00000|  0%| F|  |TAMS 0x0000000704800000, 0x0000000704800000| Untracked 
|  27|0x0000000704a00000, 0x0000000704a00000, 0x0000000704c00000|  0%| F|  |TAMS 0x0000000704a00000, 0x0000000704a00000| Untracked 
|  28|0x0000000704c00000, 0x0000000704c00000, 0x0000000704e00000|  0%| F|  |TAMS 0x0000000704c00000, 0x0000000704c00000| Untracked 
|  29|0x0000000704e00000, 0x0000000704e00000, 0x0000000705000000|  0%| F|  |TAMS 0x0000000704e00000, 0x0000000704e00000| Untracked 
|  30|0x0000000705000000, 0x0000000705000000, 0x0000000705200000|  0%| F|  |TAMS 0x0000000705000000, 0x0000000705000000| Untracked 
|  31|0x0000000705200000, 0x0000000705200000, 0x0000000705400000|  0%| F|  |TAMS 0x0000000705200000, 0x0000000705200000| Untracked 
|  32|0x0000000705400000, 0x0000000705400000, 0x0000000705600000|  0%| F|  |TAMS 0x0000000705400000, 0x0000000705400000| Untracked 
|  33|0x0000000705600000, 0x0000000705600000, 0x0000000705800000|  0%| F|  |TAMS 0x0000000705600000, 0x0000000705600000| Untracked 
|  34|0x0000000705800000, 0x0000000705800000, 0x0000000705a00000|  0%| F|  |TAMS 0x0000000705800000, 0x0000000705800000| Untracked 
|  35|0x0000000705a00000, 0x0000000705a00000, 0x0000000705c00000|  0%| F|  |TAMS 0x0000000705a00000, 0x0000000705a00000| Untracked 
|  36|0x0000000705c00000, 0x0000000705c00000, 0x0000000705e00000|  0%| F|  |TAMS 0x0000000705c00000, 0x0000000705c00000| Untracked 
|  37|0x0000000705e00000, 0x0000000705e00000, 0x0000000706000000|  0%| F|  |TAMS 0x0000000705e00000, 0x0000000705e00000| Untracked 
|  38|0x0000000706000000, 0x0000000706000000, 0x0000000706200000|  0%| F|  |TAMS 0x0000000706000000, 0x0000000706000000| Untracked 
|  39|0x0000000706200000, 0x0000000706200000, 0x0000000706400000|  0%| F|  |TAMS 0x0000000706200000, 0x0000000706200000| Untracked 
|  40|0x0000000706400000, 0x0000000706400000, 0x0000000706600000|  0%| F|  |TAMS 0x0000000706400000, 0x0000000706400000| Untracked 
|  41|0x0000000706600000, 0x0000000706600000, 0x0000000706800000|  0%| F|  |TAMS 0x0000000706600000, 0x0000000706600000| Untracked 
|  42|0x0000000706800000, 0x0000000706800000, 0x0000000706a00000|  0%| F|  |TAMS 0x0000000706800000, 0x0000000706800000| Untracked 
|  43|0x0000000706a00000, 0x0000000706a00000, 0x0000000706c00000|  0%| F|  |TAMS 0x0000000706a00000, 0x0000000706a00000| Untracked 
|  44|0x0000000706c00000, 0x0000000706c00000, 0x0000000706e00000|  0%| F|  |TAMS 0x0000000706c00000, 0x0000000706c00000| Untracked 
|  45|0x0000000706e00000, 0x0000000706e00000, 0x0000000707000000|  0%| F|  |TAMS 0x0000000706e00000, 0x0000000706e00000| Untracked 
|  46|0x0000000707000000, 0x0000000707000000, 0x0000000707200000|  0%| F|  |TAMS 0x0000000707000000, 0x0000000707000000| Untracked 
|  47|0x0000000707200000, 0x0000000707200000, 0x0000000707400000|  0%| F|  |TAMS 0x0000000707200000, 0x0000000707200000| Untracked 
|  48|0x0000000707400000, 0x0000000707400000, 0x0000000707600000|  0%| F|  |TAMS 0x0000000707400000, 0x0000000707400000| Untracked 
|  49|0x0000000707600000, 0x0000000707600000, 0x0000000707800000|  0%| F|  |TAMS 0x0000000707600000, 0x0000000707600000| Untracked 
|  50|0x0000000707800000, 0x0000000707800000, 0x0000000707a00000|  0%| F|  |TAMS 0x0000000707800000, 0x0000000707800000| Untracked 
|  51|0x0000000707a00000, 0x0000000707a00000, 0x0000000707c00000|  0%| F|  |TAMS 0x0000000707a00000, 0x0000000707a00000| Untracked 
|  52|0x0000000707c00000, 0x0000000707c00000, 0x0000000707e00000|  0%| F|  |TAMS 0x0000000707c00000, 0x0000000707c00000| Untracked 
|  53|0x0000000707e00000, 0x0000000707e00000, 0x0000000708000000|  0%| F|  |TAMS 0x0000000707e00000, 0x0000000707e00000| Untracked 
|  54|0x0000000708000000, 0x0000000708000000, 0x0000000708200000|  0%| F|  |TAMS 0x0000000708000000, 0x0000000708000000| Untracked 
|  55|0x0000000708200000, 0x0000000708200000, 0x0000000708400000|  0%| F|  |TAMS 0x0000000708200000, 0x0000000708200000| Untracked 
|  56|0x0000000708400000, 0x0000000708400000, 0x0000000708600000|  0%| F|  |TAMS 0x0000000708400000, 0x0000000708400000| Untracked 
|  57|0x0000000708600000, 0x0000000708600000, 0x0000000708800000|  0%| F|  |TAMS 0x0000000708600000, 0x0000000708600000| Untracked 
|  58|0x0000000708800000, 0x0000000708800000, 0x0000000708a00000|  0%| F|  |TAMS 0x0000000708800000, 0x0000000708800000| Untracked 
|  59|0x0000000708a00000, 0x0000000708a00000, 0x0000000708c00000|  0%| F|  |TAMS 0x0000000708a00000, 0x0000000708a00000| Untracked 
|  60|0x0000000708c00000, 0x0000000708c00000, 0x0000000708e00000|  0%| F|  |TAMS 0x0000000708c00000, 0x0000000708c00000| Untracked 
|  61|0x0000000708e00000, 0x0000000708e00000, 0x0000000709000000|  0%| F|  |TAMS 0x0000000708e00000, 0x0000000708e00000| Untracked 
|  62|0x0000000709000000, 0x0000000709000000, 0x0000000709200000|  0%| F|  |TAMS 0x0000000709000000, 0x0000000709000000| Untracked 
|  63|0x0000000709200000, 0x0000000709200000, 0x0000000709400000|  0%| F|  |TAMS 0x0000000709200000, 0x0000000709200000| Untracked 
|  64|0x0000000709400000, 0x0000000709400000, 0x0000000709600000|  0%| F|  |TAMS 0x0000000709400000, 0x0000000709400000| Untracked 
|  65|0x0000000709600000, 0x0000000709600000, 0x0000000709800000|  0%| F|  |TAMS 0x0000000709600000, 0x0000000709600000| Untracked 
|  66|0x0000000709800000, 0x0000000709800000, 0x0000000709a00000|  0%| F|  |TAMS 0x0000000709800000, 0x0000000709800000| Untracked 
|  67|0x0000000709a00000, 0x0000000709a00000, 0x0000000709c00000|  0%| F|  |TAMS 0x0000000709a00000, 0x0000000709a00000| Untracked 
|  68|0x0000000709c00000, 0x0000000709c00000, 0x0000000709e00000|  0%| F|  |TAMS 0x0000000709c00000, 0x0000000709c00000| Untracked 
|  69|0x0000000709e00000, 0x0000000709e00000, 0x000000070a000000|  0%| F|  |TAMS 0x0000000709e00000, 0x0000000709e00000| Untracked 
|  70|0x000000070a000000, 0x000000070a000000, 0x000000070a200000|  0%| F|  |TAMS 0x000000070a000000, 0x000000070a000000| Untracked 
|  71|0x000000070a200000, 0x000000070a200000, 0x000000070a400000|  0%| F|  |TAMS 0x000000070a200000, 0x000000070a200000| Untracked 
|  72|0x000000070a400000, 0x000000070a400000, 0x000000070a600000|  0%| F|  |TAMS 0x000000070a400000, 0x000000070a400000| Untracked 
|  73|0x000000070a600000, 0x000000070a600000, 0x000000070a800000|  0%| F|  |TAMS 0x000000070a600000, 0x000000070a600000| Untracked 
|  74|0x000000070a800000, 0x000000070a800000, 0x000000070aa00000|  0%| F|  |TAMS 0x000000070a800000, 0x000000070a800000| Untracked 
|  75|0x000000070aa00000, 0x000000070aa00000, 0x000000070ac00000|  0%| F|  |TAMS 0x000000070aa00000, 0x000000070aa00000| Untracked 
|  76|0x000000070ac00000, 0x000000070ac00000, 0x000000070ae00000|  0%| F|  |TAMS 0x000000070ac00000, 0x000000070ac00000| Untracked 
|  77|0x000000070ae00000, 0x000000070ae00000, 0x000000070b000000|  0%| F|  |TAMS 0x000000070ae00000, 0x000000070ae00000| Untracked 
|  78|0x000000070b000000, 0x000000070b000000, 0x000000070b200000|  0%| F|  |TAMS 0x000000070b000000, 0x000000070b000000| Untracked 
|  79|0x000000070b200000, 0x000000070b200000, 0x000000070b400000|  0%| F|  |TAMS 0x000000070b200000, 0x000000070b200000| Untracked 
|  80|0x000000070b400000, 0x000000070b400000, 0x000000070b600000|  0%| F|  |TAMS 0x000000070b400000, 0x000000070b400000| Untracked 
|  81|0x000000070b600000, 0x000000070b600000, 0x000000070b800000|  0%| F|  |TAMS 0x000000070b600000, 0x000000070b600000| Untracked 
|  82|0x000000070b800000, 0x000000070b800000, 0x000000070ba00000|  0%| F|  |TAMS 0x000000070b800000, 0x000000070b800000| Untracked 
|  83|0x000000070ba00000, 0x000000070ba00000, 0x000000070bc00000|  0%| F|  |TAMS 0x000000070ba00000, 0x000000070ba00000| Untracked 
|  84|0x000000070bc00000, 0x000000070bc00000, 0x000000070be00000|  0%| F|  |TAMS 0x000000070bc00000, 0x000000070bc00000| Untracked 
|  85|0x000000070be00000, 0x000000070be00000, 0x000000070c000000|  0%| F|  |TAMS 0x000000070be00000, 0x000000070be00000| Untracked 
|  86|0x000000070c000000, 0x000000070c000000, 0x000000070c200000|  0%| F|  |TAMS 0x000000070c000000, 0x000000070c000000| Untracked 
|  87|0x000000070c200000, 0x000000070c200000, 0x000000070c400000|  0%| F|  |TAMS 0x000000070c200000, 0x000000070c200000| Untracked 
|  88|0x000000070c400000, 0x000000070c400000, 0x000000070c600000|  0%| F|  |TAMS 0x000000070c400000, 0x000000070c400000| Untracked 
|  89|0x000000070c600000, 0x000000070c600000, 0x000000070c800000|  0%| F|  |TAMS 0x000000070c600000, 0x000000070c600000| Untracked 
|  90|0x000000070c800000, 0x000000070c800000, 0x000000070ca00000|  0%| F|  |TAMS 0x000000070c800000, 0x000000070c800000| Untracked 
|  91|0x000000070ca00000, 0x000000070ca00000, 0x000000070cc00000|  0%| F|  |TAMS 0x000000070ca00000, 0x000000070ca00000| Untracked 
|  92|0x000000070cc00000, 0x000000070cc00000, 0x000000070ce00000|  0%| F|  |TAMS 0x000000070cc00000, 0x000000070cc00000| Untracked 
|  93|0x000000070ce00000, 0x000000070ce00000, 0x000000070d000000|  0%| F|  |TAMS 0x000000070ce00000, 0x000000070ce00000| Untracked 
|  94|0x000000070d000000, 0x000000070d000000, 0x000000070d200000|  0%| F|  |TAMS 0x000000070d000000, 0x000000070d000000| Untracked 
|  95|0x000000070d200000, 0x000000070d200000, 0x000000070d400000|  0%| F|  |TAMS 0x000000070d200000, 0x000000070d200000| Untracked 
|  96|0x000000070d400000, 0x000000070d400000, 0x000000070d600000|  0%| F|  |TAMS 0x000000070d400000, 0x000000070d400000| Untracked 
|  97|0x000000070d600000, 0x000000070d600000, 0x000000070d800000|  0%| F|  |TAMS 0x000000070d600000, 0x000000070d600000| Untracked 
|  98|0x000000070d800000, 0x000000070d800000, 0x000000070da00000|  0%| F|  |TAMS 0x000000070d800000, 0x000000070d800000| Untracked 
|  99|0x000000070da00000, 0x000000070da00000, 0x000000070dc00000|  0%| F|  |TAMS 0x000000070da00000, 0x000000070da00000| Untracked 
| 100|0x000000070dc00000, 0x000000070dc00000, 0x000000070de00000|  0%| F|  |TAMS 0x000000070dc00000, 0x000000070dc00000| Untracked 
| 101|0x000000070de00000, 0x000000070de00000, 0x000000070e000000|  0%| F|  |TAMS 0x000000070de00000, 0x000000070de00000| Untracked 
| 102|0x000000070e000000, 0x000000070e000000, 0x000000070e200000|  0%| F|  |TAMS 0x000000070e000000, 0x000000070e000000| Untracked 
| 103|0x000000070e200000, 0x000000070e200000, 0x000000070e400000|  0%| F|  |TAMS 0x000000070e200000, 0x000000070e200000| Untracked 
| 104|0x000000070e400000, 0x000000070e400000, 0x000000070e600000|  0%| F|  |TAMS 0x000000070e400000, 0x000000070e400000| Untracked 
| 105|0x000000070e600000, 0x000000070e600000, 0x000000070e800000|  0%| F|  |TAMS 0x000000070e600000, 0x000000070e600000| Untracked 
| 106|0x000000070e800000, 0x000000070e800000, 0x000000070ea00000|  0%| F|  |TAMS 0x000000070e800000, 0x000000070e800000| Untracked 
| 107|0x000000070ea00000, 0x000000070ea00000, 0x000000070ec00000|  0%| F|  |TAMS 0x000000070ea00000, 0x000000070ea00000| Untracked 
| 108|0x000000070ec00000, 0x000000070ec00000, 0x000000070ee00000|  0%| F|  |TAMS 0x000000070ec00000, 0x000000070ec00000| Untracked 
| 109|0x000000070ee00000, 0x000000070ee00000, 0x000000070f000000|  0%| F|  |TAMS 0x000000070ee00000, 0x000000070ee00000| Untracked 
| 110|0x000000070f000000, 0x000000070f079e30, 0x000000070f200000| 23%| S|CS|TAMS 0x000000070f000000, 0x000000070f000000| Complete 
| 111|0x000000070f200000, 0x000000070f200000, 0x000000070f400000|  0%| F|  |TAMS 0x000000070f200000, 0x000000070f200000| Untracked 
| 112|0x000000070f400000, 0x000000070f400000, 0x000000070f600000|  0%| F|  |TAMS 0x000000070f400000, 0x000000070f400000| Untracked 
| 113|0x000000070f600000, 0x000000070f600000, 0x000000070f800000|  0%| F|  |TAMS 0x000000070f600000, 0x000000070f600000| Untracked 
| 114|0x000000070f800000, 0x000000070f800000, 0x000000070fa00000|  0%| F|  |TAMS 0x000000070f800000, 0x000000070f800000| Untracked 
| 115|0x000000070fa00000, 0x000000070fa00000, 0x000000070fc00000|  0%| F|  |TAMS 0x000000070fa00000, 0x000000070fa00000| Untracked 
| 116|0x000000070fc00000, 0x000000070fc00000, 0x000000070fe00000|  0%| F|  |TAMS 0x000000070fc00000, 0x000000070fc00000| Untracked 
| 117|0x000000070fe00000, 0x000000070fe00000, 0x0000000710000000|  0%| F|  |TAMS 0x000000070fe00000, 0x000000070fe00000| Untracked 
| 118|0x0000000710000000, 0x0000000710000000, 0x0000000710200000|  0%| F|  |TAMS 0x0000000710000000, 0x0000000710000000| Untracked 
| 119|0x0000000710200000, 0x0000000710200000, 0x0000000710400000|  0%| F|  |TAMS 0x0000000710200000, 0x0000000710200000| Untracked 
| 120|0x0000000710400000, 0x0000000710400000, 0x0000000710600000|  0%| F|  |TAMS 0x0000000710400000, 0x0000000710400000| Untracked 
| 121|0x0000000710600000, 0x0000000710600000, 0x0000000710800000|  0%| F|  |TAMS 0x0000000710600000, 0x0000000710600000| Untracked 
| 122|0x0000000710800000, 0x0000000710900800, 0x0000000710a00000| 50%| E|  |TAMS 0x0000000710800000, 0x0000000710800000| Complete 
| 123|0x0000000710a00000, 0x0000000710c00000, 0x0000000710c00000|100%| E|CS|TAMS 0x0000000710a00000, 0x0000000710a00000| Complete 
| 124|0x0000000710c00000, 0x0000000710e00000, 0x0000000710e00000|100%| E|CS|TAMS 0x0000000710c00000, 0x0000000710c00000| Complete 
| 125|0x0000000710e00000, 0x0000000711000000, 0x0000000711000000|100%| E|CS|TAMS 0x0000000710e00000, 0x0000000710e00000| Complete 
| 126|0x0000000711000000, 0x0000000711200000, 0x0000000711200000|100%| E|CS|TAMS 0x0000000711000000, 0x0000000711000000| Complete 
| 127|0x0000000711200000, 0x0000000711400000, 0x0000000711400000|100%| E|CS|TAMS 0x0000000711200000, 0x0000000711200000| Complete 

Card table byte_map: [0x000001e5c4b20000,0x000001e5c5320000] _byte_map_base: 0x000001e5c1316000

Marking Bits (Prev, Next): (CMBitMap*) 0x000001e5ad7b4800, (CMBitMap*) 0x000001e5ad7b4840
 Prev Bits: [0x000001e5c5b20000, 0x000001e5c9ad0000)
 Next Bits: [0x000001e5c9ad0000, 0x000001e5cda80000)

Polling page: 0x000001e5ab690000

Metaspace:

Usage:
  Non-class:      8.40 MB used.
      Class:    607.16 KB used.
       Both:      9.00 MB used.

Virtual space:
  Non-class space:       64.00 MB reserved,       8.50 MB ( 13%) committed,  1 nodes.
      Class space:        1.00 GB reserved,     704.00 KB ( <1%) committed,  1 nodes.
             Both:        1.06 GB reserved,       9.19 MB ( <1%) committed. 

Chunk freelists:
   Non-Class:  6.88 MB
       Class:  15.33 MB
        Both:  22.20 MB

MaxMetaspaceSize: unlimited
CompressedClassSpaceSize: 1.00 GB
Initial GC threshold: 21.00 MB
Current GC threshold: 21.00 MB
CDS: on
MetaspaceReclaimPolicy: balanced
 - commit_granule_bytes: 65536.
 - commit_granule_words: 8192.
 - virtual_space_node_default_size: 8388608.
 - enlarge_chunks_in_place: 1.
 - new_chunks_are_fully_committed: 0.
 - uncommit_free_chunks: 1.
 - use_allocation_guard: 0.
 - handle_deallocations: 1.


Internal statistics:

num_allocs_failed_limit: 0.
num_arena_births: 154.
num_arena_deaths: 0.
num_vsnodes_births: 2.
num_vsnodes_deaths: 0.
num_space_committed: 147.
num_space_uncommitted: 0.
num_chunks_returned_to_freelist: 0.
num_chunks_taken_from_freelist: 390.
num_chunk_merges: 0.
num_chunk_splits: 277.
num_chunks_enlarged: 200.
num_inconsistent_stats: 0.

CodeHeap 'non-profiled nmethods': size=120000Kb used=859Kb max_used=859Kb free=119140Kb
 bounds [0x000001e5bcac0000, 0x000001e5bcd30000, 0x000001e5c3ff0000]
CodeHeap 'profiled nmethods': size=120000Kb used=2792Kb max_used=2792Kb free=117207Kb
 bounds [0x000001e5b4ff0000, 0x000001e5b52b0000, 0x000001e5bc520000]
CodeHeap 'non-nmethods': size=5760Kb used=1753Kb max_used=1810Kb free=4007Kb
 bounds [0x000001e5bc520000, 0x000001e5bc790000, 0x000001e5bcac0000]
 total_blobs=2671 nmethods=1444 adapters=1140
 compilation: enabled
              stopped_count=0, restarted_count=0
 full_count=0

Compilation events (20 events):
Event: 8.216 Thread 0x000001e5d0507550 nmethod 1433 0x000001e5b52a0210 code [0x000001e5b52a03e0, 0x000001e5b52a06a8]
Event: 8.263 Thread 0x000001e5d0507550 1434       3       java.lang.ref.Reference::enqueueFromPending (19 bytes)
Event: 8.263 Thread 0x000001e5d0507550 nmethod 1434 0x000001e5b52a0890 code [0x000001e5b52a0a40, 0x000001e5b52a0c68]
Event: 8.263 Thread 0x000001e5d0507550 1435   !   3       java.lang.ref.ReferenceQueue::enqueue (119 bytes)
Event: 8.264 Thread 0x000001e5d0507550 nmethod 1435 0x000001e5b52a0d10 code [0x000001e5b52a0f00, 0x000001e5b52a1608]
Event: 8.264 Thread 0x000001e5d0507550 1437       3       java.lang.ref.ReferenceQueue::reallyPoll (65 bytes)
Event: 8.264 Thread 0x000001e5d0507550 nmethod 1437 0x000001e5b52a1810 code [0x000001e5b52a19e0, 0x000001e5b52a1f38]
Event: 8.339 Thread 0x000001e5d06211c0 1438       4       processing.GL2VK.GL2VK::glDrawElements (44 bytes)
Event: 8.353 Thread 0x000001e5d0507550 1439       3       processing.GL2VK.ThreadNode::pushConstant (172 bytes)
Event: 8.358 Thread 0x000001e5d0507550 nmethod 1439 0x000001e5b52a2010 code [0x000001e5b52a24e0, 0x000001e5b52a4ab8]
Event: 8.358 Thread 0x000001e5d0507550 1440       3       processing.GL2VK.ThreadNode::drawIndexed (182 bytes)
Event: 8.365 Thread 0x000001e5d0507550 nmethod 1440 0x000001e5b52a5b10 code [0x000001e5b52a5fe0, 0x000001e5b52a85a8]
Event: 8.383 Thread 0x000001e5d06211c0 nmethod 1438 0x000001e5bcb8f090 code [0x000001e5bcb8f2a0, 0x000001e5bcb902f8]
Event: 8.448 Thread 0x000001e5d06211c0 1441       4       processing.GL2VK.ThreadNode::pushConstant (172 bytes)
Event: 8.523 Thread 0x000001e5d06211c0 nmethod 1441 0x000001e5bcb91110 code [0x000001e5bcb91340, 0x000001e5bcb928c8]
Event: 8.524 Thread 0x000001e5d06211c0 1442       4       processing.GL2VK.ThreadNode::drawIndexed (182 bytes)
Event: 8.602 Thread 0x000001e5d06211c0 nmethod 1442 0x000001e5bcb93d90 code [0x000001e5bcb93fe0, 0x000001e5bcb95728]
Event: 8.803 Thread 0x000001e5d0507550 1443       3       java.lang.invoke.Invokers$Holder::linkToTargetMethod (9 bytes)
Event: 8.804 Thread 0x000001e5d0507550 nmethod 1443 0x000001e5b52a9590 code [0x000001e5b52a9740, 0x000001e5b52a9b18]
Event: 8.804 Thread 0x000001e5d0507550 1444       3       java.nio.ByteBuffer::arrayOffset (35 bytes)

GC Heap History (4 events):
Event: 4.881 GC heap before
{Heap before GC invocations=0 (full 0):
 garbage-first heap   total 262144K, used 22528K [0x0000000701400000, 0x0000000800000000)
  region size 2048K, 11 young (22528K), 0 survivors (0K)
 Metaspace       used 8369K, committed 8640K, reserved 1114112K
  class space    used 576K, committed 704K, reserved 1048576K
}
Event: 4.904 GC heap after
{Heap after GC invocations=1 (full 0):
 garbage-first heap   total 262144K, used 3410K [0x0000000701400000, 0x0000000800000000)
  region size 2048K, 2 young (4096K), 2 survivors (4096K)
 Metaspace       used 8369K, committed 8640K, reserved 1114112K
  class space    used 576K, committed 704K, reserved 1048576K
}
Event: 8.251 GC heap before
{Heap before GC invocations=1 (full 0):
 garbage-first heap   total 262144K, used 34130K [0x0000000701400000, 0x0000000800000000)
  region size 2048K, 17 young (34816K), 2 survivors (4096K)
 Metaspace       used 9210K, committed 9408K, reserved 1114112K
  class space    used 607K, committed 704K, reserved 1048576K
}
Event: 8.263 GC heap after
{Heap after GC invocations=2 (full 0):
 garbage-first heap   total 262144K, used 3798K [0x0000000701400000, 0x0000000800000000)
  region size 2048K, 1 young (2048K), 1 survivors (2048K)
 Metaspace       used 9210K, committed 9408K, reserved 1114112K
  class space    used 607K, committed 704K, reserved 1048576K
}

Deoptimization events (20 events):
Event: 7.776 Thread 0x000001e61619b0c0 Uncommon trap: trap_request=0xffffff45 fr.pc=0x000001e5bcb43b70 relative=0x0000000000000e10
Event: 7.776 Thread 0x000001e61619b0c0 Uncommon trap: reason=unstable_if action=reinterpret pc=0x000001e5bcb43b70 method=processing.GL2VK.VulkanSystem.updateNodePipeline(J)V @ 14 c2
Event: 7.776 Thread 0x000001e61619b0c0 DEOPT PACKING pc=0x000001e5bcb43b70 sp=0x00000076d88fed80
Event: 7.776 Thread 0x000001e61619b0c0 DEOPT UNPACKING pc=0x000001e5bc5723a3 sp=0x00000076d88fec00 mode 2
Event: 8.212 Thread 0x000001e61619b0c0 Uncommon trap: trap_request=0xffffff45 fr.pc=0x000001e5bcb4c4e8 relative=0x0000000000000be8
Event: 8.212 Thread 0x000001e61619b0c0 Uncommon trap: reason=unstable_if action=reinterpret pc=0x000001e5bcb4c4e8 method=processing.GL2VK.VulkanSystem.updateNodePipeline(J)V @ 14 c2
Event: 8.213 Thread 0x000001e61619b0c0 DEOPT PACKING pc=0x000001e5bcb4c4e8 sp=0x00000076d88fed20
Event: 8.213 Thread 0x000001e61619b0c0 DEOPT UNPACKING pc=0x000001e5bc5723a3 sp=0x00000076d88fec28 mode 2
Event: 8.353 Thread 0x000001e61619b0c0 Uncommon trap: trap_request=0xffffff45 fr.pc=0x000001e5bcb3af30 relative=0x0000000000000d10
Event: 8.353 Thread 0x000001e61619b0c0 Uncommon trap: reason=unstable_if action=reinterpret pc=0x000001e5bcb3af30 method=processing.GL2VK.ThreadNode.getNextCMDIndex()I @ 17 c2
Event: 8.353 Thread 0x000001e61619b0c0 DEOPT PACKING pc=0x000001e5bcb3af30 sp=0x00000076d88fed80
Event: 8.353 Thread 0x000001e61619b0c0 DEOPT UNPACKING pc=0x000001e5bc5723a3 sp=0x00000076d88fecc0 mode 2
Event: 8.353 Thread 0x000001e61619b0c0 Uncommon trap: trap_request=0xffffff45 fr.pc=0x000001e5bcb4021c relative=0x0000000000000ebc
Event: 8.353 Thread 0x000001e61619b0c0 Uncommon trap: reason=unstable_if action=reinterpret pc=0x000001e5bcb4021c method=processing.GL2VK.ThreadNode.getNextCMDIndex()I @ 17 c2
Event: 8.353 Thread 0x000001e61619b0c0 DEOPT PACKING pc=0x000001e5bcb4021c sp=0x00000076d88fec60
Event: 8.353 Thread 0x000001e61619b0c0 DEOPT UNPACKING pc=0x000001e5bc5723a3 sp=0x00000076d88febb8 mode 2
Event: 8.799 Thread 0x000001e6161fff70 Uncommon trap: trap_request=0xffffff45 fr.pc=0x000001e5bcb793c0 relative=0x00000000000048c0
Event: 8.799 Thread 0x000001e6161fff70 Uncommon trap: reason=unstable_if action=reinterpret pc=0x000001e5bcb793c0 method=processing.GL2VK.ThreadNode$1.run()V @ 1257 c2
Event: 8.799 Thread 0x000001e6161fff70 DEOPT PACKING pc=0x000001e5bcb793c0 sp=0x00000076d94ff690
Event: 8.799 Thread 0x000001e6161fff70 DEOPT UNPACKING pc=0x000001e5bc5723a3 sp=0x00000076d94ff620 mode 2

Classes unloaded (0 events):
No events

Classes redefined (0 events):
No events

Internal exceptions (20 events):
Event: 8.746 Thread 0x000001e6161fff70 Exception <a 'java/lang/InterruptedException'{0x00000007111deae8}: sleep interrupted> (0x00000007111deae8) 
thrown [s\open\src\hotspot\share\prims\jvm.cpp, line 3064]
Event: 8.749 Thread 0x000001e6161fff70 Exception <a 'java/lang/InterruptedException'{0x00000007111e2308}: sleep interrupted> (0x00000007111e2308) 
thrown [s\open\src\hotspot\share\prims\jvm.cpp, line 3064]
Event: 8.750 Thread 0x000001e6161fff70 Exception <a 'java/lang/InterruptedException'{0x00000007111e5168}: sleep interrupted> (0x00000007111e5168) 
thrown [s\open\src\hotspot\share\prims\jvm.cpp, line 3064]
Event: 8.753 Thread 0x000001e6161fff70 Exception <a 'java/lang/InterruptedException'{0x00000007111e7ae8}: sleep interrupted> (0x00000007111e7ae8) 
thrown [s\open\src\hotspot\share\prims\jvm.cpp, line 3064]
Event: 8.754 Thread 0x000001e6161fff70 Exception <a 'java/lang/InterruptedException'{0x00000007111e8ae8}: sleep interrupted> (0x00000007111e8ae8) 
thrown [s\open\src\hotspot\share\prims\jvm.cpp, line 3064]
Event: 8.759 Thread 0x000001e6161fff70 Exception <a 'java/lang/InterruptedException'{0x00000007111ed628}: sleep interrupted> (0x00000007111ed628) 
thrown [s\open\src\hotspot\share\prims\jvm.cpp, line 3064]
Event: 8.763 Thread 0x000001e6161fff70 Exception <a 'java/lang/InterruptedException'{0x00000007111efc78}: sleep interrupted> (0x00000007111efc78) 
thrown [s\open\src\hotspot\share\prims\jvm.cpp, line 3064]
Event: 8.768 Thread 0x000001e6161fff70 Exception <a 'java/lang/InterruptedException'{0x00000007111f7218}: sleep interrupted> (0x00000007111f7218) 
thrown [s\open\src\hotspot\share\prims\jvm.cpp, line 3064]
Event: 8.771 Thread 0x000001e6161fff70 Exception <a 'java/lang/InterruptedException'{0x00000007111fb218}: sleep interrupted> (0x00000007111fb218) 
thrown [s\open\src\hotspot\share\prims\jvm.cpp, line 3064]
Event: 8.773 Thread 0x000001e6161fff70 Exception <a 'java/lang/InterruptedException'{0x00000007111fc158}: sleep interrupted> (0x00000007111fc158) 
thrown [s\open\src\hotspot\share\prims\jvm.cpp, line 3064]
Event: 8.778 Thread 0x000001e6161fff70 Exception <a 'java/lang/InterruptedException'{0x0000000710b00b10}: sleep interrupted> (0x0000000710b00b10) 
thrown [s\open\src\hotspot\share\prims\jvm.cpp, line 3064]
Event: 8.780 Thread 0x000001e6161fff70 Exception <a 'java/lang/InterruptedException'{0x0000000710b01d50}: sleep interrupted> (0x0000000710b01d50) 
thrown [s\open\src\hotspot\share\prims\jvm.cpp, line 3064]
Event: 8.782 Thread 0x000001e6161fff70 Exception <a 'java/lang/InterruptedException'{0x0000000710b03f20}: sleep interrupted> (0x0000000710b03f20) 
thrown [s\open\src\hotspot\share\prims\jvm.cpp, line 3064]
Event: 8.785 Thread 0x000001e6161fff70 Exception <a 'java/lang/InterruptedException'{0x0000000710b07650}: sleep interrupted> (0x0000000710b07650) 
thrown [s\open\src\hotspot\share\prims\jvm.cpp, line 3064]
Event: 8.786 Thread 0x000001e6161fff70 Exception <a 'java/lang/InterruptedException'{0x0000000710b0a600}: sleep interrupted> (0x0000000710b0a600) 
thrown [s\open\src\hotspot\share\prims\jvm.cpp, line 3064]
Event: 8.788 Thread 0x000001e6161fff70 Exception <a 'java/lang/InterruptedException'{0x0000000710b0c200}: sleep interrupted> (0x0000000710b0c200) 
thrown [s\open\src\hotspot\share\prims\jvm.cpp, line 3064]
Event: 8.790 Thread 0x000001e6161fff70 Exception <a 'java/lang/InterruptedException'{0x0000000710b0ed00}: sleep interrupted> (0x0000000710b0ed00) 
thrown [s\open\src\hotspot\share\prims\jvm.cpp, line 3064]
Event: 8.794 Thread 0x000001e6161fff70 Exception <a 'java/lang/InterruptedException'{0x0000000710b12550}: sleep interrupted> (0x0000000710b12550) 
thrown [s\open\src\hotspot\share\prims\jvm.cpp, line 3064]
Event: 8.797 Thread 0x000001e6161fff70 Exception <a 'java/lang/InterruptedException'{0x0000000710b13130}: sleep interrupted> (0x0000000710b13130) 
thrown [s\open\src\hotspot\share\prims\jvm.cpp, line 3064]
Event: 8.798 Thread 0x000001e6161fff70 Exception <a 'java/lang/InterruptedException'{0x0000000710b14880}: sleep interrupted> (0x0000000710b14880) 
thrown [s\open\src\hotspot\share\prims\jvm.cpp, line 3064]

VM Operations (20 events):
Event: 0.185 Executing VM operation: HandshakeAllThreads
Event: 0.185 Executing VM operation: HandshakeAllThreads done
Event: 0.327 Executing VM operation: HandshakeAllThreads
Event: 0.328 Executing VM operation: HandshakeAllThreads done
Event: 0.591 Executing VM operation: HandshakeAllThreads
Event: 0.591 Executing VM operation: HandshakeAllThreads done
Event: 1.596 Executing VM operation: Cleanup
Event: 1.596 Executing VM operation: Cleanup done
Event: 3.597 Executing VM operation: Cleanup
Event: 3.597 Executing VM operation: Cleanup done
Event: 4.597 Executing VM operation: Cleanup
Event: 4.597 Executing VM operation: Cleanup done
Event: 4.880 Executing VM operation: G1CollectForAllocation
Event: 4.904 Executing VM operation: G1CollectForAllocation done
Event: 5.905 Executing VM operation: Cleanup
Event: 5.905 Executing VM operation: Cleanup done
Event: 6.906 Executing VM operation: Cleanup
Event: 6.906 Executing VM operation: Cleanup done
Event: 8.251 Executing VM operation: G1CollectForAllocation
Event: 8.263 Executing VM operation: G1CollectForAllocation done

Events (20 events):
Event: 4.787 loading class java/util/regex/Pattern$BnM
Event: 4.787 loading class java/util/regex/Pattern$BnM done
Event: 4.787 loading class java/util/regex/Pattern$SliceS
Event: 4.788 loading class java/util/regex/Pattern$SliceS done
Event: 4.821 Thread 0x000001e6197396e0 Thread added: 0x000001e6197396e0
Event: 4.825 Thread 0x000001e6197386f0 Thread added: 0x000001e6197386f0
Event: 4.867 loading class java/lang/StringIndexOutOfBoundsException
Event: 4.868 loading class java/lang/StringIndexOutOfBoundsException done
Event: 4.927 loading class java/util/regex/Pattern$Neg
Event: 4.927 loading class java/util/regex/Pattern$Neg done
Event: 5.387 Thread 0x000001e6197386f0 Thread exited: 0x000001e6197386f0
Event: 5.389 Thread 0x000001e6197396e0 Thread exited: 0x000001e6197396e0
Event: 5.670 loading class java/lang/invoke/VarHandleLongs$Array
Event: 5.670 loading class java/lang/invoke/VarHandleLongs$Array done
Event: 5.759 Thread 0x000001e61973ac20 Thread added: 0x000001e61973ac20
Event: 6.168 Thread 0x000001e619739c30 Thread added: 0x000001e619739c30
Event: 6.702 loading class jdk/internal/math/FDBigInteger
Event: 6.703 loading class jdk/internal/math/FDBigInteger done
Event: 6.896 Thread 0x000001e61973ac20 Thread exited: 0x000001e61973ac20
Event: 6.896 Thread 0x000001e619739c30 Thread exited: 0x000001e619739c30


Dynamic libraries:
0x00007ff7f27a0000 - 0x00007ff7f27b0000 	C:\Program Files\Java\jdk-17\bin\javaw.exe
0x00007ffa997b0000 - 0x00007ffa999c7000 	C:\WINDOWS\SYSTEM32\ntdll.dll
0x00007ffa98000000 - 0x00007ffa980c4000 	C:\WINDOWS\System32\KERNEL32.DLL
0x00007ffa96ac0000 - 0x00007ffa96e77000 	C:\WINDOWS\System32\KERNELBASE.dll
0x00007ffa972d0000 - 0x00007ffa973e1000 	C:\WINDOWS\System32\ucrtbase.dll
0x00007ffa6fc30000 - 0x00007ffa6fc4b000 	C:\Program Files\Java\jdk-17\bin\VCRUNTIME140.dll
0x00007ffa6ee30000 - 0x00007ffa6ee49000 	C:\Program Files\Java\jdk-17\bin\jli.dll
0x00007ffa98a80000 - 0x00007ffa98b32000 	C:\WINDOWS\System32\ADVAPI32.dll
0x00007ffa978a0000 - 0x00007ffa97947000 	C:\WINDOWS\System32\msvcrt.dll
0x00007ffa988c0000 - 0x00007ffa98968000 	C:\WINDOWS\System32\sechost.dll
0x00007ffa973f0000 - 0x00007ffa97418000 	C:\WINDOWS\System32\bcrypt.dll
0x00007ffa97720000 - 0x00007ffa97834000 	C:\WINDOWS\System32\RPCRT4.dll
0x00007ffa993b0000 - 0x00007ffa9955f000 	C:\WINDOWS\System32\USER32.dll
0x00007ffa97130000 - 0x00007ffa97156000 	C:\WINDOWS\System32\win32u.dll
0x00007ffa7a6a0000 - 0x00007ffa7a933000 	C:\WINDOWS\WinSxS\amd64_microsoft.windows.common-controls_6595b64144ccf1df_6.0.22621.3672_none_2713b9d173822955\COMCTL32.dll
0x00007ffa98a50000 - 0x00007ffa98a79000 	C:\WINDOWS\System32\GDI32.dll
0x00007ffa97010000 - 0x00007ffa97128000 	C:\WINDOWS\System32\gdi32full.dll
0x00007ffa96f00000 - 0x00007ffa96f9a000 	C:\WINDOWS\System32\msvcp_win.dll
0x00007ffa8a3c0000 - 0x00007ffa8a3ca000 	C:\WINDOWS\SYSTEM32\VERSION.dll
0x00007ffa976e0000 - 0x00007ffa97711000 	C:\WINDOWS\System32\IMM32.DLL
0x00007ffa723a0000 - 0x00007ffa723ac000 	C:\Program Files\Java\jdk-17\bin\vcruntime140_1.dll
0x00007ffa6eda0000 - 0x00007ffa6ee2e000 	C:\Program Files\Java\jdk-17\bin\msvcp140.dll
0x00007ffa21720000 - 0x00007ffa222ff000 	C:\Program Files\Java\jdk-17\bin\server\jvm.dll
0x00007ffa97ff0000 - 0x00007ffa97ff8000 	C:\WINDOWS\System32\PSAPI.DLL
0x00007ffa91380000 - 0x00007ffa913b4000 	C:\WINDOWS\SYSTEM32\WINMM.dll
0x00007ffa79bc0000 - 0x00007ffa79bc9000 	C:\WINDOWS\SYSTEM32\WSOCK32.dll
0x00007ffa985b0000 - 0x00007ffa98621000 	C:\WINDOWS\System32\WS2_32.dll
0x00007ffa95ad0000 - 0x00007ffa95ae8000 	C:\WINDOWS\SYSTEM32\kernel.appcore.dll
0x00007ffa72010000 - 0x00007ffa7201a000 	C:\Program Files\Java\jdk-17\bin\jimage.dll
0x00007ffa94300000 - 0x00007ffa94532000 	C:\WINDOWS\SYSTEM32\DBGHELP.DLL
0x00007ffa97c50000 - 0x00007ffa97fde000 	C:\WINDOWS\System32\combase.dll
0x00007ffa98970000 - 0x00007ffa98a47000 	C:\WINDOWS\System32\OLEAUT32.dll
0x00007ffa849a0000 - 0x00007ffa849d2000 	C:\WINDOWS\SYSTEM32\dbgcore.DLL
0x00007ffa96e80000 - 0x00007ffa96efb000 	C:\WINDOWS\System32\bcryptPrimitives.dll
0x00007ffa6ed70000 - 0x00007ffa6ed95000 	C:\Program Files\Java\jdk-17\bin\java.dll
0x00007ffa6ec90000 - 0x00007ffa6ed67000 	C:\Program Files\Java\jdk-17\bin\jsvml.dll
0x00007ffa98b40000 - 0x00007ffa993a9000 	C:\WINDOWS\System32\SHELL32.dll
0x00007ffa949e0000 - 0x00007ffa952df000 	C:\WINDOWS\SYSTEM32\windows.storage.dll
0x00007ffa948a0000 - 0x00007ffa949df000 	C:\WINDOWS\SYSTEM32\wintypes.dll
0x00007ffa974e0000 - 0x00007ffa975d9000 	C:\WINDOWS\System32\SHCORE.dll
0x00007ffa99710000 - 0x00007ffa9976e000 	C:\WINDOWS\System32\shlwapi.dll
0x00007ffa969f0000 - 0x00007ffa96a17000 	C:\WINDOWS\SYSTEM32\profapi.dll
0x00007ffa4dcc0000 - 0x00007ffa4de51000 	C:\Program Files\Java\jdk-17\bin\awt.dll
0x00007ffa91100000 - 0x00007ffa91197000 	C:\WINDOWS\SYSTEM32\apphelp.dll
0x00007ffa6ec70000 - 0x00007ffa6ec89000 	C:\Program Files\Java\jdk-17\bin\net.dll
0x00007ffa92190000 - 0x00007ffa922c6000 	C:\WINDOWS\SYSTEM32\WINHTTP.dll
0x00007ffa95fa0000 - 0x00007ffa96009000 	C:\WINDOWS\system32\mswsock.dll
0x00007ffa6ce20000 - 0x00007ffa6ce36000 	C:\Program Files\Java\jdk-17\bin\nio.dll
0x00007ffa6aed0000 - 0x00007ffa6aee8000 	C:\Program Files\Java\jdk-17\bin\zip.dll
0x00007ffa93b30000 - 0x00007ffa93be1000 	C:\WINDOWS\system32\uxtheme.dll
0x00007ffa97950000 - 0x00007ffa97ab0000 	C:\WINDOWS\System32\MSCTF.dll
0x00007ffa99560000 - 0x00007ffa99705000 	C:\WINDOWS\System32\ole32.dll
0x00007ffa93d90000 - 0x00007ffa93dbb000 	C:\WINDOWS\system32\DWMAPI.DLL
0x00007ffa5ef30000 - 0x00007ffa5f030000 	C:\WINDOWS\system32\opengl32.dll
0x00007ffa66210000 - 0x00007ffa6623d000 	C:\WINDOWS\SYSTEM32\GLU32.dll
0x00007ffa93c40000 - 0x00007ffa93c77000 	C:\WINDOWS\SYSTEM32\dxcore.dll
0x00007ffa5b880000 - 0x00007ffa5b8fb000 	C:\Users\teojo\AppData\Local\Temp\lwjgl_teojo\3.3.4+7\x64\lwjgl.dll
0x00007ffa4dc30000 - 0x00007ffa4dcb5000 	C:\Users\teojo\AppData\Local\Temp\lwjgl_teojo\3.3.4+7\x64\glfw.dll
0x00007ffa63a20000 - 0x00007ffa63a66000 	C:\WINDOWS\SYSTEM32\dinput8.dll
0x00007ffa6ad40000 - 0x00007ffa6ad51000 	C:\WINDOWS\SYSTEM32\xinput1_4.dll
0x00007ffa967d0000 - 0x00007ffa9681e000 	C:\WINDOWS\SYSTEM32\cfgmgr32.dll
0x00007ffa96780000 - 0x00007ffa967ac000 	C:\WINDOWS\SYSTEM32\DEVOBJ.dll
0x00007ffa8ba20000 - 0x00007ffa8bc33000 	C:\WINDOWS\SYSTEM32\inputhost.dll
0x00007ffa90ab0000 - 0x00007ffa90be3000 	C:\WINDOWS\SYSTEM32\CoreMessaging.dll
0x00007ffa962d0000 - 0x00007ffa962dc000 	C:\WINDOWS\SYSTEM32\CRYPTBASE.DLL
0x00007ffa8c7d0000 - 0x00007ffa8c913000 	C:\WINDOWS\SYSTEM32\textinputframework.dll
0x00007ffa8db30000 - 0x00007ffa8de9d000 	C:\WINDOWS\SYSTEM32\CoreUIComponents.dll
0x00007ffa7a570000 - 0x00007ffa7a5d9000 	C:\WINDOWS\system32\Oleacc.dll
0x00007ffa299e0000 - 0x00007ffa29b3f000 	C:\WINDOWS\SYSTEM32\vulkan-1.dll
0x00007ffa93c80000 - 0x00007ffa93d77000 	C:\WINDOWS\system32\dxgi.dll
0x00007ffa8ec90000 - 0x00007ffa8ecaa000 	C:\WINDOWS\SYSTEM32\windows.staterepositorycore.dll
0x00007ffa8e310000 - 0x00007ffa8e359000 	C:\WINDOWS\SYSTEM32\directxdatabasehelper.dll
0x00007ff9f52e0000 - 0x00007ff9f672b000 	C:\WINDOWS\System32\DriverStore\FileRepository\64zh1339.inf_amd64_049a1eb556a79dfd\igvk64.dll
0x00007ffa89ec0000 - 0x00007ffa8a287000 	C:\WINDOWS\System32\DriverStore\FileRepository\64zh1339.inf_amd64_049a1eb556a79dfd\igdgmm64.dll
0x00007ffa86800000 - 0x00007ffa89db2000 	C:\WINDOWS\System32\DriverStore\FileRepository\64zh1339.inf_amd64_049a1eb556a79dfd\igc64.dll
0x00007ffa290f0000 - 0x00007ffa2950d000 	C:\WINDOWS\System32\DriverStore\FileRepository\64zh1339.inf_amd64_049a1eb556a79dfd\igdmd64.dll
0x00007ff9f1770000 - 0x00007ff9f435b000 	C:\WINDOWS\System32\DriverStore\FileRepository\nvmsoi.inf_amd64_f617ba55ceca6e18\nvoglv64.dll
0x00007ffa98130000 - 0x00007ffa985a4000 	C:\WINDOWS\System32\SETUPAPI.dll
0x00007ffa95890000 - 0x00007ffa958a4000 	C:\WINDOWS\SYSTEM32\WTSAPI32.dll
0x00007ffa963c0000 - 0x00007ffa963d2000 	C:\WINDOWS\SYSTEM32\msasn1.dll
0x00007ffa86510000 - 0x00007ffa86542000 	C:\WINDOWS\SYSTEM32\cryptnet.dll
0x00007ffa97160000 - 0x00007ffa972c6000 	C:\WINDOWS\System32\CRYPT32.dll
0x00007ffa86220000 - 0x00007ffa86382000 	C:\WINDOWS\SYSTEM32\drvstore.dll
0x00007ffa96220000 - 0x00007ffa96269000 	C:\WINDOWS\SYSTEM32\wldp.dll
0x00007ffa96fa0000 - 0x00007ffa9700c000 	C:\WINDOWS\System32\wintrust.dll
0x00007ffa98800000 - 0x00007ffa9881f000 	C:\WINDOWS\System32\imagehlp.dll
0x00007ffa96320000 - 0x00007ffa9633b000 	C:\WINDOWS\SYSTEM32\CRYPTSP.dll
0x00007ffa95a30000 - 0x00007ffa95a65000 	C:\WINDOWS\system32\rsaenh.dll
0x00007ffa96010000 - 0x00007ffa96036000 	C:\WINDOWS\SYSTEM32\gpapi.dll
0x00007ff9ef580000 - 0x00007ff9f176d000 	C:\WINDOWS\System32\DriverStore\FileRepository\nvmsoi.inf_amd64_f617ba55ceca6e18\nvgpucomp64.dll
0x00007ffa95c50000 - 0x00007ffa95c84000 	C:\WINDOWS\SYSTEM32\ntmarta.dll
0x00007ffa97b10000 - 0x00007ffa97bc0000 	C:\WINDOWS\System32\clbcatq.dll
0x00007ffa7b040000 - 0x00007ffa7b079000 	C:\WINDOWS\SYSTEM32\rometadata.dll
0x00007ff9edbc0000 - 0x00007ff9ef572000 	C:\VulkanSDK\1.3.275.0\Bin\VkLayer_khronos_validation.dll
0x00007ffa5e0b0000 - 0x00007ffa5e0fe000 	C:\ProgramData\obs-studio-hook\graphics-hook64.dll
0x00007ffa1f2b0000 - 0x00007ffa1f2e4000 	C:\WINDOWS\SYSTEM32\ControlLib.dll
0x00007ffa5e7d0000 - 0x00007ffa5e959000 	C:\WINDOWS\System32\DriverStore\FileRepository\64zh1339.inf_amd64_049a1eb556a79dfd\igdml64.dll
0x00007ffa90ed0000 - 0x00007ffa91014000 	C:\Windows\System32\AppXDeploymentClient.dll
0x00007ffa503a0000 - 0x00007ffa513b2000 	C:\WINDOWS\System32\DriverStore\FileRepository\64zh1339.inf_amd64_049a1eb556a79dfd\ig9icd64.dll
0x00007ffa96340000 - 0x00007ffa9638d000 	C:\WINDOWS\SYSTEM32\powrprof.dll
0x00007ffa96300000 - 0x00007ffa96313000 	C:\WINDOWS\SYSTEM32\UMPDC.dll
0x00007ffa69d50000 - 0x00007ffa69d9b000 	C:\WINDOWS\system32\ApplicationTargetedFeatureDatabase.dll
0x00007ffa8c2d0000 - 0x00007ffa8c572000 	C:\Windows\System32\twinapi.appcore.dll
0x00007ffa20ee0000 - 0x00007ffa21515000 	C:\Users\teojo\AppData\Local\Temp\lwjgl_teojo\3.3.4+7\x64\shaderc.dll

dbghelp: loaded successfully - version: 4.0.5 - missing functions: none
symbol engine: initialized successfully - sym options: 0x614 - pdb path: .;C:\Program Files\Java\jdk-17\bin;C:\WINDOWS\SYSTEM32;C:\WINDOWS\WinSxS\amd64_microsoft.windows.common-controls_6595b64144ccf1df_6.0.22621.3672_none_2713b9d173822955;C:\Program Files\Java\jdk-17\bin\server;C:\Users\teojo\AppData\Local\Temp\lwjgl_teojo\3.3.4+7\x64;C:\WINDOWS\System32\DriverStore\FileRepository\64zh1339.inf_amd64_049a1eb556a79dfd;C:\WINDOWS\System32\DriverStore\FileRepository\nvmsoi.inf_amd64_f617ba55ceca6e18;C:\VulkanSDK\1.3.275.0\Bin;C:\ProgramData\obs-studio-hook

VM Arguments:
jvm_args: -Dfile.encoding=UTF-8 -Dstdout.encoding=UTF-8 -Dstderr.encoding=UTF-8 -XX:+ShowCodeDetailsInExceptionMessages 
java_command: PShapeTest
java_class_path (initial): C:\mydata\projects\processing4\core\bin;C:\mydata\projects\processing4\core\library\jogl-all.jar;C:\mydata\projects\processing4\core\library\gluegen-rt.jar;C:\mydata\projects\processing4\core\library\lwjgl-vulkan\joml-1.10.7.jar;C:\mydata\projects\processing4\core\library\lwjgl-vulkan\lwjgl.jar;C:\mydata\projects\processing4\core\library\lwjgl-vulkan\lwjgl-assimp.jar;C:\mydata\projects\processing4\core\library\lwjgl-vulkan\lwjgl-assimp-natives-linux.jar;C:\mydata\projects\processing4\core\library\lwjgl-vulkan\lwjgl-assimp-natives-windows.jar;C:\mydata\projects\processing4\core\library\lwjgl-vulkan\lwjgl-assimp-sources.jar;C:\mydata\projects\processing4\core\library\lwjgl-vulkan\lwjgl-glfw.jar;C:\mydata\projects\processing4\core\library\lwjgl-vulkan\lwjgl-glfw-natives-linux.jar;C:\mydata\projects\processing4\core\library\lwjgl-vulkan\lwjgl-glfw-natives-windows.jar;C:\mydata\projects\processing4\core\library\lwjgl-vulkan\lwjgl-glfw-sources.jar;C:\mydata\projects\processing4\core\library\lwjgl-vulkan\lwjgl-natives-linux.jar;C:\mydata\projects\processing4\core\library\lwjgl-vulkan\lwjgl-natives-windows.jar;C:\mydata\projects\processing4\core\library\lwjgl-vulkan\lwjgl-openal.jar;C:\mydata\projects\processing4\core\library\lwjgl-vulkan\lwjgl-openal-natives-linux.jar;C:\mydata\projects\processing4\core\library\lwjgl-vulkan\lwjgl-openal-natives-windows.jar;C:\mydata\projects\processing4\core\library\lwjgl-vulkan\lwjgl-openal-sources.jar;C:\mydata\projects\processing4\core\library\lwjgl-vulkan\lwjgl-shaderc.jar;C:\mydata\projects\processing4\core\library\lwjgl-vulkan\lwjgl-shaderc-natives-linux.jar;C:\mydata\projects\processing4\core\library\lwjgl-vulkan\lwjgl-shaderc-natives-windows.jar;C:\mydata\projects\processing4\core\library\lwjgl-vulkan\lwjgl-shaderc-sources.jar;C:\mydata\projects\processing4\core\library\lwjgl-vulkan\lwjgl-sources.jar;C:\mydata\projects\processing4\core\library\lwjgl-vulkan\lwjgl-stb.jar;C:\mydata\projects\processing4\co
Launcher Type: SUN_STANDARD

[Global flags]
     intx CICompilerCount                          = 4                                         {product} {ergonomic}
     uint ConcGCThreads                            = 2                                         {product} {ergonomic}
     uint G1ConcRefinementThreads                  = 8                                         {product} {ergonomic}
   size_t G1HeapRegionSize                         = 2097152                                   {product} {ergonomic}
    uintx GCDrainStackTargetSize                   = 64                                        {product} {ergonomic}
   size_t InitialHeapSize                          = 268435456                                 {product} {ergonomic}
   size_t MarkStackSize                            = 4194304                                   {product} {ergonomic}
   size_t MaxHeapSize                              = 4273995776                                {product} {ergonomic}
   size_t MaxNewSize                               = 2562719744                                {product} {ergonomic}
   size_t MinHeapDeltaBytes                        = 2097152                                   {product} {ergonomic}
   size_t MinHeapSize                              = 8388608                                   {product} {ergonomic}
    uintx NonNMethodCodeHeapSize                   = 5839372                                {pd product} {ergonomic}
    uintx NonProfiledCodeHeapSize                  = 122909434                              {pd product} {ergonomic}
    uintx ProfiledCodeHeapSize                     = 122909434                              {pd product} {ergonomic}
    uintx ReservedCodeCacheSize                    = 251658240                              {pd product} {ergonomic}
     bool SegmentedCodeCache                       = true                                      {product} {ergonomic}
     bool ShowCodeDetailsInExceptionMessages       = true                                   {manageable} {command line}
   size_t SoftMaxHeapSize                          = 4273995776                             {manageable} {ergonomic}
     bool UseCompressedClassPointers               = true                           {product lp64_product} {ergonomic}
     bool UseCompressedOops                        = true                           {product lp64_product} {ergonomic}
     bool UseG1GC                                  = true                                      {product} {ergonomic}
     bool UseLargePagesIndividualAllocation        = false                                  {pd product} {ergonomic}

Logging:
Log output configuration:
 #0: stdout all=warning uptime,level,tags
 #1: stderr all=off uptime,level,tags

Environment Variables:
PATH=C:/Users/teojo/.p2/pool/plugins/org.eclipse.justj.openjdk.hotspot.jre.full.win32.x86_64_17.0.8.v20230831-1047/jre/bin/server;C:/Users/teojo/.p2/pool/plugins/org.eclipse.justj.openjdk.hotspot.jre.full.win32.x86_64_17.0.8.v20230831-1047/jre/bin;C:\VulkanSDK\1.3.275.0\Bin;C:\Program Files\Common Files\Oracle\Java\javapath;C:\Program Files (x86)\Common Files\Oracle\Java\java8path;C:\Program Files (x86)\Common Files\Oracle\Java\javapath;C:\WINDOWS\system32;C:\WINDOWS;C:\WINDOWS\System32\Wbem;C:\WINDOWS\System32\WindowsPowerShell\v1.0\;C:\WINDOWS\System32\OpenSSH\;C:\Program Files\dotnet\;C:\Program Files (x86)\NVIDIA Corporation\PhysX\Common;C:\Program Files\CMake\bin;C:\Program Files (x86)\Windows Kits\10\Windows Performance Toolkit\;C:\mydata\apps\apache-maven-3.9.8\bin\;C:\Users\teojo\AppData\Local\Microsoft\WindowsApps;C:\Users\teojo\AppData\Local\Programs\Microsoft VS Code\bin;C:\Users\teojo\.dotnet\tools;C:\msys64\ucrt64\bin;;C:\WINDOWS\system32;
USERNAME=teojo
OS=Windows_NT
PROCESSOR_IDENTIFIER=Intel64 Family 6 Model 142 Stepping 10, GenuineIntel



---------------  S Y S T E M  ---------------

OS:
 Windows 11 , 64 bit Build 22621 (10.0.22621.3958)
OS uptime: 0 days 2:24 hours
Hyper-V role detected

CPU: total 8 (initial active 8) (4 cores per cpu, 2 threads per core) family 6 model 142 stepping 10 microcode 0xf0, cx8, cmov, fxsr, ht, mmx, 3dnowpref, sse, sse2, sse3, ssse3, sse4.1, sse4.2, popcnt, lzcnt, tsc, tscinvbit, avx, avx2, aes, erms, clmul, bmi1, bmi2, rtm, adx, fma, vzeroupper, clflush, clflushopt, hv

Memory: 4k page, system-wide physical 16301M (6374M free)
TotalPageFile size 21933M (AvailPageFile size 7952M)
current process WorkingSet (physical memory assigned to process): 280M, peak: 280M
current process commit charge ("private bytes"): 593M, peak: 599M

vm_info: Java HotSpot(TM) 64-Bit Server VM (17.0.10+11-LTS-240) for windows-amd64 JRE (17.0.10+11-LTS-240), built on Dec 19 2023 21:47:25 by "mach5one" with MS VC++ 17.1 (VS2022)

END.
