#
# A fatal error has been detected by the Java Runtime Environment:
#
#  EXCEPTION_ACCESS_VIOLATION (0xc0000005) at pc=0x00007ffb545cbbf6, pid=21408, tid=21756
#
# JRE version: Java(TM) SE Runtime Environment (17.0.10+11) (build 17.0.10+11-LTS-240)
# Java VM: Java HotSpot(TM) 64-Bit Server VM (17.0.10+11-LTS-240, mixed mode, sharing, tiered, compressed oops, compressed class ptrs, g1 gc, windows-amd64)
# Problematic frame:
# V  [jvm.dll+0x7abbf6]
#
# No core dump will be written. Minidumps are not enabled by default on client versions of Windows
#
# If you would like to submit a bug report, please visit:
#   https://bugreport.java.com/bugreport/crash.jsp
#

---------------  S U M M A R Y ------------

Command Line: -Dfile.encoding=UTF-8 -Dstdout.encoding=UTF-8 -Dstderr.encoding=UTF-8 -XX:+ShowCodeDetailsInExceptionMessages Sketch1

Host: Intel(R) Core(TM) i7-8650U CPU @ 1.90GHz, 8 cores, 15G,  Windows 11 , 64 bit Build 22621 (10.0.22621.3958)
Time: Thu Oct 24 21:20:40 2024 GMT Summer Time elapsed time: 2.496648 seconds (0d 0h 0m 2s)

---------------  T H R E A D  ---------------

Current thread (0x000001e0d07772a0):  JavaThread "Timer-0" [_thread_in_vm, id=21756, stack(0x00000042fa000000,0x00000042fa100000)]

Stack: [0x00000042fa000000,0x00000042fa100000],  sp=0x00000042fa0fe570,  free space=1017k
Native frames: (J=compiled Java code, j=interpreted, Vv=VM code, C=native code)
V  [jvm.dll+0x7abbf6]
C  0x000001e0bcc6261c

Java frames: (J=compiled Java code, j=interpreted, Vv=VM code)
J 647  jdk.internal.misc.Unsafe.putByte(Ljava/lang/Object;JB)V java.base@17.0.10 (0 bytes) @ 0x000001e0bcc6257c [0x000001e0bcc62520+0x000000000000005c]
j  jdk.internal.misc.ScopedMemoryAccess.putByteInternal(Ljdk/internal/misc/ScopedMemoryAccess$Scope;Ljava/lang/Object;JB)V+17 java.base@17.0.10
j  jdk.internal.misc.ScopedMemoryAccess.putByte(Ljdk/internal/misc/ScopedMemoryAccess$Scope;Ljava/lang/Object;JB)V+6 java.base@17.0.10
j  java.nio.DirectByteBuffer.put(B)Ljava/nio/ByteBuffer;+17 java.base@17.0.10
j  processing.GL2VK.GraphicsBuffer.bufferData(Ljava/nio/ByteBuffer;IZ)V+77
j  processing.GL2VK.GL2VK.glBufferData(IILjava/nio/ByteBuffer;I)V+124
j  processing.vulkan.PVK.bufferData(IILjava/nio/Buffer;I)V+65
j  processing.opengl.PGraphicsOpenGL$TessGeometry.copyPolyVertices(I)V+75
j  processing.opengl.PGraphicsOpenGL.updatePolyBuffers(ZZZZ)V+31
j  processing.opengl.PGraphicsOpenGL.flushPolys()V+67
j  processing.opengl.PGraphicsOpenGL.flush()V+181
j  processing.opengl.PGraphicsOpenGL.endShape(I)V+31
j  processing.core.PGraphics.endShape()V+2
j  processing.opengl.PGraphicsOpenGL.ellipseImpl(FFFF)V+91
j  processing.core.PGraphics.ellipse(FFFF)V+138
j  processing.core.PApplet.ellipse(FFFF)V+28
j  Sketch1.draw()V+138
j  processing.core.PApplet.handleDraw()V+272
j  processing.vulkan.PSurfaceVK$AnimatorTask.run()V+130
j  java.util.TimerThread.mainLoop()V+221 java.base@17.0.10
j  java.util.TimerThread.run()V+1 java.base@17.0.10
v  ~StubRoutines::call_stub

siginfo: EXCEPTION_ACCESS_VIOLATION (0xc0000005), reading address 0xffffffffffffffff


Registers:
RAX=0x00000000000000c0, RBX=0x000001e0d07772a0, RCX=0x000001e0d0777550, RDX=0x00000042fa0fe5c8
RSP=0x00000042fa0fe570, RBP=0x56c9bd0000000040, RSI=0x0000000000000000, RDI=0x0000000000000000
R8 =0x0000000000000000, R9 =0x56c9bd0000000040, R10=0x00007ffb545cbb30, R11=0x000001e0bcc62540
R12=0x0000000000000000, R13=0x00000042fa0fe618, R14=0x00000042fa0fe6c8, R15=0x000001e0d07772a0
RIP=0x00007ffb545cbbf6, EFLAGS=0x0000000000010246


Register to memory mapping:

RIP=0x00007ffb545cbbf6 jvm.dll
RAX=0x00000000000000c0 is an unknown value
RBX=0x000001e0d07772a0 is a thread
RCX=0x000001e0d0777550 points into unknown readable memory: 0x000001e1162820e0 | e0 20 28 16 e1 01 00 00
RDX=0x00000042fa0fe5c8 is pointing into the stack for thread: 0x000001e0d07772a0
RSP=0x00000042fa0fe570 is pointing into the stack for thread: 0x000001e0d07772a0
RBP=0x56c9bd0000000040 is an unknown value
RSI=0x0 is NULL
RDI=0x0 is NULL
R8 =0x0 is NULL
R9 =0x56c9bd0000000040 is an unknown value
R10=0x00007ffb545cbb30 jvm.dll
R11=0x000001e0bcc62540 is at entry_point+32 in (nmethod*)0x000001e0bcc62390
Compiled method (n/a)    2578  647     n 0       jdk.internal.misc.Unsafe::putByte (native)
 total in heap  [0x000001e0bcc62390,0x000001e0bcc62750] = 960
 relocation     [0x000001e0bcc624e8,0x000001e0bcc62518] = 48
 main code      [0x000001e0bcc62520,0x000001e0bcc62750] = 560
R12=0x0 is NULL
R13=0x00000042fa0fe618 is pointing into the stack for thread: 0x000001e0d07772a0
R14=0x00000042fa0fe6c8 is pointing into the stack for thread: 0x000001e0d07772a0
R15=0x000001e0d07772a0 is a thread


Top of Stack: (sp=0x00000042fa0fe570)
0x00000042fa0fe570:   0000000000000000 000001e0d167e700
0x00000042fa0fe580:   0000000000000015 00007ffb5444875e
0x00000042fa0fe590:   00000000ffffffc0 000001e0bcc6261c
0x00000042fa0fe5a0:   000001e0d14184d0 00000042fa0fe600
0x00000042fa0fe5b0:   0000000000000120 000001e0d07772a0
0x00000042fa0fe5c0:   00000000ffffffc0 000000070fc112a0
0x00000042fa0fe5d0:   0000000000000000 0000000000000015
0x00000042fa0fe5e0:   00000042fa0fe688 000001e0bc6a9e42
0x00000042fa0fe5f0:   000001e0d10ad7b0 00000000000000b6
0x00000042fa0fe600:   00000042fa0fe688 000001e0bc6994fe
0x00000042fa0fe610:   000001e0bc6994fe 00000000ffffffc0
0x00000042fa0fe620:   56c9bd0000000040 0000000000000000
0x00000042fa0fe630:   0000000000000000 000000070fc112a0
0x00000042fa0fe640:   00000042fa0fe640 000001e0d1689289
0x00000042fa0fe650:   00000042fa0fe6c8 000001e0d10a62e0
0x00000042fa0fe660:   0000000000000000 000000070fdc3cf8 

Instructions: (pc=0x00007ffb545cbbf6)
0x00007ffb545cbaf6:   4a 20 48 8d 8b 90 02 00 00 e8 dc ca b1 ff 48 8b
0x00007ffb545cbb06:   7c 24 40 90 c7 83 40 03 00 00 04 00 00 00 40 0f
0x00007ffb545cbb16:   b6 c6 48 8b 5c 24 30 48 8b 74 24 38 48 83 c4 20
0x00007ffb545cbb26:   41 5e c3 cc cc cc cc cc cc cc 48 89 5c 24 08 48
0x00007ffb545cbb36:   89 6c 24 10 48 89 74 24 18 57 48 83 ec 20 8b 81
0x00007ffb545cbb46:   b8 00 00 00 48 8d 99 50 fd ff ff 05 55 21 ff ff
0x00007ffb545cbb56:   33 ff 49 8b e9 49 8b f0 83 f8 01 76 0a 48 8b cb
0x00007ffb545cbb66:   e8 45 cc fd ff 8b df c7 83 40 03 00 00 05 00 00
0x00007ffb545cbb76:   00 e8 74 d2 eb ff 90 48 8b 83 48 03 00 00 a8 01
0x00007ffb545cbb86:   74 0a b2 01 48 8b cb e8 5e d2 f2 ff 39 bb 34 03
0x00007ffb545cbb96:   00 00 75 0a 8b 83 30 03 00 00 a8 0c 74 0a 33 d2
0x00007ffb545cbba6:   48 8b cb e8 c2 f3 fd ff c7 83 40 03 00 00 06 00
0x00007ffb545cbbb6:   00 00 48 85 f6 74 2d 40 f6 c6 01 74 0c 48 8d 4e
0x00007ffb545cbbc6:   ff ff 15 a3 42 2f 00 eb 09 48 8b ce ff 15 48 c4
0x00007ffb545cbbd6:   2e 00 48 8b f8 48 85 c0 74 0a 0f b6 44 24 50 88
0x00007ffb545cbbe6:   04 2f eb 16 0f b6 44 24 50 c6 83 70 03 00 00 01
0x00007ffb545cbbf6:   88 04 2f c6 83 70 03 00 00 00 48 8b bb e8 00 00
0x00007ffb545cbc06:   00 48 8b 47 10 48 83 38 00 74 08 48 8b cf e8 d7
0x00007ffb545cbc16:   d7 b9 ff 48 8b 4f 08 48 8b 47 10 48 89 41 10 48
0x00007ffb545cbc26:   8b 4f 08 48 8b 47 18 48 89 41 18 48 8b 4f 08 48
0x00007ffb545cbc36:   8b 47 20 48 89 41 20 48 8d 8b 90 02 00 00 e8 97
0x00007ffb545cbc46:   c9 b1 ff 48 8b 6c 24 38 90 48 8b 74 24 40 c7 83
0x00007ffb545cbc56:   40 03 00 00 04 00 00 00 48 8b 5c 24 30 48 83 c4
0x00007ffb545cbc66:   20 5f c3 cc cc cc cc cc cc cc 48 89 5c 24 08 48
0x00007ffb545cbc76:   89 74 24 10 48 89 7c 24 18 41 56 48 83 ec 20 8b
0x00007ffb545cbc86:   81 b8 00 00 00 48 8d 99 50 fd ff ff 05 55 21 ff
0x00007ffb545cbc96:   ff 33 ff 4d 8b f1 49 8b f0 83 f8 01 76 0a 48 8b
0x00007ffb545cbca6:   cb e8 04 cb fd ff 8b df c7 83 40 03 00 00 05 00
0x00007ffb545cbcb6:   00 00 e8 33 d1 eb ff 90 48 8b 83 48 03 00 00 a8
0x00007ffb545cbcc6:   01 74 0a b2 01 48 8b cb e8 1d d1 f2 ff 39 bb 34
0x00007ffb545cbcd6:   03 00 00 75 0a 8b 83 30 03 00 00 a8 0c 74 0a 33
0x00007ffb545cbce6:   d2 48 8b cb e8 81 f2 fd ff c7 83 40 03 00 00 06 


Stack slot to memory mapping:
stack at sp + 0 slots: 0x0 is NULL
stack at sp + 1 slots: 0x000001e0d167e700 is pointing into metadata
stack at sp + 2 slots: 0x0000000000000015 is an unknown value
stack at sp + 3 slots: 0x00007ffb5444875e jvm.dll
stack at sp + 4 slots: 0x00000000ffffffc0 is an unknown value
stack at sp + 5 slots: 0x000001e0bcc6261c is at entry_point+252 in (nmethod*)0x000001e0bcc62390
Compiled method (n/a)    2609  647     n 0       jdk.internal.misc.Unsafe::putByte (native)
 total in heap  [0x000001e0bcc62390,0x000001e0bcc62750] = 960
 relocation     [0x000001e0bcc624e8,0x000001e0bcc62518] = 48
 main code      [0x000001e0bcc62520,0x000001e0bcc62750] = 560
stack at sp + 6 slots: {method} {0x000001e0d14184d8} 'putByte' '(Ljava/lang/Object;JB)V' in 'jdk/internal/misc/Unsafe'
stack at sp + 7 slots: 0x00000042fa0fe600 is pointing into the stack for thread: 0x000001e0d07772a0


Compiled method (n/a)    2611  647     n 0       jdk.internal.misc.Unsafe::putByte (native)
 total in heap  [0x000001e0bcc62390,0x000001e0bcc62750] = 960
 relocation     [0x000001e0bcc624e8,0x000001e0bcc62518] = 48
 main code      [0x000001e0bcc62520,0x000001e0bcc62750] = 560

[Constant Pool (empty)]

[MachCode]
[Entry Point]
  # {method} {0x000001e0d14184d8} 'putByte' '(Ljava/lang/Object;JB)V' in 'jdk/internal/misc/Unsafe'
  # this:     rdx:rdx   = 'jdk/internal/misc/Unsafe'
  # parm0:    r8:r8     = 'java/lang/Object'
  # parm1:    r9:r9     = long
  # parm2:    rdi       = byte
  #           [sp+0x70]  (sp of caller)
  0x000001e0bcc62520: 448b 5208 | 49bb 0000 | 00d1 e001 | 0000 4d03 | d349 3bc2 | 0f84 0600 

  0x000001e0bcc62538: ;   {runtime_call ic_miss_stub}
  0x000001e0bcc62538: 0000 e941 | a5a7 ff90 
[Verified Entry Point]
  0x000001e0bcc62540: 8984 2400 | 90ff ff55 | 488b ec48 | 83ec 6048 | 897c 2420 | 4c89 4424 | 3049 83f8 | 004c 8d44 
  0x000001e0bcc62560: 2430 4c0f | 4444 2430 | 4889 5424 | 2848 83fa | 0048 8d54 | 2428 480f | 4454 2428 

  0x000001e0bcc6257c: ;   {internal_word}
  0x000001e0bcc6257c: c5f8 7749 | ba7c 25c6 | bce0 0100 | 004d 8997 | 9802 0000 | 4989 a790 

  0x000001e0bcc62594: ;   {external_word}
  0x000001e0bcc62594: 0200 0049 | bae3 8092 | 54fb 7f00 | 0041 803a | 000f 8452 | 0000 0052 | 4150 4151 

  0x000001e0bcc625b0: ;   {metadata({method} {0x000001e0d14184d8} 'putByte' '(Ljava/lang/Object;JB)V' in 'jdk/internal/misc/Unsafe')}
  0x000001e0bcc625b0: 48ba d084 | 41d1 e001 | 0000 498b | cf48 83ec | 20f7 c40f | 0000 000f | 841a 0000 | 0048 83ec 
  0x000001e0bcc625d0: ;   {runtime_call}
  0x000001e0bcc625d0: 0849 ba00 | d64f 54fb | 7f00 0041 | ffd2 4883 | c408 e90d 

  0x000001e0bcc625e4: ;   {runtime_call}
  0x000001e0bcc625e4: 0000 0049 | ba00 d64f | 54fb 7f00 | 0041 ffd2 | 4883 c420 | 4159 4158 | 5a49 8d8f | b002 0000 
  0x000001e0bcc62604: 41c7 8740 | 0300 0004 

  0x000001e0bcc6260c: ;   {runtime_call}
  0x000001e0bcc6260c: 0000 0049 | ba30 bb5c | 54fb 7f00 | 0041 ffd2 | c5f8 7741 | c787 4003 | 0000 0500 | 0000 f083 
  0x000001e0bcc6262c: 4424 c000 | 493b af48 | 0300 000f | 8711 0000 | 0041 81bf | 3003 0000 | 0000 0000 | 0f84 2400 
  0x000001e0bcc6264c: 0000 c5f8 | 7749 8bcf | 4c8b e448 | 83ec 2048 

  0x000001e0bcc6265c: ;   {runtime_call}
  0x000001e0bcc6265c: 83e4 f049 | ba40 8d5a | 54fb 7f00 | 0041 ffd2 | 498b e44d | 33e4 41c7 | 8740 0300 | 0008 0000 
  0x000001e0bcc6267c: 0041 81bf | b003 0000 | 0200 0000 | 0f84 9b00 

  0x000001e0bcc6268c: ;   {external_word}
  0x000001e0bcc6268c: 0000 49ba | e380 9254 | fb7f 0000 | 4180 3a00 | 0f84 4800 

  0x000001e0bcc626a0: ;   {metadata({method} {0x000001e0d14184d8} 'putByte' '(Ljava/lang/Object;JB)V' in 'jdk/internal/misc/Unsafe')}
  0x000001e0bcc626a0: 0000 48ba | d084 41d1 | e001 0000 | 498b cf48 | 83ec 20f7 | c40f 0000 | 000f 841a | 0000 0048 
  0x000001e0bcc626c0: ;   {runtime_call}
  0x000001e0bcc626c0: 83ec 0849 | ba00 d64f | 54fb 7f00 | 0041 ffd2 | 4883 c408 | e90d 0000 

  0x000001e0bcc626d8: ;   {runtime_call}
  0x000001e0bcc626d8: 0049 ba00 | d64f 54fb | 7f00 0041 | ffd2 4883 | c420 49c7 | 8790 0200 | 0000 0000 | 0049 c787 
  0x000001e0bcc626f8: 9802 0000 | 0000 0000 | c5f8 7749 | 8b8f d800 | 0000 c781 | 0001 0000 | 0000 0000 | c949 817f 
  0x000001e0bcc62718: 0800 0000 | 000f 8501 | 0000 00c3 

  0x000001e0bcc62724: ;   {runtime_call StubRoutines (1)}
  0x000001e0bcc62724: e9d7 e7a2 | ffc5 f877 | 4c8b e448 | 83ec 2048 

  0x000001e0bcc62734: ;   {runtime_call}
  0x000001e0bcc62734: 83e4 f049 | baa0 0650 | 54fb 7f00 | 0041 ffd2 | 498b e44d | 33e4 e93f | ffff fff4 
[/MachCode]


---------------  P R O C E S S  ---------------

Threads class SMR info:
_java_thread_list=0x000001e117e3b340, length=26, elements={
0x000001e0d064d850, 0x000001e0d064e4d0, 0x000001e0d065fe70, 0x000001e0d0661750,
0x000001e0d0662020, 0x000001e0d066ad10, 0x000001e0d07707c0, 0x000001e0d0771180,
0x000001e0d0774f30, 0x000001e0d0775e60, 0x000001e0d0774510, 0x000001e0d0775440,
0x000001e0d0776d90, 0x000001e0d0776370, 0x000001e0d0776880, 0x000001e0d07772a0,
0x000001e0d0773af0, 0x000001e0d0775950, 0x000001e11c30c9b0, 0x000001e11c310160,
0x000001e11c30b060, 0x000001e11c3115a0, 0x000001e11c30ed20, 0x000001e11c30c4a0,
0x000001e119ca54b0, 0x000001e119ca5a00
}

Java Threads: ( => current thread )
  0x000001e0d064d850 JavaThread "Reference Handler" daemon [_thread_blocked, id=20768, stack(0x00000042f8e00000,0x00000042f8f00000)]
  0x000001e0d064e4d0 JavaThread "Finalizer" daemon [_thread_blocked, id=20284, stack(0x00000042f8f00000,0x00000042f9000000)]
  0x000001e0d065fe70 JavaThread "Signal Dispatcher" daemon [_thread_blocked, id=24144, stack(0x00000042f9000000,0x00000042f9100000)]
  0x000001e0d0661750 JavaThread "Attach Listener" daemon [_thread_blocked, id=22832, stack(0x00000042f9100000,0x00000042f9200000)]
  0x000001e0d0662020 JavaThread "Service Thread" daemon [_thread_blocked, id=3220, stack(0x00000042f9200000,0x00000042f9300000)]
  0x000001e0d066ad10 JavaThread "Monitor Deflation Thread" daemon [_thread_blocked, id=20924, stack(0x00000042f9300000,0x00000042f9400000)]
  0x000001e0d07707c0 JavaThread "C2 CompilerThread0" daemon [_thread_blocked, id=20192, stack(0x00000042f9400000,0x00000042f9500000)]
  0x000001e0d0771180 JavaThread "C1 CompilerThread0" daemon [_thread_blocked, id=23972, stack(0x00000042f9500000,0x00000042f9600000)]
  0x000001e0d0774f30 JavaThread "Sweeper thread" daemon [_thread_blocked, id=18740, stack(0x00000042f9600000,0x00000042f9700000)]
  0x000001e0d0775e60 JavaThread "Notification Thread" daemon [_thread_blocked, id=23096, stack(0x00000042f9700000,0x00000042f9800000)]
  0x000001e0d0774510 JavaThread "Common-Cleaner" daemon [_thread_blocked, id=23784, stack(0x00000042f9900000,0x00000042f9a00000)]
  0x000001e0d0775440 JavaThread "Java2D Disposer" daemon [_thread_blocked, id=18736, stack(0x00000042f9b00000,0x00000042f9c00000)]
  0x000001e0d0776d90 JavaThread "AWT-Windows" daemon [_thread_in_native, id=21808, stack(0x00000042f9d00000,0x00000042f9e00000)]
  0x000001e0d0776370 JavaThread "HighResTimerThread" daemon [_thread_blocked, id=20204, stack(0x00000042f9e00000,0x00000042f9f00000)]
  0x000001e0d0776880 JavaThread "Thread-0" [_thread_blocked, id=11372, stack(0x00000042f9f00000,0x00000042fa000000)]
=>0x000001e0d07772a0 JavaThread "Timer-0" [_thread_in_vm, id=21756, stack(0x00000042fa000000,0x00000042fa100000)]
  0x000001e0d0773af0 JavaThread "DestroyJavaVM" [_thread_blocked, id=8588, stack(0x00000042f8700000,0x00000042f8800000)]
  0x000001e0d0775950 JavaThread "Thread-2" [_thread_blocked, id=20144, stack(0x00000042fac00000,0x00000042fad00000)]
  0x000001e11c30c9b0 JavaThread "Thread-3" [_thread_blocked, id=25436, stack(0x00000042fad00000,0x00000042fae00000)]
  0x000001e11c310160 JavaThread "Thread-4" [_thread_blocked, id=13512, stack(0x00000042fae00000,0x00000042faf00000)]
  0x000001e11c30b060 JavaThread "Thread-5" [_thread_blocked, id=15768, stack(0x00000042faf00000,0x00000042fb000000)]
  0x000001e11c3115a0 JavaThread "Thread-6" [_thread_blocked, id=21332, stack(0x00000042fb000000,0x00000042fb100000)]
  0x000001e11c30ed20 JavaThread "Thread-7" [_thread_blocked, id=23764, stack(0x00000042fb100000,0x00000042fb200000)]
  0x000001e11c30c4a0 JavaThread "Thread-8" [_thread_blocked, id=24400, stack(0x00000042fb200000,0x00000042fb300000)]
  0x000001e119ca54b0 JavaThread "C2 CompilerThread1" daemon [_thread_blocked, id=2164, stack(0x00000042fb300000,0x00000042fb400000)]
  0x000001e119ca5a00 JavaThread "C2 CompilerThread2" daemon [_thread_blocked, id=23652, stack(0x00000042fb400000,0x00000042fb500000)]

Other Threads:
  0x000001e0d0647940 VMThread "VM Thread" [stack: 0x00000042f8d00000,0x00000042f8e00000] [id=19832]
  0x000001e0d08a14a0 WatcherThread [stack: 0x00000042f9800000,0x00000042f9900000] [id=24672]
  0x000001e0ad925cf0 GCTaskThread "GC Thread#0" [stack: 0x00000042f8800000,0x00000042f8900000] [id=20556]
  0x000001e1199cd860 GCTaskThread "GC Thread#1" [stack: 0x00000042fb500000,0x00000042fb600000] [id=23464]
  0x000001e118d0ecf0 GCTaskThread "GC Thread#2" [stack: 0x00000042fb600000,0x00000042fb700000] [id=24088]
  0x000001e119aefa70 GCTaskThread "GC Thread#3" [stack: 0x00000042fb700000,0x00000042fb800000] [id=22584]
  0x000001e11c495d70 GCTaskThread "GC Thread#4" [stack: 0x00000042fb800000,0x00000042fb900000] [id=13340]
  0x000001e11c496df0 GCTaskThread "GC Thread#5" [stack: 0x00000042fb900000,0x00000042fba00000] [id=18224]
  0x000001e11c497630 GCTaskThread "GC Thread#6" [stack: 0x00000042fba00000,0x00000042fbb00000] [id=13372]
  0x000001e11c496030 GCTaskThread "GC Thread#7" [stack: 0x00000042fbb00000,0x00000042fbc00000] [id=24584]
  0x000001e0ad936a00 ConcurrentGCThread "G1 Main Marker" [stack: 0x00000042f8900000,0x00000042f8a00000] [id=23172]
  0x000001e0ad937ab0 ConcurrentGCThread "G1 Conc#0" [stack: 0x00000042f8a00000,0x00000042f8b00000] [id=21464]
  0x000001e0ad97dd20 ConcurrentGCThread "G1 Refine#0" [stack: 0x00000042f8b00000,0x00000042f8c00000] [id=23504]
  0x000001e0ad97e650 ConcurrentGCThread "G1 Service" [stack: 0x00000042f8c00000,0x00000042f8d00000] [id=13380]

Threads with active compile tasks:

VM state: not at safepoint (normal execution)

VM Mutex/Monitor currently owned by a thread: None

Heap address: 0x0000000701400000, size: 4076 MB, Compressed Oops mode: Zero based, Oop shift amount: 3

CDS archive(s) mapped at: [0x000001e0d1000000-0x000001e0d1bd0000-0x000001e0d1bd0000), size 12386304, SharedBaseAddress: 0x000001e0d1000000, ArchiveRelocationMode: 1.
Compressed class space mapped at: 0x000001e0d2000000-0x000001e112000000, reserved size: 1073741824
Narrow klass base: 0x000001e0d1000000, Narrow klass shift: 0, Narrow klass range: 0x100000000

GC Precious Log:
 CPUs: 8 total, 8 available
 Memory: 16301M
 Large Page Support: Disabled
 NUMA Support: Disabled
 Compressed Oops: Enabled (Zero based)
 Heap Region Size: 2M
 Heap Min Capacity: 8M
 Heap Initial Capacity: 256M
 Heap Max Capacity: 4076M
 Pre-touch: Disabled
 Parallel Workers: 8
 Concurrent Workers: 2
 Concurrent Refinement Workers: 8
 Periodic GC: Disabled

Heap:
 garbage-first heap   total 262144K, used 12380K [0x0000000701400000, 0x0000000800000000)
  region size 2048K, 6 young (12288K), 2 survivors (4096K)
 Metaspace       used 7925K, committed 8128K, reserved 1114112K
  class space    used 533K, committed 640K, reserved 1048576K

Heap Regions: E=young(eden), S=young(survivor), O=old, HS=humongous(starts), HC=humongous(continues), CS=collection set, F=free, OA=open archive, CA=closed archive, TAMS=top-at-mark-start (previous, next)
|   0|0x0000000701400000, 0x0000000701417200, 0x0000000701600000|  4%| O|  |TAMS 0x0000000701400000, 0x0000000701400000| Untracked 
|   1|0x0000000701600000, 0x0000000701800000, 0x0000000701800000|100%|HS|  |TAMS 0x0000000701600000, 0x0000000701600000| Complete 
|   2|0x0000000701800000, 0x0000000701a00000, 0x0000000701a00000|100%|HS|  |TAMS 0x0000000701800000, 0x0000000701800000| Complete 
|   3|0x0000000701a00000, 0x0000000701a00000, 0x0000000701c00000|  0%| F|  |TAMS 0x0000000701a00000, 0x0000000701a00000| Untracked 
|   4|0x0000000701c00000, 0x0000000701c00000, 0x0000000701e00000|  0%| F|  |TAMS 0x0000000701c00000, 0x0000000701c00000| Untracked 
|   5|0x0000000701e00000, 0x0000000701e00000, 0x0000000702000000|  0%| F|  |TAMS 0x0000000701e00000, 0x0000000701e00000| Untracked 
|   6|0x0000000702000000, 0x0000000702000000, 0x0000000702200000|  0%| F|  |TAMS 0x0000000702000000, 0x0000000702000000| Untracked 
|   7|0x0000000702200000, 0x0000000702200000, 0x0000000702400000|  0%| F|  |TAMS 0x0000000702200000, 0x0000000702200000| Untracked 
|   8|0x0000000702400000, 0x0000000702400000, 0x0000000702600000|  0%| F|  |TAMS 0x0000000702400000, 0x0000000702400000| Untracked 
|   9|0x0000000702600000, 0x0000000702600000, 0x0000000702800000|  0%| F|  |TAMS 0x0000000702600000, 0x0000000702600000| Untracked 
|  10|0x0000000702800000, 0x0000000702800000, 0x0000000702a00000|  0%| F|  |TAMS 0x0000000702800000, 0x0000000702800000| Untracked 
|  11|0x0000000702a00000, 0x0000000702a00000, 0x0000000702c00000|  0%| F|  |TAMS 0x0000000702a00000, 0x0000000702a00000| Untracked 
|  12|0x0000000702c00000, 0x0000000702c00000, 0x0000000702e00000|  0%| F|  |TAMS 0x0000000702c00000, 0x0000000702c00000| Untracked 
|  13|0x0000000702e00000, 0x0000000702e00000, 0x0000000703000000|  0%| F|  |TAMS 0x0000000702e00000, 0x0000000702e00000| Untracked 
|  14|0x0000000703000000, 0x0000000703000000, 0x0000000703200000|  0%| F|  |TAMS 0x0000000703000000, 0x0000000703000000| Untracked 
|  15|0x0000000703200000, 0x0000000703200000, 0x0000000703400000|  0%| F|  |TAMS 0x0000000703200000, 0x0000000703200000| Untracked 
|  16|0x0000000703400000, 0x0000000703400000, 0x0000000703600000|  0%| F|  |TAMS 0x0000000703400000, 0x0000000703400000| Untracked 
|  17|0x0000000703600000, 0x0000000703600000, 0x0000000703800000|  0%| F|  |TAMS 0x0000000703600000, 0x0000000703600000| Untracked 
|  18|0x0000000703800000, 0x0000000703800000, 0x0000000703a00000|  0%| F|  |TAMS 0x0000000703800000, 0x0000000703800000| Untracked 
|  19|0x0000000703a00000, 0x0000000703a00000, 0x0000000703c00000|  0%| F|  |TAMS 0x0000000703a00000, 0x0000000703a00000| Untracked 
|  20|0x0000000703c00000, 0x0000000703c00000, 0x0000000703e00000|  0%| F|  |TAMS 0x0000000703c00000, 0x0000000703c00000| Untracked 
|  21|0x0000000703e00000, 0x0000000703e00000, 0x0000000704000000|  0%| F|  |TAMS 0x0000000703e00000, 0x0000000703e00000| Untracked 
|  22|0x0000000704000000, 0x0000000704000000, 0x0000000704200000|  0%| F|  |TAMS 0x0000000704000000, 0x0000000704000000| Untracked 
|  23|0x0000000704200000, 0x0000000704200000, 0x0000000704400000|  0%| F|  |TAMS 0x0000000704200000, 0x0000000704200000| Untracked 
|  24|0x0000000704400000, 0x0000000704400000, 0x0000000704600000|  0%| F|  |TAMS 0x0000000704400000, 0x0000000704400000| Untracked 
|  25|0x0000000704600000, 0x0000000704600000, 0x0000000704800000|  0%| F|  |TAMS 0x0000000704600000, 0x0000000704600000| Untracked 
|  26|0x0000000704800000, 0x0000000704800000, 0x0000000704a00000|  0%| F|  |TAMS 0x0000000704800000, 0x0000000704800000| Untracked 
|  27|0x0000000704a00000, 0x0000000704a00000, 0x0000000704c00000|  0%| F|  |TAMS 0x0000000704a00000, 0x0000000704a00000| Untracked 
|  28|0x0000000704c00000, 0x0000000704c00000, 0x0000000704e00000|  0%| F|  |TAMS 0x0000000704c00000, 0x0000000704c00000| Untracked 
|  29|0x0000000704e00000, 0x0000000704e00000, 0x0000000705000000|  0%| F|  |TAMS 0x0000000704e00000, 0x0000000704e00000| Untracked 
|  30|0x0000000705000000, 0x0000000705000000, 0x0000000705200000|  0%| F|  |TAMS 0x0000000705000000, 0x0000000705000000| Untracked 
|  31|0x0000000705200000, 0x0000000705200000, 0x0000000705400000|  0%| F|  |TAMS 0x0000000705200000, 0x0000000705200000| Untracked 
|  32|0x0000000705400000, 0x0000000705400000, 0x0000000705600000|  0%| F|  |TAMS 0x0000000705400000, 0x0000000705400000| Untracked 
|  33|0x0000000705600000, 0x0000000705600000, 0x0000000705800000|  0%| F|  |TAMS 0x0000000705600000, 0x0000000705600000| Untracked 
|  34|0x0000000705800000, 0x0000000705800000, 0x0000000705a00000|  0%| F|  |TAMS 0x0000000705800000, 0x0000000705800000| Untracked 
|  35|0x0000000705a00000, 0x0000000705a00000, 0x0000000705c00000|  0%| F|  |TAMS 0x0000000705a00000, 0x0000000705a00000| Untracked 
|  36|0x0000000705c00000, 0x0000000705c00000, 0x0000000705e00000|  0%| F|  |TAMS 0x0000000705c00000, 0x0000000705c00000| Untracked 
|  37|0x0000000705e00000, 0x0000000705e00000, 0x0000000706000000|  0%| F|  |TAMS 0x0000000705e00000, 0x0000000705e00000| Untracked 
|  38|0x0000000706000000, 0x0000000706000000, 0x0000000706200000|  0%| F|  |TAMS 0x0000000706000000, 0x0000000706000000| Untracked 
|  39|0x0000000706200000, 0x0000000706200000, 0x0000000706400000|  0%| F|  |TAMS 0x0000000706200000, 0x0000000706200000| Untracked 
|  40|0x0000000706400000, 0x0000000706400000, 0x0000000706600000|  0%| F|  |TAMS 0x0000000706400000, 0x0000000706400000| Untracked 
|  41|0x0000000706600000, 0x0000000706600000, 0x0000000706800000|  0%| F|  |TAMS 0x0000000706600000, 0x0000000706600000| Untracked 
|  42|0x0000000706800000, 0x0000000706800000, 0x0000000706a00000|  0%| F|  |TAMS 0x0000000706800000, 0x0000000706800000| Untracked 
|  43|0x0000000706a00000, 0x0000000706a00000, 0x0000000706c00000|  0%| F|  |TAMS 0x0000000706a00000, 0x0000000706a00000| Untracked 
|  44|0x0000000706c00000, 0x0000000706c00000, 0x0000000706e00000|  0%| F|  |TAMS 0x0000000706c00000, 0x0000000706c00000| Untracked 
|  45|0x0000000706e00000, 0x0000000706e00000, 0x0000000707000000|  0%| F|  |TAMS 0x0000000706e00000, 0x0000000706e00000| Untracked 
|  46|0x0000000707000000, 0x0000000707000000, 0x0000000707200000|  0%| F|  |TAMS 0x0000000707000000, 0x0000000707000000| Untracked 
|  47|0x0000000707200000, 0x0000000707200000, 0x0000000707400000|  0%| F|  |TAMS 0x0000000707200000, 0x0000000707200000| Untracked 
|  48|0x0000000707400000, 0x0000000707400000, 0x0000000707600000|  0%| F|  |TAMS 0x0000000707400000, 0x0000000707400000| Untracked 
|  49|0x0000000707600000, 0x0000000707600000, 0x0000000707800000|  0%| F|  |TAMS 0x0000000707600000, 0x0000000707600000| Untracked 
|  50|0x0000000707800000, 0x0000000707800000, 0x0000000707a00000|  0%| F|  |TAMS 0x0000000707800000, 0x0000000707800000| Untracked 
|  51|0x0000000707a00000, 0x0000000707a00000, 0x0000000707c00000|  0%| F|  |TAMS 0x0000000707a00000, 0x0000000707a00000| Untracked 
|  52|0x0000000707c00000, 0x0000000707c00000, 0x0000000707e00000|  0%| F|  |TAMS 0x0000000707c00000, 0x0000000707c00000| Untracked 
|  53|0x0000000707e00000, 0x0000000707e00000, 0x0000000708000000|  0%| F|  |TAMS 0x0000000707e00000, 0x0000000707e00000| Untracked 
|  54|0x0000000708000000, 0x0000000708000000, 0x0000000708200000|  0%| F|  |TAMS 0x0000000708000000, 0x0000000708000000| Untracked 
|  55|0x0000000708200000, 0x0000000708200000, 0x0000000708400000|  0%| F|  |TAMS 0x0000000708200000, 0x0000000708200000| Untracked 
|  56|0x0000000708400000, 0x0000000708400000, 0x0000000708600000|  0%| F|  |TAMS 0x0000000708400000, 0x0000000708400000| Untracked 
|  57|0x0000000708600000, 0x0000000708600000, 0x0000000708800000|  0%| F|  |TAMS 0x0000000708600000, 0x0000000708600000| Untracked 
|  58|0x0000000708800000, 0x0000000708800000, 0x0000000708a00000|  0%| F|  |TAMS 0x0000000708800000, 0x0000000708800000| Untracked 
|  59|0x0000000708a00000, 0x0000000708a00000, 0x0000000708c00000|  0%| F|  |TAMS 0x0000000708a00000, 0x0000000708a00000| Untracked 
|  60|0x0000000708c00000, 0x0000000708c00000, 0x0000000708e00000|  0%| F|  |TAMS 0x0000000708c00000, 0x0000000708c00000| Untracked 
|  61|0x0000000708e00000, 0x0000000708e00000, 0x0000000709000000|  0%| F|  |TAMS 0x0000000708e00000, 0x0000000708e00000| Untracked 
|  62|0x0000000709000000, 0x0000000709000000, 0x0000000709200000|  0%| F|  |TAMS 0x0000000709000000, 0x0000000709000000| Untracked 
|  63|0x0000000709200000, 0x0000000709200000, 0x0000000709400000|  0%| F|  |TAMS 0x0000000709200000, 0x0000000709200000| Untracked 
|  64|0x0000000709400000, 0x0000000709400000, 0x0000000709600000|  0%| F|  |TAMS 0x0000000709400000, 0x0000000709400000| Untracked 
|  65|0x0000000709600000, 0x0000000709600000, 0x0000000709800000|  0%| F|  |TAMS 0x0000000709600000, 0x0000000709600000| Untracked 
|  66|0x0000000709800000, 0x0000000709800000, 0x0000000709a00000|  0%| F|  |TAMS 0x0000000709800000, 0x0000000709800000| Untracked 
|  67|0x0000000709a00000, 0x0000000709a00000, 0x0000000709c00000|  0%| F|  |TAMS 0x0000000709a00000, 0x0000000709a00000| Untracked 
|  68|0x0000000709c00000, 0x0000000709c00000, 0x0000000709e00000|  0%| F|  |TAMS 0x0000000709c00000, 0x0000000709c00000| Untracked 
|  69|0x0000000709e00000, 0x0000000709e00000, 0x000000070a000000|  0%| F|  |TAMS 0x0000000709e00000, 0x0000000709e00000| Untracked 
|  70|0x000000070a000000, 0x000000070a000000, 0x000000070a200000|  0%| F|  |TAMS 0x000000070a000000, 0x000000070a000000| Untracked 
|  71|0x000000070a200000, 0x000000070a200000, 0x000000070a400000|  0%| F|  |TAMS 0x000000070a200000, 0x000000070a200000| Untracked 
|  72|0x000000070a400000, 0x000000070a400000, 0x000000070a600000|  0%| F|  |TAMS 0x000000070a400000, 0x000000070a400000| Untracked 
|  73|0x000000070a600000, 0x000000070a600000, 0x000000070a800000|  0%| F|  |TAMS 0x000000070a600000, 0x000000070a600000| Untracked 
|  74|0x000000070a800000, 0x000000070a800000, 0x000000070aa00000|  0%| F|  |TAMS 0x000000070a800000, 0x000000070a800000| Untracked 
|  75|0x000000070aa00000, 0x000000070aa00000, 0x000000070ac00000|  0%| F|  |TAMS 0x000000070aa00000, 0x000000070aa00000| Untracked 
|  76|0x000000070ac00000, 0x000000070ac00000, 0x000000070ae00000|  0%| F|  |TAMS 0x000000070ac00000, 0x000000070ac00000| Untracked 
|  77|0x000000070ae00000, 0x000000070ae00000, 0x000000070b000000|  0%| F|  |TAMS 0x000000070ae00000, 0x000000070ae00000| Untracked 
|  78|0x000000070b000000, 0x000000070b000000, 0x000000070b200000|  0%| F|  |TAMS 0x000000070b000000, 0x000000070b000000| Untracked 
|  79|0x000000070b200000, 0x000000070b200000, 0x000000070b400000|  0%| F|  |TAMS 0x000000070b200000, 0x000000070b200000| Untracked 
|  80|0x000000070b400000, 0x000000070b400000, 0x000000070b600000|  0%| F|  |TAMS 0x000000070b400000, 0x000000070b400000| Untracked 
|  81|0x000000070b600000, 0x000000070b600000, 0x000000070b800000|  0%| F|  |TAMS 0x000000070b600000, 0x000000070b600000| Untracked 
|  82|0x000000070b800000, 0x000000070b800000, 0x000000070ba00000|  0%| F|  |TAMS 0x000000070b800000, 0x000000070b800000| Untracked 
|  83|0x000000070ba00000, 0x000000070ba00000, 0x000000070bc00000|  0%| F|  |TAMS 0x000000070ba00000, 0x000000070ba00000| Untracked 
|  84|0x000000070bc00000, 0x000000070bc00000, 0x000000070be00000|  0%| F|  |TAMS 0x000000070bc00000, 0x000000070bc00000| Untracked 
|  85|0x000000070be00000, 0x000000070be00000, 0x000000070c000000|  0%| F|  |TAMS 0x000000070be00000, 0x000000070be00000| Untracked 
|  86|0x000000070c000000, 0x000000070c000000, 0x000000070c200000|  0%| F|  |TAMS 0x000000070c000000, 0x000000070c000000| Untracked 
|  87|0x000000070c200000, 0x000000070c200000, 0x000000070c400000|  0%| F|  |TAMS 0x000000070c200000, 0x000000070c200000| Untracked 
|  88|0x000000070c400000, 0x000000070c400000, 0x000000070c600000|  0%| F|  |TAMS 0x000000070c400000, 0x000000070c400000| Untracked 
|  89|0x000000070c600000, 0x000000070c600000, 0x000000070c800000|  0%| F|  |TAMS 0x000000070c600000, 0x000000070c600000| Untracked 
|  90|0x000000070c800000, 0x000000070c800000, 0x000000070ca00000|  0%| F|  |TAMS 0x000000070c800000, 0x000000070c800000| Untracked 
|  91|0x000000070ca00000, 0x000000070ca00000, 0x000000070cc00000|  0%| F|  |TAMS 0x000000070ca00000, 0x000000070ca00000| Untracked 
|  92|0x000000070cc00000, 0x000000070cc00000, 0x000000070ce00000|  0%| F|  |TAMS 0x000000070cc00000, 0x000000070cc00000| Untracked 
|  93|0x000000070ce00000, 0x000000070ce00000, 0x000000070d000000|  0%| F|  |TAMS 0x000000070ce00000, 0x000000070ce00000| Untracked 
|  94|0x000000070d000000, 0x000000070d000000, 0x000000070d200000|  0%| F|  |TAMS 0x000000070d000000, 0x000000070d000000| Untracked 
|  95|0x000000070d200000, 0x000000070d200000, 0x000000070d400000|  0%| F|  |TAMS 0x000000070d200000, 0x000000070d200000| Untracked 
|  96|0x000000070d400000, 0x000000070d400000, 0x000000070d600000|  0%| F|  |TAMS 0x000000070d400000, 0x000000070d400000| Untracked 
|  97|0x000000070d600000, 0x000000070d600000, 0x000000070d800000|  0%| F|  |TAMS 0x000000070d600000, 0x000000070d600000| Untracked 
|  98|0x000000070d800000, 0x000000070d800000, 0x000000070da00000|  0%| F|  |TAMS 0x000000070d800000, 0x000000070d800000| Untracked 
|  99|0x000000070da00000, 0x000000070da00000, 0x000000070dc00000|  0%| F|  |TAMS 0x000000070da00000, 0x000000070da00000| Untracked 
| 100|0x000000070dc00000, 0x000000070dc00000, 0x000000070de00000|  0%| F|  |TAMS 0x000000070dc00000, 0x000000070dc00000| Untracked 
| 101|0x000000070de00000, 0x000000070de00000, 0x000000070e000000|  0%| F|  |TAMS 0x000000070de00000, 0x000000070de00000| Untracked 
| 102|0x000000070e000000, 0x000000070e000000, 0x000000070e200000|  0%| F|  |TAMS 0x000000070e000000, 0x000000070e000000| Untracked 
| 103|0x000000070e200000, 0x000000070e200000, 0x000000070e400000|  0%| F|  |TAMS 0x000000070e200000, 0x000000070e200000| Untracked 
| 104|0x000000070e400000, 0x000000070e400000, 0x000000070e600000|  0%| F|  |TAMS 0x000000070e400000, 0x000000070e400000| Untracked 
| 105|0x000000070e600000, 0x000000070e600000, 0x000000070e800000|  0%| F|  |TAMS 0x000000070e600000, 0x000000070e600000| Untracked 
| 106|0x000000070e800000, 0x000000070e800000, 0x000000070ea00000|  0%| F|  |TAMS 0x000000070e800000, 0x000000070e800000| Untracked 
| 107|0x000000070ea00000, 0x000000070ea00000, 0x000000070ec00000|  0%| F|  |TAMS 0x000000070ea00000, 0x000000070ea00000| Untracked 
| 108|0x000000070ec00000, 0x000000070ec00000, 0x000000070ee00000|  0%| F|  |TAMS 0x000000070ec00000, 0x000000070ec00000| Untracked 
| 109|0x000000070ee00000, 0x000000070ee00000, 0x000000070f000000|  0%| F|  |TAMS 0x000000070ee00000, 0x000000070ee00000| Untracked 
| 110|0x000000070f000000, 0x000000070f000000, 0x000000070f200000|  0%| F|  |TAMS 0x000000070f000000, 0x000000070f000000| Untracked 
| 111|0x000000070f200000, 0x000000070f200000, 0x000000070f400000|  0%| F|  |TAMS 0x000000070f200000, 0x000000070f200000| Untracked 
| 112|0x000000070f400000, 0x000000070f400000, 0x000000070f600000|  0%| F|  |TAMS 0x000000070f400000, 0x000000070f400000| Untracked 
| 113|0x000000070f600000, 0x000000070f600000, 0x000000070f800000|  0%| F|  |TAMS 0x000000070f600000, 0x000000070f600000| Untracked 
| 114|0x000000070f800000, 0x000000070f800000, 0x000000070fa00000|  0%| F|  |TAMS 0x000000070f800000, 0x000000070f800000| Untracked 
| 115|0x000000070fa00000, 0x000000070fc00000, 0x000000070fc00000|100%| S|CS|TAMS 0x000000070fa00000, 0x000000070fa00000| Complete 
| 116|0x000000070fc00000, 0x000000070fe00000, 0x000000070fe00000|100%| S|CS|TAMS 0x000000070fc00000, 0x000000070fc00000| Complete 
| 117|0x000000070fe00000, 0x000000070fe00000, 0x0000000710000000|  0%| F|  |TAMS 0x000000070fe00000, 0x000000070fe00000| Untracked 
| 118|0x0000000710000000, 0x0000000710000000, 0x0000000710200000|  0%| F|  |TAMS 0x0000000710000000, 0x0000000710000000| Untracked 
| 119|0x0000000710200000, 0x0000000710200000, 0x0000000710400000|  0%| F|  |TAMS 0x0000000710200000, 0x0000000710200000| Untracked 
| 120|0x0000000710400000, 0x0000000710400000, 0x0000000710600000|  0%| F|  |TAMS 0x0000000710400000, 0x0000000710400000| Untracked 
| 121|0x0000000710600000, 0x0000000710600000, 0x0000000710800000|  0%| F|  |TAMS 0x0000000710600000, 0x0000000710600000| Untracked 
| 122|0x0000000710800000, 0x0000000710800000, 0x0000000710a00000|  0%| F|  |TAMS 0x0000000710800000, 0x0000000710800000| Untracked 
| 123|0x0000000710a00000, 0x0000000710a00000, 0x0000000710c00000|  0%| F|  |TAMS 0x0000000710a00000, 0x0000000710a00000| Untracked 
| 124|0x0000000710c00000, 0x0000000710c40010, 0x0000000710e00000| 12%| E|  |TAMS 0x0000000710c00000, 0x0000000710c00000| Complete 
| 125|0x0000000710e00000, 0x0000000711000000, 0x0000000711000000|100%| E|  |TAMS 0x0000000710e00000, 0x0000000710e00000| Complete 
| 126|0x0000000711000000, 0x0000000711200000, 0x0000000711200000|100%| E|CS|TAMS 0x0000000711000000, 0x0000000711000000| Complete 
| 127|0x0000000711200000, 0x0000000711400000, 0x0000000711400000|100%| E|CS|TAMS 0x0000000711200000, 0x0000000711200000| Complete 

Card table byte_map: [0x000001e0c4c90000,0x000001e0c5490000] _byte_map_base: 0x000001e0c1486000

Marking Bits (Prev, Next): (CMBitMap*) 0x000001e0ad926210, (CMBitMap*) 0x000001e0ad926250
 Prev Bits: [0x000001e0c5c90000, 0x000001e0c9c40000)
 Next Bits: [0x000001e0c9c40000, 0x000001e0cdbf0000)

Polling page: 0x000001e0ad080000

Metaspace:

Usage:
  Non-class:      7.22 MB used.
      Class:    533.43 KB used.
       Both:      7.74 MB used.

Virtual space:
  Non-class space:       64.00 MB reserved,       7.31 MB ( 11%) committed,  1 nodes.
      Class space:        1.00 GB reserved,     640.00 KB ( <1%) committed,  1 nodes.
             Both:        1.06 GB reserved,       7.94 MB ( <1%) committed. 

Chunk freelists:
   Non-Class:  7.77 MB
       Class:  15.41 MB
        Both:  23.17 MB

MaxMetaspaceSize: unlimited
CompressedClassSpaceSize: 1.00 GB
Initial GC threshold: 21.00 MB
Current GC threshold: 21.00 MB
CDS: on
MetaspaceReclaimPolicy: balanced
 - commit_granule_bytes: 65536.
 - commit_granule_words: 8192.
 - virtual_space_node_default_size: 8388608.
 - enlarge_chunks_in_place: 1.
 - new_chunks_are_fully_committed: 0.
 - uncommit_free_chunks: 1.
 - use_allocation_guard: 0.
 - handle_deallocations: 1.


Internal statistics:

num_allocs_failed_limit: 0.
num_arena_births: 136.
num_arena_deaths: 0.
num_vsnodes_births: 2.
num_vsnodes_deaths: 0.
num_space_committed: 127.
num_space_uncommitted: 0.
num_chunks_returned_to_freelist: 0.
num_chunks_taken_from_freelist: 330.
num_chunk_merges: 0.
num_chunk_splits: 234.
num_chunks_enlarged: 166.
num_inconsistent_stats: 0.

CodeHeap 'non-profiled nmethods': size=120000Kb used=310Kb max_used=310Kb free=119689Kb
 bounds [0x000001e0bcc30000, 0x000001e0bcea0000, 0x000001e0c4160000]
CodeHeap 'profiled nmethods': size=120000Kb used=1536Kb max_used=1536Kb free=118463Kb
 bounds [0x000001e0b5160000, 0x000001e0b53d0000, 0x000001e0bc690000]
CodeHeap 'non-nmethods': size=5760Kb used=1732Kb max_used=1759Kb free=4027Kb
 bounds [0x000001e0bc690000, 0x000001e0bc900000, 0x000001e0bcc30000]
 total_blobs=2145 nmethods=943 adapters=1115
 compilation: enabled
              stopped_count=0, restarted_count=0
 full_count=0

Compilation events (20 events):
Event: 2.457 Thread 0x000001e0d0771180 nmethod 931 0x000001e0b52d9a10 code [0x000001e0b52d9ba0, 0x000001e0b52d9d68]
Event: 2.457 Thread 0x000001e0d0771180  934       3       processing.opengl.PGraphicsOpenGL$TessGeometry::copyManyAttribs (321 bytes)
Event: 2.458 Thread 0x000001e0d0771180 nmethod 934 0x000001e0b52d9e10 code [0x000001e0b52da180, 0x000001e0b52db878]
Event: 2.458 Thread 0x000001e0d0771180  935       3       java.nio.Buffer::<init> (105 bytes)
Event: 2.459 Thread 0x000001e0d0771180 nmethod 935 0x000001e0b52dc090 code [0x000001e0b52dc340, 0x000001e0b52dceb8]
Event: 2.461 Thread 0x000001e0d0771180  936       3       java.nio.ByteBuffer::flip (7 bytes)
Event: 2.461 Thread 0x000001e0d0771180 nmethod 936 0x000001e0b52dd310 code [0x000001e0b52dd4a0, 0x000001e0b52dd618]
Event: 2.461 Thread 0x000001e0d0771180  937       3       java.nio.Buffer::flip (20 bytes)
Event: 2.461 Thread 0x000001e0d0771180 nmethod 937 0x000001e0b52dd710 code [0x000001e0b52dd8a0, 0x000001e0b52dd9b8]
Event: 2.463 Thread 0x000001e119ca5a00  938   !   4       java.util.zip.ZipFile::getEntry (59 bytes)
Event: 2.464 Thread 0x000001e0d0771180  939       3       sun.net.util.URLUtil::urlNoFragString (114 bytes)
Event: 2.465 Thread 0x000001e0d0771180 nmethod 939 0x000001e0b52dda90 code [0x000001e0b52dddc0, 0x000001e0b52dee48]
Event: 2.467 Thread 0x000001e0d0771180  940       3       org.lwjgl.system.Struct::__member (6 bytes)
Event: 2.468 Thread 0x000001e0d0771180 nmethod 940 0x000001e0b52df410 code [0x000001e0b52df5c0, 0x000001e0b52df748]
Event: 2.470 Thread 0x000001e0d0771180  941       3       java.util.Collections$SetFromMap::add (22 bytes)
Event: 2.470 Thread 0x000001e0d0771180 nmethod 941 0x000001e0b52df810 code [0x000001e0b52df9c0, 0x000001e0b52dfc08]
Event: 2.473 Thread 0x000001e0d0771180  942       1       org.lwjgl.vulkan.DispatchableHandleDevice::getCapabilities (5 bytes)
Event: 2.473 Thread 0x000001e0d0771180 nmethod 942 0x000001e0bcc7bd10 code [0x000001e0bcc7bea0, 0x000001e0bcc7bf78]
Event: 2.478 Thread 0x000001e0d0771180  943       3       org.lwjgl.system.MemoryStack::push (38 bytes)
Event: 2.479 Thread 0x000001e0d0771180 nmethod 943 0x000001e0b52dfd10 code [0x000001e0b52dfec0, 0x000001e0b52e00a8]

GC Heap History (2 events):
Event: 2.434 GC heap before
{Heap before GC invocations=0 (full 0):
 garbage-first heap   total 262144K, used 22528K [0x0000000701400000, 0x0000000800000000)
  region size 2048K, 11 young (22528K), 0 survivors (0K)
 Metaspace       used 7764K, committed 8000K, reserved 1114112K
  class space    used 527K, committed 640K, reserved 1048576K
}
Event: 2.440 GC heap after
{Heap after GC invocations=1 (full 0):
 garbage-first heap   total 262144K, used 4188K [0x0000000701400000, 0x0000000800000000)
  region size 2048K, 2 young (4096K), 2 survivors (4096K)
 Metaspace       used 7764K, committed 8000K, reserved 1114112K
  class space    used 527K, committed 640K, reserved 1048576K
}

Deoptimization events (20 events):
Event: 0.206 Thread 0x000001e0ad8b66e0 Uncommon trap: trap_request=0xffffff45 fr.pc=0x000001e0bcc44b34 relative=0x0000000000000294
Event: 0.206 Thread 0x000001e0ad8b66e0 Uncommon trap: reason=unstable_if action=reinterpret pc=0x000001e0bcc44b34 method=java.util.zip.ZipCoder$UTF8ZipCoder.checkedHash([BII)I @ 75 c2
Event: 0.206 Thread 0x000001e0ad8b66e0 DEOPT PACKING pc=0x000001e0bcc44b34 sp=0x00000042f87fc840
Event: 0.206 Thread 0x000001e0ad8b66e0 DEOPT UNPACKING pc=0x000001e0bc6e23a3 sp=0x00000042f87fc7b0 mode 2
Event: 0.235 Thread 0x000001e0ad8b66e0 DEOPT PACKING pc=0x000001e0b5177be7 sp=0x00000042f87fc6d0
Event: 0.235 Thread 0x000001e0ad8b66e0 DEOPT UNPACKING pc=0x000001e0bc6e2b43 sp=0x00000042f87fbaf0 mode 0
Event: 0.628 Thread 0x000001e0d07772a0 Uncommon trap: trap_request=0xffffff6e fr.pc=0x000001e0bcc64774 relative=0x0000000000000454
Event: 0.628 Thread 0x000001e0d07772a0 Uncommon trap: reason=loop_limit_check action=maybe_recompile pc=0x000001e0bcc64774 method=java.lang.StringLatin1.indexOf([BI[BII)I @ 37 c2
Event: 0.628 Thread 0x000001e0d07772a0 DEOPT PACKING pc=0x000001e0bcc64774 sp=0x00000042fa0f9f00
Event: 0.628 Thread 0x000001e0d07772a0 DEOPT UNPACKING pc=0x000001e0bc6e23a3 sp=0x00000042fa0f9e60 mode 2
Event: 2.155 Thread 0x000001e0d07772a0 Uncommon trap: trap_request=0xffffff5c fr.pc=0x000001e0bcc6b8d8 relative=0x0000000000000058
Event: 2.155 Thread 0x000001e0d07772a0 Uncommon trap: reason=speculate_null_check action=make_not_entrant pc=0x000001e0bcc6b8d8 method=sun.misc.Unsafe.getLong(Ljava/lang/Object;J)J @ 5 c2
Event: 2.155 Thread 0x000001e0d07772a0 DEOPT PACKING pc=0x000001e0bcc6b8d8 sp=0x00000042fa0fec60
Event: 2.155 Thread 0x000001e0d07772a0 DEOPT UNPACKING pc=0x000001e0bc6e23a3 sp=0x00000042fa0febd8 mode 2
Event: 2.156 Thread 0x000001e0d07772a0 DEOPT PACKING pc=0x000001e0b51c8dd4 sp=0x00000042fa0fe5f0
Event: 2.156 Thread 0x000001e0d07772a0 DEOPT UNPACKING pc=0x000001e0bc6e2b43 sp=0x00000042fa0fdaa0 mode 0
Event: 2.186 Thread 0x000001e0d07772a0 Uncommon trap: trap_request=0xffffff5c fr.pc=0x000001e0bcc6b5d8 relative=0x0000000000000058
Event: 2.186 Thread 0x000001e0d07772a0 Uncommon trap: reason=speculate_null_check action=make_not_entrant pc=0x000001e0bcc6b5d8 method=sun.misc.Unsafe.putInt(Ljava/lang/Object;JI)V @ 7 c2
Event: 2.186 Thread 0x000001e0d07772a0 DEOPT PACKING pc=0x000001e0bcc6b5d8 sp=0x00000042fa0fec40
Event: 2.186 Thread 0x000001e0d07772a0 DEOPT UNPACKING pc=0x000001e0bc6e23a3 sp=0x00000042fa0febc0 mode 2

Classes unloaded (0 events):
No events

Classes redefined (0 events):
No events

Internal exceptions (20 events):
Event: 2.373 Thread 0x000001e11c30c9b0 Exception <a 'java/lang/InterruptedException'{0x0000000710271c98}: sleep interrupted> (0x0000000710271c98) 
thrown [s\open\src\hotspot\share\prims\jvm.cpp, line 3064]
Event: 2.373 Thread 0x000001e11c310160 Exception <a 'java/lang/InterruptedException'{0x00000007102e26e8}: sleep interrupted> (0x00000007102e26e8) 
thrown [s\open\src\hotspot\share\prims\jvm.cpp, line 3064]
Event: 2.373 Thread 0x000001e11c3115a0 Exception <a 'java/lang/InterruptedException'{0x00000007103c3b88}: sleep interrupted> (0x00000007103c3b88) 
thrown [s\open\src\hotspot\share\prims\jvm.cpp, line 3064]
Event: 2.373 Thread 0x000001e11c30c4a0 Exception <a 'java/lang/InterruptedException'{0x0000000710000040}: sleep interrupted> (0x0000000710000040) 
thrown [s\open\src\hotspot\share\prims\jvm.cpp, line 3064]
Event: 2.373 Thread 0x000001e0d0775950 Exception <a 'java/lang/InterruptedException'{0x00000007105e3848}: sleep interrupted> (0x00000007105e3848) 
thrown [s\open\src\hotspot\share\prims\jvm.cpp, line 3064]
Event: 2.373 Thread 0x000001e11c30ed20 Exception <a 'java/lang/InterruptedException'{0x0000000710000840}: sleep interrupted> (0x0000000710000840) 
thrown [s\open\src\hotspot\share\prims\jvm.cpp, line 3064]
Event: 2.379 Thread 0x000001e0d0775950 Exception <a 'java/lang/InterruptedException'{0x00000007105e3b58}: sleep interrupted> (0x00000007105e3b58) 
thrown [s\open\src\hotspot\share\prims\jvm.cpp, line 3064]
Event: 2.379 Thread 0x000001e11c3115a0 Exception <a 'java/lang/InterruptedException'{0x00000007103c3e98}: sleep interrupted> (0x00000007103c3e98) 
thrown [s\open\src\hotspot\share\prims\jvm.cpp, line 3064]
Event: 2.379 Thread 0x000001e11c30b060 Exception <a 'java/lang/InterruptedException'{0x00000007103534b0}: sleep interrupted> (0x00000007103534b0) 
thrown [s\open\src\hotspot\share\prims\jvm.cpp, line 3064]
Event: 2.379 Thread 0x000001e11c30c9b0 Exception <a 'java/lang/InterruptedException'{0x0000000710272010}: sleep interrupted> (0x0000000710272010) 
thrown [s\open\src\hotspot\share\prims\jvm.cpp, line 3064]
Event: 2.379 Thread 0x000001e11c30c4a0 Exception <a 'java/lang/InterruptedException'{0x0000000710000350}: sleep interrupted> (0x0000000710000350) 
thrown [s\open\src\hotspot\share\prims\jvm.cpp, line 3064]
Event: 2.379 Thread 0x000001e11c310160 Exception <a 'java/lang/InterruptedException'{0x00000007102e29f8}: sleep interrupted> (0x00000007102e29f8) 
thrown [s\open\src\hotspot\share\prims\jvm.cpp, line 3064]
Event: 2.379 Thread 0x000001e11c30ed20 Exception <a 'java/lang/InterruptedException'{0x0000000710000b50}: sleep interrupted> (0x0000000710000b50) 
thrown [s\open\src\hotspot\share\prims\jvm.cpp, line 3064]
Event: 2.393 Thread 0x000001e0d0775950 Exception <a 'java/lang/InterruptedException'{0x00000007105e48d0}: sleep interrupted> (0x00000007105e48d0) 
thrown [s\open\src\hotspot\share\prims\jvm.cpp, line 3064]
Event: 2.393 Thread 0x000001e11c30c9b0 Exception <a 'java/lang/InterruptedException'{0x0000000710272e50}: sleep interrupted> (0x0000000710272e50) 
thrown [s\open\src\hotspot\share\prims\jvm.cpp, line 3064]
Event: 2.393 Thread 0x000001e11c310160 Exception <a 'java/lang/InterruptedException'{0x00000007102e3838}: sleep interrupted> (0x00000007102e3838) 
thrown [s\open\src\hotspot\share\prims\jvm.cpp, line 3064]
Event: 2.393 Thread 0x000001e11c30b060 Exception <a 'java/lang/InterruptedException'{0x00000007103542f0}: sleep interrupted> (0x00000007103542f0) 
thrown [s\open\src\hotspot\share\prims\jvm.cpp, line 3064]
Event: 2.393 Thread 0x000001e11c3115a0 Exception <a 'java/lang/InterruptedException'{0x00000007103c4cd8}: sleep interrupted> (0x00000007103c4cd8) 
thrown [s\open\src\hotspot\share\prims\jvm.cpp, line 3064]
Event: 2.393 Thread 0x000001e11c30ed20 Exception <a 'java/lang/InterruptedException'{0x0000000710001990}: sleep interrupted> (0x0000000710001990) 
thrown [s\open\src\hotspot\share\prims\jvm.cpp, line 3064]
Event: 2.393 Thread 0x000001e11c30c4a0 Exception <a 'java/lang/InterruptedException'{0x0000000710071ed0}: sleep interrupted> (0x0000000710071ed0) 
thrown [s\open\src\hotspot\share\prims\jvm.cpp, line 3064]

VM Operations (10 events):
Event: 0.112 Executing VM operation: HandshakeAllThreads
Event: 0.112 Executing VM operation: HandshakeAllThreads done
Event: 0.209 Executing VM operation: HandshakeAllThreads
Event: 0.209 Executing VM operation: HandshakeAllThreads done
Event: 0.378 Executing VM operation: HandshakeAllThreads
Event: 0.378 Executing VM operation: HandshakeAllThreads done
Event: 1.392 Executing VM operation: Cleanup
Event: 1.392 Executing VM operation: Cleanup done
Event: 2.434 Executing VM operation: G1CollectForAllocation
Event: 2.440 Executing VM operation: G1CollectForAllocation done

Events (20 events):
Event: 2.182 loading class java/util/stream/ReferencePipeline$4$1 done
Event: 2.182 loading class java/util/stream/IntPipeline$1$1
Event: 2.183 loading class java/util/stream/IntPipeline$1$1 done
Event: 2.312 loading class java/util/concurrent/atomic/AtomicIntegerArray
Event: 2.312 loading class java/util/concurrent/atomic/AtomicIntegerArray done
Event: 2.312 loading class java/lang/invoke/VarHandleInts$Array
Event: 2.312 loading class java/lang/invoke/VarHandleInts$Array done
Event: 2.312 loading class java/util/concurrent/atomic/AtomicLongArray
Event: 2.312 loading class java/util/concurrent/atomic/AtomicLongArray done
Event: 2.318 Thread 0x000001e0d0775950 Thread added: 0x000001e0d0775950
Event: 2.319 Thread 0x000001e11c30c9b0 Thread added: 0x000001e11c30c9b0
Event: 2.319 Thread 0x000001e11c310160 Thread added: 0x000001e11c310160
Event: 2.319 Thread 0x000001e11c30b060 Thread added: 0x000001e11c30b060
Event: 2.320 Thread 0x000001e11c3115a0 Thread added: 0x000001e11c3115a0
Event: 2.320 Thread 0x000001e11c30ed20 Thread added: 0x000001e11c30ed20
Event: 2.321 Thread 0x000001e11c30c4a0 Thread added: 0x000001e11c30c4a0
Event: 2.408 Thread 0x000001e119ca54b0 Thread added: 0x000001e119ca54b0
Event: 2.414 Thread 0x000001e119ca5a00 Thread added: 0x000001e119ca5a00
Event: 2.477 loading class java/nio/ByteBufferAsFloatBufferL
Event: 2.477 loading class java/nio/ByteBufferAsFloatBufferL done


Dynamic libraries:
0x00007ff793d40000 - 0x00007ff793d50000 	C:\Program Files\Java\jdk-17\bin\javaw.exe
0x00007ffbea810000 - 0x00007ffbeaa27000 	C:\WINDOWS\SYSTEM32\ntdll.dll
0x00007ffbe92a0000 - 0x00007ffbe9364000 	C:\WINDOWS\System32\KERNEL32.DLL
0x00007ffbe8180000 - 0x00007ffbe8537000 	C:\WINDOWS\System32\KERNELBASE.dll
0x00007ffbe7e50000 - 0x00007ffbe7f61000 	C:\WINDOWS\System32\ucrtbase.dll
0x00007ffbcbeb0000 - 0x00007ffbcbecb000 	C:\Program Files\Java\jdk-17\bin\VCRUNTIME140.dll
0x00007ffbcbf80000 - 0x00007ffbcbf99000 	C:\Program Files\Java\jdk-17\bin\jli.dll
0x00007ffbe9470000 - 0x00007ffbe9522000 	C:\WINDOWS\System32\ADVAPI32.dll
0x00007ffbea720000 - 0x00007ffbea7c7000 	C:\WINDOWS\System32\msvcrt.dll
0x00007ffbea240000 - 0x00007ffbea2e8000 	C:\WINDOWS\System32\sechost.dll
0x00007ffbe7f70000 - 0x00007ffbe7f98000 	C:\WINDOWS\System32\bcrypt.dll
0x00007ffbe8540000 - 0x00007ffbe8654000 	C:\WINDOWS\System32\RPCRT4.dll
0x00007ffbe9570000 - 0x00007ffbe971f000 	C:\WINDOWS\System32\USER32.dll
0x00007ffbe7e20000 - 0x00007ffbe7e46000 	C:\WINDOWS\System32\win32u.dll
0x00007ffbcc9f0000 - 0x00007ffbccc83000 	C:\WINDOWS\WinSxS\amd64_microsoft.windows.common-controls_6595b64144ccf1df_6.0.22621.3672_none_2713b9d173822955\COMCTL32.dll
0x00007ffbe9540000 - 0x00007ffbe9569000 	C:\WINDOWS\System32\GDI32.dll
0x00007ffbe8060000 - 0x00007ffbe8178000 	C:\WINDOWS\System32\gdi32full.dll
0x00007ffbe7d00000 - 0x00007ffbe7d9a000 	C:\WINDOWS\System32\msvcp_win.dll
0x00007ffbd7360000 - 0x00007ffbd736a000 	C:\WINDOWS\SYSTEM32\VERSION.dll
0x00007ffbe9990000 - 0x00007ffbe99c1000 	C:\WINDOWS\System32\IMM32.DLL
0x00007ffbd3500000 - 0x00007ffbd350c000 	C:\Program Files\Java\jdk-17\bin\vcruntime140_1.dll
0x00007ffbcbbc0000 - 0x00007ffbcbc4e000 	C:\Program Files\Java\jdk-17\bin\msvcp140.dll
0x00007ffb53e20000 - 0x00007ffb549ff000 	C:\Program Files\Java\jdk-17\bin\server\jvm.dll
0x00007ffbea350000 - 0x00007ffbea358000 	C:\WINDOWS\System32\PSAPI.DLL
0x00007ffbcb2d0000 - 0x00007ffbcb2d9000 	C:\WINDOWS\SYSTEM32\WSOCK32.dll
0x00007ffbe2580000 - 0x00007ffbe25b4000 	C:\WINDOWS\SYSTEM32\WINMM.dll
0x00007ffbe87a0000 - 0x00007ffbe8811000 	C:\WINDOWS\System32\WS2_32.dll
0x00007ffbe6b30000 - 0x00007ffbe6b48000 	C:\WINDOWS\SYSTEM32\kernel.appcore.dll
0x00007ffbcbf70000 - 0x00007ffbcbf7a000 	C:\Program Files\Java\jdk-17\bin\jimage.dll
0x00007ffbe5360000 - 0x00007ffbe5592000 	C:\WINDOWS\SYSTEM32\DBGHELP.DLL
0x00007ffbe88b0000 - 0x00007ffbe8c3e000 	C:\WINDOWS\System32\combase.dll
0x00007ffbea380000 - 0x00007ffbea457000 	C:\WINDOWS\System32\OLEAUT32.dll
0x00007ffbd5480000 - 0x00007ffbd54b2000 	C:\WINDOWS\SYSTEM32\dbgcore.DLL
0x00007ffbe7da0000 - 0x00007ffbe7e1b000 	C:\WINDOWS\System32\bcryptPrimitives.dll
0x00007ffbcbb90000 - 0x00007ffbcbbb5000 	C:\Program Files\Java\jdk-17\bin\java.dll
0x00007ffbcb3d0000 - 0x00007ffbcb4a7000 	C:\Program Files\Java\jdk-17\bin\jsvml.dll
0x00007ffbe99d0000 - 0x00007ffbea239000 	C:\WINDOWS\System32\SHELL32.dll
0x00007ffbe5a40000 - 0x00007ffbe633f000 	C:\WINDOWS\SYSTEM32\windows.storage.dll
0x00007ffbe5900000 - 0x00007ffbe5a3f000 	C:\WINDOWS\SYSTEM32\wintypes.dll
0x00007ffbea460000 - 0x00007ffbea559000 	C:\WINDOWS\System32\SHCORE.dll
0x00007ffbe9770000 - 0x00007ffbe97ce000 	C:\WINDOWS\System32\shlwapi.dll
0x00007ffbe7a50000 - 0x00007ffbe7a77000 	C:\WINDOWS\SYSTEM32\profapi.dll
0x00007ffba95a0000 - 0x00007ffba9731000 	C:\Program Files\Java\jdk-17\bin\awt.dll
0x00007ffbe2860000 - 0x00007ffbe28f7000 	C:\WINDOWS\SYSTEM32\apphelp.dll
0x00007ffbcbb70000 - 0x00007ffbcbb89000 	C:\Program Files\Java\jdk-17\bin\net.dll
0x00007ffbe2440000 - 0x00007ffbe2576000 	C:\WINDOWS\SYSTEM32\WINHTTP.dll
0x00007ffbe7000000 - 0x00007ffbe7069000 	C:\WINDOWS\system32\mswsock.dll
0x00007ffbcbb50000 - 0x00007ffbcbb66000 	C:\Program Files\Java\jdk-17\bin\nio.dll
0x00007ffbcbb30000 - 0x00007ffbcbb48000 	C:\Program Files\Java\jdk-17\bin\zip.dll
0x00007ffbe4b90000 - 0x00007ffbe4c41000 	C:\WINDOWS\system32\uxtheme.dll
0x00007ffbe8c40000 - 0x00007ffbe8da0000 	C:\WINDOWS\System32\MSCTF.dll
0x00007ffbea570000 - 0x00007ffbea715000 	C:\WINDOWS\System32\ole32.dll
0x00007ffbe4df0000 - 0x00007ffbe4e1b000 	C:\WINDOWS\system32\DWMAPI.DLL
0x00007ffb54be0000 - 0x00007ffb54ce0000 	C:\WINDOWS\system32\opengl32.dll
0x00007ffb54bb0000 - 0x00007ffb54bdd000 	C:\WINDOWS\SYSTEM32\GLU32.dll
0x00007ffbe4ca0000 - 0x00007ffbe4cd7000 	C:\WINDOWS\SYSTEM32\dxcore.dll
0x00007ffbcb350000 - 0x00007ffbcb3cb000 	C:\Users\teojo\AppData\Local\Temp\lwjgl_teojo\3.3.4+7\x64\lwjgl.dll
0x00007ffbbb5b0000 - 0x00007ffbbb635000 	C:\Users\teojo\AppData\Local\Temp\lwjgl_teojo\3.3.4+7\x64\glfw.dll
0x00007ffbb77b0000 - 0x00007ffbb77f6000 	C:\WINDOWS\SYSTEM32\dinput8.dll
0x00007ffbcb560000 - 0x00007ffbcb571000 	C:\WINDOWS\SYSTEM32\xinput1_4.dll
0x00007ffbe7830000 - 0x00007ffbe787e000 	C:\WINDOWS\SYSTEM32\cfgmgr32.dll
0x00007ffbe77e0000 - 0x00007ffbe780c000 	C:\WINDOWS\SYSTEM32\DEVOBJ.dll
0x00007ffbdd150000 - 0x00007ffbdd363000 	C:\WINDOWS\SYSTEM32\inputhost.dll
0x00007ffbe1fd0000 - 0x00007ffbe2103000 	C:\WINDOWS\SYSTEM32\CoreMessaging.dll
0x00007ffbe7330000 - 0x00007ffbe733c000 	C:\WINDOWS\SYSTEM32\CRYPTBASE.DLL
0x00007ffbddf20000 - 0x00007ffbde063000 	C:\WINDOWS\SYSTEM32\textinputframework.dll
0x00007ffbdf2c0000 - 0x00007ffbdf62d000 	C:\WINDOWS\SYSTEM32\CoreUIComponents.dll
0x00007ffbcc8c0000 - 0x00007ffbcc929000 	C:\WINDOWS\system32\Oleacc.dll
0x00007ffbb6f60000 - 0x00007ffbb70bf000 	C:\WINDOWS\SYSTEM32\vulkan-1.dll
0x00007ffbe4ce0000 - 0x00007ffbe4dd7000 	C:\WINDOWS\system32\dxgi.dll
0x00007ffbe0040000 - 0x00007ffbe005a000 	C:\WINDOWS\SYSTEM32\windows.staterepositorycore.dll
0x00007ffbdf8d0000 - 0x00007ffbdf919000 	C:\WINDOWS\SYSTEM32\directxdatabasehelper.dll
0x00007ffb50eb0000 - 0x00007ffb522fb000 	C:\WINDOWS\System32\DriverStore\FileRepository\64zh1339.inf_amd64_049a1eb556a79dfd\igvk64.dll
0x00007ffbdb340000 - 0x00007ffbdb707000 	C:\WINDOWS\System32\DriverStore\FileRepository\64zh1339.inf_amd64_049a1eb556a79dfd\igdgmm64.dll
0x00007ffbd7d80000 - 0x00007ffbdb332000 	C:\WINDOWS\System32\DriverStore\FileRepository\64zh1339.inf_amd64_049a1eb556a79dfd\igc64.dll
0x00007ffb53a00000 - 0x00007ffb53e1d000 	C:\WINDOWS\System32\DriverStore\FileRepository\64zh1339.inf_amd64_049a1eb556a79dfd\igdmd64.dll
0x00007ffb4e2c0000 - 0x00007ffb50eab000 	C:\WINDOWS\System32\DriverStore\FileRepository\nvmsoi.inf_amd64_f617ba55ceca6e18\nvoglv64.dll
0x00007ffbe8e20000 - 0x00007ffbe9294000 	C:\WINDOWS\System32\SETUPAPI.dll
0x00007ffbe68f0000 - 0x00007ffbe6904000 	C:\WINDOWS\SYSTEM32\WTSAPI32.dll
0x00007ffbe7420000 - 0x00007ffbe7432000 	C:\WINDOWS\SYSTEM32\msasn1.dll
0x00007ffbd7320000 - 0x00007ffbd7352000 	C:\WINDOWS\SYSTEM32\cryptnet.dll
0x00007ffbe7b90000 - 0x00007ffbe7cf6000 	C:\WINDOWS\System32\CRYPT32.dll
0x00007ffbd7140000 - 0x00007ffbd72a2000 	C:\WINDOWS\SYSTEM32\drvstore.dll
0x00007ffbe7280000 - 0x00007ffbe72c9000 	C:\WINDOWS\SYSTEM32\wldp.dll
0x00007ffbe7b20000 - 0x00007ffbe7b8c000 	C:\WINDOWS\System32\wintrust.dll
0x00007ffbe8da0000 - 0x00007ffbe8dbf000 	C:\WINDOWS\System32\imagehlp.dll
0x00007ffbe7350000 - 0x00007ffbe736b000 	C:\WINDOWS\SYSTEM32\CRYPTSP.dll
0x00007ffbe6a90000 - 0x00007ffbe6ac5000 	C:\WINDOWS\system32\rsaenh.dll
0x00007ffbe7070000 - 0x00007ffbe7096000 	C:\WINDOWS\SYSTEM32\gpapi.dll
0x00007ffb42770000 - 0x00007ffb4495d000 	C:\WINDOWS\System32\DriverStore\FileRepository\nvmsoi.inf_amd64_f617ba55ceca6e18\nvgpucomp64.dll
0x00007ffbe6c40000 - 0x00007ffbe6c74000 	C:\WINDOWS\SYSTEM32\ntmarta.dll
0x00007ffbe86f0000 - 0x00007ffbe87a0000 	C:\WINDOWS\System32\clbcatq.dll
0x00007ffbcd880000 - 0x00007ffbcd8b9000 	C:\WINDOWS\SYSTEM32\rometadata.dll
0x00007ffb40db0000 - 0x00007ffb42762000 	C:\VulkanSDK\1.3.275.0\Bin\VkLayer_khronos_validation.dll
0x00007ffbad9e0000 - 0x00007ffbada2e000 	C:\ProgramData\obs-studio-hook\graphics-hook64.dll
0x00007ffb80800000 - 0x00007ffb80834000 	C:\WINDOWS\SYSTEM32\ControlLib.dll
0x00007ffb56500000 - 0x00007ffb56689000 	C:\WINDOWS\System32\DriverStore\FileRepository\64zh1339.inf_amd64_049a1eb556a79dfd\igdml64.dll
0x00007ffbe0130000 - 0x00007ffbe0274000 	C:\Windows\System32\AppXDeploymentClient.dll
0x00007ffb4d2a0000 - 0x00007ffb4e2b2000 	C:\WINDOWS\System32\DriverStore\FileRepository\64zh1339.inf_amd64_049a1eb556a79dfd\ig9icd64.dll
0x00007ffbe73c0000 - 0x00007ffbe740d000 	C:\WINDOWS\SYSTEM32\powrprof.dll
0x00007ffbe73a0000 - 0x00007ffbe73b3000 	C:\WINDOWS\SYSTEM32\UMPDC.dll
0x00007ffbb8e40000 - 0x00007ffbb8e8b000 	C:\WINDOWS\system32\ApplicationTargetedFeatureDatabase.dll
0x00007ffbddb30000 - 0x00007ffbdddd2000 	C:\Windows\System32\twinapi.appcore.dll

dbghelp: loaded successfully - version: 4.0.5 - missing functions: none
symbol engine: initialized successfully - sym options: 0x614 - pdb path: .;C:\Program Files\Java\jdk-17\bin;C:\WINDOWS\SYSTEM32;C:\WINDOWS\WinSxS\amd64_microsoft.windows.common-controls_6595b64144ccf1df_6.0.22621.3672_none_2713b9d173822955;C:\Program Files\Java\jdk-17\bin\server;C:\Users\teojo\AppData\Local\Temp\lwjgl_teojo\3.3.4+7\x64;C:\WINDOWS\System32\DriverStore\FileRepository\64zh1339.inf_amd64_049a1eb556a79dfd;C:\WINDOWS\System32\DriverStore\FileRepository\nvmsoi.inf_amd64_f617ba55ceca6e18;C:\VulkanSDK\1.3.275.0\Bin;C:\ProgramData\obs-studio-hook

VM Arguments:
jvm_args: -Dfile.encoding=UTF-8 -Dstdout.encoding=UTF-8 -Dstderr.encoding=UTF-8 -XX:+ShowCodeDetailsInExceptionMessages 
java_command: Sketch1
java_class_path (initial): C:\mydata\projects\processing4\core\bin;C:\mydata\projects\processing4\core\library\jogl-all.jar;C:\mydata\projects\processing4\core\library\gluegen-rt.jar;C:\mydata\projects\processing4\core\library\lwjgl-vulkan\joml-1.10.7.jar;C:\mydata\projects\processing4\core\library\lwjgl-vulkan\lwjgl.jar;C:\mydata\projects\processing4\core\library\lwjgl-vulkan\lwjgl-assimp.jar;C:\mydata\projects\processing4\core\library\lwjgl-vulkan\lwjgl-assimp-natives-linux.jar;C:\mydata\projects\processing4\core\library\lwjgl-vulkan\lwjgl-assimp-natives-windows.jar;C:\mydata\projects\processing4\core\library\lwjgl-vulkan\lwjgl-assimp-sources.jar;C:\mydata\projects\processing4\core\library\lwjgl-vulkan\lwjgl-glfw.jar;C:\mydata\projects\processing4\core\library\lwjgl-vulkan\lwjgl-glfw-natives-linux.jar;C:\mydata\projects\processing4\core\library\lwjgl-vulkan\lwjgl-glfw-natives-windows.jar;C:\mydata\projects\processing4\core\library\lwjgl-vulkan\lwjgl-glfw-sources.jar;C:\mydata\projects\processing4\core\library\lwjgl-vulkan\lwjgl-natives-linux.jar;C:\mydata\projects\processing4\core\library\lwjgl-vulkan\lwjgl-natives-windows.jar;C:\mydata\projects\processing4\core\library\lwjgl-vulkan\lwjgl-openal.jar;C:\mydata\projects\processing4\core\library\lwjgl-vulkan\lwjgl-openal-natives-linux.jar;C:\mydata\projects\processing4\core\library\lwjgl-vulkan\lwjgl-openal-natives-windows.jar;C:\mydata\projects\processing4\core\library\lwjgl-vulkan\lwjgl-openal-sources.jar;C:\mydata\projects\processing4\core\library\lwjgl-vulkan\lwjgl-shaderc.jar;C:\mydata\projects\processing4\core\library\lwjgl-vulkan\lwjgl-shaderc-natives-linux.jar;C:\mydata\projects\processing4\core\library\lwjgl-vulkan\lwjgl-shaderc-natives-windows.jar;C:\mydata\projects\processing4\core\library\lwjgl-vulkan\lwjgl-shaderc-sources.jar;C:\mydata\projects\processing4\core\library\lwjgl-vulkan\lwjgl-sources.jar;C:\mydata\projects\processing4\core\library\lwjgl-vulkan\lwjgl-stb.jar;C:\mydata\projects\processing4\co
Launcher Type: SUN_STANDARD

[Global flags]
     intx CICompilerCount                          = 4                                         {product} {ergonomic}
     uint ConcGCThreads                            = 2                                         {product} {ergonomic}
     uint G1ConcRefinementThreads                  = 8                                         {product} {ergonomic}
   size_t G1HeapRegionSize                         = 2097152                                   {product} {ergonomic}
    uintx GCDrainStackTargetSize                   = 64                                        {product} {ergonomic}
   size_t InitialHeapSize                          = 268435456                                 {product} {ergonomic}
   size_t MarkStackSize                            = 4194304                                   {product} {ergonomic}
   size_t MaxHeapSize                              = 4273995776                                {product} {ergonomic}
   size_t MaxNewSize                               = 2562719744                                {product} {ergonomic}
   size_t MinHeapDeltaBytes                        = 2097152                                   {product} {ergonomic}
   size_t MinHeapSize                              = 8388608                                   {product} {ergonomic}
    uintx NonNMethodCodeHeapSize                   = 5839372                                {pd product} {ergonomic}
    uintx NonProfiledCodeHeapSize                  = 122909434                              {pd product} {ergonomic}
    uintx ProfiledCodeHeapSize                     = 122909434                              {pd product} {ergonomic}
    uintx ReservedCodeCacheSize                    = 251658240                              {pd product} {ergonomic}
     bool SegmentedCodeCache                       = true                                      {product} {ergonomic}
     bool ShowCodeDetailsInExceptionMessages       = true                                   {manageable} {command line}
   size_t SoftMaxHeapSize                          = 4273995776                             {manageable} {ergonomic}
     bool UseCompressedClassPointers               = true                           {product lp64_product} {ergonomic}
     bool UseCompressedOops                        = true                           {product lp64_product} {ergonomic}
     bool UseG1GC                                  = true                                      {product} {ergonomic}
     bool UseLargePagesIndividualAllocation        = false                                  {pd product} {ergonomic}

Logging:
Log output configuration:
 #0: stdout all=warning uptime,level,tags
 #1: stderr all=off uptime,level,tags

Environment Variables:
PATH=C:/Users/teojo/.p2/pool/plugins/org.eclipse.justj.openjdk.hotspot.jre.full.win32.x86_64_17.0.8.v20230831-1047/jre/bin/server;C:/Users/teojo/.p2/pool/plugins/org.eclipse.justj.openjdk.hotspot.jre.full.win32.x86_64_17.0.8.v20230831-1047/jre/bin;C:\VulkanSDK\1.3.275.0\Bin;C:\Program Files\Common Files\Oracle\Java\javapath;C:\Program Files (x86)\Common Files\Oracle\Java\java8path;C:\Program Files (x86)\Common Files\Oracle\Java\javapath;C:\WINDOWS\system32;C:\WINDOWS;C:\WINDOWS\System32\Wbem;C:\WINDOWS\System32\WindowsPowerShell\v1.0\;C:\WINDOWS\System32\OpenSSH\;C:\Program Files\dotnet\;C:\Program Files (x86)\NVIDIA Corporation\PhysX\Common;C:\Program Files\CMake\bin;C:\Program Files (x86)\Windows Kits\10\Windows Performance Toolkit\;C:\mydata\apps\apache-maven-3.9.8\bin\;C:\Users\teojo\AppData\Local\Microsoft\WindowsApps;C:\Users\teojo\AppData\Local\Programs\Microsoft VS Code\bin;C:\Users\teojo\.dotnet\tools;C:\msys64\ucrt64\bin;;C:\WINDOWS\system32;
USERNAME=teojo
OS=Windows_NT
PROCESSOR_IDENTIFIER=Intel64 Family 6 Model 142 Stepping 10, GenuineIntel



---------------  S Y S T E M  ---------------

OS:
 Windows 11 , 64 bit Build 22621 (10.0.22621.3958)
OS uptime: 0 days 10:39 hours
Hyper-V role detected

CPU: total 8 (initial active 8) (4 cores per cpu, 2 threads per core) family 6 model 142 stepping 10 microcode 0xf0, cx8, cmov, fxsr, ht, mmx, 3dnowpref, sse, sse2, sse3, ssse3, sse4.1, sse4.2, popcnt, lzcnt, tsc, tscinvbit, avx, avx2, aes, erms, clmul, bmi1, bmi2, rtm, adx, fma, vzeroupper, clflush, clflushopt, hv

Memory: 4k page, system-wide physical 16301M (3808M free)
TotalPageFile size 41567M (AvailPageFile size 6261M)
current process WorkingSet (physical memory assigned to process): 247M, peak: 247M
current process commit charge ("private bytes"): 574M, peak: 574M

vm_info: Java HotSpot(TM) 64-Bit Server VM (17.0.10+11-LTS-240) for windows-amd64 JRE (17.0.10+11-LTS-240), built on Dec 19 2023 21:47:25 by "mach5one" with MS VC++ 17.1 (VS2022)

END.
