#
# A fatal error has been detected by the Java Runtime Environment:
#
#  EXCEPTION_ACCESS_VIOLATION (0xc0000005) at pc=0x000001985357dbda, pid=6120, tid=14076
#
# JRE version: Java(TM) SE Runtime Environment (17.0.10+11) (build 17.0.10+11-LTS-240)
# Java VM: Java HotSpot(TM) 64-Bit Server VM (17.0.10+11-LTS-240, mixed mode, sharing, tiered, compressed oops, compressed class ptrs, g1 gc, windows-amd64)
# Problematic frame:
# J 965 c2 java.nio.DirectFloatBufferU.put(F)Ljava/nio/FloatBuffer; java.base@17.0.10 (36 bytes) @ 0x000001985357dbda [0x000001985357db80+0x000000000000005a]
#
# No core dump will be written. Minidumps are not enabled by default on client versions of Windows
#
# If you would like to submit a bug report, please visit:
#   https://bugreport.java.com/bugreport/crash.jsp
#

---------------  S U M M A R Y ------------

Command Line: -Dfile.encoding=UTF-8 -Dstdout.encoding=UTF-8 -Dstderr.encoding=UTF-8 -XX:+ShowCodeDetailsInExceptionMessages Sketch1

Host: Intel(R) Core(TM) i7-8650U CPU @ 1.90GHz, 8 cores, 15G,  Windows 11 , 64 bit Build 22621 (10.0.22621.3958)
Time: Fri Oct 25 15:09:03 2024 GMT Summer Time elapsed time: 2.807958 seconds (0d 0h 0m 2s)

---------------  T H R E A D  ---------------

Current thread (0x000001986b2359e0):  JavaThread "Timer-0" [_thread_in_Java, id=14076, stack(0x000000915d900000,0x000000915da00000)]

Stack: [0x000000915d900000,0x000000915da00000],  sp=0x000000915d9fe800,  free space=1018k
Native frames: (J=compiled Java code, j=interpreted, Vv=VM code, C=native code)
C  0x000001985357dbda


siginfo: EXCEPTION_ACCESS_VIOLATION (0xc0000005), writing address 0x0000019872681000


Registers:
RAX=0x00000007111f0298, RBX=0x0000000000001784, RCX=0x0000019867836568, RDX=0x00000007111f0298
RSP=0x000000915d9fe800, RBP=0x0000000000020400, RSI=0x0000019867836568, RDI=0x0000019867836568
R8 =0x00000007111f0298, R9 =0x0000000000080040, R10=0x0000019872681000, R11=0x0000000000020401
R12=0x0000000000000000, R13=0x0000019867585264, R14=0x000000915d9fe958, R15=0x000001986b2359e0
RIP=0x000001985357dbda, EFLAGS=0x0000000000010206


Register to memory mapping:

RIP=0x000001985357dbda is at entry_point+90 in (nmethod*)0x000001985357da10
Compiled method (c2)    2824  965   !   4       java.nio.DirectFloatBufferU::put (36 bytes)
 total in heap  [0x000001985357da10,0x000001985357dd48] = 824
 relocation     [0x000001985357db68,0x000001985357db80] = 24
 main code      [0x000001985357db80,0x000001985357dc60] = 224
 stub code      [0x000001985357dc60,0x000001985357dc78] = 24
 oops           [0x000001985357dc78,0x000001985357dc80] = 8
 metadata       [0x000001985357dc80,0x000001985357dcb8] = 56
 scopes data    [0x000001985357dcb8,0x000001985357dd00] = 72
 scopes pcs     [0x000001985357dd00,0x000001985357dd40] = 64
 dependencies   [0x000001985357dd40,0x000001985357dd48] = 8
RAX=0x00000007111f0298 is an oop: java.nio.DirectFloatBufferU 
{0x00000007111f0298} - klass: 'java/nio/DirectFloatBufferU'
 - ---- fields (total size 7 words):
 - private 'mark' 'I' @12  -1 (ffffffff)
 - 'address' 'J' @16  1754265550848 (72600000 198)
 - private 'position' 'I' @24  132097 (20401)
 - private 'limit' 'I' @28  524352 (80040)
 - private 'capacity' 'I' @32  524352 (80040)
 - final 'segment' 'Ljdk/internal/access/foreign/MemorySegmentProxy;' @36  NULL (0)
 - final 'offset' 'I' @40  0
 - 'isReadOnly' 'Z' @44  false
 - final 'hb' '[F' @48  NULL (0)
 - private final 'att' 'Ljava/lang/Object;' @52  NULL (0)
RBX=0x0000000000001784 is an unknown value
RCX=0x0000019867836568 is pointing into metadata
RDX=0x00000007111f0298 is an oop: java.nio.DirectFloatBufferU 
{0x00000007111f0298} - klass: 'java/nio/DirectFloatBufferU'
 - ---- fields (total size 7 words):
 - private 'mark' 'I' @12  -1 (ffffffff)
 - 'address' 'J' @16  1754265550848 (72600000 198)
 - private 'position' 'I' @24  132097 (20401)
 - private 'limit' 'I' @28  524352 (80040)
 - private 'capacity' 'I' @32  524352 (80040)
 - final 'segment' 'Ljdk/internal/access/foreign/MemorySegmentProxy;' @36  NULL (0)
 - final 'offset' 'I' @40  0
 - 'isReadOnly' 'Z' @44  false
 - final 'hb' '[F' @48  NULL (0)
 - private final 'att' 'Ljava/lang/Object;' @52  NULL (0)
RSP=0x000000915d9fe800 is pointing into the stack for thread: 0x000001986b2359e0
RBP=0x0000000000020400 is an unknown value
RSI=0x0000019867836568 is pointing into metadata
RDI=0x0000019867836568 is pointing into metadata
R8 =0x00000007111f0298 is an oop: java.nio.DirectFloatBufferU 
{0x00000007111f0298} - klass: 'java/nio/DirectFloatBufferU'
 - ---- fields (total size 7 words):
 - private 'mark' 'I' @12  -1 (ffffffff)
 - 'address' 'J' @16  1754265550848 (72600000 198)
 - private 'position' 'I' @24  132097 (20401)
 - private 'limit' 'I' @28  524352 (80040)
 - private 'capacity' 'I' @32  524352 (80040)
 - final 'segment' 'Ljdk/internal/access/foreign/MemorySegmentProxy;' @36  NULL (0)
 - final 'offset' 'I' @40  0
 - 'isReadOnly' 'Z' @44  false
 - final 'hb' '[F' @48  NULL (0)
 - private final 'att' 'Ljava/lang/Object;' @52  NULL (0)
R9 =0x0000000000080040 is an unknown value
R10=0x0000019872681000 is an unknown value
R11=0x0000000000020401 is an unknown value
R12=0x0 is NULL
R13=0x0000019867585264 is pointing into metadata
R14=0x000000915d9fe958 is pointing into the stack for thread: 0x000001986b2359e0
R15=0x000001986b2359e0 is a thread


Top of Stack: (sp=0x000000915d9fe800)
0x000000915d9fe800:   000000915d9fe830 00000007111f0298
0x000000915d9fe810:   0000000000000000 00000007110b5d90
0x000000915d9fe820:   0000000000000001 00000007111f0298
0x000000915d9fe830:   000000915d9fe9a8 000001984bbe310c
0x000000915d9fe840:   0000000000000053 0000019867585308
0x000000915d9fe850:   0000000000000005 0000009100000000
0x000000915d9fe860:   000001986b2359e0 000000000000ee67
0x000000915d9fe870:   000000915d9fe8e0 0000019852fa3d81
0x000000915d9fe880:   0000019852f98e10 0000009100000000
0x000000915d9fe890:   000000915d9fe928 000000915d9fe8e0
0x000000915d9fe8a0:   000001987263b998 0000019852fa3dc4
0x000000915d9fe8b0:   000001984bbe2890 000800400000ee67
0x000000915d9fe8c0:   000000000000ee67 0000019852f99612
0x000000915d9fe8d0:   00000007111f0298 00000007110b2600
0x000000915d9fe8e0:   00000007110b5d90 00000007111f0298
0x000000915d9fe8f0:   0000009100080040 00000007110b2600 

Instructions: (pc=0x000001985357dbda)
0x000001985357dada:   00 00 00 00 00 00 00 00 00 00 00 00 00 00 80 db
0x000001985357daea:   57 53 98 01 00 00 a0 db 57 53 98 01 00 00 80 db
0x000001985357dafa:   57 53 98 01 00 00 50 02 00 00 ff ff ff ff 70 01
0x000001985357db0a:   00 00 50 02 00 00 68 02 00 00 70 02 00 00 00 00
0x000001985357db1a:   00 00 f0 02 00 00 30 03 00 00 38 03 00 00 38 03
0x000001985357db2a:   00 00 38 03 00 00 38 03 00 00 38 03 00 00 38 03
0x000001985357db3a:   00 00 20 00 00 00 c5 03 00 00 04 00 00 00 00 00
0x000001985357db4a:   00 00 02 00 00 00 00 00 00 00 00 00 00 00 e0 01
0x000001985357db5a:   00 00 02 00 00 00 ff ff ff ff ff ff ff ff 14 60
0x000001985357db6a:   53 b0 24 64 20 64 49 f0 05 80 11 64 1f 00 00 64
0x000001985357db7a:   0f 64 00 00 00 00 44 8b 52 08 49 bb 00 00 00 00
0x000001985357db8a:   98 01 00 00 4d 03 d3 49 3b c2 0f 85 e6 ee a5 ff
0x000001985357db9a:   66 90 0f 1f 40 00 89 84 24 00 90 ff ff 55 48 83
0x000001985357dbaa:   ec 30 4c 8b c2 44 8b 52 24 45 85 d2 75 3d 44 8b
0x000001985357dbba:   52 1c 8b 6a 18 90 41 3b ea 7d 4b 44 8b dd 41 ff
0x000001985357dbca:   c3 44 89 5a 18 4c 63 d5 49 c1 e2 02 4c 03 52 10
0x000001985357dbda:   c4 c1 7a 11 02 48 8b c2 48 83 c4 30 5d 49 3b a7
0x000001985357dbea:   48 03 00 00 0f 87 3c 00 00 00 c3 ba 45 ff ff ff
0x000001985357dbfa:   c5 fa 11 04 24 4c 89 44 24 08 44 89 54 24 04 66
0x000001985357dc0a:   90 e8 f0 46 a6 ff ba 45 ff ff ff c5 fa 11 44 24
0x000001985357dc1a:   08 4c 89 44 24 10 4c 89 44 24 18 44 89 54 24 0c
0x000001985357dc2a:   90 e8 d0 46 a6 ff 49 ba e7 db 57 53 98 01 00 00
0x000001985357dc3a:   4d 89 97 60 03 00 00 e9 ba 57 a6 ff f4 f4 f4 f4
0x000001985357dc4a:   f4 f4 f4 f4 f4 f4 f4 f4 f4 f4 f4 f4 f4 f4 f4 f4
0x000001985357dc5a:   f4 f4 f4 f4 f4 f4 e9 9b 80 a7 ff e8 00 00 00 00
0x000001985357dc6a:   48 83 2c 24 05 e9 2c 4a a6 ff f4 f4 f4 f4 88 90
0x000001985357dc7a:   c2 0f 07 00 00 00 c8 15 22 67 98 01 00 00 b8 ce
0x000001985357dc8a:   09 00 98 01 00 00 c8 d0 09 00 98 01 00 00 b8 0a
0x000001985357dc9a:   07 01 98 01 00 00 40 10 07 01 98 01 00 00 48 97
0x000001985357dcaa:   0a 00 98 01 00 00 e8 51 0a 00 98 01 00 00 ff 03
0x000001985357dcba:   00 42 00 01 00 00 01 02 01 00 01 05 01 08 00 01
0x000001985357dcca:   00 42 01 00 29 0b 02 05 11 14 00 03 00 82 00 41 


Stack slot to memory mapping:
stack at sp + 0 slots: 0x000000915d9fe830 is pointing into the stack for thread: 0x000001986b2359e0
stack at sp + 1 slots: 0x00000007111f0298 is an oop: java.nio.DirectFloatBufferU 
{0x00000007111f0298} - klass: 'java/nio/DirectFloatBufferU'
 - ---- fields (total size 7 words):
 - private 'mark' 'I' @12  -1 (ffffffff)
 - 'address' 'J' @16  1754265550848 (72600000 198)
 - private 'position' 'I' @24  132097 (20401)
 - private 'limit' 'I' @28  524352 (80040)
 - private 'capacity' 'I' @32  524352 (80040)
 - final 'segment' 'Ljdk/internal/access/foreign/MemorySegmentProxy;' @36  NULL (0)
 - final 'offset' 'I' @40  0
 - 'isReadOnly' 'Z' @44  false
 - final 'hb' '[F' @48  NULL (0)
 - private final 'att' 'Ljava/lang/Object;' @52  NULL (0)
stack at sp + 2 slots: 0x0 is NULL
stack at sp + 3 slots: 0x00000007110b5d90 is an oop: processing.GL2VK.GraphicsBuffer 
{0x00000007110b5d90} - klass: 'processing/GL2VK/GraphicsBuffer'
 - ---- fields (total size 8 words):
 - private 'bufferSize' 'I' @12  524352 (80040)
 - public 'bufferID' 'J' @16  3241362477706903580 (1c 2cfba200)
 - private 'bufferMemoryID' 'J' @24  -8032588849345462243 (1d 90868300)
 - private 'stagingBuffer' 'J' @32  -3472943815772340194 (1e cfcda000)
 - private 'stagingBufferMemory' 'J' @40  3326261268045627423 (1f 2e294100)
 - private 'bufferAssigned' 'Z' @48  true
 - private 'system' 'Lprocessing/GL2VK/VulkanSystem;' @52  a 'processing/GL2VK/VulkanSystem'{0x000000070fc31890} (e1f86312)
 - private 'vkbase' 'Lprocessing/GL2VK/VKSetup;' @56  a 'processing/GL2VK/VKSetup'{0x000000070fc31b10} (e1f86362)
stack at sp + 4 slots: 0x0000000000000001 is an unknown value
stack at sp + 5 slots: 0x00000007111f0298 is an oop: java.nio.DirectFloatBufferU 
{0x00000007111f0298} - klass: 'java/nio/DirectFloatBufferU'
 - ---- fields (total size 7 words):
 - private 'mark' 'I' @12  -1 (ffffffff)
 - 'address' 'J' @16  1754265550848 (72600000 198)
 - private 'position' 'I' @24  132097 (20401)
 - private 'limit' 'I' @28  524352 (80040)
 - private 'capacity' 'I' @32  524352 (80040)
 - final 'segment' 'Ljdk/internal/access/foreign/MemorySegmentProxy;' @36  NULL (0)
 - final 'offset' 'I' @40  0
 - 'isReadOnly' 'Z' @44  false
 - final 'hb' '[F' @48  NULL (0)
 - private final 'att' 'Ljava/lang/Object;' @52  NULL (0)
stack at sp + 6 slots: 0x000000915d9fe9a8 is pointing into the stack for thread: 0x000001986b2359e0
stack at sp + 7 slots: 0x000001984bbe310c is at entry_point+1420 in (nmethod*)0x000001984bbe2890
Compiled method (c1)    2904  966 %     3       processing.GL2VK.GraphicsBuffer::bufferData @ 68 (138 bytes)
 total in heap  [0x000001984bbe2890,0x000001984bbe3d08] = 5240
 relocation     [0x000001984bbe29e8,0x000001984bbe2b78] = 400
 main code      [0x000001984bbe2b80,0x000001984bbe3660] = 2784
 stub code      [0x000001984bbe3660,0x000001984bbe3768] = 264
 oops           [0x000001984bbe3768,0x000001984bbe3770] = 8
 metadata       [0x000001984bbe3770,0x000001984bbe37e0] = 112
 scopes data    [0x000001984bbe37e0,0x000001984bbe39c8] = 488
 scopes pcs     [0x000001984bbe39c8,0x000001984bbe3c68] = 672
 dependencies   [0x000001984bbe3c68,0x000001984bbe3c80] = 24
 nul chk table  [0x000001984bbe3c80,0x000001984bbe3d08] = 136


Compiled method (c2)    2905  965   !   4       java.nio.DirectFloatBufferU::put (36 bytes)
 total in heap  [0x000001985357da10,0x000001985357dd48] = 824
 relocation     [0x000001985357db68,0x000001985357db80] = 24
 main code      [0x000001985357db80,0x000001985357dc60] = 224
 stub code      [0x000001985357dc60,0x000001985357dc78] = 24
 oops           [0x000001985357dc78,0x000001985357dc80] = 8
 metadata       [0x000001985357dc80,0x000001985357dcb8] = 56
 scopes data    [0x000001985357dcb8,0x000001985357dd00] = 72
 scopes pcs     [0x000001985357dd00,0x000001985357dd40] = 64
 dependencies   [0x000001985357dd40,0x000001985357dd48] = 8

[Constant Pool (empty)]

[MachCode]
[Entry Point]
  # {method} {0x00000198672215d0} 'put' '(F)Ljava/nio/FloatBuffer;' in 'java/nio/DirectFloatBufferU'
  # this:     rdx:rdx   = 'java/nio/DirectFloatBufferU'
  # parm0:    xmm0      = float
  #           [sp+0x40]  (sp of caller)
  0x000001985357db80: 448b 5208 | 49bb 0000 | 0000 9801 | 0000 4d03 | d349 3bc2 

  0x000001985357db94: ;   {runtime_call ic_miss_stub}
  0x000001985357db94: 0f85 e6ee | a5ff 6690 | 0f1f 4000 
[Verified Entry Point]
  0x000001985357dba0: 8984 2400 | 90ff ff55 | 4883 ec30 | 4c8b c244 | 8b52 2445 | 85d2 753d | 448b 521c | 8b6a 1890 
  0x000001985357dbc0: 413b ea7d | 4b44 8bdd | 41ff c344 | 895a 184c | 63d5 49c1 | e202 4c03 | 5210 c4c1 | 7a11 0248 
  0x000001985357dbe0: 8bc2 4883 

  0x000001985357dbe4: ;   {poll_return}
  0x000001985357dbe4: c430 5d49 | 3ba7 4803 | 0000 0f87 | 3c00 0000 | c3ba 45ff | ffff c5fa | 1104 244c | 8944 2408 
  0x000001985357dc04: 4489 5424 

  0x000001985357dc08: ;   {runtime_call UncommonTrapBlob}
  0x000001985357dc08: 0466 90e8 

  0x000001985357dc0c: ; ImmutableOopMap {[4]=NarrowOop [8]=Oop }
                      ;*ifnull {reexecute=1 rethrow=0 return_oop=0}
                      ; - (reexecute) java.nio.Buffer::scope@4 (line 763)
                      ; - java.nio.DirectFloatBufferU::put@4 (line 352)
  0x000001985357dc0c: f046 a6ff | ba45 ffff | ffc5 fa11 | 4424 084c | 8944 2410 | 4c89 4424 | 1844 8954 

  0x000001985357dc28: ;   {runtime_call UncommonTrapBlob}
  0x000001985357dc28: 240c 90e8 

  0x000001985357dc2c: ; ImmutableOopMap {[16]=Oop [24]=Oop }
                      ;*if_icmplt {reexecute=1 rethrow=0 return_oop=0}
                      ; - (reexecute) java.nio.Buffer::nextPutIndex@10 (line 721)
                      ; - java.nio.DirectFloatBufferU::put@10 (line 352)
  0x000001985357dc2c: d046 a6ff 

  0x000001985357dc30: ;   {internal_word}
  0x000001985357dc30: 49ba e7db | 5753 9801 | 0000 4d89 | 9760 0300 

  0x000001985357dc40: ;   {runtime_call SafepointBlob}
  0x000001985357dc40: 00e9 ba57 | a6ff f4f4 | f4f4 f4f4 | f4f4 f4f4 | f4f4 f4f4 | f4f4 f4f4 | f4f4 f4f4 | f4f4 f4f4 
[Exception Handler]
  0x000001985357dc60: ;   {no_reloc}
  0x000001985357dc60: e99b 80a7 | ffe8 0000 | 0000 4883 

  0x000001985357dc6c: ;   {runtime_call DeoptimizationBlob}
  0x000001985357dc6c: 2c24 05e9 | 2c4a a6ff | f4f4 f4f4 
[/MachCode]


---------------  P R O C E S S  ---------------

Threads class SMR info:
_java_thread_list=0x0000019871a87200, length=25, elements={
0x0000019866f73540, 0x0000019866f740d0, 0x0000019866f86ab0, 0x0000019866f88390,
0x0000019866f88c60, 0x0000019866f8ca30, 0x0000019866f8d6e0, 0x0000019866f8e4b0,
0x000001986b10a860, 0x000001986b233670, 0x000001986b236400, 0x000001986b234fc0,
0x000001986b234090, 0x000001986b236910, 0x000001986b234ab0, 0x000001986b2359e0,
0x000001986b2354d0, 0x000001986b233160, 0x000001986b2345a0, 0x0000019871b75af0,
0x0000019871b7abf0, 0x0000019871b7a6e0, 0x0000019871b76000, 0x0000019871b76f30,
0x000001986efbd280
}

Java Threads: ( => current thread )
  0x0000019866f73540 JavaThread "Reference Handler" daemon [_thread_blocked, id=2052, stack(0x000000915c700000,0x000000915c800000)]
  0x0000019866f740d0 JavaThread "Finalizer" daemon [_thread_blocked, id=3384, stack(0x000000915c800000,0x000000915c900000)]
  0x0000019866f86ab0 JavaThread "Signal Dispatcher" daemon [_thread_blocked, id=13108, stack(0x000000915c900000,0x000000915ca00000)]
  0x0000019866f88390 JavaThread "Attach Listener" daemon [_thread_blocked, id=11120, stack(0x000000915ca00000,0x000000915cb00000)]
  0x0000019866f88c60 JavaThread "Service Thread" daemon [_thread_blocked, id=14740, stack(0x000000915cb00000,0x000000915cc00000)]
  0x0000019866f8ca30 JavaThread "Monitor Deflation Thread" daemon [_thread_blocked, id=12852, stack(0x000000915cc00000,0x000000915cd00000)]
  0x0000019866f8d6e0 JavaThread "C2 CompilerThread0" daemon [_thread_blocked, id=7952, stack(0x000000915cd00000,0x000000915ce00000)]
  0x0000019866f8e4b0 JavaThread "C1 CompilerThread0" daemon [_thread_blocked, id=3064, stack(0x000000915ce00000,0x000000915cf00000)]
  0x000001986b10a860 JavaThread "Sweeper thread" daemon [_thread_blocked, id=8028, stack(0x000000915cf00000,0x000000915d000000)]
  0x000001986b233670 JavaThread "Notification Thread" daemon [_thread_blocked, id=8980, stack(0x000000915d000000,0x000000915d100000)]
  0x000001986b236400 JavaThread "Common-Cleaner" daemon [_thread_blocked, id=5676, stack(0x000000915d200000,0x000000915d300000)]
  0x000001986b234fc0 JavaThread "Java2D Disposer" daemon [_thread_blocked, id=2368, stack(0x000000915d400000,0x000000915d500000)]
  0x000001986b234090 JavaThread "AWT-Windows" daemon [_thread_in_native, id=14224, stack(0x000000915d600000,0x000000915d700000)]
  0x000001986b236910 JavaThread "HighResTimerThread" daemon [_thread_blocked, id=3608, stack(0x000000915d700000,0x000000915d800000)]
  0x000001986b234ab0 JavaThread "Thread-0" [_thread_blocked, id=4880, stack(0x000000915d800000,0x000000915d900000)]
=>0x000001986b2359e0 JavaThread "Timer-0" [_thread_in_Java, id=14076, stack(0x000000915d900000,0x000000915da00000)]
  0x000001986b2354d0 JavaThread "DestroyJavaVM" [_thread_blocked, id=6484, stack(0x000000915c000000,0x000000915c100000)]
  0x000001986b233160 JavaThread "Thread-2" [_thread_blocked, id=8240, stack(0x000000915e500000,0x000000915e600000)]
  0x000001986b2345a0 JavaThread "Thread-3" [_thread_blocked, id=12404, stack(0x000000915e600000,0x000000915e700000)]
  0x0000019871b75af0 JavaThread "Thread-4" [_thread_blocked, id=6016, stack(0x000000915e700000,0x000000915e800000)]
  0x0000019871b7abf0 JavaThread "Thread-5" [_thread_blocked, id=10936, stack(0x000000915e800000,0x000000915e900000)]
  0x0000019871b7a6e0 JavaThread "Thread-6" [_thread_blocked, id=2716, stack(0x000000915e900000,0x000000915ea00000)]
  0x0000019871b76000 JavaThread "Thread-7" [_thread_blocked, id=14612, stack(0x000000915ea00000,0x000000915eb00000)]
  0x0000019871b76f30 JavaThread "Thread-8" [_thread_blocked, id=4176, stack(0x000000915eb00000,0x000000915ec00000)]
  0x000001986efbd280 JavaThread "C2 CompilerThread1" daemon [_thread_blocked, id=6716, stack(0x000000915ec00000,0x000000915ed00000)]

Other Threads:
  0x0000019866f6ab10 VMThread "VM Thread" [stack: 0x000000915c600000,0x000000915c700000] [id=13072]
  0x000001984425b810 WatcherThread [stack: 0x000000915d100000,0x000000915d200000] [id=10536]
  0x00000198442272a0 GCTaskThread "GC Thread#0" [stack: 0x000000915c100000,0x000000915c200000] [id=9376]
  0x000001987074e1e0 GCTaskThread "GC Thread#1" [stack: 0x000000915ed00000,0x000000915ee00000] [id=2888]
  0x000001987074e4a0 GCTaskThread "GC Thread#2" [stack: 0x000000915ee00000,0x000000915ef00000] [id=2076]
  0x000001987074ea20 GCTaskThread "GC Thread#3" [stack: 0x000000915ef00000,0x000000915f000000] [id=8216]
  0x000001987074dc60 GCTaskThread "GC Thread#4" [stack: 0x000000915f000000,0x000000915f100000] [id=15184]
  0x000001987074ece0 GCTaskThread "GC Thread#5" [stack: 0x000000915f100000,0x000000915f200000] [id=11588]
  0x000001987074efa0 GCTaskThread "GC Thread#6" [stack: 0x000000915f200000,0x000000915f300000] [id=5496]
  0x000001987074df20 GCTaskThread "GC Thread#7" [stack: 0x000000915f300000,0x000000915f400000] [id=11232]
  0x0000019844237fb0 ConcurrentGCThread "G1 Main Marker" [stack: 0x000000915c200000,0x000000915c300000] [id=1952]
  0x0000019844239060 ConcurrentGCThread "G1 Conc#0" [stack: 0x000000915c300000,0x000000915c400000] [id=1212]
  0x000001984427d590 ConcurrentGCThread "G1 Refine#0" [stack: 0x000000915c400000,0x000000915c500000] [id=9192]
  0x000001984427ddd0 ConcurrentGCThread "G1 Service" [stack: 0x000000915c500000,0x000000915c600000] [id=7728]

Threads with active compile tasks:

VM state: not at safepoint (normal execution)

VM Mutex/Monitor currently owned by a thread: None

Heap address: 0x0000000701400000, size: 4076 MB, Compressed Oops mode: Zero based, Oop shift amount: 3

CDS archive(s) mapped at: [0x0000019800000000-0x0000019800bd0000-0x0000019800bd0000), size 12386304, SharedBaseAddress: 0x0000019800000000, ArchiveRelocationMode: 1.
Compressed class space mapped at: 0x0000019801000000-0x0000019841000000, reserved size: 1073741824
Narrow klass base: 0x0000019800000000, Narrow klass shift: 0, Narrow klass range: 0x100000000

GC Precious Log:
 CPUs: 8 total, 8 available
 Memory: 16301M
 Large Page Support: Disabled
 NUMA Support: Disabled
 Compressed Oops: Enabled (Zero based)
 Heap Region Size: 2M
 Heap Min Capacity: 8M
 Heap Initial Capacity: 256M
 Heap Max Capacity: 4076M
 Pre-touch: Disabled
 Parallel Workers: 8
 Concurrent Workers: 2
 Concurrent Refinement Workers: 8
 Periodic GC: Disabled

Heap:
 garbage-first heap   total 262144K, used 8264K [0x0000000701400000, 0x0000000800000000)
  region size 2048K, 5 young (10240K), 2 survivors (4096K)
 Metaspace       used 7919K, committed 8128K, reserved 1114112K
  class space    used 532K, committed 640K, reserved 1048576K

Heap Regions: E=young(eden), S=young(survivor), O=old, HS=humongous(starts), HC=humongous(continues), CS=collection set, F=free, OA=open archive, CA=closed archive, TAMS=top-at-mark-start (previous, next)
|   0|0x0000000701400000, 0x0000000701412000, 0x0000000701600000|  3%| O|  |TAMS 0x0000000701400000, 0x0000000701400000| Untracked 
|   1|0x0000000701600000, 0x0000000701800000, 0x0000000701800000|100%|HS|  |TAMS 0x0000000701600000, 0x0000000701600000| Complete 
|   2|0x0000000701800000, 0x0000000701800000, 0x0000000701a00000|  0%| F|  |TAMS 0x0000000701800000, 0x0000000701800000| Untracked 
|   3|0x0000000701a00000, 0x0000000701a00000, 0x0000000701c00000|  0%| F|  |TAMS 0x0000000701a00000, 0x0000000701a00000| Untracked 
|   4|0x0000000701c00000, 0x0000000701c00000, 0x0000000701e00000|  0%| F|  |TAMS 0x0000000701c00000, 0x0000000701c00000| Untracked 
|   5|0x0000000701e00000, 0x0000000701e00000, 0x0000000702000000|  0%| F|  |TAMS 0x0000000701e00000, 0x0000000701e00000| Untracked 
|   6|0x0000000702000000, 0x0000000702000000, 0x0000000702200000|  0%| F|  |TAMS 0x0000000702000000, 0x0000000702000000| Untracked 
|   7|0x0000000702200000, 0x0000000702200000, 0x0000000702400000|  0%| F|  |TAMS 0x0000000702200000, 0x0000000702200000| Untracked 
|   8|0x0000000702400000, 0x0000000702400000, 0x0000000702600000|  0%| F|  |TAMS 0x0000000702400000, 0x0000000702400000| Untracked 
|   9|0x0000000702600000, 0x0000000702600000, 0x0000000702800000|  0%| F|  |TAMS 0x0000000702600000, 0x0000000702600000| Untracked 
|  10|0x0000000702800000, 0x0000000702800000, 0x0000000702a00000|  0%| F|  |TAMS 0x0000000702800000, 0x0000000702800000| Untracked 
|  11|0x0000000702a00000, 0x0000000702a00000, 0x0000000702c00000|  0%| F|  |TAMS 0x0000000702a00000, 0x0000000702a00000| Untracked 
|  12|0x0000000702c00000, 0x0000000702c00000, 0x0000000702e00000|  0%| F|  |TAMS 0x0000000702c00000, 0x0000000702c00000| Untracked 
|  13|0x0000000702e00000, 0x0000000702e00000, 0x0000000703000000|  0%| F|  |TAMS 0x0000000702e00000, 0x0000000702e00000| Untracked 
|  14|0x0000000703000000, 0x0000000703000000, 0x0000000703200000|  0%| F|  |TAMS 0x0000000703000000, 0x0000000703000000| Untracked 
|  15|0x0000000703200000, 0x0000000703200000, 0x0000000703400000|  0%| F|  |TAMS 0x0000000703200000, 0x0000000703200000| Untracked 
|  16|0x0000000703400000, 0x0000000703400000, 0x0000000703600000|  0%| F|  |TAMS 0x0000000703400000, 0x0000000703400000| Untracked 
|  17|0x0000000703600000, 0x0000000703600000, 0x0000000703800000|  0%| F|  |TAMS 0x0000000703600000, 0x0000000703600000| Untracked 
|  18|0x0000000703800000, 0x0000000703800000, 0x0000000703a00000|  0%| F|  |TAMS 0x0000000703800000, 0x0000000703800000| Untracked 
|  19|0x0000000703a00000, 0x0000000703a00000, 0x0000000703c00000|  0%| F|  |TAMS 0x0000000703a00000, 0x0000000703a00000| Untracked 
|  20|0x0000000703c00000, 0x0000000703c00000, 0x0000000703e00000|  0%| F|  |TAMS 0x0000000703c00000, 0x0000000703c00000| Untracked 
|  21|0x0000000703e00000, 0x0000000703e00000, 0x0000000704000000|  0%| F|  |TAMS 0x0000000703e00000, 0x0000000703e00000| Untracked 
|  22|0x0000000704000000, 0x0000000704000000, 0x0000000704200000|  0%| F|  |TAMS 0x0000000704000000, 0x0000000704000000| Untracked 
|  23|0x0000000704200000, 0x0000000704200000, 0x0000000704400000|  0%| F|  |TAMS 0x0000000704200000, 0x0000000704200000| Untracked 
|  24|0x0000000704400000, 0x0000000704400000, 0x0000000704600000|  0%| F|  |TAMS 0x0000000704400000, 0x0000000704400000| Untracked 
|  25|0x0000000704600000, 0x0000000704600000, 0x0000000704800000|  0%| F|  |TAMS 0x0000000704600000, 0x0000000704600000| Untracked 
|  26|0x0000000704800000, 0x0000000704800000, 0x0000000704a00000|  0%| F|  |TAMS 0x0000000704800000, 0x0000000704800000| Untracked 
|  27|0x0000000704a00000, 0x0000000704a00000, 0x0000000704c00000|  0%| F|  |TAMS 0x0000000704a00000, 0x0000000704a00000| Untracked 
|  28|0x0000000704c00000, 0x0000000704c00000, 0x0000000704e00000|  0%| F|  |TAMS 0x0000000704c00000, 0x0000000704c00000| Untracked 
|  29|0x0000000704e00000, 0x0000000704e00000, 0x0000000705000000|  0%| F|  |TAMS 0x0000000704e00000, 0x0000000704e00000| Untracked 
|  30|0x0000000705000000, 0x0000000705000000, 0x0000000705200000|  0%| F|  |TAMS 0x0000000705000000, 0x0000000705000000| Untracked 
|  31|0x0000000705200000, 0x0000000705200000, 0x0000000705400000|  0%| F|  |TAMS 0x0000000705200000, 0x0000000705200000| Untracked 
|  32|0x0000000705400000, 0x0000000705400000, 0x0000000705600000|  0%| F|  |TAMS 0x0000000705400000, 0x0000000705400000| Untracked 
|  33|0x0000000705600000, 0x0000000705600000, 0x0000000705800000|  0%| F|  |TAMS 0x0000000705600000, 0x0000000705600000| Untracked 
|  34|0x0000000705800000, 0x0000000705800000, 0x0000000705a00000|  0%| F|  |TAMS 0x0000000705800000, 0x0000000705800000| Untracked 
|  35|0x0000000705a00000, 0x0000000705a00000, 0x0000000705c00000|  0%| F|  |TAMS 0x0000000705a00000, 0x0000000705a00000| Untracked 
|  36|0x0000000705c00000, 0x0000000705c00000, 0x0000000705e00000|  0%| F|  |TAMS 0x0000000705c00000, 0x0000000705c00000| Untracked 
|  37|0x0000000705e00000, 0x0000000705e00000, 0x0000000706000000|  0%| F|  |TAMS 0x0000000705e00000, 0x0000000705e00000| Untracked 
|  38|0x0000000706000000, 0x0000000706000000, 0x0000000706200000|  0%| F|  |TAMS 0x0000000706000000, 0x0000000706000000| Untracked 
|  39|0x0000000706200000, 0x0000000706200000, 0x0000000706400000|  0%| F|  |TAMS 0x0000000706200000, 0x0000000706200000| Untracked 
|  40|0x0000000706400000, 0x0000000706400000, 0x0000000706600000|  0%| F|  |TAMS 0x0000000706400000, 0x0000000706400000| Untracked 
|  41|0x0000000706600000, 0x0000000706600000, 0x0000000706800000|  0%| F|  |TAMS 0x0000000706600000, 0x0000000706600000| Untracked 
|  42|0x0000000706800000, 0x0000000706800000, 0x0000000706a00000|  0%| F|  |TAMS 0x0000000706800000, 0x0000000706800000| Untracked 
|  43|0x0000000706a00000, 0x0000000706a00000, 0x0000000706c00000|  0%| F|  |TAMS 0x0000000706a00000, 0x0000000706a00000| Untracked 
|  44|0x0000000706c00000, 0x0000000706c00000, 0x0000000706e00000|  0%| F|  |TAMS 0x0000000706c00000, 0x0000000706c00000| Untracked 
|  45|0x0000000706e00000, 0x0000000706e00000, 0x0000000707000000|  0%| F|  |TAMS 0x0000000706e00000, 0x0000000706e00000| Untracked 
|  46|0x0000000707000000, 0x0000000707000000, 0x0000000707200000|  0%| F|  |TAMS 0x0000000707000000, 0x0000000707000000| Untracked 
|  47|0x0000000707200000, 0x0000000707200000, 0x0000000707400000|  0%| F|  |TAMS 0x0000000707200000, 0x0000000707200000| Untracked 
|  48|0x0000000707400000, 0x0000000707400000, 0x0000000707600000|  0%| F|  |TAMS 0x0000000707400000, 0x0000000707400000| Untracked 
|  49|0x0000000707600000, 0x0000000707600000, 0x0000000707800000|  0%| F|  |TAMS 0x0000000707600000, 0x0000000707600000| Untracked 
|  50|0x0000000707800000, 0x0000000707800000, 0x0000000707a00000|  0%| F|  |TAMS 0x0000000707800000, 0x0000000707800000| Untracked 
|  51|0x0000000707a00000, 0x0000000707a00000, 0x0000000707c00000|  0%| F|  |TAMS 0x0000000707a00000, 0x0000000707a00000| Untracked 
|  52|0x0000000707c00000, 0x0000000707c00000, 0x0000000707e00000|  0%| F|  |TAMS 0x0000000707c00000, 0x0000000707c00000| Untracked 
|  53|0x0000000707e00000, 0x0000000707e00000, 0x0000000708000000|  0%| F|  |TAMS 0x0000000707e00000, 0x0000000707e00000| Untracked 
|  54|0x0000000708000000, 0x0000000708000000, 0x0000000708200000|  0%| F|  |TAMS 0x0000000708000000, 0x0000000708000000| Untracked 
|  55|0x0000000708200000, 0x0000000708200000, 0x0000000708400000|  0%| F|  |TAMS 0x0000000708200000, 0x0000000708200000| Untracked 
|  56|0x0000000708400000, 0x0000000708400000, 0x0000000708600000|  0%| F|  |TAMS 0x0000000708400000, 0x0000000708400000| Untracked 
|  57|0x0000000708600000, 0x0000000708600000, 0x0000000708800000|  0%| F|  |TAMS 0x0000000708600000, 0x0000000708600000| Untracked 
|  58|0x0000000708800000, 0x0000000708800000, 0x0000000708a00000|  0%| F|  |TAMS 0x0000000708800000, 0x0000000708800000| Untracked 
|  59|0x0000000708a00000, 0x0000000708a00000, 0x0000000708c00000|  0%| F|  |TAMS 0x0000000708a00000, 0x0000000708a00000| Untracked 
|  60|0x0000000708c00000, 0x0000000708c00000, 0x0000000708e00000|  0%| F|  |TAMS 0x0000000708c00000, 0x0000000708c00000| Untracked 
|  61|0x0000000708e00000, 0x0000000708e00000, 0x0000000709000000|  0%| F|  |TAMS 0x0000000708e00000, 0x0000000708e00000| Untracked 
|  62|0x0000000709000000, 0x0000000709000000, 0x0000000709200000|  0%| F|  |TAMS 0x0000000709000000, 0x0000000709000000| Untracked 
|  63|0x0000000709200000, 0x0000000709200000, 0x0000000709400000|  0%| F|  |TAMS 0x0000000709200000, 0x0000000709200000| Untracked 
|  64|0x0000000709400000, 0x0000000709400000, 0x0000000709600000|  0%| F|  |TAMS 0x0000000709400000, 0x0000000709400000| Untracked 
|  65|0x0000000709600000, 0x0000000709600000, 0x0000000709800000|  0%| F|  |TAMS 0x0000000709600000, 0x0000000709600000| Untracked 
|  66|0x0000000709800000, 0x0000000709800000, 0x0000000709a00000|  0%| F|  |TAMS 0x0000000709800000, 0x0000000709800000| Untracked 
|  67|0x0000000709a00000, 0x0000000709a00000, 0x0000000709c00000|  0%| F|  |TAMS 0x0000000709a00000, 0x0000000709a00000| Untracked 
|  68|0x0000000709c00000, 0x0000000709c00000, 0x0000000709e00000|  0%| F|  |TAMS 0x0000000709c00000, 0x0000000709c00000| Untracked 
|  69|0x0000000709e00000, 0x0000000709e00000, 0x000000070a000000|  0%| F|  |TAMS 0x0000000709e00000, 0x0000000709e00000| Untracked 
|  70|0x000000070a000000, 0x000000070a000000, 0x000000070a200000|  0%| F|  |TAMS 0x000000070a000000, 0x000000070a000000| Untracked 
|  71|0x000000070a200000, 0x000000070a200000, 0x000000070a400000|  0%| F|  |TAMS 0x000000070a200000, 0x000000070a200000| Untracked 
|  72|0x000000070a400000, 0x000000070a400000, 0x000000070a600000|  0%| F|  |TAMS 0x000000070a400000, 0x000000070a400000| Untracked 
|  73|0x000000070a600000, 0x000000070a600000, 0x000000070a800000|  0%| F|  |TAMS 0x000000070a600000, 0x000000070a600000| Untracked 
|  74|0x000000070a800000, 0x000000070a800000, 0x000000070aa00000|  0%| F|  |TAMS 0x000000070a800000, 0x000000070a800000| Untracked 
|  75|0x000000070aa00000, 0x000000070aa00000, 0x000000070ac00000|  0%| F|  |TAMS 0x000000070aa00000, 0x000000070aa00000| Untracked 
|  76|0x000000070ac00000, 0x000000070ac00000, 0x000000070ae00000|  0%| F|  |TAMS 0x000000070ac00000, 0x000000070ac00000| Untracked 
|  77|0x000000070ae00000, 0x000000070ae00000, 0x000000070b000000|  0%| F|  |TAMS 0x000000070ae00000, 0x000000070ae00000| Untracked 
|  78|0x000000070b000000, 0x000000070b000000, 0x000000070b200000|  0%| F|  |TAMS 0x000000070b000000, 0x000000070b000000| Untracked 
|  79|0x000000070b200000, 0x000000070b200000, 0x000000070b400000|  0%| F|  |TAMS 0x000000070b200000, 0x000000070b200000| Untracked 
|  80|0x000000070b400000, 0x000000070b400000, 0x000000070b600000|  0%| F|  |TAMS 0x000000070b400000, 0x000000070b400000| Untracked 
|  81|0x000000070b600000, 0x000000070b600000, 0x000000070b800000|  0%| F|  |TAMS 0x000000070b600000, 0x000000070b600000| Untracked 
|  82|0x000000070b800000, 0x000000070b800000, 0x000000070ba00000|  0%| F|  |TAMS 0x000000070b800000, 0x000000070b800000| Untracked 
|  83|0x000000070ba00000, 0x000000070ba00000, 0x000000070bc00000|  0%| F|  |TAMS 0x000000070ba00000, 0x000000070ba00000| Untracked 
|  84|0x000000070bc00000, 0x000000070bc00000, 0x000000070be00000|  0%| F|  |TAMS 0x000000070bc00000, 0x000000070bc00000| Untracked 
|  85|0x000000070be00000, 0x000000070be00000, 0x000000070c000000|  0%| F|  |TAMS 0x000000070be00000, 0x000000070be00000| Untracked 
|  86|0x000000070c000000, 0x000000070c000000, 0x000000070c200000|  0%| F|  |TAMS 0x000000070c000000, 0x000000070c000000| Untracked 
|  87|0x000000070c200000, 0x000000070c200000, 0x000000070c400000|  0%| F|  |TAMS 0x000000070c200000, 0x000000070c200000| Untracked 
|  88|0x000000070c400000, 0x000000070c400000, 0x000000070c600000|  0%| F|  |TAMS 0x000000070c400000, 0x000000070c400000| Untracked 
|  89|0x000000070c600000, 0x000000070c600000, 0x000000070c800000|  0%| F|  |TAMS 0x000000070c600000, 0x000000070c600000| Untracked 
|  90|0x000000070c800000, 0x000000070c800000, 0x000000070ca00000|  0%| F|  |TAMS 0x000000070c800000, 0x000000070c800000| Untracked 
|  91|0x000000070ca00000, 0x000000070ca00000, 0x000000070cc00000|  0%| F|  |TAMS 0x000000070ca00000, 0x000000070ca00000| Untracked 
|  92|0x000000070cc00000, 0x000000070cc00000, 0x000000070ce00000|  0%| F|  |TAMS 0x000000070cc00000, 0x000000070cc00000| Untracked 
|  93|0x000000070ce00000, 0x000000070ce00000, 0x000000070d000000|  0%| F|  |TAMS 0x000000070ce00000, 0x000000070ce00000| Untracked 
|  94|0x000000070d000000, 0x000000070d000000, 0x000000070d200000|  0%| F|  |TAMS 0x000000070d000000, 0x000000070d000000| Untracked 
|  95|0x000000070d200000, 0x000000070d200000, 0x000000070d400000|  0%| F|  |TAMS 0x000000070d200000, 0x000000070d200000| Untracked 
|  96|0x000000070d400000, 0x000000070d400000, 0x000000070d600000|  0%| F|  |TAMS 0x000000070d400000, 0x000000070d400000| Untracked 
|  97|0x000000070d600000, 0x000000070d600000, 0x000000070d800000|  0%| F|  |TAMS 0x000000070d600000, 0x000000070d600000| Untracked 
|  98|0x000000070d800000, 0x000000070d800000, 0x000000070da00000|  0%| F|  |TAMS 0x000000070d800000, 0x000000070d800000| Untracked 
|  99|0x000000070da00000, 0x000000070da00000, 0x000000070dc00000|  0%| F|  |TAMS 0x000000070da00000, 0x000000070da00000| Untracked 
| 100|0x000000070dc00000, 0x000000070dc00000, 0x000000070de00000|  0%| F|  |TAMS 0x000000070dc00000, 0x000000070dc00000| Untracked 
| 101|0x000000070de00000, 0x000000070de00000, 0x000000070e000000|  0%| F|  |TAMS 0x000000070de00000, 0x000000070de00000| Untracked 
| 102|0x000000070e000000, 0x000000070e000000, 0x000000070e200000|  0%| F|  |TAMS 0x000000070e000000, 0x000000070e000000| Untracked 
| 103|0x000000070e200000, 0x000000070e200000, 0x000000070e400000|  0%| F|  |TAMS 0x000000070e200000, 0x000000070e200000| Untracked 
| 104|0x000000070e400000, 0x000000070e400000, 0x000000070e600000|  0%| F|  |TAMS 0x000000070e400000, 0x000000070e400000| Untracked 
| 105|0x000000070e600000, 0x000000070e600000, 0x000000070e800000|  0%| F|  |TAMS 0x000000070e600000, 0x000000070e600000| Untracked 
| 106|0x000000070e800000, 0x000000070e800000, 0x000000070ea00000|  0%| F|  |TAMS 0x000000070e800000, 0x000000070e800000| Untracked 
| 107|0x000000070ea00000, 0x000000070ea00000, 0x000000070ec00000|  0%| F|  |TAMS 0x000000070ea00000, 0x000000070ea00000| Untracked 
| 108|0x000000070ec00000, 0x000000070ec00000, 0x000000070ee00000|  0%| F|  |TAMS 0x000000070ec00000, 0x000000070ec00000| Untracked 
| 109|0x000000070ee00000, 0x000000070ee00000, 0x000000070f000000|  0%| F|  |TAMS 0x000000070ee00000, 0x000000070ee00000| Untracked 
| 110|0x000000070f000000, 0x000000070f000000, 0x000000070f200000|  0%| F|  |TAMS 0x000000070f000000, 0x000000070f000000| Untracked 
| 111|0x000000070f200000, 0x000000070f200000, 0x000000070f400000|  0%| F|  |TAMS 0x000000070f200000, 0x000000070f200000| Untracked 
| 112|0x000000070f400000, 0x000000070f400000, 0x000000070f600000|  0%| F|  |TAMS 0x000000070f400000, 0x000000070f400000| Untracked 
| 113|0x000000070f600000, 0x000000070f600000, 0x000000070f800000|  0%| F|  |TAMS 0x000000070f600000, 0x000000070f600000| Untracked 
| 114|0x000000070f800000, 0x000000070f800000, 0x000000070fa00000|  0%| F|  |TAMS 0x000000070f800000, 0x000000070f800000| Untracked 
| 115|0x000000070fa00000, 0x000000070fc00000, 0x000000070fc00000|100%| S|CS|TAMS 0x000000070fa00000, 0x000000070fa00000| Complete 
| 116|0x000000070fc00000, 0x000000070fe00000, 0x000000070fe00000|100%| S|CS|TAMS 0x000000070fc00000, 0x000000070fc00000| Complete 
| 117|0x000000070fe00000, 0x000000070fe00000, 0x0000000710000000|  0%| F|  |TAMS 0x000000070fe00000, 0x000000070fe00000| Untracked 
| 118|0x0000000710000000, 0x0000000710000000, 0x0000000710200000|  0%| F|  |TAMS 0x0000000710000000, 0x0000000710000000| Untracked 
| 119|0x0000000710200000, 0x0000000710200000, 0x0000000710400000|  0%| F|  |TAMS 0x0000000710200000, 0x0000000710200000| Untracked 
| 120|0x0000000710400000, 0x0000000710400000, 0x0000000710600000|  0%| F|  |TAMS 0x0000000710400000, 0x0000000710400000| Untracked 
| 121|0x0000000710600000, 0x0000000710600000, 0x0000000710800000|  0%| F|  |TAMS 0x0000000710600000, 0x0000000710600000| Untracked 
| 122|0x0000000710800000, 0x0000000710800000, 0x0000000710a00000|  0%| F|  |TAMS 0x0000000710800000, 0x0000000710800000| Untracked 
| 123|0x0000000710a00000, 0x0000000710a00000, 0x0000000710c00000|  0%| F|  |TAMS 0x0000000710a00000, 0x0000000710a00000| Untracked 
| 124|0x0000000710c00000, 0x0000000710c00000, 0x0000000710e00000|  0%| F|  |TAMS 0x0000000710c00000, 0x0000000710c00000| Untracked 
| 125|0x0000000710e00000, 0x0000000710fccd30, 0x0000000711000000| 90%| E|  |TAMS 0x0000000710e00000, 0x0000000710e00000| Complete 
| 126|0x0000000711000000, 0x0000000711200000, 0x0000000711200000|100%| E|  |TAMS 0x0000000711000000, 0x0000000711000000| Complete 
| 127|0x0000000711200000, 0x0000000711400000, 0x0000000711400000|100%| E|CS|TAMS 0x0000000711200000, 0x0000000711200000| Complete 

Card table byte_map: [0x000001985b590000,0x000001985bd90000] _byte_map_base: 0x0000019857d86000

Marking Bits (Prev, Next): (CMBitMap*) 0x00000198442277c0, (CMBitMap*) 0x0000019844227800
 Prev Bits: [0x000001985c590000, 0x0000019860540000)
 Next Bits: [0x0000019860540000, 0x00000198644f0000)

Polling page: 0x0000019842120000

Metaspace:

Usage:
  Non-class:      7.21 MB used.
      Class:    532.04 KB used.
       Both:      7.73 MB used.

Virtual space:
  Non-class space:       64.00 MB reserved,       7.31 MB ( 11%) committed,  1 nodes.
      Class space:        1.00 GB reserved,     640.00 KB ( <1%) committed,  1 nodes.
             Both:        1.06 GB reserved,       7.94 MB ( <1%) committed. 

Chunk freelists:
   Non-Class:  7.78 MB
       Class:  15.41 MB
        Both:  23.19 MB

MaxMetaspaceSize: unlimited
CompressedClassSpaceSize: 1.00 GB
Initial GC threshold: 21.00 MB
Current GC threshold: 21.00 MB
CDS: on
MetaspaceReclaimPolicy: balanced
 - commit_granule_bytes: 65536.
 - commit_granule_words: 8192.
 - virtual_space_node_default_size: 8388608.
 - enlarge_chunks_in_place: 1.
 - new_chunks_are_fully_committed: 0.
 - uncommit_free_chunks: 1.
 - use_allocation_guard: 0.
 - handle_deallocations: 1.


Internal statistics:

num_allocs_failed_limit: 0.
num_arena_births: 136.
num_arena_deaths: 0.
num_vsnodes_births: 2.
num_vsnodes_deaths: 0.
num_space_committed: 127.
num_space_uncommitted: 0.
num_chunks_returned_to_freelist: 0.
num_chunks_taken_from_freelist: 329.
num_chunk_merges: 0.
num_chunk_splits: 233.
num_chunks_enlarged: 167.
num_inconsistent_stats: 0.

CodeHeap 'non-profiled nmethods': size=120000Kb used=322Kb max_used=322Kb free=119677Kb
 bounds [0x0000019853530000, 0x00000198537a0000, 0x000001985aa60000]
CodeHeap 'profiled nmethods': size=120000Kb used=1556Kb max_used=1556Kb free=118443Kb
 bounds [0x000001984ba60000, 0x000001984bcd0000, 0x0000019852f90000]
CodeHeap 'non-nmethods': size=5760Kb used=1730Kb max_used=1755Kb free=4029Kb
 bounds [0x0000019852f90000, 0x0000019853200000, 0x0000019853530000]
 total_blobs=2168 nmethods=967 adapters=1114
 compilation: enabled
              stopped_count=0, restarted_count=0
 full_count=0

Compilation events (20 events):
Event: 2.799 Thread 0x0000019866f8e4b0 nmethod 955 0x000001984bbdfc10 code [0x000001984bbdfdc0, 0x000001984bbe00c8]
Event: 2.799 Thread 0x0000019866f8e4b0  957   !   3       java.nio.DirectFloatBufferU::get (33 bytes)
Event: 2.800 Thread 0x0000019866f8e4b0 nmethod 957 0x000001984bbe0290 code [0x000001984bbe04e0, 0x000001984bbe0f88]
Event: 2.800 Thread 0x0000019866f8e4b0  958       3       java.nio.Buffer::nextGetIndex (30 bytes)
Event: 2.800 Thread 0x0000019866f8d6e0  962       4       java.nio.Buffer::hasRemaining (17 bytes)
Event: 2.800 Thread 0x0000019866f8e4b0 nmethod 958 0x000001984bbe1510 code [0x000001984bbe16c0, 0x000001984bbe18e8]
Event: 2.800 Thread 0x0000019866f8e4b0  959   !   2       java.nio.DirectFloatBufferU::put (36 bytes)
Event: 2.800 Thread 0x0000019866f8d6e0 nmethod 962 0x000001985357d090 code [0x000001985357d200, 0x000001985357d298]
Event: 2.800 Thread 0x0000019866f8d6e0  963   !   4       jdk.internal.misc.ScopedMemoryAccess::putFloat (25 bytes)
Event: 2.801 Thread 0x0000019866f8e4b0 nmethod 959 0x000001984bbe1a10 code [0x000001984bbe1c00, 0x000001984bbe2028]
Event: 2.801 Thread 0x0000019866f8e4b0  960       2       java.nio.Buffer::nextPutIndex (30 bytes)
Event: 2.801 Thread 0x0000019866f8e4b0 nmethod 960 0x000001984bbe2410 code [0x000001984bbe25c0, 0x000001984bbe2788]
Event: 2.801 Thread 0x0000019866f8d6e0 nmethod 963 0x000001985357d390 code [0x000001985357d500, 0x000001985357d5b8]
Event: 2.801 Thread 0x0000019866f8d6e0  964   !   4       java.nio.DirectFloatBufferU::get (33 bytes)
Event: 2.803 Thread 0x0000019866f8d6e0 nmethod 964 0x000001985357d690 code [0x000001985357d800, 0x000001985357d8d8]
Event: 2.803 Thread 0x0000019866f8d6e0  965   !   4       java.nio.DirectFloatBufferU::put (36 bytes)
Event: 2.803 Thread 0x0000019866f8d6e0 nmethod 965 0x000001985357da10 code [0x000001985357db80, 0x000001985357dc78]
Event: 2.803 Thread 0x0000019866f8e4b0  966 %     3       processing.GL2VK.GraphicsBuffer::bufferData @ 68 (138 bytes)
Event: 2.805 Thread 0x0000019866f8e4b0 nmethod 966% 0x000001984bbe2890 code [0x000001984bbe2b80, 0x000001984bbe3768]
Event: 2.805 Thread 0x0000019866f8e4b0  967       3       processing.GL2VK.GraphicsBuffer::bufferData (138 bytes)

GC Heap History (2 events):
Event: 2.762 GC heap before
{Heap before GC invocations=0 (full 0):
 garbage-first heap   total 262144K, used 20480K [0x0000000701400000, 0x0000000800000000)
  region size 2048K, 11 young (22528K), 0 survivors (0K)
 Metaspace       used 7779K, committed 8000K, reserved 1114112K
  class space    used 526K, committed 640K, reserved 1048576K
}
Event: 2.774 GC heap after
{Heap after GC invocations=1 (full 0):
 garbage-first heap   total 262144K, used 4168K [0x0000000701400000, 0x0000000800000000)
  region size 2048K, 2 young (4096K), 2 survivors (4096K)
 Metaspace       used 7779K, committed 8000K, reserved 1114112K
  class space    used 526K, committed 640K, reserved 1048576K
}

Deoptimization events (20 events):
Event: 0.233 Thread 0x0000019841fb9fb0 DEOPT PACKING pc=0x000001984ba75c67 sp=0x000000915c0fc920
Event: 0.233 Thread 0x0000019841fb9fb0 DEOPT UNPACKING pc=0x0000019852fe2b43 sp=0x000000915c0fbd40 mode 0
Event: 0.431 Thread 0x000001986b2359e0 Uncommon trap: trap_request=0xffffff45 fr.pc=0x000001985354d164 relative=0x0000000000000064
Event: 0.431 Thread 0x000001986b2359e0 Uncommon trap: reason=unstable_if action=reinterpret pc=0x000001985354d164 method=java.io.WinNTFileSystem.isSlash(C)Z @ 9 c2
Event: 0.431 Thread 0x000001986b2359e0 DEOPT PACKING pc=0x000001985354d164 sp=0x000000915d9fce20
Event: 0.431 Thread 0x000001986b2359e0 DEOPT UNPACKING pc=0x0000019852fe23a3 sp=0x000000915d9fcda8 mode 2
Event: 0.598 Thread 0x000001986b2359e0 Uncommon trap: trap_request=0xffffff6e fr.pc=0x0000019853564e74 relative=0x0000000000000454
Event: 0.598 Thread 0x000001986b2359e0 Uncommon trap: reason=loop_limit_check action=maybe_recompile pc=0x0000019853564e74 method=java.lang.StringLatin1.indexOf([BI[BII)I @ 37 c2
Event: 0.598 Thread 0x000001986b2359e0 DEOPT PACKING pc=0x0000019853564e74 sp=0x000000915d9f9fe0
Event: 0.598 Thread 0x000001986b2359e0 DEOPT UNPACKING pc=0x0000019852fe23a3 sp=0x000000915d9f9f40 mode 2
Event: 2.456 Thread 0x000001986b2359e0 Uncommon trap: trap_request=0xffffff5c fr.pc=0x000001985356b6d8 relative=0x0000000000000058
Event: 2.456 Thread 0x000001986b2359e0 Uncommon trap: reason=speculate_null_check action=make_not_entrant pc=0x000001985356b6d8 method=sun.misc.Unsafe.getLong(Ljava/lang/Object;J)J @ 5 c2
Event: 2.456 Thread 0x000001986b2359e0 DEOPT PACKING pc=0x000001985356b6d8 sp=0x000000915d9fed40
Event: 2.456 Thread 0x000001986b2359e0 DEOPT UNPACKING pc=0x0000019852fe23a3 sp=0x000000915d9fecb8 mode 2
Event: 2.472 Thread 0x000001986b2359e0 DEOPT PACKING pc=0x000001984bb7e63b sp=0x000000915d9fa380
Event: 2.472 Thread 0x000001986b2359e0 DEOPT UNPACKING pc=0x0000019852fe2b43 sp=0x000000915d9f97e0 mode 0
Event: 2.486 Thread 0x000001986b2359e0 Uncommon trap: trap_request=0xffffff5c fr.pc=0x000001985356b3d8 relative=0x0000000000000058
Event: 2.486 Thread 0x000001986b2359e0 Uncommon trap: reason=speculate_null_check action=make_not_entrant pc=0x000001985356b3d8 method=sun.misc.Unsafe.putInt(Ljava/lang/Object;JI)V @ 7 c2
Event: 2.486 Thread 0x000001986b2359e0 DEOPT PACKING pc=0x000001985356b3d8 sp=0x000000915d9fed20
Event: 2.486 Thread 0x000001986b2359e0 DEOPT UNPACKING pc=0x0000019852fe23a3 sp=0x000000915d9feca0 mode 2

Classes unloaded (0 events):
No events

Classes redefined (0 events):
No events

Internal exceptions (20 events):
Event: 2.671 Thread 0x000001986b2345a0 Exception <a 'java/lang/InterruptedException'{0x0000000710274878}: sleep interrupted> (0x0000000710274878) 
thrown [s\open\src\hotspot\share\prims\jvm.cpp, line 3064]
Event: 2.671 Thread 0x0000019871b7abf0 Exception <a 'java/lang/InterruptedException'{0x00000007102e52c8}: sleep interrupted> (0x00000007102e52c8) 
thrown [s\open\src\hotspot\share\prims\jvm.cpp, line 3064]
Event: 2.671 Thread 0x0000019871b7a6e0 Exception <a 'java/lang/InterruptedException'{0x00000007103c6768}: sleep interrupted> (0x00000007103c6768) 
thrown [s\open\src\hotspot\share\prims\jvm.cpp, line 3064]
Event: 2.671 Thread 0x0000019871b75af0 Exception <a 'java/lang/InterruptedException'{0x0000000710355d18}: sleep interrupted> (0x0000000710355d18) 
thrown [s\open\src\hotspot\share\prims\jvm.cpp, line 3064]
Event: 2.671 Thread 0x0000019871b76000 Exception <a 'java/lang/InterruptedException'{0x0000000710000040}: sleep interrupted> (0x0000000710000040) 
thrown [s\open\src\hotspot\share\prims\jvm.cpp, line 3064]
Event: 2.671 Thread 0x0000019871b76f30 Exception <a 'java/lang/InterruptedException'{0x0000000710000840}: sleep interrupted> (0x0000000710000840) 
thrown [s\open\src\hotspot\share\prims\jvm.cpp, line 3064]
Event: 2.685 Thread 0x0000019871b75af0 Exception <a 'java/lang/InterruptedException'{0x0000000710356028}: sleep interrupted> (0x0000000710356028) 
thrown [s\open\src\hotspot\share\prims\jvm.cpp, line 3064]
Event: 2.685 Thread 0x0000019871b7a6e0 Exception <a 'java/lang/InterruptedException'{0x00000007103c6a78}: sleep interrupted> (0x00000007103c6a78) 
thrown [s\open\src\hotspot\share\prims\jvm.cpp, line 3064]
Event: 2.685 Thread 0x000001986b233160 Exception <a 'java/lang/InterruptedException'{0x000000071055f108}: sleep interrupted> (0x000000071055f108) 
thrown [s\open\src\hotspot\share\prims\jvm.cpp, line 3064]
Event: 2.685 Thread 0x0000019871b76000 Exception <a 'java/lang/InterruptedException'{0x0000000710000350}: sleep interrupted> (0x0000000710000350) 
thrown [s\open\src\hotspot\share\prims\jvm.cpp, line 3064]
Event: 2.685 Thread 0x000001986b2345a0 Exception <a 'java/lang/InterruptedException'{0x0000000710274bc0}: sleep interrupted> (0x0000000710274bc0) 
thrown [s\open\src\hotspot\share\prims\jvm.cpp, line 3064]
Event: 2.685 Thread 0x0000019871b7abf0 Exception <a 'java/lang/InterruptedException'{0x00000007102e55d8}: sleep interrupted> (0x00000007102e55d8) 
thrown [s\open\src\hotspot\share\prims\jvm.cpp, line 3064]
Event: 2.685 Thread 0x0000019871b76f30 Exception <a 'java/lang/InterruptedException'{0x0000000710000b50}: sleep interrupted> (0x0000000710000b50) 
thrown [s\open\src\hotspot\share\prims\jvm.cpp, line 3064]
Event: 2.707 Thread 0x000001986b2345a0 Exception <a 'java/lang/InterruptedException'{0x0000000710275a00}: sleep interrupted> (0x0000000710275a00) 
thrown [s\open\src\hotspot\share\prims\jvm.cpp, line 3064]
Event: 2.707 Thread 0x000001986b233160 Exception <a 'java/lang/InterruptedException'{0x000000071055ff88}: sleep interrupted> (0x000000071055ff88) 
thrown [s\open\src\hotspot\share\prims\jvm.cpp, line 3064]
Event: 2.707 Thread 0x0000019871b75af0 Exception <a 'java/lang/InterruptedException'{0x0000000710356ea8}: sleep interrupted> (0x0000000710356ea8) 
thrown [s\open\src\hotspot\share\prims\jvm.cpp, line 3064]
Event: 2.707 Thread 0x0000019871b7abf0 Exception <a 'java/lang/InterruptedException'{0x00000007102e6310}: sleep interrupted> (0x00000007102e6310) 
thrown [s\open\src\hotspot\share\prims\jvm.cpp, line 3064]
Event: 2.708 Thread 0x0000019871b7a6e0 Exception <a 'java/lang/InterruptedException'{0x00000007103c77b0}: sleep interrupted> (0x00000007103c77b0) 
thrown [s\open\src\hotspot\share\prims\jvm.cpp, line 3064]
Event: 2.708 Thread 0x0000019871b76f30 Exception <a 'java/lang/InterruptedException'{0x0000000710001990}: sleep interrupted> (0x0000000710001990) 
thrown [s\open\src\hotspot\share\prims\jvm.cpp, line 3064]
Event: 2.708 Thread 0x0000019871b76000 Exception <a 'java/lang/InterruptedException'{0x0000000710071ed0}: sleep interrupted> (0x0000000710071ed0) 
thrown [s\open\src\hotspot\share\prims\jvm.cpp, line 3064]

VM Operations (10 events):
Event: 0.113 Executing VM operation: HandshakeAllThreads
Event: 0.113 Executing VM operation: HandshakeAllThreads done
Event: 0.348 Executing VM operation: HandshakeAllThreads
Event: 0.348 Executing VM operation: HandshakeAllThreads done
Event: 1.361 Executing VM operation: Cleanup
Event: 1.361 Executing VM operation: Cleanup done
Event: 2.362 Executing VM operation: Cleanup
Event: 2.362 Executing VM operation: Cleanup done
Event: 2.761 Executing VM operation: G1CollectForAllocation
Event: 2.774 Executing VM operation: G1CollectForAllocation done

Events (20 events):
Event: 2.483 loading class java/util/stream/SpinedBuffer$OfInt done
Event: 2.483 loading class java/util/stream/Nodes$IntSpinedNodeBuilder done
Event: 2.483 loading class java/util/stream/ReferencePipeline$4$1
Event: 2.483 loading class java/util/stream/ReferencePipeline$4$1 done
Event: 2.483 loading class java/util/stream/IntPipeline$1$1
Event: 2.483 loading class java/util/stream/IntPipeline$1$1 done
Event: 2.624 loading class java/util/concurrent/atomic/AtomicIntegerArray
Event: 2.624 loading class java/util/concurrent/atomic/AtomicIntegerArray done
Event: 2.624 loading class java/lang/invoke/VarHandleInts$Array
Event: 2.625 loading class java/lang/invoke/VarHandleInts$Array done
Event: 2.625 loading class java/util/concurrent/atomic/AtomicLongArray
Event: 2.625 loading class java/util/concurrent/atomic/AtomicLongArray done
Event: 2.632 Thread 0x000001986b233160 Thread added: 0x000001986b233160
Event: 2.633 Thread 0x000001986b2345a0 Thread added: 0x000001986b2345a0
Event: 2.635 Thread 0x0000019871b75af0 Thread added: 0x0000019871b75af0
Event: 2.637 Thread 0x0000019871b7abf0 Thread added: 0x0000019871b7abf0
Event: 2.638 Thread 0x0000019871b7a6e0 Thread added: 0x0000019871b7a6e0
Event: 2.639 Thread 0x0000019871b76000 Thread added: 0x0000019871b76000
Event: 2.640 Thread 0x0000019871b76f30 Thread added: 0x0000019871b76f30
Event: 2.733 Thread 0x000001986efbd280 Thread added: 0x000001986efbd280


Dynamic libraries:
0x00007ff7edca0000 - 0x00007ff7edcb0000 	C:\Program Files\Java\jdk-17\bin\javaw.exe
0x00007ff89fa70000 - 0x00007ff89fc87000 	C:\WINDOWS\SYSTEM32\ntdll.dll
0x00007ff89e6c0000 - 0x00007ff89e784000 	C:\WINDOWS\System32\KERNEL32.DLL
0x00007ff89d100000 - 0x00007ff89d4b7000 	C:\WINDOWS\System32\KERNELBASE.dll
0x00007ff89cd80000 - 0x00007ff89ce91000 	C:\WINDOWS\System32\ucrtbase.dll
0x00007ff894e90000 - 0x00007ff894ea9000 	C:\Program Files\Java\jdk-17\bin\jli.dll
0x00007ff894e70000 - 0x00007ff894e8b000 	C:\Program Files\Java\jdk-17\bin\VCRUNTIME140.dll
0x00007ff89e550000 - 0x00007ff89e602000 	C:\WINDOWS\System32\ADVAPI32.dll
0x00007ff89e790000 - 0x00007ff89e837000 	C:\WINDOWS\System32\msvcrt.dll
0x00007ff89d8a0000 - 0x00007ff89d948000 	C:\WINDOWS\System32\sechost.dll
0x00007ff89cf10000 - 0x00007ff89cf38000 	C:\WINDOWS\System32\bcrypt.dll
0x00007ff89ea80000 - 0x00007ff89eb94000 	C:\WINDOWS\System32\RPCRT4.dll
0x00007ff89e840000 - 0x00007ff89e9ef000 	C:\WINDOWS\System32\USER32.dll
0x00007ff89d6b0000 - 0x00007ff89d6d6000 	C:\WINDOWS\System32\win32u.dll
0x00007ff880440000 - 0x00007ff8806d3000 	C:\WINDOWS\WinSxS\amd64_microsoft.windows.common-controls_6595b64144ccf1df_6.0.22621.3672_none_2713b9d173822955\COMCTL32.dll
0x00007ff89eba0000 - 0x00007ff89ebc9000 	C:\WINDOWS\System32\GDI32.dll
0x00007ff89cf40000 - 0x00007ff89d058000 	C:\WINDOWS\System32\gdi32full.dll
0x00007ff89d060000 - 0x00007ff89d0fa000 	C:\WINDOWS\System32\msvcp_win.dll
0x00007ff890f80000 - 0x00007ff890f8a000 	C:\WINDOWS\SYSTEM32\VERSION.dll
0x00007ff89d950000 - 0x00007ff89d981000 	C:\WINDOWS\System32\IMM32.DLL
0x00007ff898560000 - 0x00007ff89856c000 	C:\Program Files\Java\jdk-17\bin\vcruntime140_1.dll
0x00007ff887170000 - 0x00007ff8871fe000 	C:\Program Files\Java\jdk-17\bin\msvcp140.dll
0x00007ff8490d0000 - 0x00007ff849caf000 	C:\Program Files\Java\jdk-17\bin\server\jvm.dll
0x00007ff89d7a0000 - 0x00007ff89d7a8000 	C:\WINDOWS\System32\PSAPI.DLL
0x00007ff87fc90000 - 0x00007ff87fc99000 	C:\WINDOWS\SYSTEM32\WSOCK32.dll
0x00007ff897940000 - 0x00007ff897974000 	C:\WINDOWS\SYSTEM32\WINMM.dll
0x00007ff89f140000 - 0x00007ff89f1b1000 	C:\WINDOWS\System32\WS2_32.dll
0x00007ff89bd90000 - 0x00007ff89bda8000 	C:\WINDOWS\SYSTEM32\kernel.appcore.dll
0x00007ff895320000 - 0x00007ff89532a000 	C:\Program Files\Java\jdk-17\bin\jimage.dll
0x00007ff89a5e0000 - 0x00007ff89a812000 	C:\WINDOWS\SYSTEM32\DBGHELP.DLL
0x00007ff89dd40000 - 0x00007ff89e0ce000 	C:\WINDOWS\System32\combase.dll
0x00007ff89ede0000 - 0x00007ff89eeb7000 	C:\WINDOWS\System32\OLEAUT32.dll
0x00007ff88b350000 - 0x00007ff88b382000 	C:\WINDOWS\SYSTEM32\dbgcore.DLL
0x00007ff89d4c0000 - 0x00007ff89d53b000 	C:\WINDOWS\System32\bcryptPrimitives.dll
0x00007ff885e10000 - 0x00007ff885e35000 	C:\Program Files\Java\jdk-17\bin\java.dll
0x00007ff8817c0000 - 0x00007ff881897000 	C:\Program Files\Java\jdk-17\bin\jsvml.dll
0x00007ff89f1c0000 - 0x00007ff89fa29000 	C:\WINDOWS\System32\SHELL32.dll
0x00007ff89aca0000 - 0x00007ff89b59f000 	C:\WINDOWS\SYSTEM32\windows.storage.dll
0x00007ff89ab60000 - 0x00007ff89ac9f000 	C:\WINDOWS\SYSTEM32\wintypes.dll
0x00007ff89d990000 - 0x00007ff89da89000 	C:\WINDOWS\System32\SHCORE.dll
0x00007ff89ebd0000 - 0x00007ff89ec2e000 	C:\WINDOWS\System32\shlwapi.dll
0x00007ff89ccb0000 - 0x00007ff89ccd7000 	C:\WINDOWS\SYSTEM32\profapi.dll
0x00007ff87f330000 - 0x00007ff87f4c1000 	C:\Program Files\Java\jdk-17\bin\awt.dll
0x00007ff897550000 - 0x00007ff8975e7000 	C:\WINDOWS\SYSTEM32\apphelp.dll
0x00007ff894e50000 - 0x00007ff894e69000 	C:\Program Files\Java\jdk-17\bin\net.dll
0x00007ff897800000 - 0x00007ff897936000 	C:\WINDOWS\SYSTEM32\WINHTTP.dll
0x00007ff89c260000 - 0x00007ff89c2c9000 	C:\WINDOWS\system32\mswsock.dll
0x00007ff894d60000 - 0x00007ff894d76000 	C:\Program Files\Java\jdk-17\bin\nio.dll
0x00007ff887150000 - 0x00007ff887168000 	C:\Program Files\Java\jdk-17\bin\zip.dll
0x00007ff899dc0000 - 0x00007ff899e71000 	C:\WINDOWS\system32\uxtheme.dll
0x00007ff89eec0000 - 0x00007ff89f020000 	C:\WINDOWS\System32\MSCTF.dll
0x00007ff89ec30000 - 0x00007ff89edd5000 	C:\WINDOWS\System32\ole32.dll
0x00007ff89a030000 - 0x00007ff89a05b000 	C:\WINDOWS\system32\DWMAPI.DLL
0x00007ff83bd00000 - 0x00007ff83be00000 	C:\WINDOWS\system32\opengl32.dll
0x00007ff876300000 - 0x00007ff87632d000 	C:\WINDOWS\SYSTEM32\GLU32.dll
0x00007ff899ee0000 - 0x00007ff899f17000 	C:\WINDOWS\SYSTEM32\dxcore.dll
0x00007ff881c00000 - 0x00007ff881c7b000 	C:\Users\teojo\AppData\Local\Temp\lwjgl_teojo\3.3.4+7\x64\lwjgl.dll
0x00007ff880ca0000 - 0x00007ff880d25000 	C:\Users\teojo\AppData\Local\Temp\lwjgl_teojo\3.3.4+7\x64\glfw.dll
0x00007ff880c50000 - 0x00007ff880c96000 	C:\WINDOWS\SYSTEM32\dinput8.dll
0x00007ff8979d0000 - 0x00007ff8979e1000 	C:\WINDOWS\SYSTEM32\xinput1_4.dll
0x00007ff89ca70000 - 0x00007ff89cabe000 	C:\WINDOWS\SYSTEM32\cfgmgr32.dll
0x00007ff89ca40000 - 0x00007ff89ca6c000 	C:\WINDOWS\SYSTEM32\DEVOBJ.dll
0x00007ff891760000 - 0x00007ff891973000 	C:\WINDOWS\SYSTEM32\inputhost.dll
0x00007ff8971d0000 - 0x00007ff897303000 	C:\WINDOWS\SYSTEM32\CoreMessaging.dll
0x00007ff89c590000 - 0x00007ff89c59c000 	C:\WINDOWS\SYSTEM32\CRYPTBASE.DLL
0x00007ff892430000 - 0x00007ff892573000 	C:\WINDOWS\SYSTEM32\textinputframework.dll
0x00007ff893de0000 - 0x00007ff89414d000 	C:\WINDOWS\SYSTEM32\CoreUIComponents.dll
0x00007ff8806e0000 - 0x00007ff880749000 	C:\WINDOWS\system32\Oleacc.dll
0x00007ff8801c0000 - 0x00007ff88031f000 	C:\WINDOWS\SYSTEM32\vulkan-1.dll
0x00007ff899f20000 - 0x00007ff89a017000 	C:\WINDOWS\system32\dxgi.dll
0x00007ff894f10000 - 0x00007ff894f2a000 	C:\WINDOWS\SYSTEM32\windows.staterepositorycore.dll
0x00007ff8945c0000 - 0x00007ff894609000 	C:\WINDOWS\SYSTEM32\directxdatabasehelper.dll
0x00007ff82a230000 - 0x00007ff82b67b000 	C:\WINDOWS\System32\DriverStore\FileRepository\64zh1339.inf_amd64_049a1eb556a79dfd\igvk64.dll
0x00007ff8902e0000 - 0x00007ff8906a7000 	C:\WINDOWS\System32\DriverStore\FileRepository\64zh1339.inf_amd64_049a1eb556a79dfd\igdgmm64.dll
0x00007ff88cab0000 - 0x00007ff890062000 	C:\WINDOWS\System32\DriverStore\FileRepository\64zh1339.inf_amd64_049a1eb556a79dfd\igc64.dll
0x00007ff875930000 - 0x00007ff875d4d000 	C:\WINDOWS\System32\DriverStore\FileRepository\64zh1339.inf_amd64_049a1eb556a79dfd\igdmd64.dll
0x00007ff819150000 - 0x00007ff81bd3b000 	C:\WINDOWS\System32\DriverStore\FileRepository\nvmsoi.inf_amd64_f617ba55ceca6e18\nvoglv64.dll
0x00007ff89e0d0000 - 0x00007ff89e544000 	C:\WINDOWS\System32\SETUPAPI.dll
0x00007ff89bb50000 - 0x00007ff89bb64000 	C:\WINDOWS\SYSTEM32\WTSAPI32.dll
0x00007ff89c680000 - 0x00007ff89c692000 	C:\WINDOWS\SYSTEM32\msasn1.dll
0x00007ff890ff0000 - 0x00007ff891022000 	C:\WINDOWS\SYSTEM32\cryptnet.dll
0x00007ff89d540000 - 0x00007ff89d6a6000 	C:\WINDOWS\System32\CRYPT32.dll
0x00007ff890170000 - 0x00007ff8902d2000 	C:\WINDOWS\SYSTEM32\drvstore.dll
0x00007ff89c4e0000 - 0x00007ff89c529000 	C:\WINDOWS\SYSTEM32\wldp.dll
0x00007ff89cea0000 - 0x00007ff89cf0c000 	C:\WINDOWS\System32\wintrust.dll
0x00007ff89f020000 - 0x00007ff89f03f000 	C:\WINDOWS\System32\imagehlp.dll
0x00007ff89c630000 - 0x00007ff89c64b000 	C:\WINDOWS\SYSTEM32\CRYPTSP.dll
0x00007ff89bcf0000 - 0x00007ff89bd25000 	C:\WINDOWS\system32\rsaenh.dll
0x00007ff89c2d0000 - 0x00007ff89c2f6000 	C:\WINDOWS\SYSTEM32\gpapi.dll
0x00007ff825320000 - 0x00007ff82750d000 	C:\WINDOWS\System32\DriverStore\FileRepository\nvmsoi.inf_amd64_f617ba55ceca6e18\nvgpucomp64.dll
0x00007ff89bf10000 - 0x00007ff89bf44000 	C:\WINDOWS\SYSTEM32\ntmarta.dll
0x00007ff89e610000 - 0x00007ff89e6c0000 	C:\WINDOWS\System32\clbcatq.dll
0x00007ff8818e0000 - 0x00007ff881919000 	C:\WINDOWS\SYSTEM32\rometadata.dll
0x00007ff817790000 - 0x00007ff819142000 	C:\VulkanSDK\1.3.275.0\Bin\VkLayer_khronos_validation.dll
0x00007ff87f2e0000 - 0x00007ff87f32e000 	C:\ProgramData\obs-studio-hook\graphics-hook64.dll
0x00007ff81bd40000 - 0x00007ff81bd74000 	C:\WINDOWS\SYSTEM32\ControlLib.dll
0x00007ff8757a0000 - 0x00007ff875929000 	C:\WINDOWS\System32\DriverStore\FileRepository\64zh1339.inf_amd64_049a1eb556a79dfd\igdml64.dll
0x00007ff895710000 - 0x00007ff895854000 	C:\Windows\System32\AppXDeploymentClient.dll
0x00007ff829210000 - 0x00007ff82a222000 	C:\WINDOWS\System32\DriverStore\FileRepository\64zh1339.inf_amd64_049a1eb556a79dfd\ig9icd64.dll
0x00007ff89c5e0000 - 0x00007ff89c62d000 	C:\WINDOWS\SYSTEM32\powrprof.dll
0x00007ff89c5b0000 - 0x00007ff89c5c3000 	C:\WINDOWS\SYSTEM32\UMPDC.dll
0x00007ff86e320000 - 0x00007ff86e36b000 	C:\WINDOWS\system32\ApplicationTargetedFeatureDatabase.dll
0x00007ff892010000 - 0x00007ff8922b2000 	C:\Windows\System32\twinapi.appcore.dll

dbghelp: loaded successfully - version: 4.0.5 - missing functions: none
symbol engine: initialized successfully - sym options: 0x614 - pdb path: .;C:\Program Files\Java\jdk-17\bin;C:\WINDOWS\SYSTEM32;C:\WINDOWS\WinSxS\amd64_microsoft.windows.common-controls_6595b64144ccf1df_6.0.22621.3672_none_2713b9d173822955;C:\Program Files\Java\jdk-17\bin\server;C:\Users\teojo\AppData\Local\Temp\lwjgl_teojo\3.3.4+7\x64;C:\WINDOWS\System32\DriverStore\FileRepository\64zh1339.inf_amd64_049a1eb556a79dfd;C:\WINDOWS\System32\DriverStore\FileRepository\nvmsoi.inf_amd64_f617ba55ceca6e18;C:\VulkanSDK\1.3.275.0\Bin;C:\ProgramData\obs-studio-hook

VM Arguments:
jvm_args: -Dfile.encoding=UTF-8 -Dstdout.encoding=UTF-8 -Dstderr.encoding=UTF-8 -XX:+ShowCodeDetailsInExceptionMessages 
java_command: Sketch1
java_class_path (initial): C:\mydata\projects\processing4\core\bin;C:\mydata\projects\processing4\core\library\jogl-all.jar;C:\mydata\projects\processing4\core\library\gluegen-rt.jar;C:\mydata\projects\processing4\core\library\lwjgl-vulkan\joml-1.10.7.jar;C:\mydata\projects\processing4\core\library\lwjgl-vulkan\lwjgl.jar;C:\mydata\projects\processing4\core\library\lwjgl-vulkan\lwjgl-assimp.jar;C:\mydata\projects\processing4\core\library\lwjgl-vulkan\lwjgl-assimp-natives-linux.jar;C:\mydata\projects\processing4\core\library\lwjgl-vulkan\lwjgl-assimp-natives-windows.jar;C:\mydata\projects\processing4\core\library\lwjgl-vulkan\lwjgl-assimp-sources.jar;C:\mydata\projects\processing4\core\library\lwjgl-vulkan\lwjgl-glfw.jar;C:\mydata\projects\processing4\core\library\lwjgl-vulkan\lwjgl-glfw-natives-linux.jar;C:\mydata\projects\processing4\core\library\lwjgl-vulkan\lwjgl-glfw-natives-windows.jar;C:\mydata\projects\processing4\core\library\lwjgl-vulkan\lwjgl-glfw-sources.jar;C:\mydata\projects\processing4\core\library\lwjgl-vulkan\lwjgl-natives-linux.jar;C:\mydata\projects\processing4\core\library\lwjgl-vulkan\lwjgl-natives-windows.jar;C:\mydata\projects\processing4\core\library\lwjgl-vulkan\lwjgl-openal.jar;C:\mydata\projects\processing4\core\library\lwjgl-vulkan\lwjgl-openal-natives-linux.jar;C:\mydata\projects\processing4\core\library\lwjgl-vulkan\lwjgl-openal-natives-windows.jar;C:\mydata\projects\processing4\core\library\lwjgl-vulkan\lwjgl-openal-sources.jar;C:\mydata\projects\processing4\core\library\lwjgl-vulkan\lwjgl-shaderc.jar;C:\mydata\projects\processing4\core\library\lwjgl-vulkan\lwjgl-shaderc-natives-linux.jar;C:\mydata\projects\processing4\core\library\lwjgl-vulkan\lwjgl-shaderc-natives-windows.jar;C:\mydata\projects\processing4\core\library\lwjgl-vulkan\lwjgl-shaderc-sources.jar;C:\mydata\projects\processing4\core\library\lwjgl-vulkan\lwjgl-sources.jar;C:\mydata\projects\processing4\core\library\lwjgl-vulkan\lwjgl-stb.jar;C:\mydata\projects\processing4\co
Launcher Type: SUN_STANDARD

[Global flags]
     intx CICompilerCount                          = 4                                         {product} {ergonomic}
     uint ConcGCThreads                            = 2                                         {product} {ergonomic}
     uint G1ConcRefinementThreads                  = 8                                         {product} {ergonomic}
   size_t G1HeapRegionSize                         = 2097152                                   {product} {ergonomic}
    uintx GCDrainStackTargetSize                   = 64                                        {product} {ergonomic}
   size_t InitialHeapSize                          = 268435456                                 {product} {ergonomic}
   size_t MarkStackSize                            = 4194304                                   {product} {ergonomic}
   size_t MaxHeapSize                              = 4273995776                                {product} {ergonomic}
   size_t MaxNewSize                               = 2562719744                                {product} {ergonomic}
   size_t MinHeapDeltaBytes                        = 2097152                                   {product} {ergonomic}
   size_t MinHeapSize                              = 8388608                                   {product} {ergonomic}
    uintx NonNMethodCodeHeapSize                   = 5839372                                {pd product} {ergonomic}
    uintx NonProfiledCodeHeapSize                  = 122909434                              {pd product} {ergonomic}
    uintx ProfiledCodeHeapSize                     = 122909434                              {pd product} {ergonomic}
    uintx ReservedCodeCacheSize                    = 251658240                              {pd product} {ergonomic}
     bool SegmentedCodeCache                       = true                                      {product} {ergonomic}
     bool ShowCodeDetailsInExceptionMessages       = true                                   {manageable} {command line}
   size_t SoftMaxHeapSize                          = 4273995776                             {manageable} {ergonomic}
     bool UseCompressedClassPointers               = true                           {product lp64_product} {ergonomic}
     bool UseCompressedOops                        = true                           {product lp64_product} {ergonomic}
     bool UseG1GC                                  = true                                      {product} {ergonomic}
     bool UseLargePagesIndividualAllocation        = false                                  {pd product} {ergonomic}

Logging:
Log output configuration:
 #0: stdout all=warning uptime,level,tags
 #1: stderr all=off uptime,level,tags

Environment Variables:
PATH=C:/Users/teojo/.p2/pool/plugins/org.eclipse.justj.openjdk.hotspot.jre.full.win32.x86_64_17.0.8.v20230831-1047/jre/bin/server;C:/Users/teojo/.p2/pool/plugins/org.eclipse.justj.openjdk.hotspot.jre.full.win32.x86_64_17.0.8.v20230831-1047/jre/bin;C:\VulkanSDK\1.3.275.0\Bin;C:\Program Files\Common Files\Oracle\Java\javapath;C:\Program Files (x86)\Common Files\Oracle\Java\java8path;C:\Program Files (x86)\Common Files\Oracle\Java\javapath;C:\WINDOWS\system32;C:\WINDOWS;C:\WINDOWS\System32\Wbem;C:\WINDOWS\System32\WindowsPowerShell\v1.0\;C:\WINDOWS\System32\OpenSSH\;C:\Program Files\dotnet\;C:\Program Files (x86)\NVIDIA Corporation\PhysX\Common;C:\Program Files\CMake\bin;C:\Program Files (x86)\Windows Kits\10\Windows Performance Toolkit\;C:\mydata\apps\apache-maven-3.9.8\bin\;C:\Users\teojo\AppData\Local\Microsoft\WindowsApps;C:\Users\teojo\AppData\Local\Programs\Microsoft VS Code\bin;C:\Users\teojo\.dotnet\tools;C:\msys64\ucrt64\bin;;C:\WINDOWS\system32;
USERNAME=teojo
OS=Windows_NT
PROCESSOR_IDENTIFIER=Intel64 Family 6 Model 142 Stepping 10, GenuineIntel



---------------  S Y S T E M  ---------------

OS:
 Windows 11 , 64 bit Build 22621 (10.0.22621.3958)
OS uptime: 0 days 2:53 hours
Hyper-V role detected

CPU: total 8 (initial active 8) (4 cores per cpu, 2 threads per core) family 6 model 142 stepping 10 microcode 0xf0, cx8, cmov, fxsr, ht, mmx, 3dnowpref, sse, sse2, sse3, ssse3, sse4.1, sse4.2, popcnt, lzcnt, tsc, tscinvbit, avx, avx2, aes, erms, clmul, bmi1, bmi2, rtm, adx, fma, vzeroupper, clflush, clflushopt, hv

Memory: 4k page, system-wide physical 16301M (8014M free)
TotalPageFile size 21933M (AvailPageFile size 10150M)
current process WorkingSet (physical memory assigned to process): 242M, peak: 242M
current process commit charge ("private bytes"): 573M, peak: 573M

vm_info: Java HotSpot(TM) 64-Bit Server VM (17.0.10+11-LTS-240) for windows-amd64 JRE (17.0.10+11-LTS-240), built on Dec 19 2023 21:47:25 by "mach5one" with MS VC++ 17.1 (VS2022)

END.
