#
# A fatal error has been detected by the Java Runtime Environment:
#
#  EXCEPTION_ACCESS_VIOLATION (0xc0000005) at pc=0x00007ffb144bbdc4, pid=15088, tid=12424
#
# JRE version: Java(TM) SE Runtime Environment (17.0.10+11) (build 17.0.10+11-LTS-240)
# Java VM: Java HotSpot(TM) 64-Bit Server VM (17.0.10+11-LTS-240, mixed mode, sharing, tiered, compressed oops, compressed class ptrs, g1 gc, windows-amd64)
# Problematic frame:
# C  [VkLayer_khronos_validation.dll+0xc1bdc4]
#
# No core dump will be written. Minidumps are not enabled by default on client versions of Windows
#
# If you would like to submit a bug report, please visit:
#   https://bugreport.java.com/bugreport/crash.jsp
# The crash happened outside the Java Virtual Machine in native code.
# See problematic frame for where to report the bug.
#

---------------  S U M M A R Y ------------

Command Line: -Dfile.encoding=UTF-8 -Dstdout.encoding=UTF-8 -Dstderr.encoding=UTF-8 -XX:+ShowCodeDetailsInExceptionMessages Sketch1

Host: Intel(R) Core(TM) i7-8650U CPU @ 1.90GHz, 8 cores, 15G,  Windows 11 , 64 bit Build 22621 (10.0.22621.3958)
Time: Thu Oct 31 10:14:30 2024 GMT Standard Time elapsed time: 4.011873 seconds (0d 0h 0m 4s)

---------------  T H R E A D  ---------------

Current thread (0x000001998f9b4440):  JavaThread "Timer-0" [_thread_in_native, id=12424, stack(0x0000001725200000,0x0000001725300000)]

Stack: [0x0000001725200000,0x0000001725300000],  sp=0x00000017252fe3b0,  free space=1016k
Native frames: (J=compiled Java code, j=interpreted, Vv=VM code, C=native code)
C  [VkLayer_khronos_validation.dll+0xc1bdc4]

Java frames: (J=compiled Java code, j=interpreted, Vv=VM code)
j  org.lwjgl.system.JNI.callPJJPV(JJJIJJ)V+0
j  org.lwjgl.vulkan.VK10.nvkCmdCopyBuffer(Lorg/lwjgl/vulkan/VkCommandBuffer;JJIJ)V+21
j  org.lwjgl.vulkan.VK10.vkCmdCopyBuffer(Lorg/lwjgl/vulkan/VkCommandBuffer;JJLorg/lwjgl/vulkan/VkBufferCopy$Buffer;)V+13
j  processing.GL2VK.VKSetup.copyBufferDefault(JJJ)V+141
j  processing.GL2VK.VKSetup.copyBufferAndWait(JJJ)V+31
j  processing.GL2VK.GraphicsBuffer.bufferDataImmediate(Ljava/nio/IntBuffer;IZ)V+79
j  processing.GL2VK.GL2VK.glBufferData(IILjava/nio/IntBuffer;I)V+114
j  processing.vulkan.PVK.bufferData(IILjava/nio/Buffer;I)V+146
j  processing.opengl.PGraphicsOpenGL$TessGeometry.copyPolyColors(I)V+71
j  processing.opengl.PGraphicsOpenGL.updatePolyBuffers(ZZZZ)V+58
j  processing.opengl.PGraphicsOpenGL.flushPolys()V+67
j  processing.opengl.PGraphicsOpenGL.flush()V+181
j  processing.core.PApplet.flush()V+18
j  Sketch1.draw()V+155
j  processing.core.PApplet.handleDraw()V+272
j  processing.vulkan.PSurfaceVK$AnimatorTask.run()V+130
j  java.util.TimerThread.mainLoop()V+221 java.base@17.0.10
j  java.util.TimerThread.run()V+1 java.base@17.0.10
v  ~StubRoutines::call_stub

siginfo: EXCEPTION_ACCESS_VIOLATION (0xc0000005), reading address 0x00000000000000bc


Registers:
RAX=0x0000000000000000, RBX=0xcfcda0000000001e, RCX=0x000003ea5096c740, RDX=0x00000199d5613030
RSP=0x00000017252fe3b0, RBP=0x00000017252fe4b0, RSI=0x00000199db5b2ac8, RDI=0x000003ea50968000
R8 =0x0000000000000000, R9 =0x000003ea5096c740, R10=0x0000000000000000, R11=0xcfcda0000000001e
R12=0xcfcda0000000001e, R13=0x0000000000000001, R14=0x00000000ffffffff, R15=0x00000017252fe570
RIP=0x00007ffb144bbdc4, EFLAGS=0x0000000000010206


Register to memory mapping:

RIP=0x00007ffb144bbdc4 VkLayer_khronos_validation.dll
RAX=0x0 is NULL
RBX=0xcfcda0000000001e is an unknown value
RCX=0x000003ea5096c740 points into unknown readable memory: 0x0000000000000000 | 00 00 00 00 00 00 00 00
RDX=0x00000199d5613030 points into unknown readable memory: 0xcfcda0000000001e | 1e 00 00 00 00 a0 cd cf
RSP=0x00000017252fe3b0 is pointing into the stack for thread: 0x000001998f9b4440
RBP=0x00000017252fe4b0 is pointing into the stack for thread: 0x000001998f9b4440
RSI=0x00000199db5b2ac8 points into unknown readable memory: 0x00000199daedbea0 | a0 be ed da 99 01 00 00
RDI=0x000003ea50968000 points into unknown readable memory: 0x00007ffb14d82e88 | 88 2e d8 14 fb 7f 00 00
R8 =0x0 is NULL
R9 =0x000003ea5096c740 points into unknown readable memory: 0x0000000000000000 | 00 00 00 00 00 00 00 00
R10=0x0 is NULL
R11=0xcfcda0000000001e is an unknown value
R12=0xcfcda0000000001e is an unknown value
R13=0x0000000000000001 is an unknown value
R14=0x00000000ffffffff is an unknown value
R15=0x00000017252fe570 is pointing into the stack for thread: 0x000001998f9b4440


Top of Stack: (sp=0x00000017252fe3b0)
0x00000017252fe3b0:   cfcda0000000001e 00000017252fe4b0
0x00000017252fe3c0:   cfcda0000000001e 00000199db5b2ac8
0x00000017252fe3d0:   000003ea50a80b10 000003ea50a80b00
0x00000017252fe3e0:   0000000000000000 0000000000000000
0x00000017252fe3f0:   00000017252fe3a8 00000017252fe4b9
0x00000017252fe400:   0000d79f5b43527b 00000017252fe610
0x00000017252fe410:   0000000000000041 00000017252fe610
0x00000017252fe420:   2e2941000000001f 000003ea508e1c80
0x00000017252fe430:   00007ffb14cb6cf8 000003ea50b10000
0x00000017252fe440:   00000017252fe509 00000017252fe610
0x00000017252fe450:   cfcda0000000001e 000003ea508e1c80
0x00000017252fe460:   000003ea50b207c0 000003ea50b10000
0x00000017252fe470:   00000017252fe539 00007ffb1484b2a6
0x00000017252fe480:   0000000000000000 0000000000000000
0x00000017252fe490:   0000d79f5b4352eb 000001998fba1090
0x00000017252fe4a0:   2e2941000000001f 000003ea50b13640 

Instructions: (pc=0x00007ffb144bbdc4)
0x00007ffb144bbcc4:   83 ff 01 75 0d 48 8b 8d 80 00 00 00 48 8b 11 ff
0x00007ffb144bbcd4:   52 08 41 0f b6 c4 48 8b 8d 10 0c 00 00 48 33 cc
0x00007ffb144bbce4:   e8 67 ab 65 00 0f 28 b4 24 20 0d 00 00 48 81 c4
0x00007ffb144bbcf4:   38 0d 00 00 41 5f 41 5e 41 5d 41 5c 5f 5e 5b 5d
0x00007ffb144bbd04:   c3 0f 1f 00 2d ad c1 00 2d ad c1 00 2d ad c1 00
0x00007ffb144bbd14:   2d ad c1 00 2d ad c1 00 2d ad c1 00 2d ad c1 00
0x00007ffb144bbd24:   2d ad c1 00 2d ad c1 00 2d ad c1 00 2d ad c1 00
0x00007ffb144bbd34:   2d ad c1 00 2d ad c1 00 2d ad c1 00 48 89 5c 24
0x00007ffb144bbd44:   18 48 89 54 24 10 48 89 4c 24 08 55 56 57 41 54
0x00007ffb144bbd54:   41 55 41 56 41 57 48 8d 6c 24 c0 48 81 ec 40 01
0x00007ffb144bbd64:   00 00 49 8b d9 48 8b f2 48 8b f9 4c 8b bd b0 00
0x00007ffb144bbd74:   00 00 41 8b 07 83 e8 42 83 f8 01 0f 96 c0 48 8d
0x00007ffb144bbd84:   15 0f ac 7f 00 48 8d 0d 68 af 7f 00 84 c0 48 0f
0x00007ffb144bbd94:   45 ca 48 89 4d 80 48 8d 54 24 30 48 8b cf e8 19
0x00007ffb144bbda4:   22 01 00 90 4c 8b c3 48 8d 54 24 20 48 8b cf e8
0x00007ffb144bbdb4:   08 22 01 00 90 41 be ff ff ff ff 48 8b 44 24 30
0x00007ffb144bbdc4:   80 b8 bc 00 00 00 00 75 12 48 8b 44 24 20 80 b8
0x00007ffb144bbdd4:   bc 00 00 00 00 0f 84 a0 02 00 00 4c 8b c6 48 8d
0x00007ffb144bbde4:   54 24 70 48 8b cf e8 61 86 fa ff 90 0f 57 c0 f3
0x00007ffb144bbdf4:   0f 7f 44 24 58 45 33 e4 4c 89 64 24 68 f3 0f 7f
0x00007ffb144bbe04:   44 24 40 45 8b ec 4c 89 64 24 50 8b 95 a0 00 00
0x00007ffb144bbe14:   00 85 d2 0f 84 d4 00 00 00 48 8b b5 a8 00 00 00
0x00007ffb144bbe24:   48 83 c6 10 44 8b fa 48 8b 5c 24 60 48 8b 7c 24
0x00007ffb144bbe34:   48 66 66 66 0f 1f 84 00 00 00 00 00 48 8b 4e f0
0x00007ffb144bbe44:   48 8b 16 48 03 d1 48 89 4d 88 48 89 55 90 49 3b
0x00007ffb144bbe54:   dc 74 12 48 89 0b 48 89 53 08 48 83 c3 10 48 89
0x00007ffb144bbe64:   5c 24 60 eb 1b 4c 8d 45 88 48 8b d3 48 8d 4c 24
0x00007ffb144bbe74:   58 e8 76 c2 01 00 4c 8b 64 24 68 48 8b 5c 24 60
0x00007ffb144bbe84:   48 8b 4e f8 48 8b 16 48 03 d1 48 89 4d 98 48 89
0x00007ffb144bbe94:   55 a0 49 3b fd 74 12 48 89 0f 48 89 57 08 48 83
0x00007ffb144bbea4:   c7 10 48 89 7c 24 48 eb 1b 4c 8d 45 98 48 8b d7
0x00007ffb144bbeb4:   48 8d 4c 24 40 e8 32 c2 01 00 4c 8b 6c 24 50 48 


Stack slot to memory mapping:
stack at sp + 0 slots: 0xcfcda0000000001e is an unknown value
stack at sp + 1 slots: 0x00000017252fe4b0 is pointing into the stack for thread: 0x000001998f9b4440
stack at sp + 2 slots: 0xcfcda0000000001e is an unknown value
stack at sp + 3 slots: 0x00000199db5b2ac8 points into unknown readable memory: 0x00000199daedbea0 | a0 be ed da 99 01 00 00
stack at sp + 4 slots: 0x000003ea50a80b10 points into unknown readable memory: 0x00007ffb14dd4138 | 38 41 dd 14 fb 7f 00 00
stack at sp + 5 slots: 0x000003ea50a80b00 points into unknown readable memory: 0x00007ffb14ddaaf8 | f8 aa dd 14 fb 7f 00 00
stack at sp + 6 slots: 0x0 is NULL
stack at sp + 7 slots: 0x0 is NULL


---------------  P R O C E S S  ---------------

Threads class SMR info:
_java_thread_list=0x00000199daf65b20, length=24, elements={
0x000001998f72a870, 0x000001998f72d500, 0x000001998f73fdf0, 0x000001998f741ad0,
0x000001998f7423a0, 0x000001998f74bc90, 0x000001998f889110, 0x000001998f8926b0,
0x000001998f74e570, 0x000001998f9b5d90, 0x000001998f9b3510, 0x000001998f9b3a20,
0x000001998f9b25e0, 0x000001998f9b3000, 0x000001998f9b5880, 0x000001998f9b4440,
0x000001998f9b3f30, 0x000001998f9b4e60, 0x000001998f9b2af0, 0x00000199db31dbc0,
0x00000199db31eaf0, 0x00000199db31e0d0, 0x00000199db321370, 0x00000199db3236e0
}

Java Threads: ( => current thread )
  0x000001998f72a870 JavaThread "Reference Handler" daemon [_thread_blocked, id=2544, stack(0x0000001724000000,0x0000001724100000)]
  0x000001998f72d500 JavaThread "Finalizer" daemon [_thread_blocked, id=15408, stack(0x0000001724100000,0x0000001724200000)]
  0x000001998f73fdf0 JavaThread "Signal Dispatcher" daemon [_thread_blocked, id=18648, stack(0x0000001724200000,0x0000001724300000)]
  0x000001998f741ad0 JavaThread "Attach Listener" daemon [_thread_blocked, id=18340, stack(0x0000001724300000,0x0000001724400000)]
  0x000001998f7423a0 JavaThread "Service Thread" daemon [_thread_blocked, id=19324, stack(0x0000001724400000,0x0000001724500000)]
  0x000001998f74bc90 JavaThread "Monitor Deflation Thread" daemon [_thread_blocked, id=17112, stack(0x0000001724500000,0x0000001724600000)]
  0x000001998f889110 JavaThread "C2 CompilerThread0" daemon [_thread_blocked, id=9612, stack(0x0000001724600000,0x0000001724700000)]
  0x000001998f8926b0 JavaThread "C1 CompilerThread0" daemon [_thread_blocked, id=21128, stack(0x0000001724700000,0x0000001724800000)]
  0x000001998f74e570 JavaThread "Sweeper thread" daemon [_thread_blocked, id=14540, stack(0x0000001724800000,0x0000001724900000)]
  0x000001998f9b5d90 JavaThread "Notification Thread" daemon [_thread_blocked, id=15036, stack(0x0000001724900000,0x0000001724a00000)]
  0x000001998f9b3510 JavaThread "Common-Cleaner" daemon [_thread_blocked, id=12828, stack(0x0000001724b00000,0x0000001724c00000)]
  0x000001998f9b3a20 JavaThread "Java2D Disposer" daemon [_thread_blocked, id=13040, stack(0x0000001724d00000,0x0000001724e00000)]
  0x000001998f9b25e0 JavaThread "AWT-Windows" daemon [_thread_in_native, id=20132, stack(0x0000001724f00000,0x0000001725000000)]
  0x000001998f9b3000 JavaThread "HighResTimerThread" daemon [_thread_blocked, id=18520, stack(0x0000001725000000,0x0000001725100000)]
  0x000001998f9b5880 JavaThread "Thread-0" [_thread_blocked, id=17032, stack(0x0000001725100000,0x0000001725200000)]
=>0x000001998f9b4440 JavaThread "Timer-0" [_thread_in_native, id=12424, stack(0x0000001725200000,0x0000001725300000)]
  0x000001998f9b3f30 JavaThread "DestroyJavaVM" [_thread_blocked, id=12756, stack(0x0000001723900000,0x0000001723a00000)]
  0x000001998f9b4e60 JavaThread "Thread-2" [_thread_blocked, id=13656, stack(0x0000001725e00000,0x0000001725f00000)]
  0x000001998f9b2af0 JavaThread "Thread-3" [_thread_blocked, id=4724, stack(0x0000001725f00000,0x0000001726000000)]
  0x00000199db31dbc0 JavaThread "Thread-4" [_thread_blocked, id=17512, stack(0x0000001726000000,0x0000001726100000)]
  0x00000199db31eaf0 JavaThread "Thread-5" [_thread_blocked, id=14756, stack(0x0000001726100000,0x0000001726200000)]
  0x00000199db31e0d0 JavaThread "Thread-6" [_thread_blocked, id=3428, stack(0x0000001726200000,0x0000001726300000)]
  0x00000199db321370 JavaThread "Thread-7" [_thread_blocked, id=2800, stack(0x0000001726300000,0x0000001726400000)]
  0x00000199db3236e0 JavaThread "Thread-8" [_thread_blocked, id=17576, stack(0x0000001726400000,0x0000001726500000)]

Other Threads:
  0x000001998f724d60 VMThread "VM Thread" [stack: 0x0000001723f00000,0x0000001724000000] [id=2084]
  0x000001998f9ba5c0 WatcherThread [stack: 0x0000001724a00000,0x0000001724b00000] [id=18080]
  0x00000199ec995cd0 GCTaskThread "GC Thread#0" [stack: 0x0000001723a00000,0x0000001723b00000] [id=21080]
  0x00000199ec9a7180 ConcurrentGCThread "G1 Main Marker" [stack: 0x0000001723b00000,0x0000001723c00000] [id=17828]
  0x00000199ec9a7a90 ConcurrentGCThread "G1 Conc#0" [stack: 0x0000001723c00000,0x0000001723d00000] [id=12952]
  0x000001998f5e40f0 ConcurrentGCThread "G1 Refine#0" [stack: 0x0000001723d00000,0x0000001723e00000] [id=13184]
  0x000001998f5e4a20 ConcurrentGCThread "G1 Service" [stack: 0x0000001723e00000,0x0000001723f00000] [id=6704]

Threads with active compile tasks:

VM state: not at safepoint (normal execution)

VM Mutex/Monitor currently owned by a thread: None

Heap address: 0x0000000701400000, size: 4076 MB, Compressed Oops mode: Zero based, Oop shift amount: 3

CDS archive(s) mapped at: [0x0000019990000000-0x0000019990bd0000-0x0000019990bd0000), size 12386304, SharedBaseAddress: 0x0000019990000000, ArchiveRelocationMode: 1.
Compressed class space mapped at: 0x0000019991000000-0x00000199d1000000, reserved size: 1073741824
Narrow klass base: 0x0000019990000000, Narrow klass shift: 0, Narrow klass range: 0x100000000

GC Precious Log:
 CPUs: 8 total, 8 available
 Memory: 16301M
 Large Page Support: Disabled
 NUMA Support: Disabled
 Compressed Oops: Enabled (Zero based)
 Heap Region Size: 2M
 Heap Min Capacity: 8M
 Heap Initial Capacity: 256M
 Heap Max Capacity: 4076M
 Pre-touch: Disabled
 Parallel Workers: 8
 Concurrent Workers: 2
 Concurrent Refinement Workers: 8
 Periodic GC: Disabled

Heap:
 garbage-first heap   total 262144K, used 18432K [0x0000000701400000, 0x0000000800000000)
  region size 2048K, 11 young (22528K), 0 survivors (0K)
 Metaspace       used 7905K, committed 8128K, reserved 1114112K
  class space    used 539K, committed 640K, reserved 1048576K

Heap Regions: E=young(eden), S=young(survivor), O=old, HS=humongous(starts), HC=humongous(continues), CS=collection set, F=free, OA=open archive, CA=closed archive, TAMS=top-at-mark-start (previous, next)
|   0|0x0000000701400000, 0x0000000701400000, 0x0000000701600000|  0%| F|  |TAMS 0x0000000701400000, 0x0000000701400000| Untracked 
|   1|0x0000000701600000, 0x0000000701600000, 0x0000000701800000|  0%| F|  |TAMS 0x0000000701600000, 0x0000000701600000| Untracked 
|   2|0x0000000701800000, 0x0000000701800000, 0x0000000701a00000|  0%| F|  |TAMS 0x0000000701800000, 0x0000000701800000| Untracked 
|   3|0x0000000701a00000, 0x0000000701a00000, 0x0000000701c00000|  0%| F|  |TAMS 0x0000000701a00000, 0x0000000701a00000| Untracked 
|   4|0x0000000701c00000, 0x0000000701c00000, 0x0000000701e00000|  0%| F|  |TAMS 0x0000000701c00000, 0x0000000701c00000| Untracked 
|   5|0x0000000701e00000, 0x0000000701e00000, 0x0000000702000000|  0%| F|  |TAMS 0x0000000701e00000, 0x0000000701e00000| Untracked 
|   6|0x0000000702000000, 0x0000000702000000, 0x0000000702200000|  0%| F|  |TAMS 0x0000000702000000, 0x0000000702000000| Untracked 
|   7|0x0000000702200000, 0x0000000702200000, 0x0000000702400000|  0%| F|  |TAMS 0x0000000702200000, 0x0000000702200000| Untracked 
|   8|0x0000000702400000, 0x0000000702400000, 0x0000000702600000|  0%| F|  |TAMS 0x0000000702400000, 0x0000000702400000| Untracked 
|   9|0x0000000702600000, 0x0000000702600000, 0x0000000702800000|  0%| F|  |TAMS 0x0000000702600000, 0x0000000702600000| Untracked 
|  10|0x0000000702800000, 0x0000000702800000, 0x0000000702a00000|  0%| F|  |TAMS 0x0000000702800000, 0x0000000702800000| Untracked 
|  11|0x0000000702a00000, 0x0000000702a00000, 0x0000000702c00000|  0%| F|  |TAMS 0x0000000702a00000, 0x0000000702a00000| Untracked 
|  12|0x0000000702c00000, 0x0000000702c00000, 0x0000000702e00000|  0%| F|  |TAMS 0x0000000702c00000, 0x0000000702c00000| Untracked 
|  13|0x0000000702e00000, 0x0000000702e00000, 0x0000000703000000|  0%| F|  |TAMS 0x0000000702e00000, 0x0000000702e00000| Untracked 
|  14|0x0000000703000000, 0x0000000703000000, 0x0000000703200000|  0%| F|  |TAMS 0x0000000703000000, 0x0000000703000000| Untracked 
|  15|0x0000000703200000, 0x0000000703200000, 0x0000000703400000|  0%| F|  |TAMS 0x0000000703200000, 0x0000000703200000| Untracked 
|  16|0x0000000703400000, 0x0000000703400000, 0x0000000703600000|  0%| F|  |TAMS 0x0000000703400000, 0x0000000703400000| Untracked 
|  17|0x0000000703600000, 0x0000000703600000, 0x0000000703800000|  0%| F|  |TAMS 0x0000000703600000, 0x0000000703600000| Untracked 
|  18|0x0000000703800000, 0x0000000703800000, 0x0000000703a00000|  0%| F|  |TAMS 0x0000000703800000, 0x0000000703800000| Untracked 
|  19|0x0000000703a00000, 0x0000000703a00000, 0x0000000703c00000|  0%| F|  |TAMS 0x0000000703a00000, 0x0000000703a00000| Untracked 
|  20|0x0000000703c00000, 0x0000000703c00000, 0x0000000703e00000|  0%| F|  |TAMS 0x0000000703c00000, 0x0000000703c00000| Untracked 
|  21|0x0000000703e00000, 0x0000000703e00000, 0x0000000704000000|  0%| F|  |TAMS 0x0000000703e00000, 0x0000000703e00000| Untracked 
|  22|0x0000000704000000, 0x0000000704000000, 0x0000000704200000|  0%| F|  |TAMS 0x0000000704000000, 0x0000000704000000| Untracked 
|  23|0x0000000704200000, 0x0000000704200000, 0x0000000704400000|  0%| F|  |TAMS 0x0000000704200000, 0x0000000704200000| Untracked 
|  24|0x0000000704400000, 0x0000000704400000, 0x0000000704600000|  0%| F|  |TAMS 0x0000000704400000, 0x0000000704400000| Untracked 
|  25|0x0000000704600000, 0x0000000704600000, 0x0000000704800000|  0%| F|  |TAMS 0x0000000704600000, 0x0000000704600000| Untracked 
|  26|0x0000000704800000, 0x0000000704800000, 0x0000000704a00000|  0%| F|  |TAMS 0x0000000704800000, 0x0000000704800000| Untracked 
|  27|0x0000000704a00000, 0x0000000704a00000, 0x0000000704c00000|  0%| F|  |TAMS 0x0000000704a00000, 0x0000000704a00000| Untracked 
|  28|0x0000000704c00000, 0x0000000704c00000, 0x0000000704e00000|  0%| F|  |TAMS 0x0000000704c00000, 0x0000000704c00000| Untracked 
|  29|0x0000000704e00000, 0x0000000704e00000, 0x0000000705000000|  0%| F|  |TAMS 0x0000000704e00000, 0x0000000704e00000| Untracked 
|  30|0x0000000705000000, 0x0000000705000000, 0x0000000705200000|  0%| F|  |TAMS 0x0000000705000000, 0x0000000705000000| Untracked 
|  31|0x0000000705200000, 0x0000000705200000, 0x0000000705400000|  0%| F|  |TAMS 0x0000000705200000, 0x0000000705200000| Untracked 
|  32|0x0000000705400000, 0x0000000705400000, 0x0000000705600000|  0%| F|  |TAMS 0x0000000705400000, 0x0000000705400000| Untracked 
|  33|0x0000000705600000, 0x0000000705600000, 0x0000000705800000|  0%| F|  |TAMS 0x0000000705600000, 0x0000000705600000| Untracked 
|  34|0x0000000705800000, 0x0000000705800000, 0x0000000705a00000|  0%| F|  |TAMS 0x0000000705800000, 0x0000000705800000| Untracked 
|  35|0x0000000705a00000, 0x0000000705a00000, 0x0000000705c00000|  0%| F|  |TAMS 0x0000000705a00000, 0x0000000705a00000| Untracked 
|  36|0x0000000705c00000, 0x0000000705c00000, 0x0000000705e00000|  0%| F|  |TAMS 0x0000000705c00000, 0x0000000705c00000| Untracked 
|  37|0x0000000705e00000, 0x0000000705e00000, 0x0000000706000000|  0%| F|  |TAMS 0x0000000705e00000, 0x0000000705e00000| Untracked 
|  38|0x0000000706000000, 0x0000000706000000, 0x0000000706200000|  0%| F|  |TAMS 0x0000000706000000, 0x0000000706000000| Untracked 
|  39|0x0000000706200000, 0x0000000706200000, 0x0000000706400000|  0%| F|  |TAMS 0x0000000706200000, 0x0000000706200000| Untracked 
|  40|0x0000000706400000, 0x0000000706400000, 0x0000000706600000|  0%| F|  |TAMS 0x0000000706400000, 0x0000000706400000| Untracked 
|  41|0x0000000706600000, 0x0000000706600000, 0x0000000706800000|  0%| F|  |TAMS 0x0000000706600000, 0x0000000706600000| Untracked 
|  42|0x0000000706800000, 0x0000000706800000, 0x0000000706a00000|  0%| F|  |TAMS 0x0000000706800000, 0x0000000706800000| Untracked 
|  43|0x0000000706a00000, 0x0000000706a00000, 0x0000000706c00000|  0%| F|  |TAMS 0x0000000706a00000, 0x0000000706a00000| Untracked 
|  44|0x0000000706c00000, 0x0000000706c00000, 0x0000000706e00000|  0%| F|  |TAMS 0x0000000706c00000, 0x0000000706c00000| Untracked 
|  45|0x0000000706e00000, 0x0000000706e00000, 0x0000000707000000|  0%| F|  |TAMS 0x0000000706e00000, 0x0000000706e00000| Untracked 
|  46|0x0000000707000000, 0x0000000707000000, 0x0000000707200000|  0%| F|  |TAMS 0x0000000707000000, 0x0000000707000000| Untracked 
|  47|0x0000000707200000, 0x0000000707200000, 0x0000000707400000|  0%| F|  |TAMS 0x0000000707200000, 0x0000000707200000| Untracked 
|  48|0x0000000707400000, 0x0000000707400000, 0x0000000707600000|  0%| F|  |TAMS 0x0000000707400000, 0x0000000707400000| Untracked 
|  49|0x0000000707600000, 0x0000000707600000, 0x0000000707800000|  0%| F|  |TAMS 0x0000000707600000, 0x0000000707600000| Untracked 
|  50|0x0000000707800000, 0x0000000707800000, 0x0000000707a00000|  0%| F|  |TAMS 0x0000000707800000, 0x0000000707800000| Untracked 
|  51|0x0000000707a00000, 0x0000000707a00000, 0x0000000707c00000|  0%| F|  |TAMS 0x0000000707a00000, 0x0000000707a00000| Untracked 
|  52|0x0000000707c00000, 0x0000000707c00000, 0x0000000707e00000|  0%| F|  |TAMS 0x0000000707c00000, 0x0000000707c00000| Untracked 
|  53|0x0000000707e00000, 0x0000000707e00000, 0x0000000708000000|  0%| F|  |TAMS 0x0000000707e00000, 0x0000000707e00000| Untracked 
|  54|0x0000000708000000, 0x0000000708000000, 0x0000000708200000|  0%| F|  |TAMS 0x0000000708000000, 0x0000000708000000| Untracked 
|  55|0x0000000708200000, 0x0000000708200000, 0x0000000708400000|  0%| F|  |TAMS 0x0000000708200000, 0x0000000708200000| Untracked 
|  56|0x0000000708400000, 0x0000000708400000, 0x0000000708600000|  0%| F|  |TAMS 0x0000000708400000, 0x0000000708400000| Untracked 
|  57|0x0000000708600000, 0x0000000708600000, 0x0000000708800000|  0%| F|  |TAMS 0x0000000708600000, 0x0000000708600000| Untracked 
|  58|0x0000000708800000, 0x0000000708800000, 0x0000000708a00000|  0%| F|  |TAMS 0x0000000708800000, 0x0000000708800000| Untracked 
|  59|0x0000000708a00000, 0x0000000708a00000, 0x0000000708c00000|  0%| F|  |TAMS 0x0000000708a00000, 0x0000000708a00000| Untracked 
|  60|0x0000000708c00000, 0x0000000708c00000, 0x0000000708e00000|  0%| F|  |TAMS 0x0000000708c00000, 0x0000000708c00000| Untracked 
|  61|0x0000000708e00000, 0x0000000708e00000, 0x0000000709000000|  0%| F|  |TAMS 0x0000000708e00000, 0x0000000708e00000| Untracked 
|  62|0x0000000709000000, 0x0000000709000000, 0x0000000709200000|  0%| F|  |TAMS 0x0000000709000000, 0x0000000709000000| Untracked 
|  63|0x0000000709200000, 0x0000000709200000, 0x0000000709400000|  0%| F|  |TAMS 0x0000000709200000, 0x0000000709200000| Untracked 
|  64|0x0000000709400000, 0x0000000709400000, 0x0000000709600000|  0%| F|  |TAMS 0x0000000709400000, 0x0000000709400000| Untracked 
|  65|0x0000000709600000, 0x0000000709600000, 0x0000000709800000|  0%| F|  |TAMS 0x0000000709600000, 0x0000000709600000| Untracked 
|  66|0x0000000709800000, 0x0000000709800000, 0x0000000709a00000|  0%| F|  |TAMS 0x0000000709800000, 0x0000000709800000| Untracked 
|  67|0x0000000709a00000, 0x0000000709a00000, 0x0000000709c00000|  0%| F|  |TAMS 0x0000000709a00000, 0x0000000709a00000| Untracked 
|  68|0x0000000709c00000, 0x0000000709c00000, 0x0000000709e00000|  0%| F|  |TAMS 0x0000000709c00000, 0x0000000709c00000| Untracked 
|  69|0x0000000709e00000, 0x0000000709e00000, 0x000000070a000000|  0%| F|  |TAMS 0x0000000709e00000, 0x0000000709e00000| Untracked 
|  70|0x000000070a000000, 0x000000070a000000, 0x000000070a200000|  0%| F|  |TAMS 0x000000070a000000, 0x000000070a000000| Untracked 
|  71|0x000000070a200000, 0x000000070a200000, 0x000000070a400000|  0%| F|  |TAMS 0x000000070a200000, 0x000000070a200000| Untracked 
|  72|0x000000070a400000, 0x000000070a400000, 0x000000070a600000|  0%| F|  |TAMS 0x000000070a400000, 0x000000070a400000| Untracked 
|  73|0x000000070a600000, 0x000000070a600000, 0x000000070a800000|  0%| F|  |TAMS 0x000000070a600000, 0x000000070a600000| Untracked 
|  74|0x000000070a800000, 0x000000070a800000, 0x000000070aa00000|  0%| F|  |TAMS 0x000000070a800000, 0x000000070a800000| Untracked 
|  75|0x000000070aa00000, 0x000000070aa00000, 0x000000070ac00000|  0%| F|  |TAMS 0x000000070aa00000, 0x000000070aa00000| Untracked 
|  76|0x000000070ac00000, 0x000000070ac00000, 0x000000070ae00000|  0%| F|  |TAMS 0x000000070ac00000, 0x000000070ac00000| Untracked 
|  77|0x000000070ae00000, 0x000000070ae00000, 0x000000070b000000|  0%| F|  |TAMS 0x000000070ae00000, 0x000000070ae00000| Untracked 
|  78|0x000000070b000000, 0x000000070b000000, 0x000000070b200000|  0%| F|  |TAMS 0x000000070b000000, 0x000000070b000000| Untracked 
|  79|0x000000070b200000, 0x000000070b200000, 0x000000070b400000|  0%| F|  |TAMS 0x000000070b200000, 0x000000070b200000| Untracked 
|  80|0x000000070b400000, 0x000000070b400000, 0x000000070b600000|  0%| F|  |TAMS 0x000000070b400000, 0x000000070b400000| Untracked 
|  81|0x000000070b600000, 0x000000070b600000, 0x000000070b800000|  0%| F|  |TAMS 0x000000070b600000, 0x000000070b600000| Untracked 
|  82|0x000000070b800000, 0x000000070b800000, 0x000000070ba00000|  0%| F|  |TAMS 0x000000070b800000, 0x000000070b800000| Untracked 
|  83|0x000000070ba00000, 0x000000070ba00000, 0x000000070bc00000|  0%| F|  |TAMS 0x000000070ba00000, 0x000000070ba00000| Untracked 
|  84|0x000000070bc00000, 0x000000070bc00000, 0x000000070be00000|  0%| F|  |TAMS 0x000000070bc00000, 0x000000070bc00000| Untracked 
|  85|0x000000070be00000, 0x000000070be00000, 0x000000070c000000|  0%| F|  |TAMS 0x000000070be00000, 0x000000070be00000| Untracked 
|  86|0x000000070c000000, 0x000000070c000000, 0x000000070c200000|  0%| F|  |TAMS 0x000000070c000000, 0x000000070c000000| Untracked 
|  87|0x000000070c200000, 0x000000070c200000, 0x000000070c400000|  0%| F|  |TAMS 0x000000070c200000, 0x000000070c200000| Untracked 
|  88|0x000000070c400000, 0x000000070c400000, 0x000000070c600000|  0%| F|  |TAMS 0x000000070c400000, 0x000000070c400000| Untracked 
|  89|0x000000070c600000, 0x000000070c600000, 0x000000070c800000|  0%| F|  |TAMS 0x000000070c600000, 0x000000070c600000| Untracked 
|  90|0x000000070c800000, 0x000000070c800000, 0x000000070ca00000|  0%| F|  |TAMS 0x000000070c800000, 0x000000070c800000| Untracked 
|  91|0x000000070ca00000, 0x000000070ca00000, 0x000000070cc00000|  0%| F|  |TAMS 0x000000070ca00000, 0x000000070ca00000| Untracked 
|  92|0x000000070cc00000, 0x000000070cc00000, 0x000000070ce00000|  0%| F|  |TAMS 0x000000070cc00000, 0x000000070cc00000| Untracked 
|  93|0x000000070ce00000, 0x000000070ce00000, 0x000000070d000000|  0%| F|  |TAMS 0x000000070ce00000, 0x000000070ce00000| Untracked 
|  94|0x000000070d000000, 0x000000070d000000, 0x000000070d200000|  0%| F|  |TAMS 0x000000070d000000, 0x000000070d000000| Untracked 
|  95|0x000000070d200000, 0x000000070d200000, 0x000000070d400000|  0%| F|  |TAMS 0x000000070d200000, 0x000000070d200000| Untracked 
|  96|0x000000070d400000, 0x000000070d400000, 0x000000070d600000|  0%| F|  |TAMS 0x000000070d400000, 0x000000070d400000| Untracked 
|  97|0x000000070d600000, 0x000000070d600000, 0x000000070d800000|  0%| F|  |TAMS 0x000000070d600000, 0x000000070d600000| Untracked 
|  98|0x000000070d800000, 0x000000070d800000, 0x000000070da00000|  0%| F|  |TAMS 0x000000070d800000, 0x000000070d800000| Untracked 
|  99|0x000000070da00000, 0x000000070da00000, 0x000000070dc00000|  0%| F|  |TAMS 0x000000070da00000, 0x000000070da00000| Untracked 
| 100|0x000000070dc00000, 0x000000070dc00000, 0x000000070de00000|  0%| F|  |TAMS 0x000000070dc00000, 0x000000070dc00000| Untracked 
| 101|0x000000070de00000, 0x000000070de00000, 0x000000070e000000|  0%| F|  |TAMS 0x000000070de00000, 0x000000070de00000| Untracked 
| 102|0x000000070e000000, 0x000000070e000000, 0x000000070e200000|  0%| F|  |TAMS 0x000000070e000000, 0x000000070e000000| Untracked 
| 103|0x000000070e200000, 0x000000070e200000, 0x000000070e400000|  0%| F|  |TAMS 0x000000070e200000, 0x000000070e200000| Untracked 
| 104|0x000000070e400000, 0x000000070e400000, 0x000000070e600000|  0%| F|  |TAMS 0x000000070e400000, 0x000000070e400000| Untracked 
| 105|0x000000070e600000, 0x000000070e600000, 0x000000070e800000|  0%| F|  |TAMS 0x000000070e600000, 0x000000070e600000| Untracked 
| 106|0x000000070e800000, 0x000000070e800000, 0x000000070ea00000|  0%| F|  |TAMS 0x000000070e800000, 0x000000070e800000| Untracked 
| 107|0x000000070ea00000, 0x000000070ea00000, 0x000000070ec00000|  0%| F|  |TAMS 0x000000070ea00000, 0x000000070ea00000| Untracked 
| 108|0x000000070ec00000, 0x000000070ec00000, 0x000000070ee00000|  0%| F|  |TAMS 0x000000070ec00000, 0x000000070ec00000| Untracked 
| 109|0x000000070ee00000, 0x000000070ee00000, 0x000000070f000000|  0%| F|  |TAMS 0x000000070ee00000, 0x000000070ee00000| Untracked 
| 110|0x000000070f000000, 0x000000070f000000, 0x000000070f200000|  0%| F|  |TAMS 0x000000070f000000, 0x000000070f000000| Untracked 
| 111|0x000000070f200000, 0x000000070f200000, 0x000000070f400000|  0%| F|  |TAMS 0x000000070f200000, 0x000000070f200000| Untracked 
| 112|0x000000070f400000, 0x000000070f400000, 0x000000070f600000|  0%| F|  |TAMS 0x000000070f400000, 0x000000070f400000| Untracked 
| 113|0x000000070f600000, 0x000000070f600000, 0x000000070f800000|  0%| F|  |TAMS 0x000000070f600000, 0x000000070f600000| Untracked 
| 114|0x000000070f800000, 0x000000070f800000, 0x000000070fa00000|  0%| F|  |TAMS 0x000000070f800000, 0x000000070f800000| Untracked 
| 115|0x000000070fa00000, 0x000000070fa00000, 0x000000070fc00000|  0%| F|  |TAMS 0x000000070fa00000, 0x000000070fa00000| Untracked 
| 116|0x000000070fc00000, 0x000000070fc00000, 0x000000070fe00000|  0%| F|  |TAMS 0x000000070fc00000, 0x000000070fc00000| Untracked 
| 117|0x000000070fe00000, 0x000000070fe71260, 0x0000000710000000| 22%| E|  |TAMS 0x000000070fe00000, 0x000000070fe00000| Complete 
| 118|0x0000000710000000, 0x0000000710200000, 0x0000000710200000|100%| E|CS|TAMS 0x0000000710000000, 0x0000000710000000| Complete 
| 119|0x0000000710200000, 0x0000000710400000, 0x0000000710400000|100%| E|CS|TAMS 0x0000000710200000, 0x0000000710200000| Complete 
| 120|0x0000000710400000, 0x0000000710600000, 0x0000000710600000|100%| E|CS|TAMS 0x0000000710400000, 0x0000000710400000| Complete 
| 121|0x0000000710600000, 0x0000000710800000, 0x0000000710800000|100%| E|CS|TAMS 0x0000000710600000, 0x0000000710600000| Complete 
| 122|0x0000000710800000, 0x0000000710a00000, 0x0000000710a00000|100%| E|CS|TAMS 0x0000000710800000, 0x0000000710800000| Complete 
| 123|0x0000000710a00000, 0x0000000710c00000, 0x0000000710c00000|100%| E|CS|TAMS 0x0000000710a00000, 0x0000000710a00000| Complete 
| 124|0x0000000710c00000, 0x0000000710e00000, 0x0000000710e00000|100%| E|  |TAMS 0x0000000710c00000, 0x0000000710c00000| Complete 
| 125|0x0000000710e00000, 0x0000000711000000, 0x0000000711000000|100%| E|CS|TAMS 0x0000000710e00000, 0x0000000710e00000| Complete 
| 126|0x0000000711000000, 0x0000000711200000, 0x0000000711200000|100%| E|CS|TAMS 0x0000000711000000, 0x0000000711000000| Complete 
| 127|0x0000000711200000, 0x0000000711400000, 0x0000000711400000|100%| E|CS|TAMS 0x0000000711200000, 0x0000000711200000| Complete 

Card table byte_map: [0x00000199f4d00000,0x00000199f5500000] _byte_map_base: 0x00000199f14f6000

Marking Bits (Prev, Next): (CMBitMap*) 0x00000199ec9961f0, (CMBitMap*) 0x00000199ec996230
 Prev Bits: [0x00000199f5d00000, 0x00000199f9cb0000)
 Next Bits: [0x00000199f9cb0000, 0x00000199fdc60000)

Polling page: 0x00000199ea900000

Metaspace:

Usage:
  Non-class:      7.19 MB used.
      Class:    539.73 KB used.
       Both:      7.72 MB used.

Virtual space:
  Non-class space:       64.00 MB reserved,       7.31 MB ( 11%) committed,  1 nodes.
      Class space:        1.00 GB reserved,     640.00 KB ( <1%) committed,  1 nodes.
             Both:        1.06 GB reserved,       7.94 MB ( <1%) committed. 

Chunk freelists:
   Non-Class:  7.80 MB
       Class:  15.39 MB
        Both:  23.19 MB

MaxMetaspaceSize: unlimited
CompressedClassSpaceSize: 1.00 GB
Initial GC threshold: 21.00 MB
Current GC threshold: 21.00 MB
CDS: on
MetaspaceReclaimPolicy: balanced
 - commit_granule_bytes: 65536.
 - commit_granule_words: 8192.
 - virtual_space_node_default_size: 8388608.
 - enlarge_chunks_in_place: 1.
 - new_chunks_are_fully_committed: 0.
 - uncommit_free_chunks: 1.
 - use_allocation_guard: 0.
 - handle_deallocations: 1.


Internal statistics:

num_allocs_failed_limit: 0.
num_arena_births: 138.
num_arena_deaths: 0.
num_vsnodes_births: 2.
num_vsnodes_deaths: 0.
num_space_committed: 127.
num_space_uncommitted: 0.
num_chunks_returned_to_freelist: 0.
num_chunks_taken_from_freelist: 333.
num_chunk_merges: 0.
num_chunk_splits: 234.
num_chunks_enlarged: 165.
num_inconsistent_stats: 0.

CodeHeap 'non-profiled nmethods': size=120000Kb used=292Kb max_used=292Kb free=119708Kb
 bounds [0x0000019987ad0000, 0x0000019987d40000, 0x000001998f000000]
CodeHeap 'profiled nmethods': size=120000Kb used=1479Kb max_used=1479Kb free=118520Kb
 bounds [0x0000019980000000, 0x0000019980270000, 0x0000019987530000]
CodeHeap 'non-nmethods': size=5760Kb used=1733Kb max_used=1758Kb free=4026Kb
 bounds [0x0000019987530000, 0x00000199877a0000, 0x0000019987ad0000]
 total_blobs=2109 nmethods=906 adapters=1116
 compilation: enabled
              stopped_count=0, restarted_count=0
 full_count=0

Compilation events (20 events):
Event: 3.926 Thread 0x000001998f8926b0 nmethod 892 0x000001998016c910 code [0x000001998016cb60, 0x000001998016d608]
Event: 3.926 Thread 0x000001998f8926b0  900   !   3       jdk.internal.misc.ScopedMemoryAccess::putInt (25 bytes)
Event: 3.926 Thread 0x000001998f8926b0 nmethod 900 0x000001998016db90 code [0x000001998016dd80, 0x000001998016e2d8]
Event: 3.926 Thread 0x000001998f8926b0  901   !   3       jdk.internal.misc.ScopedMemoryAccess::putIntInternal (37 bytes)
Event: 3.926 Thread 0x000001998f8926b0 nmethod 901 0x000001998016e510 code [0x000001998016e6c0, 0x000001998016e9e8]
Event: 3.926 Thread 0x000001998f8926b0  902   !   3       java.nio.DirectIntBufferU::get (33 bytes)
Event: 3.927 Thread 0x000001998f8926b0 nmethod 902 0x000001998016eb90 code [0x000001998016ede0, 0x000001998016f888]
Event: 3.927 Thread 0x000001998f8926b0  903   !   3       java.nio.DirectIntBufferU::put (36 bytes)
Event: 3.928 Thread 0x000001998f8926b0 nmethod 903 0x000001998016fe10 code [0x0000019980170080, 0x0000019980170b68]
Event: 3.928 Thread 0x000001998f8926b0  904       3       java.util.concurrent.ConcurrentHashMap$BaseIterator::<init> (21 bytes)
Event: 3.928 Thread 0x000001998f8926b0 nmethod 904 0x0000019980171090 code [0x0000019980171240, 0x0000019980171438]
Event: 3.940 Thread 0x000001998f889110 nmethod 854 0x0000019987b15d90 code [0x0000019987b15fe0, 0x0000019987b17980]
Event: 3.940 Thread 0x000001998f889110  896       4       java.nio.DirectFloatBufferU::ix (10 bytes)
Event: 3.941 Thread 0x000001998f889110 nmethod 896 0x0000019987b18a10 code [0x0000019987b18b80, 0x0000019987b18bf8]
Event: 3.941 Thread 0x000001998f889110  863       4       java.util.concurrent.atomic.AtomicLong::compareAndSet (13 bytes)
Event: 3.941 Thread 0x000001998f889110 nmethod 863 0x0000019987b18d10 code [0x0000019987b18e80, 0x0000019987b18f18]
Event: 3.970 Thread 0x000001998f8926b0  905       3       java.nio.ByteBuffer::flip (7 bytes)
Event: 3.970 Thread 0x000001998f8926b0 nmethod 905 0x0000019980171510 code [0x00000199801716a0, 0x0000019980171818]
Event: 3.970 Thread 0x000001998f8926b0  906       3       java.nio.Buffer::flip (20 bytes)
Event: 3.970 Thread 0x000001998f8926b0 nmethod 906 0x0000019980171910 code [0x0000019980171aa0, 0x0000019980171bb8]

GC Heap History (0 events):
No events

Deoptimization events (20 events):
Event: 0.381 Thread 0x00000199ec927b50 DEOPT PACKING pc=0x0000019980018a67 sp=0x00000017239fc870
Event: 0.381 Thread 0x00000199ec927b50 DEOPT UNPACKING pc=0x0000019987582b43 sp=0x00000017239fbc90 mode 0
Event: 0.661 Thread 0x000001998f9b4440 Uncommon trap: trap_request=0xffffff45 fr.pc=0x0000019987aedce4 relative=0x0000000000000064
Event: 0.661 Thread 0x000001998f9b4440 Uncommon trap: reason=unstable_if action=reinterpret pc=0x0000019987aedce4 method=java.io.WinNTFileSystem.isSlash(C)Z @ 9 c2
Event: 0.661 Thread 0x000001998f9b4440 DEOPT PACKING pc=0x0000019987aedce4 sp=0x00000017252fce60
Event: 0.661 Thread 0x000001998f9b4440 DEOPT UNPACKING pc=0x00000199875823a3 sp=0x00000017252fcde8 mode 2
Event: 0.905 Thread 0x000001998f9b4440 Uncommon trap: trap_request=0xffffff6e fr.pc=0x0000019987b05274 relative=0x0000000000000454
Event: 0.905 Thread 0x000001998f9b4440 Uncommon trap: reason=loop_limit_check action=maybe_recompile pc=0x0000019987b05274 method=java.lang.StringLatin1.indexOf([BI[BII)I @ 37 c2
Event: 0.905 Thread 0x000001998f9b4440 DEOPT PACKING pc=0x0000019987b05274 sp=0x00000017252f9fd0
Event: 0.905 Thread 0x000001998f9b4440 DEOPT UNPACKING pc=0x00000199875823a3 sp=0x00000017252f9f30 mode 2
Event: 3.561 Thread 0x000001998f9b4440 DEOPT PACKING pc=0x000001998006fdd4 sp=0x00000017252fe980
Event: 3.561 Thread 0x000001998f9b4440 DEOPT UNPACKING pc=0x0000019987582b43 sp=0x00000017252fde30 mode 0
Event: 3.564 Thread 0x000001998f9b4440 Uncommon trap: trap_request=0xffffff54 fr.pc=0x0000019987b0b7dc relative=0x000000000000005c
Event: 3.564 Thread 0x000001998f9b4440 Uncommon trap: reason=speculate_null_assert action=make_not_entrant pc=0x0000019987b0b7dc method=sun.misc.Unsafe.getLong(Ljava/lang/Object;J)J @ 5 c2
Event: 3.564 Thread 0x000001998f9b4440 DEOPT PACKING pc=0x0000019987b0b7dc sp=0x00000017252fec80
Event: 3.564 Thread 0x000001998f9b4440 DEOPT UNPACKING pc=0x00000199875823a3 sp=0x00000017252fec08 mode 2
Event: 3.613 Thread 0x000001998f9b4440 Uncommon trap: trap_request=0xffffff5c fr.pc=0x0000019987b0bad8 relative=0x0000000000000058
Event: 3.613 Thread 0x000001998f9b4440 Uncommon trap: reason=speculate_null_check action=make_not_entrant pc=0x0000019987b0bad8 method=sun.misc.Unsafe.putInt(Ljava/lang/Object;JI)V @ 7 c2
Event: 3.613 Thread 0x000001998f9b4440 DEOPT PACKING pc=0x0000019987b0bad8 sp=0x00000017252fed60
Event: 3.613 Thread 0x000001998f9b4440 DEOPT UNPACKING pc=0x00000199875823a3 sp=0x00000017252fece0 mode 2

Classes unloaded (0 events):
No events

Classes redefined (0 events):
No events

Internal exceptions (20 events):
Event: 3.869 Thread 0x00000199db31dbc0 Exception <a 'java/lang/InterruptedException'{0x00000007103c41c0}: sleep interrupted> (0x00000007103c41c0) 
thrown [s\open\src\hotspot\share\prims\jvm.cpp, line 3064]
Event: 3.870 Thread 0x00000199db31e0d0 Exception <a 'java/lang/InterruptedException'{0x0000000710000840}: sleep interrupted> (0x0000000710000840) 
thrown [s\open\src\hotspot\share\prims\jvm.cpp, line 3064]
Event: 3.870 Thread 0x00000199db321370 Exception <a 'java/lang/InterruptedException'{0x0000000710071290}: sleep interrupted> (0x0000000710071290) 
thrown [s\open\src\hotspot\share\prims\jvm.cpp, line 3064]
Event: 3.870 Thread 0x00000199db3236e0 Exception <a 'java/lang/InterruptedException'{0x00000007100e1ce0}: sleep interrupted> (0x00000007100e1ce0) 
thrown [s\open\src\hotspot\share\prims\jvm.cpp, line 3064]
Event: 3.869 Thread 0x000001998f9b2af0 Exception <a 'java/lang/InterruptedException'{0x0000000710353770}: sleep interrupted> (0x0000000710353770) 
thrown [s\open\src\hotspot\share\prims\jvm.cpp, line 3064]
Event: 3.870 Thread 0x00000199db31eaf0 Exception <a 'java/lang/InterruptedException'{0x0000000710000040}: sleep interrupted> (0x0000000710000040) 
thrown [s\open\src\hotspot\share\prims\jvm.cpp, line 3064]
Event: 3.880 Thread 0x000001998f9b2af0 Exception <a 'java/lang/InterruptedException'{0x0000000710353a80}: sleep interrupted> (0x0000000710353a80) 
thrown [s\open\src\hotspot\share\prims\jvm.cpp, line 3064]
Event: 3.880 Thread 0x000001998f9b4e60 Exception <a 'java/lang/InterruptedException'{0x0000000710271e20}: sleep interrupted> (0x0000000710271e20) 
thrown [s\open\src\hotspot\share\prims\jvm.cpp, line 3064]
Event: 3.880 Thread 0x00000199db31e0d0 Exception <a 'java/lang/InterruptedException'{0x0000000710000b50}: sleep interrupted> (0x0000000710000b50) 
thrown [s\open\src\hotspot\share\prims\jvm.cpp, line 3064]
Event: 3.880 Thread 0x00000199db321370 Exception <a 'java/lang/InterruptedException'{0x00000007100715a0}: sleep interrupted> (0x00000007100715a0) 
thrown [s\open\src\hotspot\share\prims\jvm.cpp, line 3064]
Event: 3.880 Thread 0x00000199db31dbc0 Exception <a 'java/lang/InterruptedException'{0x00000007103c4508}: sleep interrupted> (0x00000007103c4508) 
thrown [s\open\src\hotspot\share\prims\jvm.cpp, line 3064]
Event: 3.880 Thread 0x00000199db31eaf0 Exception <a 'java/lang/InterruptedException'{0x0000000710000350}: sleep interrupted> (0x0000000710000350) 
thrown [s\open\src\hotspot\share\prims\jvm.cpp, line 3064]
Event: 3.880 Thread 0x00000199db3236e0 Exception <a 'java/lang/InterruptedException'{0x00000007100e1ff0}: sleep interrupted> (0x00000007100e1ff0) 
thrown [s\open\src\hotspot\share\prims\jvm.cpp, line 3064]
Event: 3.895 Thread 0x00000199db31dbc0 Exception <a 'java/lang/InterruptedException'{0x00000007103c5348}: sleep interrupted> (0x00000007103c5348) 
thrown [s\open\src\hotspot\share\prims\jvm.cpp, line 3064]
Event: 3.895 Thread 0x00000199db31eaf0 Exception <a 'java/lang/InterruptedException'{0x0000000710153370}: sleep interrupted> (0x0000000710153370) 
thrown [s\open\src\hotspot\share\prims\jvm.cpp, line 3064]
Event: 3.895 Thread 0x000001998f9b4e60 Exception <a 'java/lang/InterruptedException'{0x0000000710272ca0}: sleep interrupted> (0x0000000710272ca0) 
thrown [s\open\src\hotspot\share\prims\jvm.cpp, line 3064]
Event: 3.895 Thread 0x000001998f9b2af0 Exception <a 'java/lang/InterruptedException'{0x00000007103548c0}: sleep interrupted> (0x00000007103548c0) 
thrown [s\open\src\hotspot\share\prims\jvm.cpp, line 3064]
Event: 3.896 Thread 0x00000199db31e0d0 Exception <a 'java/lang/InterruptedException'{0x0000000710001888}: sleep interrupted> (0x0000000710001888) 
thrown [s\open\src\hotspot\share\prims\jvm.cpp, line 3064]
Event: 3.896 Thread 0x00000199db3236e0 Exception <a 'java/lang/InterruptedException'{0x00000007100e2c08}: sleep interrupted> (0x00000007100e2c08) 
thrown [s\open\src\hotspot\share\prims\jvm.cpp, line 3064]
Event: 3.896 Thread 0x00000199db321370 Exception <a 'java/lang/InterruptedException'{0x0000000710072420}: sleep interrupted> (0x0000000710072420) 
thrown [s\open\src\hotspot\share\prims\jvm.cpp, line 3064]

VM Operations (12 events):
Event: 0.184 Executing VM operation: HandshakeAllThreads
Event: 0.184 Executing VM operation: HandshakeAllThreads done
Event: 0.351 Executing VM operation: HandshakeAllThreads
Event: 0.351 Executing VM operation: HandshakeAllThreads done
Event: 0.558 Executing VM operation: HandshakeAllThreads
Event: 0.558 Executing VM operation: HandshakeAllThreads done
Event: 0.634 Executing VM operation: HandshakeAllThreads
Event: 0.634 Executing VM operation: HandshakeAllThreads done
Event: 1.633 Executing VM operation: Cleanup
Event: 1.635 Executing VM operation: Cleanup done
Event: 3.636 Executing VM operation: Cleanup
Event: 3.636 Executing VM operation: Cleanup done

Events (20 events):
Event: 3.609 loading class java/util/stream/SpinedBuffer$OfPrimitive done
Event: 3.609 loading class java/util/stream/SpinedBuffer$OfInt done
Event: 3.609 loading class java/util/stream/Nodes$IntSpinedNodeBuilder done
Event: 3.610 loading class java/util/stream/ReferencePipeline$4$1
Event: 3.610 loading class java/util/stream/ReferencePipeline$4$1 done
Event: 3.610 loading class java/util/stream/IntPipeline$1$1
Event: 3.610 loading class java/util/stream/IntPipeline$1$1 done
Event: 3.821 loading class java/util/concurrent/atomic/AtomicIntegerArray
Event: 3.821 loading class java/util/concurrent/atomic/AtomicIntegerArray done
Event: 3.821 loading class java/lang/invoke/VarHandleInts$Array
Event: 3.822 loading class java/lang/invoke/VarHandleInts$Array done
Event: 3.822 loading class java/util/concurrent/atomic/AtomicLongArray
Event: 3.822 loading class java/util/concurrent/atomic/AtomicLongArray done
Event: 3.830 Thread 0x000001998f9b4e60 Thread added: 0x000001998f9b4e60
Event: 3.831 Thread 0x000001998f9b2af0 Thread added: 0x000001998f9b2af0
Event: 3.831 Thread 0x00000199db31dbc0 Thread added: 0x00000199db31dbc0
Event: 3.832 Thread 0x00000199db31eaf0 Thread added: 0x00000199db31eaf0
Event: 3.833 Thread 0x00000199db31e0d0 Thread added: 0x00000199db31e0d0
Event: 3.833 Thread 0x00000199db321370 Thread added: 0x00000199db321370
Event: 3.834 Thread 0x00000199db3236e0 Thread added: 0x00000199db3236e0


Dynamic libraries:
0x00007ff606940000 - 0x00007ff606950000 	C:\Program Files\Java\jdk-17\bin\javaw.exe
0x00007ffba41d0000 - 0x00007ffba43e7000 	C:\WINDOWS\SYSTEM32\ntdll.dll
0x00007ffba3310000 - 0x00007ffba33d4000 	C:\WINDOWS\System32\KERNEL32.DLL
0x00007ffba14e0000 - 0x00007ffba1897000 	C:\WINDOWS\System32\KERNELBASE.dll
0x00007ffba1ab0000 - 0x00007ffba1bc1000 	C:\WINDOWS\System32\ucrtbase.dll
0x00007ffb85e80000 - 0x00007ffb85e9b000 	C:\Program Files\Java\jdk-17\bin\VCRUNTIME140.dll
0x00007ffb85ea0000 - 0x00007ffb85eb9000 	C:\Program Files\Java\jdk-17\bin\jli.dll
0x00007ffba2660000 - 0x00007ffba2712000 	C:\WINDOWS\System32\ADVAPI32.dll
0x00007ffba39c0000 - 0x00007ffba3a67000 	C:\WINDOWS\System32\msvcrt.dll
0x00007ffba2730000 - 0x00007ffba27d8000 	C:\WINDOWS\System32\sechost.dll
0x00007ffba1db0000 - 0x00007ffba1dd8000 	C:\WINDOWS\System32\bcrypt.dll
0x00007ffba3a70000 - 0x00007ffba3b84000 	C:\WINDOWS\System32\RPCRT4.dll
0x00007ffba1f00000 - 0x00007ffba20af000 	C:\WINDOWS\System32\USER32.dll
0x00007ffb84470000 - 0x00007ffb84703000 	C:\WINDOWS\WinSxS\amd64_microsoft.windows.common-controls_6595b64144ccf1df_6.0.22621.3672_none_2713b9d173822955\COMCTL32.dll
0x00007ffba18a0000 - 0x00007ffba18c6000 	C:\WINDOWS\System32\win32u.dll
0x00007ffba3130000 - 0x00007ffba3159000 	C:\WINDOWS\System32\GDI32.dll
0x00007ffba1de0000 - 0x00007ffba1ef8000 	C:\WINDOWS\System32\gdi32full.dll
0x00007ffba1a10000 - 0x00007ffba1aaa000 	C:\WINDOWS\System32\msvcp_win.dll
0x00007ffb95390000 - 0x00007ffb9539a000 	C:\WINDOWS\SYSTEM32\VERSION.dll
0x00007ffba37a0000 - 0x00007ffba37d1000 	C:\WINDOWS\System32\IMM32.DLL
0x00007ffb85f80000 - 0x00007ffb85f8c000 	C:\Program Files\Java\jdk-17\bin\vcruntime140_1.dll
0x00007ffb85490000 - 0x00007ffb8551e000 	C:\Program Files\Java\jdk-17\bin\msvcp140.dll
0x00007ffb1e6c0000 - 0x00007ffb1f29f000 	C:\Program Files\Java\jdk-17\bin\server\jvm.dll
0x00007ffba3870000 - 0x00007ffba3878000 	C:\WINDOWS\System32\PSAPI.DLL
0x00007ffb9bbe0000 - 0x00007ffb9bc14000 	C:\WINDOWS\SYSTEM32\WINMM.dll
0x00007ffb85040000 - 0x00007ffb85049000 	C:\WINDOWS\SYSTEM32\WSOCK32.dll
0x00007ffba27e0000 - 0x00007ffba2851000 	C:\WINDOWS\System32\WS2_32.dll
0x00007ffba04f0000 - 0x00007ffba0508000 	C:\WINDOWS\SYSTEM32\kernel.appcore.dll
0x00007ffb85da0000 - 0x00007ffb85daa000 	C:\Program Files\Java\jdk-17\bin\jimage.dll
0x00007ffb9ed40000 - 0x00007ffb9ef72000 	C:\WINDOWS\SYSTEM32\DBGHELP.DLL
0x00007ffba3e00000 - 0x00007ffba418e000 	C:\WINDOWS\System32\combase.dll
0x00007ffba3880000 - 0x00007ffba3957000 	C:\WINDOWS\System32\OLEAUT32.dll
0x00007ffb8e5e0000 - 0x00007ffb8e612000 	C:\WINDOWS\SYSTEM32\dbgcore.DLL
0x00007ffba1990000 - 0x00007ffba1a0b000 	C:\WINDOWS\System32\bcryptPrimitives.dll
0x00007ffb85ce0000 - 0x00007ffb85d05000 	C:\Program Files\Java\jdk-17\bin\java.dll
0x00007ffb7c2c0000 - 0x00007ffb7c397000 	C:\Program Files\Java\jdk-17\bin\jsvml.dll
0x00007ffba2860000 - 0x00007ffba30c9000 	C:\WINDOWS\System32\SHELL32.dll
0x00007ffb9f400000 - 0x00007ffb9fcff000 	C:\WINDOWS\SYSTEM32\windows.storage.dll
0x00007ffb9f2c0000 - 0x00007ffb9f3ff000 	C:\WINDOWS\SYSTEM32\wintypes.dll
0x00007ffba2550000 - 0x00007ffba2649000 	C:\WINDOWS\System32\SHCORE.dll
0x00007ffba3960000 - 0x00007ffba39be000 	C:\WINDOWS\System32\shlwapi.dll
0x00007ffba1410000 - 0x00007ffba1437000 	C:\WINDOWS\SYSTEM32\profapi.dll
0x00007ffb7bd50000 - 0x00007ffb7bee1000 	C:\Program Files\Java\jdk-17\bin\awt.dll
0x00007ffb9ba90000 - 0x00007ffb9bb27000 	C:\WINDOWS\SYSTEM32\apphelp.dll
0x00007ffb85d80000 - 0x00007ffb85d99000 	C:\Program Files\Java\jdk-17\bin\net.dll
0x00007ffb9c3a0000 - 0x00007ffb9c4d6000 	C:\WINDOWS\SYSTEM32\WINHTTP.dll
0x00007ffba09c0000 - 0x00007ffba0a29000 	C:\WINDOWS\system32\mswsock.dll
0x00007ffb85cc0000 - 0x00007ffb85cd6000 	C:\Program Files\Java\jdk-17\bin\nio.dll
0x00007ffb85c80000 - 0x00007ffb85c98000 	C:\Program Files\Java\jdk-17\bin\zip.dll
0x00007ffb9e520000 - 0x00007ffb9e5d1000 	C:\WINDOWS\system32\uxtheme.dll
0x00007ffba33e0000 - 0x00007ffba3540000 	C:\WINDOWS\System32\MSCTF.dll
0x00007ffba3160000 - 0x00007ffba3305000 	C:\WINDOWS\System32\ole32.dll
0x00007ffb9e790000 - 0x00007ffb9e7bb000 	C:\WINDOWS\system32\DWMAPI.DLL
0x00007ffb1e3a0000 - 0x00007ffb1e4a0000 	C:\WINDOWS\system32\opengl32.dll
0x00007ffb3d460000 - 0x00007ffb3d48d000 	C:\WINDOWS\SYSTEM32\GLU32.dll
0x00007ffb9e640000 - 0x00007ffb9e677000 	C:\WINDOWS\SYSTEM32\dxcore.dll
0x00007ffb84e20000 - 0x00007ffb84e9b000 	C:\Users\teojo\AppData\Local\Temp\lwjgl_teojo\3.3.4+7\x64\lwjgl.dll
0x00007ffb84b50000 - 0x00007ffb84bd5000 	C:\Users\teojo\AppData\Local\Temp\lwjgl_teojo\3.3.4+7\x64\glfw.dll
0x00007ffb85920000 - 0x00007ffb85966000 	C:\WINDOWS\SYSTEM32\dinput8.dll
0x00007ffb793e0000 - 0x00007ffb793f1000 	C:\WINDOWS\SYSTEM32\xinput1_4.dll
0x00007ffba11f0000 - 0x00007ffba123e000 	C:\WINDOWS\SYSTEM32\cfgmgr32.dll
0x00007ffba11c0000 - 0x00007ffba11ec000 	C:\WINDOWS\SYSTEM32\DEVOBJ.dll
0x00007ffb95f00000 - 0x00007ffb96113000 	C:\WINDOWS\SYSTEM32\inputhost.dll
0x00007ffb9b2e0000 - 0x00007ffb9b413000 	C:\WINDOWS\SYSTEM32\CoreMessaging.dll
0x00007ffba0cf0000 - 0x00007ffba0cfc000 	C:\WINDOWS\SYSTEM32\CRYPTBASE.DLL
0x00007ffb97250000 - 0x00007ffb97393000 	C:\WINDOWS\SYSTEM32\textinputframework.dll
0x00007ffb987b0000 - 0x00007ffb98b1d000 	C:\WINDOWS\SYSTEM32\CoreUIComponents.dll
0x00007ffb841e0000 - 0x00007ffb84249000 	C:\WINDOWS\system32\Oleacc.dll
0x00007ffb2e310000 - 0x00007ffb2e46f000 	C:\WINDOWS\SYSTEM32\vulkan-1.dll
0x00007ffb9e680000 - 0x00007ffb9e777000 	C:\WINDOWS\system32\dxgi.dll
0x00007ffb99210000 - 0x00007ffb9922a000 	C:\WINDOWS\SYSTEM32\windows.staterepositorycore.dll
0x00007ffb98ef0000 - 0x00007ffb98f39000 	C:\WINDOWS\SYSTEM32\directxdatabasehelper.dll
0x00007ffb18140000 - 0x00007ffb1958b000 	C:\WINDOWS\System32\DriverStore\FileRepository\64zh1339.inf_amd64_049a1eb556a79dfd\igvk64.dll
0x00007ffb957d0000 - 0x00007ffb95b97000 	C:\WINDOWS\System32\DriverStore\FileRepository\64zh1339.inf_amd64_049a1eb556a79dfd\igdgmm64.dll
0x00007ffb91100000 - 0x00007ffb946b2000 	C:\WINDOWS\System32\DriverStore\FileRepository\64zh1339.inf_amd64_049a1eb556a79dfd\igc64.dll
0x00007ffb22d30000 - 0x00007ffb2314d000 	C:\WINDOWS\System32\DriverStore\FileRepository\64zh1339.inf_amd64_049a1eb556a79dfd\igdmd64.dll
0x00007ffb0f340000 - 0x00007ffb11f2b000 	C:\WINDOWS\System32\DriverStore\FileRepository\nvmsoi.inf_amd64_f617ba55ceca6e18\nvoglv64.dll
0x00007ffba20b0000 - 0x00007ffba2524000 	C:\WINDOWS\System32\SETUPAPI.dll
0x00007ffba02b0000 - 0x00007ffba02c4000 	C:\WINDOWS\SYSTEM32\WTSAPI32.dll
0x00007ffba0de0000 - 0x00007ffba0df2000 	C:\WINDOWS\SYSTEM32\msasn1.dll
0x00007ffb95350000 - 0x00007ffb95382000 	C:\WINDOWS\SYSTEM32\cryptnet.dll
0x00007ffba1bd0000 - 0x00007ffba1d36000 	C:\WINDOWS\System32\CRYPT32.dll
0x00007ffb95190000 - 0x00007ffb952f2000 	C:\WINDOWS\SYSTEM32\drvstore.dll
0x00007ffba0c40000 - 0x00007ffba0c89000 	C:\WINDOWS\SYSTEM32\wldp.dll
0x00007ffba1d40000 - 0x00007ffba1dac000 	C:\WINDOWS\System32\wintrust.dll
0x00007ffba2530000 - 0x00007ffba254f000 	C:\WINDOWS\System32\imagehlp.dll
0x00007ffba0d90000 - 0x00007ffba0dab000 	C:\WINDOWS\SYSTEM32\CRYPTSP.dll
0x00007ffba0450000 - 0x00007ffba0485000 	C:\WINDOWS\system32\rsaenh.dll
0x00007ffba0a30000 - 0x00007ffba0a56000 	C:\WINDOWS\SYSTEM32\gpapi.dll
0x00007ffb0d150000 - 0x00007ffb0f33d000 	C:\WINDOWS\System32\DriverStore\FileRepository\nvmsoi.inf_amd64_f617ba55ceca6e18\nvgpucomp64.dll
0x00007ffba0670000 - 0x00007ffba06a4000 	C:\WINDOWS\SYSTEM32\ntmarta.dll
0x00007ffba3b90000 - 0x00007ffba3c40000 	C:\WINDOWS\System32\clbcatq.dll
0x00007ffb86310000 - 0x00007ffb86349000 	C:\WINDOWS\SYSTEM32\rometadata.dll
0x00007ffb138a0000 - 0x00007ffb15252000 	C:\VulkanSDK\1.3.275.0\Bin\VkLayer_khronos_validation.dll
0x00007ffb85440000 - 0x00007ffb8548e000 	C:\ProgramData\obs-studio-hook\graphics-hook64.dll
0x00007ffb3d3c0000 - 0x00007ffb3d3f4000 	C:\WINDOWS\SYSTEM32\ControlLib.dll
0x00007ffb1d1f0000 - 0x00007ffb1d379000 	C:\WINDOWS\System32\DriverStore\FileRepository\64zh1339.inf_amd64_049a1eb556a79dfd\igdml64.dll
0x00007ffb9b940000 - 0x00007ffb9ba84000 	C:\Windows\System32\AppXDeploymentClient.dll
0x00007ffb1d380000 - 0x00007ffb1e392000 	C:\WINDOWS\System32\DriverStore\FileRepository\64zh1339.inf_amd64_049a1eb556a79dfd\ig9icd64.dll
0x00007ffba0d40000 - 0x00007ffba0d8d000 	C:\WINDOWS\SYSTEM32\powrprof.dll
0x00007ffba0d20000 - 0x00007ffba0d33000 	C:\WINDOWS\SYSTEM32\UMPDC.dll
0x00007ffb72660000 - 0x00007ffb726ab000 	C:\WINDOWS\system32\ApplicationTargetedFeatureDatabase.dll
0x00007ffb96920000 - 0x00007ffb96bc2000 	C:\Windows\System32\twinapi.appcore.dll

dbghelp: loaded successfully - version: 4.0.5 - missing functions: none
symbol engine: initialized successfully - sym options: 0x614 - pdb path: .;C:\Program Files\Java\jdk-17\bin;C:\WINDOWS\SYSTEM32;C:\WINDOWS\WinSxS\amd64_microsoft.windows.common-controls_6595b64144ccf1df_6.0.22621.3672_none_2713b9d173822955;C:\Program Files\Java\jdk-17\bin\server;C:\Users\teojo\AppData\Local\Temp\lwjgl_teojo\3.3.4+7\x64;C:\WINDOWS\System32\DriverStore\FileRepository\64zh1339.inf_amd64_049a1eb556a79dfd;C:\WINDOWS\System32\DriverStore\FileRepository\nvmsoi.inf_amd64_f617ba55ceca6e18;C:\VulkanSDK\1.3.275.0\Bin;C:\ProgramData\obs-studio-hook

VM Arguments:
jvm_args: -Dfile.encoding=UTF-8 -Dstdout.encoding=UTF-8 -Dstderr.encoding=UTF-8 -XX:+ShowCodeDetailsInExceptionMessages 
java_command: Sketch1
java_class_path (initial): C:\mydata\projects\processing4\core\bin;C:\mydata\projects\processing4\core\library\jogl-all.jar;C:\mydata\projects\processing4\core\library\gluegen-rt.jar;C:\mydata\projects\processing4\core\library\lwjgl-vulkan\joml-1.10.7.jar;C:\mydata\projects\processing4\core\library\lwjgl-vulkan\lwjgl.jar;C:\mydata\projects\processing4\core\library\lwjgl-vulkan\lwjgl-assimp.jar;C:\mydata\projects\processing4\core\library\lwjgl-vulkan\lwjgl-assimp-natives-linux.jar;C:\mydata\projects\processing4\core\library\lwjgl-vulkan\lwjgl-assimp-natives-windows.jar;C:\mydata\projects\processing4\core\library\lwjgl-vulkan\lwjgl-assimp-sources.jar;C:\mydata\projects\processing4\core\library\lwjgl-vulkan\lwjgl-glfw.jar;C:\mydata\projects\processing4\core\library\lwjgl-vulkan\lwjgl-glfw-natives-linux.jar;C:\mydata\projects\processing4\core\library\lwjgl-vulkan\lwjgl-glfw-natives-windows.jar;C:\mydata\projects\processing4\core\library\lwjgl-vulkan\lwjgl-glfw-sources.jar;C:\mydata\projects\processing4\core\library\lwjgl-vulkan\lwjgl-natives-linux.jar;C:\mydata\projects\processing4\core\library\lwjgl-vulkan\lwjgl-natives-windows.jar;C:\mydata\projects\processing4\core\library\lwjgl-vulkan\lwjgl-openal.jar;C:\mydata\projects\processing4\core\library\lwjgl-vulkan\lwjgl-openal-natives-linux.jar;C:\mydata\projects\processing4\core\library\lwjgl-vulkan\lwjgl-openal-natives-windows.jar;C:\mydata\projects\processing4\core\library\lwjgl-vulkan\lwjgl-openal-sources.jar;C:\mydata\projects\processing4\core\library\lwjgl-vulkan\lwjgl-shaderc.jar;C:\mydata\projects\processing4\core\library\lwjgl-vulkan\lwjgl-shaderc-natives-linux.jar;C:\mydata\projects\processing4\core\library\lwjgl-vulkan\lwjgl-shaderc-natives-windows.jar;C:\mydata\projects\processing4\core\library\lwjgl-vulkan\lwjgl-shaderc-sources.jar;C:\mydata\projects\processing4\core\library\lwjgl-vulkan\lwjgl-sources.jar;C:\mydata\projects\processing4\core\library\lwjgl-vulkan\lwjgl-stb.jar;C:\mydata\projects\processing4\co
Launcher Type: SUN_STANDARD

[Global flags]
     intx CICompilerCount                          = 4                                         {product} {ergonomic}
     uint ConcGCThreads                            = 2                                         {product} {ergonomic}
     uint G1ConcRefinementThreads                  = 8                                         {product} {ergonomic}
   size_t G1HeapRegionSize                         = 2097152                                   {product} {ergonomic}
    uintx GCDrainStackTargetSize                   = 64                                        {product} {ergonomic}
   size_t InitialHeapSize                          = 268435456                                 {product} {ergonomic}
   size_t MarkStackSize                            = 4194304                                   {product} {ergonomic}
   size_t MaxHeapSize                              = 4273995776                                {product} {ergonomic}
   size_t MaxNewSize                               = 2562719744                                {product} {ergonomic}
   size_t MinHeapDeltaBytes                        = 2097152                                   {product} {ergonomic}
   size_t MinHeapSize                              = 8388608                                   {product} {ergonomic}
    uintx NonNMethodCodeHeapSize                   = 5839372                                {pd product} {ergonomic}
    uintx NonProfiledCodeHeapSize                  = 122909434                              {pd product} {ergonomic}
    uintx ProfiledCodeHeapSize                     = 122909434                              {pd product} {ergonomic}
    uintx ReservedCodeCacheSize                    = 251658240                              {pd product} {ergonomic}
     bool SegmentedCodeCache                       = true                                      {product} {ergonomic}
     bool ShowCodeDetailsInExceptionMessages       = true                                   {manageable} {command line}
   size_t SoftMaxHeapSize                          = 4273995776                             {manageable} {ergonomic}
     bool UseCompressedClassPointers               = true                           {product lp64_product} {ergonomic}
     bool UseCompressedOops                        = true                           {product lp64_product} {ergonomic}
     bool UseG1GC                                  = true                                      {product} {ergonomic}
     bool UseLargePagesIndividualAllocation        = false                                  {pd product} {ergonomic}

Logging:
Log output configuration:
 #0: stdout all=warning uptime,level,tags
 #1: stderr all=off uptime,level,tags

Environment Variables:
PATH=C:/Users/teojo/.p2/pool/plugins/org.eclipse.justj.openjdk.hotspot.jre.full.win32.x86_64_17.0.8.v20230831-1047/jre/bin/server;C:/Users/teojo/.p2/pool/plugins/org.eclipse.justj.openjdk.hotspot.jre.full.win32.x86_64_17.0.8.v20230831-1047/jre/bin;C:\VulkanSDK\1.3.275.0\Bin;C:\Program Files\Common Files\Oracle\Java\javapath;C:\Program Files (x86)\Common Files\Oracle\Java\java8path;C:\Program Files (x86)\Common Files\Oracle\Java\javapath;C:\WINDOWS\system32;C:\WINDOWS;C:\WINDOWS\System32\Wbem;C:\WINDOWS\System32\WindowsPowerShell\v1.0\;C:\WINDOWS\System32\OpenSSH\;C:\Program Files\dotnet\;C:\Program Files (x86)\NVIDIA Corporation\PhysX\Common;C:\Program Files\CMake\bin;C:\Program Files (x86)\Windows Kits\10\Windows Performance Toolkit\;C:\mydata\apps\apache-maven-3.9.8\bin\;C:\Users\teojo\AppData\Local\Microsoft\WindowsApps;C:\Users\teojo\AppData\Local\Programs\Microsoft VS Code\bin;C:\Users\teojo\.dotnet\tools;C:\msys64\ucrt64\bin;;C:\WINDOWS\system32;
USERNAME=teojo
OS=Windows_NT
PROCESSOR_IDENTIFIER=Intel64 Family 6 Model 142 Stepping 10, GenuineIntel



---------------  S Y S T E M  ---------------

OS:
 Windows 11 , 64 bit Build 22621 (10.0.22621.3958)
OS uptime: 1 days 1:03 hours
Hyper-V role detected

CPU: total 8 (initial active 8) (4 cores per cpu, 2 threads per core) family 6 model 142 stepping 10 microcode 0xf0, cx8, cmov, fxsr, ht, mmx, 3dnowpref, sse, sse2, sse3, ssse3, sse4.1, sse4.2, popcnt, lzcnt, tsc, tscinvbit, avx, avx2, aes, erms, clmul, bmi1, bmi2, rtm, adx, fma, vzeroupper, clflush, clflushopt, hv

Memory: 4k page, system-wide physical 16301M (6922M free)
TotalPageFile size 21933M (AvailPageFile size 7435M)
current process WorkingSet (physical memory assigned to process): 226M, peak: 226M
current process commit charge ("private bytes"): 563M, peak: 563M

vm_info: Java HotSpot(TM) 64-Bit Server VM (17.0.10+11-LTS-240) for windows-amd64 JRE (17.0.10+11-LTS-240), built on Dec 19 2023 21:47:25 by "mach5one" with MS VC++ 17.1 (VS2022)

END.
