#
# A fatal error has been detected by the Java Runtime Environment:
#
#  EXCEPTION_ACCESS_VIOLATION (0xc0000005) at pc=0x00007ffa2203c910, pid=3604, tid=2560
#
# JRE version: Java(TM) SE Runtime Environment (17.0.10+11) (build 17.0.10+11-LTS-240)
# Java VM: Java HotSpot(TM) 64-Bit Server VM (17.0.10+11-LTS-240, mixed mode, sharing, tiered, compressed oops, compressed class ptrs, g1 gc, windows-amd64)
# Problematic frame:
# C  [igvk64.dll+0x54c910]
#
# No core dump will be written. Minidumps are not enabled by default on client versions of Windows
#
# If you would like to submit a bug report, please visit:
#   https://bugreport.java.com/bugreport/crash.jsp
# The crash happened outside the Java Virtual Machine in native code.
# See problematic frame for where to report the bug.
#

---------------  S U M M A R Y ------------

Command Line: -Dfile.encoding=UTF-8 -Dstdout.encoding=UTF-8 -Dstderr.encoding=UTF-8 -XX:+ShowCodeDetailsInExceptionMessages PShapeTest

Host: Intel(R) Core(TM) i7-8650U CPU @ 1.90GHz, 8 cores, 15G,  Windows 11 , 64 bit Build 22621 (10.0.22621.3958)
Time: Thu Oct 31 12:57:49 2024 GMT Standard Time elapsed time: 4.298316 seconds (0d 0h 0m 4s)

---------------  T H R E A D  ---------------

Current thread (0x0000017cb466bdb0):  JavaThread "Timer-0" [_thread_in_native, id=2560, stack(0x0000004386e00000,0x0000004386f00000)]

Stack: [0x0000004386e00000,0x0000004386f00000],  sp=0x0000004386efea20,  free space=1018k
Native frames: (J=compiled Java code, j=interpreted, Vv=VM code, C=native code)
C  [igvk64.dll+0x54c910]

Java frames: (J=compiled Java code, j=interpreted, Vv=VM code)
j  org.lwjgl.system.JNI.callPJJJPI(JJJJIJJ)I+0
j  org.lwjgl.vulkan.VK10.nvkMapMemory(Lorg/lwjgl/vulkan/VkDevice;JJJIJ)I+23
j  org.lwjgl.vulkan.VK10.vkMapMemory(Lorg/lwjgl/vulkan/VkDevice;JJJILorg/lwjgl/PointerBuffer;)I+24
j  processing.GL2VK.GraphicsBuffer.mapByte(IJ)Ljava/nio/ByteBuffer;+33
j  processing.GL2VK.GraphicsBuffer.mapByte()Ljava/nio/ByteBuffer;+9
j  processing.GL2VK.GL2VK.glMapBuffer(II)Ljava/nio/ByteBuffer;+24
j  processing.vulkan.PVK.mapBuffer(II)Ljava/nio/ByteBuffer;+6
j  processing.opengl.PGraphicsOpenGL$TessGeometry.mapPolyVerticesBuffer()V+14
j  processing.opengl.PGraphicsOpenGL$TessGeometry.initPolyVerticesBuffer(ZZI)V+52
j  processing.opengl.PShapeOpenGL.initPolyBuffers()V+68
j  processing.opengl.PShapeOpenGL.initBuffers()V+35
j  processing.opengl.PShapeOpenGL.updateGeometry()V+4
j  processing.opengl.PShapeOpenGL.draw(Lprocessing/core/PGraphics;)V+29
j  processing.core.PGraphics.shape(Lprocessing/core/PShape;)V+43
j  processing.vulkan.PVKGraphics2D.shape(Lprocessing/core/PShape;)V+9
j  processing.core.PApplet.shape(Lprocessing/core/PShape;)V+20
j  PShapeTest.draw()V+16
j  processing.core.PApplet.handleDraw()V+272
j  processing.vulkan.PSurfaceVK$AnimatorTask.run()V+130
j  java.util.TimerThread.mainLoop()V+221 java.base@17.0.10
j  java.util.TimerThread.run()V+1 java.base@17.0.10
v  ~StubRoutines::call_stub

siginfo: EXCEPTION_ACCESS_VIOLATION (0xc0000005), reading address 0x00000000000000c8


Registers:
RAX=0x0000000000000000, RBX=0x0000000000000000, RCX=0x0000017c8312f3e8, RDX=0x0000000000000000
RSP=0x0000004386efea20, RBP=0x0000000000000000, RSI=0x0000017c8312f3e8, RDI=0x0000000000000000
R8 =0x0000000000000000, R9 =0x0000000000000000, R10=0x00007ffa22031e30, R11=0xffffffffffffffff
R12=0xffffffffffffffff, R13=0x0000000000000000, R14=0x0000000000000000, R15=0xffffffffffffffff
RIP=0x00007ffa2203c910, EFLAGS=0x0000000000010202


Register to memory mapping:

RIP=0x00007ffa2203c910 igvk64.dll
RAX=0x0 is NULL
RBX=0x0 is NULL
RCX=0x0000017c8312f3e8 points into unknown readable memory: 0x0000017c8312db00 | 00 db 12 83 7c 01 00 00
RDX=0x0 is NULL
RSP=0x0000004386efea20 is pointing into the stack for thread: 0x0000017cb466bdb0
RBP=0x0 is NULL
RSI=0x0000017c8312f3e8 points into unknown readable memory: 0x0000017c8312db00 | 00 db 12 83 7c 01 00 00
RDI=0x0 is NULL
R8 =0x0 is NULL
R9 =0x0 is NULL
R10=0x00007ffa22031e30 igvk64.dll
R11=0xffffffffffffffff is an unknown value
R12=0xffffffffffffffff is an unknown value
R13=0x0 is NULL
R14=0x0 is NULL
R15=0xffffffffffffffff is an unknown value


Top of Stack: (sp=0x0000004386efea20)
0x0000004386efea20:   00007ffa1f1dd600 0000004386efebb0
0x0000004386efea30:   00000502f49e2000 00007ffa1f1dda00
0x0000004386efea40:   00007ffa1f1de6b0 00007ffa1e78389a
0x0000004386efea50:   00000502f49e2000 0000000000000000
0x0000004386efea60:   00007ffa1f1de6b0 00000502f49e2000
0x0000004386efea70:   0000004300000000 0000017cfa2e6d98
0x0000004386efea80:   000000000000026a ffffffff0000044b
0x0000004386efea90:   0000000000000000 0000017c8312f3e8
0x0000004386efeaa0:   00000502f48d0180 00007ffa1e6d500c
0x0000004386efeab0:   0000017c8312db00 00000502f49e2000
0x0000004386efeac0:   0000004386efebb0 00000502f48d0180
0x0000004386efead0:   0000000000000000 0000017cfa2e6d98
0x0000004386efeae0:   0000017cfa2e6d98 0000004386efeb28
0x0000004386efeaf0:   00000502f4b11ba0 0000000000000000
0x0000004386efeb00:   00000502f49e2000 0000017cfa2e6d98
0x0000004386efeb10:   0000000000000000 00000502f482f538 

Instructions: (pc=0x00007ffa2203c910)
0x00007ffa2203c810:   81 00 49 8b fe 4f 89 34 fc 45 85 ed 75 14 41 bd
0x00007ffa2203c820:   28 52 9f 3b 44 89 ac 24 e8 00 00 00 eb 04 4b 89
0x00007ffa2203c830:   3c fc 44 8b 84 24 f0 00 00 00 eb 43 45 33 f6 4c
0x00007ffa2203c840:   8b a4 24 08 01 00 00 44 8b ac 24 e8 00 00 00 48
0x00007ffa2203c850:   8b 84 24 88 00 00 00 48 89 84 24 e0 00 00 00 8b
0x00007ffa2203c860:   b4 24 00 01 00 00 48 8b 9c 24 90 00 00 00 44 8b
0x00007ffa2203c870:   84 24 f0 00 00 00 eb 04 4f 89 34 fc 49 8b fe f7
0x00007ffa2203c880:   43 10 00 02 00 00 74 20 48 85 ff 75 1b 8b ce 41
0x00007ffa2203c890:   8b c0 2b c6 44 8b c0 03 f0 49 c1 e0 03 49 8d 0c
0x00007ffa2203c8a0:   cc 33 d2 e8 e8 3b 7a 00 ff c6 44 8b 84 24 f0 00
0x00007ffa2203c8b0:   00 00 4c 8b 94 24 e0 00 00 00 4c 8b 9c 24 f8 00
0x00007ffa2203c8c0:   00 00 e9 4f fe ff ff 41 8b c5 eb 07 8b 84 24 e8
0x00007ffa2203c8d0:   00 00 00 48 81 c4 a0 00 00 00 41 5f 41 5e 41 5d
0x00007ffa2203c8e0:   41 5c 5f 5e 5b c3 cc cc cc cc cc cc cc cc cc cc
0x00007ffa2203c8f0:   48 8b 42 10 48 8b 80 60 04 00 00 c3 cc cc cc cc
0x00007ffa2203c900:   48 89 5c 24 08 57 48 83 ec 20 49 8b f8 48 8b da
0x00007ffa2203c910:   48 8b 8a c8 00 00 00 80 ba a4 00 00 00 00 75 0b
0x00007ffa2203c920:   48 83 c2 20 e8 a7 29 05 00 eb 09 48 83 c2 20 e8
0x00007ffa2203c930:   2c e0 06 00 48 8b 53 28 48 8d 14 17 48 8b 4c 24
0x00007ffa2203c940:   58 48 89 11 33 c0 48 8b 5c 24 30 48 83 c4 20 5f
0x00007ffa2203c950:   c3 8b 44 24 50 48 8b 5c 24 30 48 83 c4 20 5f c3
0x00007ffa2203c960:   eb ef cc cc cc cc cc cc cc cc cc cc cc cc cc cc
0x00007ffa2203c970:   48 83 ec 58 48 85 d2 0f 84 a2 00 00 00 48 8d 81
0x00007ffa2203c980:   60 0b 00 00 4d 85 c0 74 1a 41 0f 10 00 0f 11 44
0x00007ffa2203c990:   24 20 41 0f 10 48 10 41 0f 10 40 20 49 83 78 20
0x00007ffa2203c9a0:   00 eb 49 48 85 c0 75 2f 48 8d 05 41 d4 0f 00 48
0x00007ffa2203c9b0:   89 44 24 28 48 8d 05 45 d4 0f 00 48 89 44 24 30
0x00007ffa2203c9c0:   48 8d 05 a9 d4 0f 00 48 89 44 24 38 48 c7 44 24
0x00007ffa2203c9d0:   20 00 00 00 00 eb 21 0f 10 00 0f 11 44 24 20 0f
0x00007ffa2203c9e0:   10 48 10 0f 10 40 20 48 83 78 20 00 0f 11 44 24
0x00007ffa2203c9f0:   40 0f 11 4c 24 30 75 18 48 8d 05 11 ea fe ff 48
0x00007ffa2203ca00:   89 44 24 40 48 8d 05 05 ea fe ff 48 89 44 24 48 


Stack slot to memory mapping:
stack at sp + 0 slots: 0x00007ffa1f1dd600 VkLayer_khronos_validation.dll
stack at sp + 1 slots: 0x0000004386efebb0 is pointing into the stack for thread: 0x0000017cb466bdb0
stack at sp + 2 slots: 0x00000502f49e2000 points into unknown readable memory: 0x00007ffa1ed6d330 | 30 d3 d6 1e fa 7f 00 00
stack at sp + 3 slots: 0x00007ffa1f1dda00 VkLayer_khronos_validation.dll
stack at sp + 4 slots: 0x00007ffa1f1de6b0 VkLayer_khronos_validation.dll
stack at sp + 5 slots: 0x00007ffa1e78389a VkLayer_khronos_validation.dll
stack at sp + 6 slots: 0x00000502f49e2000 points into unknown readable memory: 0x00007ffa1ed6d330 | 30 d3 d6 1e fa 7f 00 00
stack at sp + 7 slots: 0x0 is NULL


---------------  P R O C E S S  ---------------

Threads class SMR info:
_java_thread_list=0x0000017c8356eea0, length=24, elements={
0x0000017cb440b3d0, 0x0000017cb440c250, 0x0000017cb441f400, 0x0000017cb4420fe0,
0x0000017cb44239b0, 0x0000017cb4424370, 0x0000017cb4426bc0, 0x0000017cb44275c0,
0x0000017cb442abb0, 0x0000017cb466ae80, 0x0000017cb466b390, 0x0000017cb466e120,
0x0000017cb466dc10, 0x0000017cb466c7d0, 0x0000017cb466cce0, 0x0000017cb466bdb0,
0x0000017cb466e630, 0x0000017cb466c2c0, 0x0000017cb466d1f0, 0x0000017c83526910,
0x0000017c83522230, 0x0000017c83521810, 0x0000017c83526400, 0x0000017c83522740
}

Java Threads: ( => current thread )
  0x0000017cb440b3d0 JavaThread "Reference Handler" daemon [_thread_blocked, id=7672, stack(0x0000004385c00000,0x0000004385d00000)]
  0x0000017cb440c250 JavaThread "Finalizer" daemon [_thread_blocked, id=12620, stack(0x0000004385d00000,0x0000004385e00000)]
  0x0000017cb441f400 JavaThread "Signal Dispatcher" daemon [_thread_blocked, id=10192, stack(0x0000004385e00000,0x0000004385f00000)]
  0x0000017cb4420fe0 JavaThread "Attach Listener" daemon [_thread_blocked, id=15704, stack(0x0000004385f00000,0x0000004386000000)]
  0x0000017cb44239b0 JavaThread "Service Thread" daemon [_thread_blocked, id=10996, stack(0x0000004386000000,0x0000004386100000)]
  0x0000017cb4424370 JavaThread "Monitor Deflation Thread" daemon [_thread_blocked, id=10216, stack(0x0000004386100000,0x0000004386200000)]
  0x0000017cb4426bc0 JavaThread "C2 CompilerThread0" daemon [_thread_blocked, id=16080, stack(0x0000004386200000,0x0000004386300000)]
  0x0000017cb44275c0 JavaThread "C1 CompilerThread0" daemon [_thread_blocked, id=14964, stack(0x0000004386300000,0x0000004386400000)]
  0x0000017cb442abb0 JavaThread "Sweeper thread" daemon [_thread_blocked, id=772, stack(0x0000004386400000,0x0000004386500000)]
  0x0000017cb466ae80 JavaThread "Notification Thread" daemon [_thread_blocked, id=8576, stack(0x0000004386500000,0x0000004386600000)]
  0x0000017cb466b390 JavaThread "Common-Cleaner" daemon [_thread_blocked, id=16224, stack(0x0000004386700000,0x0000004386800000)]
  0x0000017cb466e120 JavaThread "Java2D Disposer" daemon [_thread_blocked, id=10108, stack(0x0000004386900000,0x0000004386a00000)]
  0x0000017cb466dc10 JavaThread "AWT-Windows" daemon [_thread_in_native, id=8924, stack(0x0000004386b00000,0x0000004386c00000)]
  0x0000017cb466c7d0 JavaThread "HighResTimerThread" daemon [_thread_blocked, id=15224, stack(0x0000004386c00000,0x0000004386d00000)]
  0x0000017cb466cce0 JavaThread "Thread-0" [_thread_blocked, id=7300, stack(0x0000004386d00000,0x0000004386e00000)]
=>0x0000017cb466bdb0 JavaThread "Timer-0" [_thread_in_native, id=2560, stack(0x0000004386e00000,0x0000004386f00000)]
  0x0000017cb466e630 JavaThread "DestroyJavaVM" [_thread_blocked, id=12556, stack(0x0000004385500000,0x0000004385600000)]
  0x0000017cb466c2c0 JavaThread "Thread-2" [_thread_blocked, id=7520, stack(0x0000004387a00000,0x0000004387b00000)]
  0x0000017cb466d1f0 JavaThread "Thread-3" [_thread_blocked, id=13352, stack(0x0000004387b00000,0x0000004387c00000)]
  0x0000017c83526910 JavaThread "Thread-4" [_thread_blocked, id=7804, stack(0x0000004387c00000,0x0000004387d00000)]
  0x0000017c83522230 JavaThread "Thread-5" [_thread_blocked, id=8232, stack(0x0000004387d00000,0x0000004387e00000)]
  0x0000017c83521810 JavaThread "Thread-6" [_thread_blocked, id=12648, stack(0x0000004387e00000,0x0000004387f00000)]
  0x0000017c83526400 JavaThread "Thread-7" [_thread_blocked, id=13240, stack(0x0000004387f00000,0x0000004388000000)]
  0x0000017c83522740 JavaThread "Thread-8" [_thread_blocked, id=2820, stack(0x0000004388000000,0x0000004388100000)]

Other Threads:
  0x0000017cb44073d0 VMThread "VM Thread" [stack: 0x0000004385b00000,0x0000004385c00000] [id=12412]
  0x0000017c8f760560 WatcherThread [stack: 0x0000004386600000,0x0000004386700000] [id=9036]
  0x0000017c8f743f60 GCTaskThread "GC Thread#0" [stack: 0x0000004385600000,0x0000004385700000] [id=15780]
  0x0000017c8f754d70 ConcurrentGCThread "G1 Main Marker" [stack: 0x0000004385700000,0x0000004385800000] [id=14716]
  0x0000017c8f755f20 ConcurrentGCThread "G1 Conc#0" [stack: 0x0000004385800000,0x0000004385900000] [id=10864]
  0x0000017c8f79db90 ConcurrentGCThread "G1 Refine#0" [stack: 0x0000004385900000,0x0000004385a00000] [id=13368]
  0x0000017c8f79e5c0 ConcurrentGCThread "G1 Service" [stack: 0x0000004385a00000,0x0000004385b00000] [id=5516]

Threads with active compile tasks:

VM state: not at safepoint (normal execution)

VM Mutex/Monitor currently owned by a thread: None

Heap address: 0x0000000701400000, size: 4076 MB, Compressed Oops mode: Zero based, Oop shift amount: 3

CDS archive(s) mapped at: [0x0000017cb5000000-0x0000017cb5bd0000-0x0000017cb5bd0000), size 12386304, SharedBaseAddress: 0x0000017cb5000000, ArchiveRelocationMode: 1.
Compressed class space mapped at: 0x0000017cb6000000-0x0000017cf6000000, reserved size: 1073741824
Narrow klass base: 0x0000017cb5000000, Narrow klass shift: 0, Narrow klass range: 0x100000000

GC Precious Log:
 CPUs: 8 total, 8 available
 Memory: 16301M
 Large Page Support: Disabled
 NUMA Support: Disabled
 Compressed Oops: Enabled (Zero based)
 Heap Region Size: 2M
 Heap Min Capacity: 8M
 Heap Initial Capacity: 256M
 Heap Max Capacity: 4076M
 Pre-touch: Disabled
 Parallel Workers: 8
 Concurrent Workers: 2
 Concurrent Refinement Workers: 8
 Periodic GC: Disabled

Heap:
 garbage-first heap   total 262144K, used 18432K [0x0000000701400000, 0x0000000800000000)
  region size 2048K, 10 young (20480K), 0 survivors (0K)
 Metaspace       used 7816K, committed 8064K, reserved 1114112K
  class space    used 533K, committed 640K, reserved 1048576K

Heap Regions: E=young(eden), S=young(survivor), O=old, HS=humongous(starts), HC=humongous(continues), CS=collection set, F=free, OA=open archive, CA=closed archive, TAMS=top-at-mark-start (previous, next)
|   0|0x0000000701400000, 0x0000000701400000, 0x0000000701600000|  0%| F|  |TAMS 0x0000000701400000, 0x0000000701400000| Untracked 
|   1|0x0000000701600000, 0x0000000701600000, 0x0000000701800000|  0%| F|  |TAMS 0x0000000701600000, 0x0000000701600000| Untracked 
|   2|0x0000000701800000, 0x0000000701800000, 0x0000000701a00000|  0%| F|  |TAMS 0x0000000701800000, 0x0000000701800000| Untracked 
|   3|0x0000000701a00000, 0x0000000701a00000, 0x0000000701c00000|  0%| F|  |TAMS 0x0000000701a00000, 0x0000000701a00000| Untracked 
|   4|0x0000000701c00000, 0x0000000701c00000, 0x0000000701e00000|  0%| F|  |TAMS 0x0000000701c00000, 0x0000000701c00000| Untracked 
|   5|0x0000000701e00000, 0x0000000701e00000, 0x0000000702000000|  0%| F|  |TAMS 0x0000000701e00000, 0x0000000701e00000| Untracked 
|   6|0x0000000702000000, 0x0000000702000000, 0x0000000702200000|  0%| F|  |TAMS 0x0000000702000000, 0x0000000702000000| Untracked 
|   7|0x0000000702200000, 0x0000000702200000, 0x0000000702400000|  0%| F|  |TAMS 0x0000000702200000, 0x0000000702200000| Untracked 
|   8|0x0000000702400000, 0x0000000702400000, 0x0000000702600000|  0%| F|  |TAMS 0x0000000702400000, 0x0000000702400000| Untracked 
|   9|0x0000000702600000, 0x0000000702600000, 0x0000000702800000|  0%| F|  |TAMS 0x0000000702600000, 0x0000000702600000| Untracked 
|  10|0x0000000702800000, 0x0000000702800000, 0x0000000702a00000|  0%| F|  |TAMS 0x0000000702800000, 0x0000000702800000| Untracked 
|  11|0x0000000702a00000, 0x0000000702a00000, 0x0000000702c00000|  0%| F|  |TAMS 0x0000000702a00000, 0x0000000702a00000| Untracked 
|  12|0x0000000702c00000, 0x0000000702c00000, 0x0000000702e00000|  0%| F|  |TAMS 0x0000000702c00000, 0x0000000702c00000| Untracked 
|  13|0x0000000702e00000, 0x0000000702e00000, 0x0000000703000000|  0%| F|  |TAMS 0x0000000702e00000, 0x0000000702e00000| Untracked 
|  14|0x0000000703000000, 0x0000000703000000, 0x0000000703200000|  0%| F|  |TAMS 0x0000000703000000, 0x0000000703000000| Untracked 
|  15|0x0000000703200000, 0x0000000703200000, 0x0000000703400000|  0%| F|  |TAMS 0x0000000703200000, 0x0000000703200000| Untracked 
|  16|0x0000000703400000, 0x0000000703400000, 0x0000000703600000|  0%| F|  |TAMS 0x0000000703400000, 0x0000000703400000| Untracked 
|  17|0x0000000703600000, 0x0000000703600000, 0x0000000703800000|  0%| F|  |TAMS 0x0000000703600000, 0x0000000703600000| Untracked 
|  18|0x0000000703800000, 0x0000000703800000, 0x0000000703a00000|  0%| F|  |TAMS 0x0000000703800000, 0x0000000703800000| Untracked 
|  19|0x0000000703a00000, 0x0000000703a00000, 0x0000000703c00000|  0%| F|  |TAMS 0x0000000703a00000, 0x0000000703a00000| Untracked 
|  20|0x0000000703c00000, 0x0000000703c00000, 0x0000000703e00000|  0%| F|  |TAMS 0x0000000703c00000, 0x0000000703c00000| Untracked 
|  21|0x0000000703e00000, 0x0000000703e00000, 0x0000000704000000|  0%| F|  |TAMS 0x0000000703e00000, 0x0000000703e00000| Untracked 
|  22|0x0000000704000000, 0x0000000704000000, 0x0000000704200000|  0%| F|  |TAMS 0x0000000704000000, 0x0000000704000000| Untracked 
|  23|0x0000000704200000, 0x0000000704200000, 0x0000000704400000|  0%| F|  |TAMS 0x0000000704200000, 0x0000000704200000| Untracked 
|  24|0x0000000704400000, 0x0000000704400000, 0x0000000704600000|  0%| F|  |TAMS 0x0000000704400000, 0x0000000704400000| Untracked 
|  25|0x0000000704600000, 0x0000000704600000, 0x0000000704800000|  0%| F|  |TAMS 0x0000000704600000, 0x0000000704600000| Untracked 
|  26|0x0000000704800000, 0x0000000704800000, 0x0000000704a00000|  0%| F|  |TAMS 0x0000000704800000, 0x0000000704800000| Untracked 
|  27|0x0000000704a00000, 0x0000000704a00000, 0x0000000704c00000|  0%| F|  |TAMS 0x0000000704a00000, 0x0000000704a00000| Untracked 
|  28|0x0000000704c00000, 0x0000000704c00000, 0x0000000704e00000|  0%| F|  |TAMS 0x0000000704c00000, 0x0000000704c00000| Untracked 
|  29|0x0000000704e00000, 0x0000000704e00000, 0x0000000705000000|  0%| F|  |TAMS 0x0000000704e00000, 0x0000000704e00000| Untracked 
|  30|0x0000000705000000, 0x0000000705000000, 0x0000000705200000|  0%| F|  |TAMS 0x0000000705000000, 0x0000000705000000| Untracked 
|  31|0x0000000705200000, 0x0000000705200000, 0x0000000705400000|  0%| F|  |TAMS 0x0000000705200000, 0x0000000705200000| Untracked 
|  32|0x0000000705400000, 0x0000000705400000, 0x0000000705600000|  0%| F|  |TAMS 0x0000000705400000, 0x0000000705400000| Untracked 
|  33|0x0000000705600000, 0x0000000705600000, 0x0000000705800000|  0%| F|  |TAMS 0x0000000705600000, 0x0000000705600000| Untracked 
|  34|0x0000000705800000, 0x0000000705800000, 0x0000000705a00000|  0%| F|  |TAMS 0x0000000705800000, 0x0000000705800000| Untracked 
|  35|0x0000000705a00000, 0x0000000705a00000, 0x0000000705c00000|  0%| F|  |TAMS 0x0000000705a00000, 0x0000000705a00000| Untracked 
|  36|0x0000000705c00000, 0x0000000705c00000, 0x0000000705e00000|  0%| F|  |TAMS 0x0000000705c00000, 0x0000000705c00000| Untracked 
|  37|0x0000000705e00000, 0x0000000705e00000, 0x0000000706000000|  0%| F|  |TAMS 0x0000000705e00000, 0x0000000705e00000| Untracked 
|  38|0x0000000706000000, 0x0000000706000000, 0x0000000706200000|  0%| F|  |TAMS 0x0000000706000000, 0x0000000706000000| Untracked 
|  39|0x0000000706200000, 0x0000000706200000, 0x0000000706400000|  0%| F|  |TAMS 0x0000000706200000, 0x0000000706200000| Untracked 
|  40|0x0000000706400000, 0x0000000706400000, 0x0000000706600000|  0%| F|  |TAMS 0x0000000706400000, 0x0000000706400000| Untracked 
|  41|0x0000000706600000, 0x0000000706600000, 0x0000000706800000|  0%| F|  |TAMS 0x0000000706600000, 0x0000000706600000| Untracked 
|  42|0x0000000706800000, 0x0000000706800000, 0x0000000706a00000|  0%| F|  |TAMS 0x0000000706800000, 0x0000000706800000| Untracked 
|  43|0x0000000706a00000, 0x0000000706a00000, 0x0000000706c00000|  0%| F|  |TAMS 0x0000000706a00000, 0x0000000706a00000| Untracked 
|  44|0x0000000706c00000, 0x0000000706c00000, 0x0000000706e00000|  0%| F|  |TAMS 0x0000000706c00000, 0x0000000706c00000| Untracked 
|  45|0x0000000706e00000, 0x0000000706e00000, 0x0000000707000000|  0%| F|  |TAMS 0x0000000706e00000, 0x0000000706e00000| Untracked 
|  46|0x0000000707000000, 0x0000000707000000, 0x0000000707200000|  0%| F|  |TAMS 0x0000000707000000, 0x0000000707000000| Untracked 
|  47|0x0000000707200000, 0x0000000707200000, 0x0000000707400000|  0%| F|  |TAMS 0x0000000707200000, 0x0000000707200000| Untracked 
|  48|0x0000000707400000, 0x0000000707400000, 0x0000000707600000|  0%| F|  |TAMS 0x0000000707400000, 0x0000000707400000| Untracked 
|  49|0x0000000707600000, 0x0000000707600000, 0x0000000707800000|  0%| F|  |TAMS 0x0000000707600000, 0x0000000707600000| Untracked 
|  50|0x0000000707800000, 0x0000000707800000, 0x0000000707a00000|  0%| F|  |TAMS 0x0000000707800000, 0x0000000707800000| Untracked 
|  51|0x0000000707a00000, 0x0000000707a00000, 0x0000000707c00000|  0%| F|  |TAMS 0x0000000707a00000, 0x0000000707a00000| Untracked 
|  52|0x0000000707c00000, 0x0000000707c00000, 0x0000000707e00000|  0%| F|  |TAMS 0x0000000707c00000, 0x0000000707c00000| Untracked 
|  53|0x0000000707e00000, 0x0000000707e00000, 0x0000000708000000|  0%| F|  |TAMS 0x0000000707e00000, 0x0000000707e00000| Untracked 
|  54|0x0000000708000000, 0x0000000708000000, 0x0000000708200000|  0%| F|  |TAMS 0x0000000708000000, 0x0000000708000000| Untracked 
|  55|0x0000000708200000, 0x0000000708200000, 0x0000000708400000|  0%| F|  |TAMS 0x0000000708200000, 0x0000000708200000| Untracked 
|  56|0x0000000708400000, 0x0000000708400000, 0x0000000708600000|  0%| F|  |TAMS 0x0000000708400000, 0x0000000708400000| Untracked 
|  57|0x0000000708600000, 0x0000000708600000, 0x0000000708800000|  0%| F|  |TAMS 0x0000000708600000, 0x0000000708600000| Untracked 
|  58|0x0000000708800000, 0x0000000708800000, 0x0000000708a00000|  0%| F|  |TAMS 0x0000000708800000, 0x0000000708800000| Untracked 
|  59|0x0000000708a00000, 0x0000000708a00000, 0x0000000708c00000|  0%| F|  |TAMS 0x0000000708a00000, 0x0000000708a00000| Untracked 
|  60|0x0000000708c00000, 0x0000000708c00000, 0x0000000708e00000|  0%| F|  |TAMS 0x0000000708c00000, 0x0000000708c00000| Untracked 
|  61|0x0000000708e00000, 0x0000000708e00000, 0x0000000709000000|  0%| F|  |TAMS 0x0000000708e00000, 0x0000000708e00000| Untracked 
|  62|0x0000000709000000, 0x0000000709000000, 0x0000000709200000|  0%| F|  |TAMS 0x0000000709000000, 0x0000000709000000| Untracked 
|  63|0x0000000709200000, 0x0000000709200000, 0x0000000709400000|  0%| F|  |TAMS 0x0000000709200000, 0x0000000709200000| Untracked 
|  64|0x0000000709400000, 0x0000000709400000, 0x0000000709600000|  0%| F|  |TAMS 0x0000000709400000, 0x0000000709400000| Untracked 
|  65|0x0000000709600000, 0x0000000709600000, 0x0000000709800000|  0%| F|  |TAMS 0x0000000709600000, 0x0000000709600000| Untracked 
|  66|0x0000000709800000, 0x0000000709800000, 0x0000000709a00000|  0%| F|  |TAMS 0x0000000709800000, 0x0000000709800000| Untracked 
|  67|0x0000000709a00000, 0x0000000709a00000, 0x0000000709c00000|  0%| F|  |TAMS 0x0000000709a00000, 0x0000000709a00000| Untracked 
|  68|0x0000000709c00000, 0x0000000709c00000, 0x0000000709e00000|  0%| F|  |TAMS 0x0000000709c00000, 0x0000000709c00000| Untracked 
|  69|0x0000000709e00000, 0x0000000709e00000, 0x000000070a000000|  0%| F|  |TAMS 0x0000000709e00000, 0x0000000709e00000| Untracked 
|  70|0x000000070a000000, 0x000000070a000000, 0x000000070a200000|  0%| F|  |TAMS 0x000000070a000000, 0x000000070a000000| Untracked 
|  71|0x000000070a200000, 0x000000070a200000, 0x000000070a400000|  0%| F|  |TAMS 0x000000070a200000, 0x000000070a200000| Untracked 
|  72|0x000000070a400000, 0x000000070a400000, 0x000000070a600000|  0%| F|  |TAMS 0x000000070a400000, 0x000000070a400000| Untracked 
|  73|0x000000070a600000, 0x000000070a600000, 0x000000070a800000|  0%| F|  |TAMS 0x000000070a600000, 0x000000070a600000| Untracked 
|  74|0x000000070a800000, 0x000000070a800000, 0x000000070aa00000|  0%| F|  |TAMS 0x000000070a800000, 0x000000070a800000| Untracked 
|  75|0x000000070aa00000, 0x000000070aa00000, 0x000000070ac00000|  0%| F|  |TAMS 0x000000070aa00000, 0x000000070aa00000| Untracked 
|  76|0x000000070ac00000, 0x000000070ac00000, 0x000000070ae00000|  0%| F|  |TAMS 0x000000070ac00000, 0x000000070ac00000| Untracked 
|  77|0x000000070ae00000, 0x000000070ae00000, 0x000000070b000000|  0%| F|  |TAMS 0x000000070ae00000, 0x000000070ae00000| Untracked 
|  78|0x000000070b000000, 0x000000070b000000, 0x000000070b200000|  0%| F|  |TAMS 0x000000070b000000, 0x000000070b000000| Untracked 
|  79|0x000000070b200000, 0x000000070b200000, 0x000000070b400000|  0%| F|  |TAMS 0x000000070b200000, 0x000000070b200000| Untracked 
|  80|0x000000070b400000, 0x000000070b400000, 0x000000070b600000|  0%| F|  |TAMS 0x000000070b400000, 0x000000070b400000| Untracked 
|  81|0x000000070b600000, 0x000000070b600000, 0x000000070b800000|  0%| F|  |TAMS 0x000000070b600000, 0x000000070b600000| Untracked 
|  82|0x000000070b800000, 0x000000070b800000, 0x000000070ba00000|  0%| F|  |TAMS 0x000000070b800000, 0x000000070b800000| Untracked 
|  83|0x000000070ba00000, 0x000000070ba00000, 0x000000070bc00000|  0%| F|  |TAMS 0x000000070ba00000, 0x000000070ba00000| Untracked 
|  84|0x000000070bc00000, 0x000000070bc00000, 0x000000070be00000|  0%| F|  |TAMS 0x000000070bc00000, 0x000000070bc00000| Untracked 
|  85|0x000000070be00000, 0x000000070be00000, 0x000000070c000000|  0%| F|  |TAMS 0x000000070be00000, 0x000000070be00000| Untracked 
|  86|0x000000070c000000, 0x000000070c000000, 0x000000070c200000|  0%| F|  |TAMS 0x000000070c000000, 0x000000070c000000| Untracked 
|  87|0x000000070c200000, 0x000000070c200000, 0x000000070c400000|  0%| F|  |TAMS 0x000000070c200000, 0x000000070c200000| Untracked 
|  88|0x000000070c400000, 0x000000070c400000, 0x000000070c600000|  0%| F|  |TAMS 0x000000070c400000, 0x000000070c400000| Untracked 
|  89|0x000000070c600000, 0x000000070c600000, 0x000000070c800000|  0%| F|  |TAMS 0x000000070c600000, 0x000000070c600000| Untracked 
|  90|0x000000070c800000, 0x000000070c800000, 0x000000070ca00000|  0%| F|  |TAMS 0x000000070c800000, 0x000000070c800000| Untracked 
|  91|0x000000070ca00000, 0x000000070ca00000, 0x000000070cc00000|  0%| F|  |TAMS 0x000000070ca00000, 0x000000070ca00000| Untracked 
|  92|0x000000070cc00000, 0x000000070cc00000, 0x000000070ce00000|  0%| F|  |TAMS 0x000000070cc00000, 0x000000070cc00000| Untracked 
|  93|0x000000070ce00000, 0x000000070ce00000, 0x000000070d000000|  0%| F|  |TAMS 0x000000070ce00000, 0x000000070ce00000| Untracked 
|  94|0x000000070d000000, 0x000000070d000000, 0x000000070d200000|  0%| F|  |TAMS 0x000000070d000000, 0x000000070d000000| Untracked 
|  95|0x000000070d200000, 0x000000070d200000, 0x000000070d400000|  0%| F|  |TAMS 0x000000070d200000, 0x000000070d200000| Untracked 
|  96|0x000000070d400000, 0x000000070d400000, 0x000000070d600000|  0%| F|  |TAMS 0x000000070d400000, 0x000000070d400000| Untracked 
|  97|0x000000070d600000, 0x000000070d600000, 0x000000070d800000|  0%| F|  |TAMS 0x000000070d600000, 0x000000070d600000| Untracked 
|  98|0x000000070d800000, 0x000000070d800000, 0x000000070da00000|  0%| F|  |TAMS 0x000000070d800000, 0x000000070d800000| Untracked 
|  99|0x000000070da00000, 0x000000070da00000, 0x000000070dc00000|  0%| F|  |TAMS 0x000000070da00000, 0x000000070da00000| Untracked 
| 100|0x000000070dc00000, 0x000000070dc00000, 0x000000070de00000|  0%| F|  |TAMS 0x000000070dc00000, 0x000000070dc00000| Untracked 
| 101|0x000000070de00000, 0x000000070de00000, 0x000000070e000000|  0%| F|  |TAMS 0x000000070de00000, 0x000000070de00000| Untracked 
| 102|0x000000070e000000, 0x000000070e000000, 0x000000070e200000|  0%| F|  |TAMS 0x000000070e000000, 0x000000070e000000| Untracked 
| 103|0x000000070e200000, 0x000000070e200000, 0x000000070e400000|  0%| F|  |TAMS 0x000000070e200000, 0x000000070e200000| Untracked 
| 104|0x000000070e400000, 0x000000070e400000, 0x000000070e600000|  0%| F|  |TAMS 0x000000070e400000, 0x000000070e400000| Untracked 
| 105|0x000000070e600000, 0x000000070e600000, 0x000000070e800000|  0%| F|  |TAMS 0x000000070e600000, 0x000000070e600000| Untracked 
| 106|0x000000070e800000, 0x000000070e800000, 0x000000070ea00000|  0%| F|  |TAMS 0x000000070e800000, 0x000000070e800000| Untracked 
| 107|0x000000070ea00000, 0x000000070ea00000, 0x000000070ec00000|  0%| F|  |TAMS 0x000000070ea00000, 0x000000070ea00000| Untracked 
| 108|0x000000070ec00000, 0x000000070ec00000, 0x000000070ee00000|  0%| F|  |TAMS 0x000000070ec00000, 0x000000070ec00000| Untracked 
| 109|0x000000070ee00000, 0x000000070ee00000, 0x000000070f000000|  0%| F|  |TAMS 0x000000070ee00000, 0x000000070ee00000| Untracked 
| 110|0x000000070f000000, 0x000000070f000000, 0x000000070f200000|  0%| F|  |TAMS 0x000000070f000000, 0x000000070f000000| Untracked 
| 111|0x000000070f200000, 0x000000070f200000, 0x000000070f400000|  0%| F|  |TAMS 0x000000070f200000, 0x000000070f200000| Untracked 
| 112|0x000000070f400000, 0x000000070f400000, 0x000000070f600000|  0%| F|  |TAMS 0x000000070f400000, 0x000000070f400000| Untracked 
| 113|0x000000070f600000, 0x000000070f600000, 0x000000070f800000|  0%| F|  |TAMS 0x000000070f600000, 0x000000070f600000| Untracked 
| 114|0x000000070f800000, 0x000000070f800000, 0x000000070fa00000|  0%| F|  |TAMS 0x000000070f800000, 0x000000070f800000| Untracked 
| 115|0x000000070fa00000, 0x000000070fa00000, 0x000000070fc00000|  0%| F|  |TAMS 0x000000070fa00000, 0x000000070fa00000| Untracked 
| 116|0x000000070fc00000, 0x000000070fc00000, 0x000000070fe00000|  0%| F|  |TAMS 0x000000070fc00000, 0x000000070fc00000| Untracked 
| 117|0x000000070fe00000, 0x000000070fe00000, 0x0000000710000000|  0%| F|  |TAMS 0x000000070fe00000, 0x000000070fe00000| Untracked 
| 118|0x0000000710000000, 0x00000007101c4e30, 0x0000000710200000| 88%| E|  |TAMS 0x0000000710000000, 0x0000000710000000| Complete 
| 119|0x0000000710200000, 0x0000000710400000, 0x0000000710400000|100%| E|CS|TAMS 0x0000000710200000, 0x0000000710200000| Complete 
| 120|0x0000000710400000, 0x0000000710600000, 0x0000000710600000|100%| E|CS|TAMS 0x0000000710400000, 0x0000000710400000| Complete 
| 121|0x0000000710600000, 0x0000000710800000, 0x0000000710800000|100%| E|CS|TAMS 0x0000000710600000, 0x0000000710600000| Complete 
| 122|0x0000000710800000, 0x0000000710a00000, 0x0000000710a00000|100%| E|CS|TAMS 0x0000000710800000, 0x0000000710800000| Complete 
| 123|0x0000000710a00000, 0x0000000710c00000, 0x0000000710c00000|100%| E|CS|TAMS 0x0000000710a00000, 0x0000000710a00000| Complete 
| 124|0x0000000710c00000, 0x0000000710e00000, 0x0000000710e00000|100%| E|CS|TAMS 0x0000000710c00000, 0x0000000710c00000| Complete 
| 125|0x0000000710e00000, 0x0000000711000000, 0x0000000711000000|100%| E|CS|TAMS 0x0000000710e00000, 0x0000000710e00000| Complete 
| 126|0x0000000711000000, 0x0000000711200000, 0x0000000711200000|100%| E|CS|TAMS 0x0000000711000000, 0x0000000711000000| Complete 
| 127|0x0000000711200000, 0x0000000711400000, 0x0000000711400000|100%| E|CS|TAMS 0x0000000711200000, 0x0000000711200000| Complete 

Card table byte_map: [0x0000017ca89c0000,0x0000017ca91c0000] _byte_map_base: 0x0000017ca51b6000

Marking Bits (Prev, Next): (CMBitMap*) 0x0000017c8f744580, (CMBitMap*) 0x0000017c8f7445c0
 Prev Bits: [0x0000017ca99c0000, 0x0000017cad970000)
 Next Bits: [0x0000017cad970000, 0x0000017cb1920000)

Polling page: 0x0000017c98730000

Metaspace:

Usage:
  Non-class:      7.11 MB used.
      Class:    533.18 KB used.
       Both:      7.63 MB used.

Virtual space:
  Non-class space:       64.00 MB reserved,       7.25 MB ( 11%) committed,  1 nodes.
      Class space:        1.00 GB reserved,     640.00 KB ( <1%) committed,  1 nodes.
             Both:        1.06 GB reserved,       7.88 MB ( <1%) committed. 

Chunk freelists:
   Non-Class:  7.86 MB
       Class:  15.41 MB
        Both:  23.27 MB

MaxMetaspaceSize: unlimited
CompressedClassSpaceSize: 1.00 GB
Initial GC threshold: 21.00 MB
Current GC threshold: 21.00 MB
CDS: on
MetaspaceReclaimPolicy: balanced
 - commit_granule_bytes: 65536.
 - commit_granule_words: 8192.
 - virtual_space_node_default_size: 8388608.
 - enlarge_chunks_in_place: 1.
 - new_chunks_are_fully_committed: 0.
 - uncommit_free_chunks: 1.
 - use_allocation_guard: 0.
 - handle_deallocations: 1.


Internal statistics:

num_allocs_failed_limit: 0.
num_arena_births: 138.
num_arena_deaths: 0.
num_vsnodes_births: 2.
num_vsnodes_deaths: 0.
num_space_committed: 126.
num_space_uncommitted: 0.
num_chunks_returned_to_freelist: 0.
num_chunks_taken_from_freelist: 332.
num_chunk_merges: 0.
num_chunk_splits: 233.
num_chunks_enlarged: 160.
num_inconsistent_stats: 0.

CodeHeap 'non-profiled nmethods': size=120000Kb used=286Kb max_used=286Kb free=119713Kb
 bounds [0x0000017ca0220000, 0x0000017ca0490000, 0x0000017ca7750000]
CodeHeap 'profiled nmethods': size=120000Kb used=1383Kb max_used=1383Kb free=118616Kb
 bounds [0x0000017c98750000, 0x0000017c989c0000, 0x0000017c9fc80000]
CodeHeap 'non-nmethods': size=5760Kb used=1732Kb max_used=1756Kb free=4027Kb
 bounds [0x0000017c9fc80000, 0x0000017c9fef0000, 0x0000017ca0220000]
 total_blobs=2054 nmethods=852 adapters=1115
 compilation: enabled
              stopped_count=0, restarted_count=0
 full_count=0

Compilation events (20 events):
Event: 4.228 Thread 0x0000017cb44275c0  842       3       java.lang.invoke.MemberName::isCallerSensitive (8 bytes)
Event: 4.228 Thread 0x0000017cb44275c0 nmethod 842 0x0000017c988a8310 code [0x0000017c988a84c0, 0x0000017c988a86f8]
Event: 4.228 Thread 0x0000017cb44275c0  843       3       java.lang.invoke.DirectMethodHandle::internalMemberName (8 bytes)
Event: 4.229 Thread 0x0000017cb44275c0 nmethod 843 0x0000017c988a8810 code [0x0000017c988a89a0, 0x0000017c988a8b98]
Event: 4.229 Thread 0x0000017cb44275c0  844       3       java.lang.invoke.MemberName::getModifiers (8 bytes)
Event: 4.230 Thread 0x0000017cb44275c0 nmethod 844 0x0000017c988a8c90 code [0x0000017c988a8e20, 0x0000017c988a8f38]
Event: 4.241 Thread 0x0000017cb44275c0  846       3       java.nio.DirectLongBufferU::ix (10 bytes)
Event: 4.241 Thread 0x0000017cb44275c0 nmethod 846 0x0000017c988a9010 code [0x0000017c988a91a0, 0x0000017c988a92b8]
Event: 4.242 Thread 0x0000017cb44275c0  847       1       java.util.concurrent.atomic.AtomicInteger::set (6 bytes)
Event: 4.242 Thread 0x0000017cb44275c0 nmethod 847 0x0000017ca0262e90 code [0x0000017ca0263020, 0x0000017ca02630f8]
Event: 4.242 Thread 0x0000017cb44275c0  848       1       java.util.concurrent.atomic.AtomicInteger::get (5 bytes)
Event: 4.242 Thread 0x0000017cb44275c0 nmethod 848 0x0000017ca0263190 code [0x0000017ca0263320, 0x0000017ca02633f8]
Event: 4.247 Thread 0x0000017cb44275c0  849       3       java.lang.invoke.MethodType::parameterSlotCount (8 bytes)
Event: 4.248 Thread 0x0000017cb44275c0 nmethod 849 0x0000017c988a9390 code [0x0000017c988a9520, 0x0000017c988a9658]
Event: 4.248 Thread 0x0000017cb44275c0  850       3       java.nio.ByteBuffer::flip (7 bytes)
Event: 4.248 Thread 0x0000017cb44275c0 nmethod 850 0x0000017c988a9710 code [0x0000017c988a98a0, 0x0000017c988a9a18]
Event: 4.248 Thread 0x0000017cb44275c0  851       3       java.nio.Buffer::flip (20 bytes)
Event: 4.248 Thread 0x0000017cb44275c0 nmethod 851 0x0000017c988a9b10 code [0x0000017c988a9ca0, 0x0000017c988a9db8]
Event: 4.250 Thread 0x0000017cb4426bc0 nmethod 839 0x0000017ca0263490 code [0x0000017ca0263660, 0x0000017ca0264078]
Event: 4.251 Thread 0x0000017cb4426bc0  845   !   4       java.util.zip.ZipFile::getEntry (59 bytes)

GC Heap History (0 events):
No events

Deoptimization events (18 events):
Event: 0.386 Thread 0x0000017c8f6d6bb0 Uncommon trap: trap_request=0xffffff45 fr.pc=0x0000017ca0235034 relative=0x0000000000000294
Event: 0.386 Thread 0x0000017c8f6d6bb0 Uncommon trap: reason=unstable_if action=reinterpret pc=0x0000017ca0235034 method=java.util.zip.ZipCoder$UTF8ZipCoder.checkedHash([BII)I @ 75 c2
Event: 0.386 Thread 0x0000017c8f6d6bb0 DEOPT PACKING pc=0x0000017ca0235034 sp=0x00000043855fcdc0
Event: 0.386 Thread 0x0000017c8f6d6bb0 DEOPT UNPACKING pc=0x0000017c9fcd23a3 sp=0x00000043855fcd30 mode 2
Event: 0.441 Thread 0x0000017c8f6d6bb0 DEOPT PACKING pc=0x0000017c98767e67 sp=0x00000043855fcc50
Event: 0.441 Thread 0x0000017c8f6d6bb0 DEOPT UNPACKING pc=0x0000017c9fcd2b43 sp=0x00000043855fc070 mode 0
Event: 0.874 Thread 0x0000017cb466bdb0 Uncommon trap: trap_request=0xffffff45 fr.pc=0x0000017ca023c4e4 relative=0x0000000000000064
Event: 0.874 Thread 0x0000017cb466bdb0 Uncommon trap: reason=unstable_if action=reinterpret pc=0x0000017ca023c4e4 method=java.io.WinNTFileSystem.isSlash(C)Z @ 9 c2
Event: 0.874 Thread 0x0000017cb466bdb0 DEOPT PACKING pc=0x0000017ca023c4e4 sp=0x0000004386efd3d0
Event: 0.874 Thread 0x0000017cb466bdb0 DEOPT UNPACKING pc=0x0000017c9fcd23a3 sp=0x0000004386efd358 mode 2
Event: 1.051 Thread 0x0000017cb466bdb0 Uncommon trap: trap_request=0xffffff6e fr.pc=0x0000017ca02544f4 relative=0x0000000000000454
Event: 1.051 Thread 0x0000017cb466bdb0 Uncommon trap: reason=loop_limit_check action=maybe_recompile pc=0x0000017ca02544f4 method=java.lang.StringLatin1.indexOf([BI[BII)I @ 37 c2
Event: 1.051 Thread 0x0000017cb466bdb0 DEOPT PACKING pc=0x0000017ca02544f4 sp=0x0000004386efdc60
Event: 1.051 Thread 0x0000017cb466bdb0 DEOPT UNPACKING pc=0x0000017c9fcd23a3 sp=0x0000004386efdbc0 mode 2
Event: 3.901 Thread 0x0000017cb466bdb0 Uncommon trap: trap_request=0xffffff5c fr.pc=0x0000017ca025ac58 relative=0x0000000000000058
Event: 3.901 Thread 0x0000017cb466bdb0 Uncommon trap: reason=speculate_null_check action=make_not_entrant pc=0x0000017ca025ac58 method=sun.misc.Unsafe.getLong(Ljava/lang/Object;J)J @ 5 c2
Event: 3.901 Thread 0x0000017cb466bdb0 DEOPT PACKING pc=0x0000017ca025ac58 sp=0x0000004386eff0c0
Event: 3.901 Thread 0x0000017cb466bdb0 DEOPT UNPACKING pc=0x0000017c9fcd23a3 sp=0x0000004386eff038 mode 2

Classes unloaded (0 events):
No events

Classes redefined (0 events):
No events

Internal exceptions (20 events):
Event: 4.214 Thread 0x0000017c83526910 Exception <a 'java/lang/InterruptedException'{0x0000000710354418}: sleep interrupted> (0x0000000710354418) 
thrown [s\open\src\hotspot\share\prims\jvm.cpp, line 3064]
Event: 4.214 Thread 0x0000017c83522230 Exception <a 'java/lang/InterruptedException'{0x00000007103c4e68}: sleep interrupted> (0x00000007103c4e68) 
thrown [s\open\src\hotspot\share\prims\jvm.cpp, line 3064]
Event: 4.214 Thread 0x0000017c83521810 Exception <a 'java/lang/InterruptedException'{0x0000000710000040}: sleep interrupted> (0x0000000710000040) 
thrown [s\open\src\hotspot\share\prims\jvm.cpp, line 3064]
Event: 4.214 Thread 0x0000017c83522740 Exception <a 'java/lang/InterruptedException'{0x0000000710000840}: sleep interrupted> (0x0000000710000840) 
thrown [s\open\src\hotspot\share\prims\jvm.cpp, line 3064]
Event: 4.214 Thread 0x0000017cb466c2c0 Exception <a 'java/lang/InterruptedException'{0x0000000710200a68}: sleep interrupted> (0x0000000710200a68) 
thrown [s\open\src\hotspot\share\prims\jvm.cpp, line 3064]
Event: 4.215 Thread 0x0000017c83526400 Exception <a 'java/lang/InterruptedException'{0x0000000710071290}: sleep interrupted> (0x0000000710071290) 
thrown [s\open\src\hotspot\share\prims\jvm.cpp, line 3064]
Event: 4.227 Thread 0x0000017cb466c2c0 Exception <a 'java/lang/InterruptedException'{0x0000000710200d78}: sleep interrupted> (0x0000000710200d78) 
thrown [s\open\src\hotspot\share\prims\jvm.cpp, line 3064]
Event: 4.227 Thread 0x0000017cb466d1f0 Exception <a 'java/lang/InterruptedException'{0x00000007102717d0}: sleep interrupted> (0x00000007102717d0) 
thrown [s\open\src\hotspot\share\prims\jvm.cpp, line 3064]
Event: 4.227 Thread 0x0000017c83522230 Exception <a 'java/lang/InterruptedException'{0x00000007103c5178}: sleep interrupted> (0x00000007103c5178) 
thrown [s\open\src\hotspot\share\prims\jvm.cpp, line 3064]
Event: 4.227 Thread 0x0000017c83521810 Exception <a 'java/lang/InterruptedException'{0x0000000710000350}: sleep interrupted> (0x0000000710000350) 
thrown [s\open\src\hotspot\share\prims\jvm.cpp, line 3064]
Event: 4.227 Thread 0x0000017c83526910 Exception <a 'java/lang/InterruptedException'{0x0000000710354728}: sleep interrupted> (0x0000000710354728) 
thrown [s\open\src\hotspot\share\prims\jvm.cpp, line 3064]
Event: 4.228 Thread 0x0000017c83522740 Exception <a 'java/lang/InterruptedException'{0x0000000710000b50}: sleep interrupted> (0x0000000710000b50) 
thrown [s\open\src\hotspot\share\prims\jvm.cpp, line 3064]
Event: 4.229 Thread 0x0000017c83526400 Exception <a 'java/lang/InterruptedException'{0x00000007100715a0}: sleep interrupted> (0x00000007100715a0) 
thrown [s\open\src\hotspot\share\prims\jvm.cpp, line 3064]
Event: 4.242 Thread 0x0000017cb466d1f0 Exception <a 'java/lang/InterruptedException'{0x0000000710272610}: sleep interrupted> (0x0000000710272610) 
thrown [s\open\src\hotspot\share\prims\jvm.cpp, line 3064]
Event: 4.242 Thread 0x0000017c83521810 Exception <a 'java/lang/InterruptedException'{0x00000007100e2920}: sleep interrupted> (0x00000007100e2920) 
thrown [s\open\src\hotspot\share\prims\jvm.cpp, line 3064]
Event: 4.242 Thread 0x0000017cb466c2c0 Exception <a 'java/lang/InterruptedException'{0x0000000710201ab0}: sleep interrupted> (0x0000000710201ab0) 
thrown [s\open\src\hotspot\share\prims\jvm.cpp, line 3064]
Event: 4.242 Thread 0x0000017c83526400 Exception <a 'java/lang/InterruptedException'{0x00000007100718f0}: sleep interrupted> (0x00000007100718f0) 
thrown [s\open\src\hotspot\share\prims\jvm.cpp, line 3064]
Event: 4.242 Thread 0x0000017c83522230 Exception <a 'java/lang/InterruptedException'{0x00000007103c5ef0}: sleep interrupted> (0x00000007103c5ef0) 
thrown [s\open\src\hotspot\share\prims\jvm.cpp, line 3064]
Event: 4.242 Thread 0x0000017c83526910 Exception <a 'java/lang/InterruptedException'{0x0000000710355238}: sleep interrupted> (0x0000000710355238) 
thrown [s\open\src\hotspot\share\prims\jvm.cpp, line 3064]
Event: 4.243 Thread 0x0000017c83522740 Exception <a 'java/lang/InterruptedException'{0x0000000710000ea0}: sleep interrupted> (0x0000000710000ea0) 
thrown [s\open\src\hotspot\share\prims\jvm.cpp, line 3064]

VM Operations (10 events):
Event: 0.189 Executing VM operation: HandshakeAllThreads
Event: 0.189 Executing VM operation: HandshakeAllThreads done
Event: 0.389 Executing VM operation: HandshakeAllThreads
Event: 0.390 Executing VM operation: HandshakeAllThreads done
Event: 0.729 Executing VM operation: HandshakeAllThreads
Event: 0.729 Executing VM operation: HandshakeAllThreads done
Event: 1.741 Executing VM operation: Cleanup
Event: 1.742 Executing VM operation: Cleanup done
Event: 2.742 Executing VM operation: Cleanup
Event: 2.742 Executing VM operation: Cleanup done

Events (20 events):
Event: 3.942 loading class java/util/stream/SpinedBuffer$OfPrimitive done
Event: 3.942 loading class java/util/stream/SpinedBuffer$OfInt done
Event: 3.942 loading class java/util/stream/Nodes$IntSpinedNodeBuilder done
Event: 3.943 loading class java/util/stream/ReferencePipeline$4$1
Event: 3.943 loading class java/util/stream/ReferencePipeline$4$1 done
Event: 3.943 loading class java/util/stream/IntPipeline$1$1
Event: 3.943 loading class java/util/stream/IntPipeline$1$1 done
Event: 4.118 loading class java/util/concurrent/atomic/AtomicIntegerArray
Event: 4.118 loading class java/util/concurrent/atomic/AtomicIntegerArray done
Event: 4.118 loading class java/lang/invoke/VarHandleInts$Array
Event: 4.118 loading class java/lang/invoke/VarHandleInts$Array done
Event: 4.118 loading class java/util/concurrent/atomic/AtomicLongArray
Event: 4.118 loading class java/util/concurrent/atomic/AtomicLongArray done
Event: 4.126 Thread 0x0000017cb466c2c0 Thread added: 0x0000017cb466c2c0
Event: 4.127 Thread 0x0000017cb466d1f0 Thread added: 0x0000017cb466d1f0
Event: 4.127 Thread 0x0000017c83526910 Thread added: 0x0000017c83526910
Event: 4.128 Thread 0x0000017c83522230 Thread added: 0x0000017c83522230
Event: 4.129 Thread 0x0000017c83521810 Thread added: 0x0000017c83521810
Event: 4.130 Thread 0x0000017c83526400 Thread added: 0x0000017c83526400
Event: 4.131 Thread 0x0000017c83522740 Thread added: 0x0000017c83522740


Dynamic libraries:
0x00007ff7f27a0000 - 0x00007ff7f27b0000 	C:\Program Files\Java\jdk-17\bin\javaw.exe
0x00007ffa997b0000 - 0x00007ffa999c7000 	C:\WINDOWS\SYSTEM32\ntdll.dll
0x00007ffa98000000 - 0x00007ffa980c4000 	C:\WINDOWS\System32\KERNEL32.DLL
0x00007ffa96ac0000 - 0x00007ffa96e77000 	C:\WINDOWS\System32\KERNELBASE.dll
0x00007ffa972d0000 - 0x00007ffa973e1000 	C:\WINDOWS\System32\ucrtbase.dll
0x00007ffa90670000 - 0x00007ffa90689000 	C:\Program Files\Java\jdk-17\bin\jli.dll
0x00007ffa98a80000 - 0x00007ffa98b32000 	C:\WINDOWS\System32\ADVAPI32.dll
0x00007ffa978a0000 - 0x00007ffa97947000 	C:\WINDOWS\System32\msvcrt.dll
0x00007ffa7c4f0000 - 0x00007ffa7c50b000 	C:\Program Files\Java\jdk-17\bin\VCRUNTIME140.dll
0x00007ffa988c0000 - 0x00007ffa98968000 	C:\WINDOWS\System32\sechost.dll
0x00007ffa973f0000 - 0x00007ffa97418000 	C:\WINDOWS\System32\bcrypt.dll
0x00007ffa97720000 - 0x00007ffa97834000 	C:\WINDOWS\System32\RPCRT4.dll
0x00007ffa993b0000 - 0x00007ffa9955f000 	C:\WINDOWS\System32\USER32.dll
0x00007ffa97130000 - 0x00007ffa97156000 	C:\WINDOWS\System32\win32u.dll
0x00007ffa7a6a0000 - 0x00007ffa7a933000 	C:\WINDOWS\WinSxS\amd64_microsoft.windows.common-controls_6595b64144ccf1df_6.0.22621.3672_none_2713b9d173822955\COMCTL32.dll
0x00007ffa98a50000 - 0x00007ffa98a79000 	C:\WINDOWS\System32\GDI32.dll
0x00007ffa97010000 - 0x00007ffa97128000 	C:\WINDOWS\System32\gdi32full.dll
0x00007ffa96f00000 - 0x00007ffa96f9a000 	C:\WINDOWS\System32\msvcp_win.dll
0x00007ffa8a3c0000 - 0x00007ffa8a3ca000 	C:\WINDOWS\SYSTEM32\VERSION.dll
0x00007ffa976e0000 - 0x00007ffa97711000 	C:\WINDOWS\System32\IMM32.DLL
0x00007ffa8e2c0000 - 0x00007ffa8e2cc000 	C:\Program Files\Java\jdk-17\bin\vcruntime140_1.dll
0x00007ffa70050000 - 0x00007ffa700de000 	C:\Program Files\Java\jdk-17\bin\msvcp140.dll
0x00007ffa22f40000 - 0x00007ffa23b1f000 	C:\Program Files\Java\jdk-17\bin\server\jvm.dll
0x00007ffa97ff0000 - 0x00007ffa97ff8000 	C:\WINDOWS\System32\PSAPI.DLL
0x00007ffa91380000 - 0x00007ffa913b4000 	C:\WINDOWS\SYSTEM32\WINMM.dll
0x00007ffa79bc0000 - 0x00007ffa79bc9000 	C:\WINDOWS\SYSTEM32\WSOCK32.dll
0x00007ffa985b0000 - 0x00007ffa98621000 	C:\WINDOWS\System32\WS2_32.dll
0x00007ffa95ad0000 - 0x00007ffa95ae8000 	C:\WINDOWS\SYSTEM32\kernel.appcore.dll
0x00007ffa7c4e0000 - 0x00007ffa7c4ea000 	C:\Program Files\Java\jdk-17\bin\jimage.dll
0x00007ffa94300000 - 0x00007ffa94532000 	C:\WINDOWS\SYSTEM32\DBGHELP.DLL
0x00007ffa97c50000 - 0x00007ffa97fde000 	C:\WINDOWS\System32\combase.dll
0x00007ffa98970000 - 0x00007ffa98a47000 	C:\WINDOWS\System32\OLEAUT32.dll
0x00007ffa849a0000 - 0x00007ffa849d2000 	C:\WINDOWS\SYSTEM32\dbgcore.DLL
0x00007ffa96e80000 - 0x00007ffa96efb000 	C:\WINDOWS\System32\bcryptPrimitives.dll
0x00007ffa79c80000 - 0x00007ffa79ca5000 	C:\Program Files\Java\jdk-17\bin\java.dll
0x00007ffa6ff70000 - 0x00007ffa70047000 	C:\Program Files\Java\jdk-17\bin\jsvml.dll
0x00007ffa98b40000 - 0x00007ffa993a9000 	C:\WINDOWS\System32\SHELL32.dll
0x00007ffa949e0000 - 0x00007ffa952df000 	C:\WINDOWS\SYSTEM32\windows.storage.dll
0x00007ffa948a0000 - 0x00007ffa949df000 	C:\WINDOWS\SYSTEM32\wintypes.dll
0x00007ffa974e0000 - 0x00007ffa975d9000 	C:\WINDOWS\System32\SHCORE.dll
0x00007ffa99710000 - 0x00007ffa9976e000 	C:\WINDOWS\System32\shlwapi.dll
0x00007ffa969f0000 - 0x00007ffa96a17000 	C:\WINDOWS\SYSTEM32\profapi.dll
0x00007ffa5c0c0000 - 0x00007ffa5c251000 	C:\Program Files\Java\jdk-17\bin\awt.dll
0x00007ffa91100000 - 0x00007ffa91197000 	C:\WINDOWS\SYSTEM32\apphelp.dll
0x00007ffa7ac80000 - 0x00007ffa7ac99000 	C:\Program Files\Java\jdk-17\bin\net.dll
0x00007ffa92190000 - 0x00007ffa922c6000 	C:\WINDOWS\SYSTEM32\WINHTTP.dll
0x00007ffa95fa0000 - 0x00007ffa96009000 	C:\WINDOWS\system32\mswsock.dll
0x00007ffa79620000 - 0x00007ffa79636000 	C:\Program Files\Java\jdk-17\bin\nio.dll
0x00007ffa79600000 - 0x00007ffa79618000 	C:\Program Files\Java\jdk-17\bin\zip.dll
0x00007ffa93b30000 - 0x00007ffa93be1000 	C:\WINDOWS\system32\uxtheme.dll
0x00007ffa97950000 - 0x00007ffa97ab0000 	C:\WINDOWS\System32\MSCTF.dll
0x00007ffa99560000 - 0x00007ffa99705000 	C:\WINDOWS\System32\ole32.dll
0x00007ffa93d90000 - 0x00007ffa93dbb000 	C:\WINDOWS\system32\DWMAPI.DLL
0x00007ffa5ef30000 - 0x00007ffa5f030000 	C:\WINDOWS\system32\opengl32.dll
0x00007ffa66210000 - 0x00007ffa6623d000 	C:\WINDOWS\SYSTEM32\GLU32.dll
0x00007ffa93c40000 - 0x00007ffa93c77000 	C:\WINDOWS\SYSTEM32\dxcore.dll
0x00007ffa67450000 - 0x00007ffa674cb000 	C:\Users\teojo\AppData\Local\Temp\lwjgl_teojo\3.3.4+7\x64\lwjgl.dll
0x00007ffa67360000 - 0x00007ffa673e5000 	C:\Users\teojo\AppData\Local\Temp\lwjgl_teojo\3.3.4+7\x64\glfw.dll
0x00007ffa712b0000 - 0x00007ffa712f6000 	C:\WINDOWS\SYSTEM32\dinput8.dll
0x00007ffa763c0000 - 0x00007ffa763d1000 	C:\WINDOWS\SYSTEM32\xinput1_4.dll
0x00007ffa967d0000 - 0x00007ffa9681e000 	C:\WINDOWS\SYSTEM32\cfgmgr32.dll
0x00007ffa96780000 - 0x00007ffa967ac000 	C:\WINDOWS\SYSTEM32\DEVOBJ.dll
0x00007ffa8ba20000 - 0x00007ffa8bc33000 	C:\WINDOWS\SYSTEM32\inputhost.dll
0x00007ffa90ab0000 - 0x00007ffa90be3000 	C:\WINDOWS\SYSTEM32\CoreMessaging.dll
0x00007ffa962d0000 - 0x00007ffa962dc000 	C:\WINDOWS\SYSTEM32\CRYPTBASE.DLL
0x00007ffa8c7d0000 - 0x00007ffa8c913000 	C:\WINDOWS\SYSTEM32\textinputframework.dll
0x00007ffa7a570000 - 0x00007ffa7a5d9000 	C:\WINDOWS\system32\Oleacc.dll
0x00007ffa5bf60000 - 0x00007ffa5c0bf000 	C:\WINDOWS\SYSTEM32\vulkan-1.dll
0x00007ffa93c80000 - 0x00007ffa93d77000 	C:\WINDOWS\system32\dxgi.dll
0x00007ffa8ec90000 - 0x00007ffa8ecaa000 	C:\WINDOWS\SYSTEM32\windows.staterepositorycore.dll
0x00007ffa8e310000 - 0x00007ffa8e359000 	C:\WINDOWS\SYSTEM32\directxdatabasehelper.dll
0x00007ffa21af0000 - 0x00007ffa22f3b000 	C:\WINDOWS\System32\DriverStore\FileRepository\64zh1339.inf_amd64_049a1eb556a79dfd\igvk64.dll
0x00007ffa89ec0000 - 0x00007ffa8a287000 	C:\WINDOWS\System32\DriverStore\FileRepository\64zh1339.inf_amd64_049a1eb556a79dfd\igdgmm64.dll
0x00007ffa86800000 - 0x00007ffa89db2000 	C:\WINDOWS\System32\DriverStore\FileRepository\64zh1339.inf_amd64_049a1eb556a79dfd\igc64.dll
0x00007ffa290f0000 - 0x00007ffa2950d000 	C:\WINDOWS\System32\DriverStore\FileRepository\64zh1339.inf_amd64_049a1eb556a79dfd\igdmd64.dll
0x00007ff9f58a0000 - 0x00007ff9f848b000 	C:\WINDOWS\System32\DriverStore\FileRepository\nvmsoi.inf_amd64_f617ba55ceca6e18\nvoglv64.dll
0x00007ffa98130000 - 0x00007ffa985a4000 	C:\WINDOWS\System32\SETUPAPI.dll
0x00007ffa95890000 - 0x00007ffa958a4000 	C:\WINDOWS\SYSTEM32\WTSAPI32.dll
0x00007ffa963c0000 - 0x00007ffa963d2000 	C:\WINDOWS\SYSTEM32\msasn1.dll
0x00007ffa86510000 - 0x00007ffa86542000 	C:\WINDOWS\SYSTEM32\cryptnet.dll
0x00007ffa97160000 - 0x00007ffa972c6000 	C:\WINDOWS\System32\CRYPT32.dll
0x00007ffa86220000 - 0x00007ffa86382000 	C:\WINDOWS\SYSTEM32\drvstore.dll
0x00007ffa96220000 - 0x00007ffa96269000 	C:\WINDOWS\SYSTEM32\wldp.dll
0x00007ffa96fa0000 - 0x00007ffa9700c000 	C:\WINDOWS\System32\wintrust.dll
0x00007ffa98800000 - 0x00007ffa9881f000 	C:\WINDOWS\System32\imagehlp.dll
0x00007ffa96320000 - 0x00007ffa9633b000 	C:\WINDOWS\SYSTEM32\CRYPTSP.dll
0x00007ffa95a30000 - 0x00007ffa95a65000 	C:\WINDOWS\system32\rsaenh.dll
0x00007ffa96010000 - 0x00007ffa96036000 	C:\WINDOWS\SYSTEM32\gpapi.dll
0x00007ffa1f900000 - 0x00007ffa21aed000 	C:\WINDOWS\System32\DriverStore\FileRepository\nvmsoi.inf_amd64_f617ba55ceca6e18\nvgpucomp64.dll
0x00007ffa95c50000 - 0x00007ffa95c84000 	C:\WINDOWS\SYSTEM32\ntmarta.dll
0x00007ffa97b10000 - 0x00007ffa97bc0000 	C:\WINDOWS\System32\clbcatq.dll
0x00007ffa7b040000 - 0x00007ffa7b079000 	C:\WINDOWS\SYSTEM32\rometadata.dll
0x00007ffa1d8f0000 - 0x00007ffa1f2a2000 	C:\VulkanSDK\1.3.275.0\Bin\VkLayer_khronos_validation.dll
0x00007ffa6f320000 - 0x00007ffa6f36e000 	C:\ProgramData\obs-studio-hook\graphics-hook64.dll
0x00007ffa1f2b0000 - 0x00007ffa1f2e4000 	C:\WINDOWS\SYSTEM32\ControlLib.dll
0x00007ffa5e7d0000 - 0x00007ffa5e959000 	C:\WINDOWS\System32\DriverStore\FileRepository\64zh1339.inf_amd64_049a1eb556a79dfd\igdml64.dll
0x00007ffa90ed0000 - 0x00007ffa91014000 	C:\Windows\System32\AppXDeploymentClient.dll
0x00007ffa503a0000 - 0x00007ffa513b2000 	C:\WINDOWS\System32\DriverStore\FileRepository\64zh1339.inf_amd64_049a1eb556a79dfd\ig9icd64.dll
0x00007ffa96340000 - 0x00007ffa9638d000 	C:\WINDOWS\SYSTEM32\powrprof.dll
0x00007ffa96300000 - 0x00007ffa96313000 	C:\WINDOWS\SYSTEM32\UMPDC.dll
0x00007ffa69d50000 - 0x00007ffa69d9b000 	C:\WINDOWS\system32\ApplicationTargetedFeatureDatabase.dll
0x00007ffa8c2d0000 - 0x00007ffa8c572000 	C:\Windows\System32\twinapi.appcore.dll
0x00007ffa8db30000 - 0x00007ffa8de9d000 	C:\WINDOWS\SYSTEM32\CoreUIComponents.dll

dbghelp: loaded successfully - version: 4.0.5 - missing functions: none
symbol engine: initialized successfully - sym options: 0x614 - pdb path: .;C:\Program Files\Java\jdk-17\bin;C:\WINDOWS\SYSTEM32;C:\WINDOWS\WinSxS\amd64_microsoft.windows.common-controls_6595b64144ccf1df_6.0.22621.3672_none_2713b9d173822955;C:\Program Files\Java\jdk-17\bin\server;C:\Users\teojo\AppData\Local\Temp\lwjgl_teojo\3.3.4+7\x64;C:\WINDOWS\System32\DriverStore\FileRepository\64zh1339.inf_amd64_049a1eb556a79dfd;C:\WINDOWS\System32\DriverStore\FileRepository\nvmsoi.inf_amd64_f617ba55ceca6e18;C:\VulkanSDK\1.3.275.0\Bin;C:\ProgramData\obs-studio-hook

VM Arguments:
jvm_args: -Dfile.encoding=UTF-8 -Dstdout.encoding=UTF-8 -Dstderr.encoding=UTF-8 -XX:+ShowCodeDetailsInExceptionMessages 
java_command: PShapeTest
java_class_path (initial): C:\mydata\projects\processing4\core\bin;C:\mydata\projects\processing4\core\library\jogl-all.jar;C:\mydata\projects\processing4\core\library\gluegen-rt.jar;C:\mydata\projects\processing4\core\library\lwjgl-vulkan\joml-1.10.7.jar;C:\mydata\projects\processing4\core\library\lwjgl-vulkan\lwjgl.jar;C:\mydata\projects\processing4\core\library\lwjgl-vulkan\lwjgl-assimp.jar;C:\mydata\projects\processing4\core\library\lwjgl-vulkan\lwjgl-assimp-natives-linux.jar;C:\mydata\projects\processing4\core\library\lwjgl-vulkan\lwjgl-assimp-natives-windows.jar;C:\mydata\projects\processing4\core\library\lwjgl-vulkan\lwjgl-assimp-sources.jar;C:\mydata\projects\processing4\core\library\lwjgl-vulkan\lwjgl-glfw.jar;C:\mydata\projects\processing4\core\library\lwjgl-vulkan\lwjgl-glfw-natives-linux.jar;C:\mydata\projects\processing4\core\library\lwjgl-vulkan\lwjgl-glfw-natives-windows.jar;C:\mydata\projects\processing4\core\library\lwjgl-vulkan\lwjgl-glfw-sources.jar;C:\mydata\projects\processing4\core\library\lwjgl-vulkan\lwjgl-natives-linux.jar;C:\mydata\projects\processing4\core\library\lwjgl-vulkan\lwjgl-natives-windows.jar;C:\mydata\projects\processing4\core\library\lwjgl-vulkan\lwjgl-openal.jar;C:\mydata\projects\processing4\core\library\lwjgl-vulkan\lwjgl-openal-natives-linux.jar;C:\mydata\projects\processing4\core\library\lwjgl-vulkan\lwjgl-openal-natives-windows.jar;C:\mydata\projects\processing4\core\library\lwjgl-vulkan\lwjgl-openal-sources.jar;C:\mydata\projects\processing4\core\library\lwjgl-vulkan\lwjgl-shaderc.jar;C:\mydata\projects\processing4\core\library\lwjgl-vulkan\lwjgl-shaderc-natives-linux.jar;C:\mydata\projects\processing4\core\library\lwjgl-vulkan\lwjgl-shaderc-natives-windows.jar;C:\mydata\projects\processing4\core\library\lwjgl-vulkan\lwjgl-shaderc-sources.jar;C:\mydata\projects\processing4\core\library\lwjgl-vulkan\lwjgl-sources.jar;C:\mydata\projects\processing4\core\library\lwjgl-vulkan\lwjgl-stb.jar;C:\mydata\projects\processing4\co
Launcher Type: SUN_STANDARD

[Global flags]
     intx CICompilerCount                          = 4                                         {product} {ergonomic}
     uint ConcGCThreads                            = 2                                         {product} {ergonomic}
     uint G1ConcRefinementThreads                  = 8                                         {product} {ergonomic}
   size_t G1HeapRegionSize                         = 2097152                                   {product} {ergonomic}
    uintx GCDrainStackTargetSize                   = 64                                        {product} {ergonomic}
   size_t InitialHeapSize                          = 268435456                                 {product} {ergonomic}
   size_t MarkStackSize                            = 4194304                                   {product} {ergonomic}
   size_t MaxHeapSize                              = 4273995776                                {product} {ergonomic}
   size_t MaxNewSize                               = 2562719744                                {product} {ergonomic}
   size_t MinHeapDeltaBytes                        = 2097152                                   {product} {ergonomic}
   size_t MinHeapSize                              = 8388608                                   {product} {ergonomic}
    uintx NonNMethodCodeHeapSize                   = 5839372                                {pd product} {ergonomic}
    uintx NonProfiledCodeHeapSize                  = 122909434                              {pd product} {ergonomic}
    uintx ProfiledCodeHeapSize                     = 122909434                              {pd product} {ergonomic}
    uintx ReservedCodeCacheSize                    = 251658240                              {pd product} {ergonomic}
     bool SegmentedCodeCache                       = true                                      {product} {ergonomic}
     bool ShowCodeDetailsInExceptionMessages       = true                                   {manageable} {command line}
   size_t SoftMaxHeapSize                          = 4273995776                             {manageable} {ergonomic}
     bool UseCompressedClassPointers               = true                           {product lp64_product} {ergonomic}
     bool UseCompressedOops                        = true                           {product lp64_product} {ergonomic}
     bool UseG1GC                                  = true                                      {product} {ergonomic}
     bool UseLargePagesIndividualAllocation        = false                                  {pd product} {ergonomic}

Logging:
Log output configuration:
 #0: stdout all=warning uptime,level,tags
 #1: stderr all=off uptime,level,tags

Environment Variables:
PATH=C:/Users/teojo/.p2/pool/plugins/org.eclipse.justj.openjdk.hotspot.jre.full.win32.x86_64_17.0.8.v20230831-1047/jre/bin/server;C:/Users/teojo/.p2/pool/plugins/org.eclipse.justj.openjdk.hotspot.jre.full.win32.x86_64_17.0.8.v20230831-1047/jre/bin;C:\VulkanSDK\1.3.275.0\Bin;C:\Program Files\Common Files\Oracle\Java\javapath;C:\Program Files (x86)\Common Files\Oracle\Java\java8path;C:\Program Files (x86)\Common Files\Oracle\Java\javapath;C:\WINDOWS\system32;C:\WINDOWS;C:\WINDOWS\System32\Wbem;C:\WINDOWS\System32\WindowsPowerShell\v1.0\;C:\WINDOWS\System32\OpenSSH\;C:\Program Files\dotnet\;C:\Program Files (x86)\NVIDIA Corporation\PhysX\Common;C:\Program Files\CMake\bin;C:\Program Files (x86)\Windows Kits\10\Windows Performance Toolkit\;C:\mydata\apps\apache-maven-3.9.8\bin\;C:\Users\teojo\AppData\Local\Microsoft\WindowsApps;C:\Users\teojo\AppData\Local\Programs\Microsoft VS Code\bin;C:\Users\teojo\.dotnet\tools;C:\msys64\ucrt64\bin;;C:\WINDOWS\system32;
USERNAME=teojo
OS=Windows_NT
PROCESSOR_IDENTIFIER=Intel64 Family 6 Model 142 Stepping 10, GenuineIntel



---------------  S Y S T E M  ---------------

OS:
 Windows 11 , 64 bit Build 22621 (10.0.22621.3958)
OS uptime: 0 days 0:36 hours
Hyper-V role detected

CPU: total 8 (initial active 8) (4 cores per cpu, 2 threads per core) family 6 model 142 stepping 10 microcode 0xf0, cx8, cmov, fxsr, ht, mmx, 3dnowpref, sse, sse2, sse3, ssse3, sse4.1, sse4.2, popcnt, lzcnt, tsc, tscinvbit, avx, avx2, aes, erms, clmul, bmi1, bmi2, rtm, adx, fma, vzeroupper, clflush, clflushopt, hv

Memory: 4k page, system-wide physical 16301M (7985M free)
TotalPageFile size 21933M (AvailPageFile size 12368M)
current process WorkingSet (physical memory assigned to process): 226M, peak: 226M
current process commit charge ("private bytes"): 562M, peak: 562M

vm_info: Java HotSpot(TM) 64-Bit Server VM (17.0.10+11-LTS-240) for windows-amd64 JRE (17.0.10+11-LTS-240), built on Dec 19 2023 21:47:25 by "mach5one" with MS VC++ 17.1 (VS2022)

END.
