#
# A fatal error has been detected by the Java Runtime Environment:
#
#  EXCEPTION_ACCESS_VIOLATION (0xc0000005) at pc=0x00007ffb41dc2a88, pid=19832, tid=16544
#
# JRE version: Java(TM) SE Runtime Environment (17.0.10+11) (build 17.0.10+11-LTS-240)
# Java VM: Java HotSpot(TM) 64-Bit Server VM (17.0.10+11-LTS-240, mixed mode, sharing, tiered, compressed oops, compressed class ptrs, g1 gc, windows-amd64)
# Problematic frame:
# C  [VkLayer_khronos_validation.dll+0x1012a88]
#
# No core dump will be written. Minidumps are not enabled by default on client versions of Windows
#
# If you would like to submit a bug report, please visit:
#   https://bugreport.java.com/bugreport/crash.jsp
# The crash happened outside the Java Virtual Machine in native code.
# See problematic frame for where to report the bug.
#

---------------  S U M M A R Y ------------

Command Line: -Dfile.encoding=UTF-8 -Dstdout.encoding=UTF-8 -Dstderr.encoding=UTF-8 -XX:+ShowCodeDetailsInExceptionMessages Sketch1

Host: Intel(R) Core(TM) i7-8650U CPU @ 1.90GHz, 8 cores, 15G,  Windows 11 , 64 bit Build 22621 (10.0.22621.3958)
Time: Thu Oct 24 20:09:20 2024 GMT Summer Time elapsed time: 9.697972 seconds (0d 0h 0m 9s)

---------------  T H R E A D  ---------------

Current thread (0x000001fb1eb64880):  JavaThread "Thread-4" [_thread_in_native, id=16544, stack(0x0000006bd7200000,0x0000006bd7300000)]

Stack: [0x0000006bd7200000,0x0000006bd7300000],  sp=0x0000006bd72fedd0,  free space=1019k
Native frames: (J=compiled Java code, j=interpreted, Vv=VM code, C=native code)
C  [VkLayer_khronos_validation.dll+0x1012a88]

Java frames: (J=compiled Java code, j=interpreted, Vv=VM code)
J 1584  org.lwjgl.system.JNI.callPPPV(JIIJJJ)V (0 bytes) @ 0x000001fb0f336503 [0x000001fb0f3364a0+0x0000000000000063]
J 1583 c1 org.lwjgl.vulkan.VK10.nvkCmdBindVertexBuffers(Lorg/lwjgl/vulkan/VkCommandBuffer;IIJJ)V (24 bytes) @ 0x000001fb07ab9894 [0x000001fb07ab9740+0x0000000000000154]
J 1582 c1 org.lwjgl.vulkan.VK10.vkCmdBindVertexBuffers(Lorg/lwjgl/vulkan/VkCommandBuffer;ILjava/nio/LongBuffer;Ljava/nio/LongBuffer;)V (32 bytes) @ 0x000001fb07ab8f54 [0x000001fb07ab89c0+0x0000000000000594]
j  processing.GL2VK.ThreadNode$1.run()V+1073
j  java.lang.Thread.run()V+11 java.base@17.0.10
v  ~StubRoutines::call_stub

siginfo: EXCEPTION_ACCESS_VIOLATION (0xc0000005), reading address 0x0000000000000000


Registers:
RAX=0x0000000000000000, RBX=0x0000000000000000, RCX=0x0000000000000000, RDX=0x0000006bd72fee50
RSP=0x0000006bd72fedd0, RBP=0x0000006bd72feeb1, RSI=0x000003e514ac6210, RDI=0x0000006bd72fee50
R8 =0x0000000000000000, R9 =0x0000000000000000, R10=0x0000000000000000, R11=0x67dd1700000000e0
R12=0x0000000000000000, R13=0x000003e514968000, R14=0x0000000000000000, R15=0x000001fb6a4ad660
RIP=0x00007ffb41dc2a88, EFLAGS=0x0000000000010202


Register to memory mapping:

RIP=0x00007ffb41dc2a88 VkLayer_khronos_validation.dll
RAX=0x0 is NULL
RBX=0x0 is NULL
RCX=0x0 is NULL
RDX=0x0000006bd72fee50 is pointing into the stack for thread: 0x000001fb1eb64880
RSP=0x0000006bd72fedd0 is pointing into the stack for thread: 0x000001fb1eb64880
RBP=0x0000006bd72feeb1 is pointing into the stack for thread: 0x000001fb1eb64880
RSI=0x000003e514ac6210 points into unknown readable memory: 0x00007ffb42273ee8 | e8 3e 27 42 fb 7f 00 00
RDI=0x0000006bd72fee50 is pointing into the stack for thread: 0x000001fb1eb64880
R8 =0x0 is NULL
R9 =0x0 is NULL
R10=0x0 is NULL
R11=0x67dd1700000000e0 is an unknown value
R12=0x0 is NULL
R13=0x000003e514968000 points into unknown readable memory: 0x00007ffb42292e88 | 88 2e 29 42 fb 7f 00 00
R14=0x0 is NULL
R15=0x000001fb6a4ad660 points into unknown readable memory: 0x67dd1700000000e0 | e0 00 00 00 00 17 dd 67


Top of Stack: (sp=0x0000006bd72fedd0)
0x0000006bd72fedd0:   0000000000000000 000003e51496c640
0x0000006bd72fede0:   000003e51496c7c0 00007ffb419de0af
0x0000006bd72fedf0:   000003e51496c6c0 0000006bd72fee80
0x0000006bd72fee00:   0000000000000080 0000006bd72fee60
0x0000006bd72fee10:   000003e51c070200 00007ffb41e24036
0x0000006bd72fee20:   0000000000000000 00000000ffffffff
0x0000006bd72fee30:   0000006bd72feeb1 00000000ffffffff
0x0000006bd72fee40:   000003e514ac6210 000003e514ac6200
0x0000006bd72fee50:   0000000000000000 0000000000000000
0x0000006bd72fee60:   0000000000000000 0000000000000000
0x0000006bd72fee70:   000003e514ac6210 000003e514ac6200
0x0000006bd72fee80:   000003e514ac6e60 000003e514b10001
0x0000006bd72fee90:   00007ffb421a7c98 0000000000000000
0x0000006bd72feea0:   0000000000000000 0000000000000000
0x0000006bd72feeb0:   0000000000000000 0000000000000000
0x0000006bd72feec0:   000001fb6a4ad660 0000000000000002 

Instructions: (pc=0x00007ffb41dc2a88)
0x00007ffb41dc2988:   00 00 44 88 b7 64 0c 00 00 48 8b cf e8 e7 01 00
0x00007ffb41dc2998:   00 90 48 8b c7 48 8b 8d e0 00 00 00 48 33 cc e8
0x00007ffb41dc29a8:   a4 3e 26 00 4c 8d 9c 24 f0 01 00 00 49 8b 5b 28
0x00007ffb41dc29b8:   49 8b 73 30 49 8b e3 41 5e 5f 5d c3 cc cc cc cc
0x00007ffb41dc29c8:   cc cc cc cc cc cc cc cc 48 8b 02 45 33 d2 48 89
0x00007ffb41dc29d8:   01 4c 8b c2 48 8b 42 08 4c 8b c9 48 89 41 08 48
0x00007ffb41dc29e8:   8b 42 10 48 89 41 10 0f 10 42 18 0f 11 41 18 0f
0x00007ffb41dc29f8:   10 4a 28 0f 11 49 28 0f 10 42 38 0f 11 41 38 0f
0x00007ffb41dc2a08:   10 4a 48 0f 11 49 48 48 8b 42 58 48 89 41 58 4c
0x00007ffb41dc2a18:   89 51 60 4c 89 51 68 48 8b 42 60 48 89 41 60 48
0x00007ffb41dc2a28:   8b 42 68 48 89 41 68 49 8b 40 70 49 8b 48 78 4c
0x00007ffb41dc2a38:   89 52 60 4c 89 52 68 48 8b 92 80 00 00 00 4d 89
0x00007ffb41dc2a48:   90 80 00 00 00 4d 89 50 78 4d 89 50 70 49 89 41
0x00007ffb41dc2a58:   70 49 8b c1 49 89 49 78 49 89 91 80 00 00 00 c3
0x00007ffb41dc2a68:   cc cc cc cc cc cc cc cc 48 89 5c 24 08 48 89 74
0x00007ffb41dc2a78:   24 10 57 48 83 ec 40 48 8b fa 48 8b f1 48 8b 0a
0x00007ffb41dc2a88:   48 8b 01 48 8b d6 ff 50 28 84 c0 0f 84 c6 00 00
0x00007ffb41dc2a98:   00 48 8b 5f 08 48 85 db 74 08 f0 ff 43 08 48 8b
0x00007ffb41dc2aa8:   5f 08 48 8b 3f 48 89 7c 24 20 48 89 5c 24 28 4c
0x00007ffb41dc2ab8:   8d 44 24 20 48 8d 54 24 30 48 8d 8e c0 05 00 00
0x00007ffb41dc2ac8:   e8 b3 be 00 00 8b 4c 24 38 85 c9 0f 84 96 00 00
0x00007ffb41dc2ad8:   00 83 e9 01 74 49 83 e9 01 74 26 83 f9 01 75 3f
0x00007ffb41dc2ae8:   48 8b 4c 24 30 48 c1 e1 04 48 03 8e d0 05 00 00
0x00007ffb41dc2af8:   48 8d 54 24 20 e8 9e ce bc ff 48 8b 5c 24 28 eb
0x00007ffb41dc2b08:   1e 48 8b 44 24 30 48 c1 e0 04 48 03 86 d0 05 00
0x00007ffb41dc2b18:   00 48 89 38 48 89 58 08 33 db 48 89 5c 24 28 48
0x00007ffb41dc2b28:   85 db 74 33 bf ff ff ff ff 8b c7 f0 0f c1 43 08
0x00007ffb41dc2b38:   83 f8 01 75 22 48 8b 5c 24 28 48 8b 03 48 8b cb
0x00007ffb41dc2b48:   ff 10 f0 0f c1 7b 0c 83 ff 01 75 0b 48 8b 4c 24
0x00007ffb41dc2b58:   28 48 8b 01 ff 50 08 48 8b 5c 24 50 48 8b 74 24
0x00007ffb41dc2b68:   58 48 83 c4 40 5f c3 e8 1c c4 ba ff 90 cc cc cc
0x00007ffb41dc2b78:   cc cc cc cc cc cc cc cc 48 89 5c 24 10 48 89 6c 


Stack slot to memory mapping:
stack at sp + 0 slots: 0x0 is NULL
stack at sp + 1 slots: 0x000003e51496c640 points into unknown readable memory: 0x0000000000000000 | 00 00 00 00 00 00 00 00
stack at sp + 2 slots: 0x000003e51496c7c0 points into unknown readable memory: 0x0000000000000000 | 00 00 00 00 00 00 00 00
stack at sp + 3 slots: 0x00007ffb419de0af VkLayer_khronos_validation.dll
stack at sp + 4 slots: 0x000003e51496c6c0 points into unknown readable memory: 0x0000000000000000 | 00 00 00 00 00 00 00 00
stack at sp + 5 slots: 0x0000006bd72fee80 is pointing into the stack for thread: 0x000001fb1eb64880
stack at sp + 6 slots: 0x0000000000000080 is an unknown value
stack at sp + 7 slots: 0x0000006bd72fee60 is pointing into the stack for thread: 0x000001fb1eb64880


Compiled method (n/a)    9862 1584     n 0       org.lwjgl.system.JNI::callPPPV (native)
 total in heap  [0x000001fb0f336310,0x000001fb0f3366e0] = 976
 relocation     [0x000001fb0f336468,0x000001fb0f336498] = 48
 main code      [0x000001fb0f3364a0,0x000001fb0f3366d8] = 568
 oops           [0x000001fb0f3366d8,0x000001fb0f3366e0] = 8

[Constant Pool (empty)]

[MachCode]
[Entry Point]
  # {method} {0x000001fb6064f890} 'callPPPV' '(JIIJJJ)V' in 'org/lwjgl/system/JNI'
  # parm0:    rdx:rdx   = long
  # parm1:    r8        = int
  # parm2:    r9        = int
  # parm3:    rdi:rdi   = long
  # parm4:    rsi:rsi   = long
  # parm5:    rcx:rcx   = long
  #           [sp+0x90]  (sp of caller)
  0x000001fb0f3364a0: 448b 5208 | 49bb 0000 | 001f fb01 | 0000 4d03 | d349 3bc2 | 0f84 0600 

  0x000001fb0f3364b8: ;   {runtime_call ic_miss_stub}
  0x000001fb0f3364b8: 0000 e9c1 | 65a2 ff90 
[Verified Entry Point]
  0x000001fb0f3364c0: 8984 2400 | 90ff ff55 | 488b ec48 | 81ec 8000 | 0000 4889 | 4c24 3848 | 8974 2430 | 4889 7c24 
  0x000001fb0f3364e0: 284c 894c | 2420 4d8b | c84c 8bc2 

  0x000001fb0f3364ec: ;   {oop(a 'java/lang/Class'{0x000000070fdf9170} = 'org/lwjgl/system/JNI')}
  0x000001fb0f3364ec: 49be 7091 | df0f 0700 | 0000 4c89 | 7424 704c | 8d74 2470 | 498b d6c5 

  0x000001fb0f336504: ;   {internal_word}
  0x000001fb0f336504: f877 49ba | 0365 330f | fb01 0000 | 4d89 9798 | 0200 0049 | 89a7 9002 

  0x000001fb0f33651c: ;   {external_word}
  0x000001fb0f33651c: 0000 49ba | e380 9254 | fb7f 0000 | 4180 3a00 | 0f84 5200 | 0000 5241 

  0x000001fb0f336534: ;   {metadata({method} {0x000001fb6064f890} 'callPPPV' '(JIIJJJ)V' in 'org/lwjgl/system/JNI')}
  0x000001fb0f336534: 5041 5148 | ba88 f864 | 60fb 0100 | 0049 8bcf | 4883 ec20 | f7c4 0f00 | 0000 0f84 | 1a00 0000 
  0x000001fb0f336554: 4883 ec08 

  0x000001fb0f336558: ;   {runtime_call}
  0x000001fb0f336558: 49ba 00d6 | 4f54 fb7f | 0000 41ff | d248 83c4 | 08e9 0d00 

  0x000001fb0f33656c: ;   {runtime_call}
  0x000001fb0f33656c: 0000 49ba | 00d6 4f54 | fb7f 0000 | 41ff d248 | 83c4 2041 | 5941 585a | 498d 8fb0 | 0200 0041 
  0x000001fb0f33658c: c787 4003 | 0000 0400 

  0x000001fb0f336594: ;   {runtime_call}
  0x000001fb0f336594: 0000 49ba | c019 35cb | fb7f 0000 | 41ff d2c5 | f877 41c7 | 8740 0300 | 0005 0000 | 00f0 8344 
  0x000001fb0f3365b4: 24c0 0049 | 3baf 4803 | 0000 0f87 | 1100 0000 | 4181 bf30 | 0300 0000 | 0000 000f | 8424 0000 
  0x000001fb0f3365d4: 00c5 f877 | 498b cf4c | 8be4 4883 | ec20 4883 

  0x000001fb0f3365e4: ;   {runtime_call}
  0x000001fb0f3365e4: e4f0 49ba | 408d 5a54 | fb7f 0000 | 41ff d249 | 8be4 4d33 | e441 c787 | 4003 0000 | 0800 0000 
  0x000001fb0f336604: 4181 bfb0 | 0300 0002 | 0000 000f | 849b 0000 

  0x000001fb0f336614: ;   {external_word}
  0x000001fb0f336614: 0049 bae3 | 8092 54fb | 7f00 0041 | 803a 000f | 8448 0000 

  0x000001fb0f336628: ;   {metadata({method} {0x000001fb6064f890} 'callPPPV' '(JIIJJJ)V' in 'org/lwjgl/system/JNI')}
  0x000001fb0f336628: 0048 ba88 | f864 60fb | 0100 0049 | 8bcf 4883 | ec20 f7c4 | 0f00 0000 | 0f84 1a00 | 0000 4883 
  0x000001fb0f336648: ;   {runtime_call}
  0x000001fb0f336648: ec08 49ba | 00d6 4f54 | fb7f 0000 | 41ff d248 | 83c4 08e9 | 0d00 0000 

  0x000001fb0f336660: ;   {runtime_call}
  0x000001fb0f336660: 49ba 00d6 | 4f54 fb7f | 0000 41ff | d248 83c4 | 2049 c787 | 9002 0000 | 0000 0000 | 49c7 8798 
  0x000001fb0f336680: 0200 0000 | 0000 00c5 | f877 498b | 8fd8 0000 | 00c7 8100 | 0100 0000 | 0000 00c9 | 4981 7f08 
  0x000001fb0f3366a0: 0000 0000 | 0f85 0100 

  0x000001fb0f3366a8: ;   {runtime_call StubRoutines (1)}
  0x000001fb0f3366a8: 0000 c3e9 | 50a8 9dff | c5f8 774c | 8be4 4883 | ec20 4883 

  0x000001fb0f3366bc: ;   {runtime_call}
  0x000001fb0f3366bc: e4f0 49ba | a006 5054 | fb7f 0000 | 41ff d249 | 8be4 4d33 | e4e9 3fff | ffff f4f4 
[/MachCode]


Compiled method (c1)    9875 1583       3       org.lwjgl.vulkan.VK10::nvkCmdBindVertexBuffers (24 bytes)
 total in heap  [0x000001fb07ab9590,0x000001fb07ab9a90] = 1280
 relocation     [0x000001fb07ab96e8,0x000001fb07ab9730] = 72
 main code      [0x000001fb07ab9740,0x000001fb07ab9940] = 512
 stub code      [0x000001fb07ab9940,0x000001fb07ab9988] = 72
 oops           [0x000001fb07ab9988,0x000001fb07ab9990] = 8
 metadata       [0x000001fb07ab9990,0x000001fb07ab99a8] = 24
 scopes data    [0x000001fb07ab99a8,0x000001fb07ab9a00] = 88
 scopes pcs     [0x000001fb07ab9a00,0x000001fb07ab9a70] = 112
 dependencies   [0x000001fb07ab9a70,0x000001fb07ab9a78] = 8
 nul chk table  [0x000001fb07ab9a78,0x000001fb07ab9a90] = 24

[Constant Pool (empty)]

[MachCode]
[Verified Entry Point]
  # {method} {0x000001fb6069bc00} 'nvkCmdBindVertexBuffers' '(Lorg/lwjgl/vulkan/VkCommandBuffer;IIJJ)V' in 'org/lwjgl/vulkan/VK10'
  # parm0:    rdx:rdx   = 'org/lwjgl/vulkan/VkCommandBuffer'
  # parm1:    r8        = int
  # parm2:    r9        = int
  # parm3:    rdi:rdi   = long
  # parm4:    rsi:rsi   = long
  #           [sp+0x90]  (sp of caller)
  0x000001fb07ab9740: 8984 2400 | 90ff ff55 | 4881 ec80 

  0x000001fb07ab974c: ;   {metadata(method data for {method} {0x000001fb6069bc00} 'nvkCmdBindVertexBuffers' '(Lorg/lwjgl/vulkan/VkCommandBuffer;IIJJ)V' in 'org/lwjgl/vulkan/VK10')}
  0x000001fb07ab974c: 0000 0048 | b900 338e | 60fb 0100 | 008b 99cc | 0000 0083 | c302 8999 | cc00 0000 | 81e3 fe07 
  0x000001fb07ab976c: 0000 83fb | 000f 8433 | 0100 0048 | 3b02 488b 

  0x000001fb07ab977c: ;   {metadata(method data for {method} {0x000001fb6069bc00} 'nvkCmdBindVertexBuffers' '(Lorg/lwjgl/vulkan/VkCommandBuffer;IIJJ)V' in 'org/lwjgl/vulkan/VK10')}
  0x000001fb07ab977c: ca48 bb00 | 338e 60fb | 0100 0048 | 8383 2801 

  0x000001fb07ab978c: ;   {metadata(method data for {method} {0x000001fb607c1ef0} 'getCapabilities' '()Lorg/lwjgl/vulkan/VKCapabilitiesDevice;' in 'org/lwjgl/vulkan/VkCommandBuffer')}
  0x000001fb07ab978c: 0000 0148 | b920 3c8a | 60fb 0100 | 008b 99cc | 0000 0083 | c302 8999 | cc00 0000 | 81e3 feff 
  0x000001fb07ab97ac: 1f00 83fb | 000f 8419 | 0100 0048 

  0x000001fb07ab97b8: ;   {metadata(method data for {method} {0x000001fb607c1ef0} 'getCapabilities' '()Lorg/lwjgl/vulkan/VKCapabilitiesDevice;' in 'org/lwjgl/vulkan/VkCommandBuffer')}
  0x000001fb07ab97b8: 8bca 48bb | 203c 8a60 | fb01 0000 | 4883 8310 | 0100 0001 | 8b4a 0c48 | c1e1 0348 | 8b99 d802 
  0x000001fb07ab97d8: 0000 488b 

  0x000001fb07ab97dc: ;   {metadata(method data for {method} {0x000001fb6069bc00} 'nvkCmdBindVertexBuffers' '(Lorg/lwjgl/vulkan/VkCommandBuffer;IIJJ)V' in 'org/lwjgl/vulkan/VK10')}
  0x000001fb07ab97dc: ca48 b800 | 338e 60fb | 0100 008b | 4908 49ba | 0000 001f | fb01 0000 | 4903 ca48 | 3b88 5801 
  0x000001fb07ab97fc: 0000 750d | 4883 8060 | 0100 0001 | e966 0000 | 0048 3b88 | 6801 0000 | 750d 4883 | 8070 0100 
  0x000001fb07ab981c: 0001 e950 | 0000 0048 | 81b8 5801 | 0000 0000 | 0000 7517 | 4889 8858 | 0100 0048 | c780 6001 
  0x000001fb07ab983c: 0000 0100 | 0000 e92c | 0000 0048 | 81b8 6801 | 0000 0000 | 0000 7517 | 4889 8868 | 0100 0048 
  0x000001fb07ab985c: c780 7001 | 0000 0100 | 0000 e908 | 0000 0048 | 8380 4801 | 0000 0148 

  0x000001fb07ab9874: ;   {metadata(method data for {method} {0x000001fb6069bc00} 'nvkCmdBindVertexBuffers' '(Lorg/lwjgl/vulkan/VkCommandBuffer;IIJJ)V' in 'org/lwjgl/vulkan/VK10')}
  0x000001fb07ab9874: 8b4a 1048 | ba00 338e | 60fb 0100 | 0048 8382 | 8001 0000 | 0148 8bd1 

  0x000001fb07ab988c: ;   {static_call}
  0x000001fb07ab988c: 488b cbe8 

  0x000001fb07ab9890: ; ImmutableOopMap {}
                      ;*invokestatic callPPPV {reexecute=0 rethrow=0 return_oop=0}
                      ; - org.lwjgl.vulkan.VK10::nvkCmdBindVertexBuffers@20 (line 11188)
  0x000001fb07ab9890: 2ccc 8707 | 4881 c480 | 0000 005d 

  0x000001fb07ab989c: ;   {poll_return}
  0x000001fb07ab989c: 493b a748 | 0300 000f | 874d 0000 

  0x000001fb07ab98a8: ;   {metadata({method} {0x000001fb6069bc00} 'nvkCmdBindVertexBuffers' '(Lorg/lwjgl/vulkan/VkCommandBuffer;IIJJ)V' in 'org/lwjgl/vulkan/VK10')}
  0x000001fb07ab98a8: 00c3 49ba | f8bb 6960 | fb01 0000 | 4c89 5424 | 0848 c704 | 24ff ffff 

  0x000001fb07ab98c0: ;   {runtime_call counter_overflow Runtime1 stub}
  0x000001fb07ab98c0: ffe8 ba06 

  0x000001fb07ab98c4: ; ImmutableOopMap {rdx=Oop }
                      ;*synchronization entry
                      ; - org.lwjgl.vulkan.VK10::nvkCmdBindVertexBuffers@-1 (line 11187)
  0x000001fb07ab98c4: 3507 e9ac 

  0x000001fb07ab98c8: ;   {runtime_call throw_null_pointer_exception Runtime1 stub}
  0x000001fb07ab98c8: feff ffe8 

  0x000001fb07ab98cc: ; ImmutableOopMap {rdx=Oop }
                      ;*invokevirtual getCapabilities {reexecute=0 rethrow=0 return_oop=0}
                      ; - org.lwjgl.vulkan.VK10::nvkCmdBindVertexBuffers@1 (line 11187)
  0x000001fb07ab98cc: d0b2 3407 

  0x000001fb07ab98d0: ;   {metadata({method} {0x000001fb607c1ef0} 'getCapabilities' '()Lorg/lwjgl/vulkan/VKCapabilitiesDevice;' in 'org/lwjgl/vulkan/VkCommandBuffer')}
  0x000001fb07ab98d0: 49ba e81e | 7c60 fb01 | 0000 4c89 | 5424 0848 | c704 24ff 

  0x000001fb07ab98e4: ;   {runtime_call counter_overflow Runtime1 stub}
  0x000001fb07ab98e4: ffff ffe8 

  0x000001fb07ab98e8: ; ImmutableOopMap {rdx=Oop }
                      ;*synchronization entry
                      ; - org.lwjgl.vulkan.VkCommandBuffer::getCapabilities@-1 (line 8)
                      ; - org.lwjgl.vulkan.VK10::nvkCmdBindVertexBuffers@1 (line 11187)
  0x000001fb07ab98e8: 9406 3507 | e9c6 feff 

  0x000001fb07ab98f0: ;   {runtime_call throw_null_pointer_exception Runtime1 stub}
  0x000001fb07ab98f0: ffe8 aab2 

  0x000001fb07ab98f4: ; ImmutableOopMap {rdx=Oop rcx=Oop }
                      ;*getfield vkCmdBindVertexBuffers {reexecute=1 rethrow=0 return_oop=0}
                      ; - (reexecute) org.lwjgl.vulkan.VK10::nvkCmdBindVertexBuffers@4 (line 11187)
                      ;   {internal_word}
  0x000001fb07ab98f4: 3407 49ba | 9c98 ab07 | fb01 0000 | 4d89 9760 

  0x000001fb07ab9904: ;   {runtime_call SafepointBlob}
  0x000001fb07ab9904: 0300 00e9 | f49a 2a07 | 9090 498b | 87d8 0300 | 0049 c787 | d803 0000 | 0000 0000 | 49c7 87e0 
  0x000001fb07ab9924: 0300 0000 | 0000 0048 | 81c4 8000 

  0x000001fb07ab9930: ;   {runtime_call unwind_exception Runtime1 stub}
  0x000001fb07ab9930: 0000 5de9 | c8cc 2b07 | f4f4 f4f4 | f4f4 f4f4 
[Stub Code]
  0x000001fb07ab9940: ;   {no_reloc}
  0x000001fb07ab9940: 0f1f 4400 

  0x000001fb07ab9944: ;   {static_stub}
  0x000001fb07ab9944: 0048 bb00 | 0000 0000 

  0x000001fb07ab994c: ;   {runtime_call}
  0x000001fb07ab994c: 0000 00e9 | fbff ffff 
[Exception Handler]
  0x000001fb07ab9954: ;   {runtime_call handle_exception_from_callee Runtime1 stub}
  0x000001fb07ab9954: e827 d034 

  0x000001fb07ab9958: ;   {external_word}
  0x000001fb07ab9958: 0748 b9a0 | e06e 54fb | 7f00 0048 

  0x000001fb07ab9964: ;   {runtime_call}
  0x000001fb07ab9964: 83e4 f049 | bae0 da3c | 54fb 7f00 | 0041 ffd2 

  0x000001fb07ab9974: ;   {section_word}
  0x000001fb07ab9974: f449 ba75 | 99ab 07fb | 0100 0041 

  0x000001fb07ab9980: ;   {runtime_call DeoptimizationBlob}
  0x000001fb07ab9980: 52e9 1a8d | 2a07 f4f4 
[/MachCode]


Compiled method (c1)    9883 1582       3       org.lwjgl.vulkan.VK10::vkCmdBindVertexBuffers (32 bytes)
 total in heap  [0x000001fb07ab8790,0x000001fb07ab9510] = 3456
 relocation     [0x000001fb07ab88e8,0x000001fb07ab89c0] = 216
 main code      [0x000001fb07ab89c0,0x000001fb07ab9160] = 1952
 stub code      [0x000001fb07ab9160,0x000001fb07ab91d8] = 120
 oops           [0x000001fb07ab91d8,0x000001fb07ab91e0] = 8
 metadata       [0x000001fb07ab91e0,0x000001fb07ab9218] = 56
 scopes data    [0x000001fb07ab9218,0x000001fb07ab93b0] = 408
 scopes pcs     [0x000001fb07ab93b0,0x000001fb07ab94f0] = 320
 dependencies   [0x000001fb07ab94f0,0x000001fb07ab94f8] = 8
 nul chk table  [0x000001fb07ab94f8,0x000001fb07ab9510] = 24

[Constant Pool (empty)]

[MachCode]
[Verified Entry Point]
  # {method} {0x000001fb6069bcf0} 'vkCmdBindVertexBuffers' '(Lorg/lwjgl/vulkan/VkCommandBuffer;ILjava/nio/LongBuffer;Ljava/nio/LongBuffer;)V' in 'org/lwjgl/vulkan/VK10'
  # parm0:    rdx:rdx   = 'org/lwjgl/vulkan/VkCommandBuffer'
  # parm1:    r8        = int
  # parm2:    r9:r9     = 'java/nio/LongBuffer'
  # parm3:    rdi:rdi   = 'java/nio/LongBuffer'
  #           [sp+0x110]  (sp of caller)
  0x000001fb07ab89c0: 8984 2400 | 90ff ff55 | 4881 ec00 | 0100 0048 | 8994 24c8 | 0000 0044 | 8984 24d0 | 0000 0048 
  0x000001fb07ab89e0: 89bc 24c0 

  0x000001fb07ab89e4: ;   {metadata(method data for {method} {0x000001fb6069bcf0} 'vkCmdBindVertexBuffers' '(Lorg/lwjgl/vulkan/VkCommandBuffer;ILjava/nio/LongBuffer;Ljava/nio/LongBuffer;)V' in 'org/lwjgl/vulkan/VK10')}
  0x000001fb07ab89e4: 0000 0048 | bec8 308e | 60fb 0100 | 008b 9ecc | 0000 0083 | c302 899e | cc00 0000 | 81e3 fe07 
  0x000001fb07ab8a04: 0000 83fb | 000f 845b 

  0x000001fb07ab8a0c: ;   {metadata(method data for {method} {0x000001fb6069bcf0} 'vkCmdBindVertexBuffers' '(Lorg/lwjgl/vulkan/VkCommandBuffer;ILjava/nio/LongBuffer;Ljava/nio/LongBuffer;)V' in 'org/lwjgl/vulkan/VK10')}
  0x000001fb07ab8a0c: 0500 0048 | bec8 308e | 60fb 0100 | 00ff 8620 | 0100 0049 | 3b01 498b 

  0x000001fb07ab8a24: ;   {metadata(method data for {method} {0x000001fb6069bcf0} 'vkCmdBindVertexBuffers' '(Lorg/lwjgl/vulkan/VkCommandBuffer;ILjava/nio/LongBuffer;Ljava/nio/LongBuffer;)V' in 'org/lwjgl/vulkan/VK10')}
  0x000001fb07ab8a24: f148 bbc8 | 308e 60fb | 0100 0048 | 8383 3001 

  0x000001fb07ab8a34: ;   {metadata(method data for {method} {0x000001fb1f09cd08} 'remaining' '()I' in 'java/nio/Buffer')}
  0x000001fb07ab8a34: 0000 0148 | bea0 fc2b | 60fb 0100 | 008b 9ecc | 0000 0083 | c302 899e | cc00 0000 | 81e3 feff 
  0x000001fb07ab8a54: 1f00 83fb | 000f 8431 | 0500 0041 | 8b71 1c41 | 8b59 182b | f383 fe00 

  0x000001fb07ab8a6c: ;   {metadata(method data for {method} {0x000001fb1f09cd08} 'remaining' '()I' in 'java/nio/Buffer')}
  0x000001fb07ab8a6c: 48bb a0fc | 2b60 fb01 | 0000 48b8 | 1001 0000 | 0000 0000 | 0f8e 0a00 | 0000 48b8 | 2001 0000 
  0x000001fb07ab8a8c: 0000 0000 | 488b 0c03 | 488d 4901 | 4889 0c03 | 0f8e 1500 

  0x000001fb07ab8aa0: ;   {metadata(method data for {method} {0x000001fb1f09cd08} 'remaining' '()I' in 'java/nio/Buffer')}
  0x000001fb07ab8aa0: 0000 48bb | a0fc 2b60 | fb01 0000 | ff83 3001 | 0000 e905 | 0000 00be | 0000 0000 

  0x000001fb07ab8abc: ;   {metadata(method data for {method} {0x000001fb6069bcf0} 'vkCmdBindVertexBuffers' '(Lorg/lwjgl/vulkan/VkCommandBuffer;ILjava/nio/LongBuffer;Ljava/nio/LongBuffer;)V' in 'org/lwjgl/vulkan/VK10')}
  0x000001fb07ab8abc: 48bb c830 | 8e60 fb01 | 0000 4883 | 8368 0100 

  0x000001fb07ab8acc: ;   {metadata(method data for {method} {0x000001fb605ca608} 'check' '(Ljava/nio/Buffer;I)V' in 'org/lwjgl/system/Checks')}
  0x000001fb07ab8acc: 0001 48bb | 5051 8b60 | fb01 0000 | 8b83 cc00 | 0000 83c0 | 0289 83cc | 0000 0081 | e0fe ff1f 
  0x000001fb07ab8aec: 0083 f800 | 0f84 bb04 | 0000 483b | 0748 8bdf 

  0x000001fb07ab8afc: ;   {metadata(method data for {method} {0x000001fb605ca608} 'check' '(Ljava/nio/Buffer;I)V' in 'org/lwjgl/system/Checks')}
  0x000001fb07ab8afc: 48b8 5051 | 8b60 fb01 | 0000 4883 | 8010 0100 

  0x000001fb07ab8b0c: ;   {metadata(method data for {method} {0x000001fb1f09cd08} 'remaining' '()I' in 'java/nio/Buffer')}
  0x000001fb07ab8b0c: 0001 48bb | a0fc 2b60 | fb01 0000 | 8b83 cc00 | 0000 83c0 | 0289 83cc | 0000 0081 | e0fe ff1f 
  0x000001fb07ab8b2c: 0083 f800 | 0f84 a104 | 0000 8b5f | 1c8b 4718 | 2bd8 83fb 

  0x000001fb07ab8b40: ;   {metadata(method data for {method} {0x000001fb1f09cd08} 'remaining' '()I' in 'java/nio/Buffer')}
  0x000001fb07ab8b40: 0048 b8a0 | fc2b 60fb | 0100 0048 | b910 0100 | 0000 0000 | 000f 8e0a | 0000 0048 | b920 0100 
  0x000001fb07ab8b60: 0000 0000 | 004c 8b1c | 084d 8d5b | 014c 891c | 080f 8e15 

  0x000001fb07ab8b74: ;   {metadata(method data for {method} {0x000001fb1f09cd08} 'remaining' '()I' in 'java/nio/Buffer')}
  0x000001fb07ab8b74: 0000 0048 | b8a0 fc2b | 60fb 0100 | 00ff 8030 | 0100 00e9 | 0500 0000 | bb00 0000 

  0x000001fb07ab8b90: ;   {metadata(method data for {method} {0x000001fb605ca608} 'check' '(Ljava/nio/Buffer;I)V' in 'org/lwjgl/system/Checks')}
  0x000001fb07ab8b90: 0048 b850 | 518b 60fb | 0100 0048 | 8380 4801 

  0x000001fb07ab8ba0: ;   {metadata(method data for {method} {0x000001fb605ca068} 'checkBuffer' '(II)V' in 'org/lwjgl/system/Checks')}
  0x000001fb07ab8ba0: 0000 0148 | b890 0182 | 60fb 0100 | 008b 88cc | 0000 0083 | c102 8988 | cc00 0000 | 81e1 feff 
  0x000001fb07ab8bc0: 1f00 83f9 | 000f 842d | 0400 003b 

  0x000001fb07ab8bcc: ;   {metadata(method data for {method} {0x000001fb605ca068} 'checkBuffer' '(II)V' in 'org/lwjgl/system/Checks')}
  0x000001fb07ab8bcc: de48 b890 | 0182 60fb | 0100 0048 | b910 0100 | 0000 0000 | 000f 8d0a | 0000 0048 | b920 0100 
  0x000001fb07ab8bec: 0000 0000 | 004c 8b1c | 084d 8d5b | 014c 891c | 084c 898c | 24b8 0000 | 000f 8d21 

  0x000001fb07ab8c08: ;   {metadata(method data for {method} {0x000001fb605ca068} 'checkBuffer' '(II)V' in 'org/lwjgl/system/Checks')}
  0x000001fb07ab8c08: 0000 0048 | b890 0182 | 60fb 0100 | 0048 8380 | 3001 0000 | 0148 8bd3 | 4c8b c60f 

  0x000001fb07ab8c24: ;   {static_call}
  0x000001fb07ab8c24: 1f40 00e8 

  0x000001fb07ab8c28: ; ImmutableOopMap {[200]=Oop [184]=Oop [192]=Oop }
                      ;*invokestatic throwIAE {reexecute=0 rethrow=0 return_oop=0}
                      ; - org.lwjgl.system.Checks::checkBuffer@7 (line 347)
                      ; - org.lwjgl.system.Checks::check@5 (line 444)
                      ; - org.lwjgl.vulkan.VK10::vkCmdBindVertexBuffers@11 (line 11256)
  0x000001fb07ab8c28: 5447 2a07 | 4c8b 8c24 | b800 0000 

  0x000001fb07ab8c34: ;   {metadata(method data for {method} {0x000001fb6069bcf0} 'vkCmdBindVertexBuffers' '(Lorg/lwjgl/vulkan/VkCommandBuffer;ILjava/nio/LongBuffer;Ljava/nio/LongBuffer;)V' in 'org/lwjgl/vulkan/VK10')}
  0x000001fb07ab8c34: 498b d149 | b8c8 308e | 60fb 0100 | 0049 8380 | 7801 0000 

  0x000001fb07ab8c48: ;   {metadata(method data for {method} {0x000001fb1f09cd08} 'remaining' '()I' in 'java/nio/Buffer')}
  0x000001fb07ab8c48: 0148 baa0 | fc2b 60fb | 0100 0044 | 8b82 cc00 | 0000 4183 | c002 4489 | 82cc 0000 | 0041 81e0 
  0x000001fb07ab8c68: feff 1f00 | 4183 f800 | 0f84 a303 | 0000 418b | 511c 458b | 4118 412b | d083 fa00 

  0x000001fb07ab8c84: ;   {metadata(method data for {method} {0x000001fb1f09cd08} 'remaining' '()I' in 'java/nio/Buffer')}
  0x000001fb07ab8c84: 48be a0fc | 2b60 fb01 | 0000 48bf | 1001 0000 | 0000 0000 | 0f8e 0a00 | 0000 48bf | 2001 0000 
  0x000001fb07ab8ca4: 0000 0000 | 488b 1c3e | 488d 5b01 | 4889 1c3e | 0f8e 1500 

  0x000001fb07ab8cb8: ;   {metadata(method data for {method} {0x000001fb1f09cd08} 'remaining' '()I' in 'java/nio/Buffer')}
  0x000001fb07ab8cb8: 0000 48be | a0fc 2b60 | fb01 0000 | ff86 3001 | 0000 e905 | 0000 00ba | 0000 0000 | 8994 24d4 
  0x000001fb07ab8cd8: ;   {metadata(method data for {method} {0x000001fb6069bcf0} 'vkCmdBindVertexBuffers' '(Lorg/lwjgl/vulkan/VkCommandBuffer;ILjava/nio/LongBuffer;Ljava/nio/LongBuffer;)V' in 'org/lwjgl/vulkan/VK10')}
  0x000001fb07ab8cd8: 0000 0048 | b8c8 308e | 60fb 0100 | 0048 8380 | b001 0000 

  0x000001fb07ab8cec: ;   {metadata(method data for {method} {0x000001fb605ed560} 'memAddress' '(Ljava/nio/LongBuffer;)J' in 'org/lwjgl/system/MemoryUtil')}
  0x000001fb07ab8cec: 0148 b8a8 | b88a 60fb | 0100 008b | 88cc 0000 | 0083 c102 | 8988 cc00 | 0000 81e1 | feff 1f00 
  0x000001fb07ab8d0c: 83f9 000f | 8425 0300 | 0049 8bc1 

  0x000001fb07ab8d18: ;   {metadata(method data for {method} {0x000001fb605ed560} 'memAddress' '(Ljava/nio/LongBuffer;)J' in 'org/lwjgl/system/MemoryUtil')}
  0x000001fb07ab8d18: 48b9 a8b8 | 8a60 fb01 | 0000 4883 | 8110 0100 

  0x000001fb07ab8d28: ;   {metadata(method data for {method} {0x000001fb605ed560} 'memAddress' '(Ljava/nio/LongBuffer;)J' in 'org/lwjgl/system/MemoryUtil')}
  0x000001fb07ab8d28: 0001 48b8 | a8b8 8a60 | fb01 0000 | 4883 8048 | 0100 0001 

  0x000001fb07ab8d3c: ;   {metadata(method data for {method} {0x000001fb605ecd18} 'memAddress0' '(Ljava/nio/Buffer;)J' in 'org/lwjgl/system/MemoryUtil')}
  0x000001fb07ab8d3c: 48b8 d818 | 7760 fb01 | 0000 8b88 | cc00 0000 | 83c1 0289 | 88cc 0000 | 0081 e1fe | ff1f 0083 
  0x000001fb07ab8d5c: f900 0f84 | f702 0000 

  0x000001fb07ab8d64: ;   {oop(a 'sun/misc/Unsafe'{0x000000070fc08590})}
  0x000001fb07ab8d64: 48b8 9085 | c00f 0700 | 0000 488b 

  0x000001fb07ab8d70: ;   {metadata(method data for {method} {0x000001fb605ecd18} 'memAddress0' '(Ljava/nio/Buffer;)J' in 'org/lwjgl/system/MemoryUtil')}
  0x000001fb07ab8d70: c849 bbd8 | 1877 60fb | 0100 0049 | 8383 1001 

  0x000001fb07ab8d80: ;   {metadata(method data for {method} {0x000001fb602b0090} 'getLong' '(Ljava/lang/Object;J)J' in 'sun/misc/Unsafe')}
  0x000001fb07ab8d80: 0000 0148 | b9b0 712d | 60fb 0100 | 0044 8b99 | cc00 0000 | 4183 c302 | 4489 99cc | 0000 0041 
  0x000001fb07ab8da0: 81e3 feff | 1f00 4183 | fb00 0f84 | cc02 0000 | 48b9 1000 | 0000 0000 | 0000 4d8b 

  0x000001fb07ab8dbc: ;   {metadata(method data for {method} {0x000001fb605ed560} 'memAddress' '(Ljava/nio/LongBuffer;)J' in 'org/lwjgl/system/MemoryUtil')}
  0x000001fb07ab8dbc: 1c09 49b9 | a8b8 8a60 | fb01 0000 | 4983 8158 | 0100 0001 | 498b d041 | b803 0000 | 004d 8bcb 
  0x000001fb07ab8ddc: 4889 8c24 | e000 0000 | 4889 8424 | d800 0000 

  0x000001fb07ab8dec: ;   {static_call}
  0x000001fb07ab8dec: 6666 90e8 

  0x000001fb07ab8df0: ; ImmutableOopMap {[200]=Oop [216]=Oop [192]=Oop }
                      ;*invokestatic address {reexecute=0 rethrow=0 return_oop=0}
                      ; - org.lwjgl.system.MemoryUtil::memAddress@9 (line 796)
                      ; - org.lwjgl.vulkan.VK10::vkCmdBindVertexBuffers@21 (line 11258)
  0x000001fb07ab8df0: 0c91 8707 

  0x000001fb07ab8df4: ;   {metadata(method data for {method} {0x000001fb6069bcf0} 'vkCmdBindVertexBuffers' '(Lorg/lwjgl/vulkan/VkCommandBuffer;ILjava/nio/LongBuffer;Ljava/nio/LongBuffer;)V' in 'org/lwjgl/vulkan/VK10')}
  0x000001fb07ab8df4: 48ba c830 | 8e60 fb01 | 0000 4883 | 82c0 0100 

  0x000001fb07ab8e04: ;   {metadata(method data for {method} {0x000001fb605ed560} 'memAddress' '(Ljava/nio/LongBuffer;)J' in 'org/lwjgl/system/MemoryUtil')}
  0x000001fb07ab8e04: 0001 48ba | a8b8 8a60 | fb01 0000 | 448b 82cc | 0000 0041 | 83c0 0244 | 8982 cc00 | 0000 4181 
  0x000001fb07ab8e24: e0fe ff1f | 0041 83f8 | 000f 846a | 0200 0048 | 8bbc 24c0 

  0x000001fb07ab8e38: ;   {metadata(method data for {method} {0x000001fb605ed560} 'memAddress' '(Ljava/nio/LongBuffer;)J' in 'org/lwjgl/system/MemoryUtil')}
  0x000001fb07ab8e38: 0000 0048 | baa8 b88a | 60fb 0100 | 0048 8382 | 1001 0000 | 0148 8bbc | 24c0 0000 | 008b 5718 
  0x000001fb07ab8e58: ;   {metadata(method data for {method} {0x000001fb605ed560} 'memAddress' '(Ljava/nio/LongBuffer;)J' in 'org/lwjgl/system/MemoryUtil')}
  0x000001fb07ab8e58: 49b8 a8b8 | 8a60 fb01 | 0000 4983 | 8048 0100 

  0x000001fb07ab8e68: ;   {metadata(method data for {method} {0x000001fb605ecd18} 'memAddress0' '(Ljava/nio/Buffer;)J' in 'org/lwjgl/system/MemoryUtil')}
  0x000001fb07ab8e68: 0001 49b8 | d818 7760 | fb01 0000 | 458b 88cc | 0000 0041 | 83c1 0245 | 8988 cc00 | 0000 4181 
  0x000001fb07ab8e88: e1fe ff1f | 0041 83f9 | 000f 8427 | 0200 004c | 8b84 24d8 

  0x000001fb07ab8e9c: ;   {metadata(method data for {method} {0x000001fb605ecd18} 'memAddress0' '(Ljava/nio/Buffer;)J' in 'org/lwjgl/system/MemoryUtil')}
  0x000001fb07ab8e9c: 0000 0049 | b9d8 1877 | 60fb 0100 | 0049 8381 | 1001 0000 

  0x000001fb07ab8eb0: ;   {metadata(method data for {method} {0x000001fb602b0090} 'getLong' '(Ljava/lang/Object;J)J' in 'sun/misc/Unsafe')}
  0x000001fb07ab8eb0: 0149 b8b0 | 712d 60fb | 0100 0045 | 8b88 cc00 | 0000 4183 | c102 4589 | 88cc 0000 | 0041 81e1 
  0x000001fb07ab8ed0: feff 1f00 | 4183 f900 | 0f84 0102 | 0000 488b | 8c24 e000 | 0000 4c8b 

  0x000001fb07ab8ee8: ;   {metadata(method data for {method} {0x000001fb605ed560} 'memAddress' '(Ljava/nio/LongBuffer;)J' in 'org/lwjgl/system/MemoryUtil')}
  0x000001fb07ab8ee8: 0c0f 49b8 | a8b8 8a60 | fb01 0000 | 4983 8058 | 0100 0001 | 41b8 0300 | 0000 4889 | 8424 e800 
  0x000001fb07ab8f08: 0000 0f1f 

  0x000001fb07ab8f0c: ;   {static_call}
  0x000001fb07ab8f0c: 4400 00e8 

  0x000001fb07ab8f10: ; ImmutableOopMap {[200]=Oop }
                      ;*invokestatic address {reexecute=0 rethrow=0 return_oop=0}
                      ; - org.lwjgl.system.MemoryUtil::memAddress@9 (line 796)
                      ; - org.lwjgl.vulkan.VK10::vkCmdBindVertexBuffers@25 (line 11258)
  0x000001fb07ab8f10: ec8f 8707 

  0x000001fb07ab8f14: ;   {metadata(method data for {method} {0x000001fb6069bcf0} 'vkCmdBindVertexBuffers' '(Lorg/lwjgl/vulkan/VkCommandBuffer;ILjava/nio/LongBuffer;Ljava/nio/LongBuffer;)V' in 'org/lwjgl/vulkan/VK10')}
  0x000001fb07ab8f14: 48ba c830 | 8e60 fb01 | 0000 4883 | 82d0 0100 | 0001 488b | 9424 c800 | 0000 448b | 8424 d000 
  0x000001fb07ab8f34: 0000 448b | 8c24 d400 | 0000 488b | bc24 e800 | 0000 488b | f066 0f1f 

  0x000001fb07ab8f4c: ;   {static_call}
  0x000001fb07ab8f4c: 4400 00e8 

  0x000001fb07ab8f50: ; ImmutableOopMap {}
                      ;*invokestatic nvkCmdBindVertexBuffers {reexecute=0 rethrow=0 return_oop=0}
                      ; - org.lwjgl.vulkan.VK10::vkCmdBindVertexBuffers@28 (line 11258)
  0x000001fb07ab8f50: ec07 0000 | 4881 c400 | 0100 005d 

  0x000001fb07ab8f5c: ;   {poll_return}
  0x000001fb07ab8f5c: 493b a748 | 0300 000f | 8797 0100 

  0x000001fb07ab8f68: ;   {metadata({method} {0x000001fb6069bcf0} 'vkCmdBindVertexBuffers' '(Lorg/lwjgl/vulkan/VkCommandBuffer;ILjava/nio/LongBuffer;Ljava/nio/LongBuffer;)V' in 'org/lwjgl/vulkan/VK10')}
  0x000001fb07ab8f68: 00c3 49ba | e8bc 6960 | fb01 0000 | 4c89 5424 | 0848 c704 | 24ff ffff 

  0x000001fb07ab8f80: ;   {runtime_call counter_overflow Runtime1 stub}
  0x000001fb07ab8f80: ffe8 fa0f 

  0x000001fb07ab8f84: ; ImmutableOopMap {rdx=Oop [200]=Oop r9=Oop rdi=Oop [192]=Oop }
                      ;*synchronization entry
                      ; - org.lwjgl.vulkan.VK10::vkCmdBindVertexBuffers@-1 (line 11255)
  0x000001fb07ab8f84: 3507 e984 

  0x000001fb07ab8f88: ;   {runtime_call throw_null_pointer_exception Runtime1 stub}
  0x000001fb07ab8f88: faff ffe8 

  0x000001fb07ab8f8c: ; ImmutableOopMap {rdx=Oop [200]=Oop r9=Oop rdi=Oop [192]=Oop }
                      ;*invokevirtual remaining {reexecute=0 rethrow=0 return_oop=0}
                      ; - org.lwjgl.vulkan.VK10::vkCmdBindVertexBuffers@8 (line 11256)
  0x000001fb07ab8f8c: 10bc 3407 

  0x000001fb07ab8f90: ;   {metadata({method} {0x000001fb1f09cd08} 'remaining' '()I' in 'java/nio/Buffer')}
  0x000001fb07ab8f90: 49ba 00cd | 091f fb01 | 0000 4c89 | 5424 0848 | c704 24ff 

  0x000001fb07ab8fa4: ;   {runtime_call counter_overflow Runtime1 stub}
  0x000001fb07ab8fa4: ffff ffe8 

  0x000001fb07ab8fa8: ; ImmutableOopMap {rdx=Oop [200]=Oop r9=Oop rdi=Oop [192]=Oop }
                      ;*synchronization entry
                      ; - java.nio.Buffer::remaining@-1 (line 507)
                      ; - org.lwjgl.vulkan.VK10::vkCmdBindVertexBuffers@8 (line 11256)
  0x000001fb07ab8fa8: d40f 3507 | e9ae faff 

  0x000001fb07ab8fb0: ;   {metadata({method} {0x000001fb605ca608} 'check' '(Ljava/nio/Buffer;I)V' in 'org/lwjgl/system/Checks')}
  0x000001fb07ab8fb0: ff49 ba00 | a65c 60fb | 0100 004c | 8954 2408 | 48c7 0424 | ffff ffff 

  0x000001fb07ab8fc8: ;   {runtime_call counter_overflow Runtime1 stub}
  0x000001fb07ab8fc8: e8b3 0f35 

  0x000001fb07ab8fcc: ; ImmutableOopMap {rdx=Oop [200]=Oop r9=Oop rdi=Oop [192]=Oop }
                      ;*synchronization entry
                      ; - org.lwjgl.system.Checks::check@-1 (line 444)
                      ; - org.lwjgl.vulkan.VK10::vkCmdBindVertexBuffers@11 (line 11256)
  0x000001fb07ab8fcc: 07e9 24fb 

  0x000001fb07ab8fd0: ;   {runtime_call throw_null_pointer_exception Runtime1 stub}
  0x000001fb07ab8fd0: ffff e8c9 

  0x000001fb07ab8fd4: ; ImmutableOopMap {rdx=Oop [200]=Oop r9=Oop rdi=Oop [192]=Oop }
                      ;*invokevirtual remaining {reexecute=0 rethrow=0 return_oop=0}
                      ; - org.lwjgl.system.Checks::check@1 (line 444)
                      ; - org.lwjgl.vulkan.VK10::vkCmdBindVertexBuffers@11 (line 11256)
                      ;   {metadata({method} {0x000001fb1f09cd08} 'remaining' '()I' in 'java/nio/Buffer')}
  0x000001fb07ab8fd4: bb34 0749 | ba00 cd09 | 1ffb 0100 | 004c 8954 | 2408 48c7 | 0424 ffff 

  0x000001fb07ab8fec: ;   {runtime_call counter_overflow Runtime1 stub}
  0x000001fb07ab8fec: ffff e88d 

  0x000001fb07ab8ff0: ; ImmutableOopMap {rdx=Oop [200]=Oop r9=Oop rdi=Oop [192]=Oop }
                      ;*synchronization entry
                      ; - java.nio.Buffer::remaining@-1 (line 507)
                      ; - org.lwjgl.system.Checks::check@1 (line 444)
                      ; - org.lwjgl.vulkan.VK10::vkCmdBindVertexBuffers@11 (line 11256)
  0x000001fb07ab8ff0: 0f35 07e9 | 3efb ffff 

  0x000001fb07ab8ff8: ;   {metadata({method} {0x000001fb605ca068} 'checkBuffer' '(II)V' in 'org/lwjgl/system/Checks')}
  0x000001fb07ab8ff8: 49ba 60a0 | 5c60 fb01 | 0000 4c89 | 5424 0848 | c704 24ff 

  0x000001fb07ab900c: ;   {runtime_call counter_overflow Runtime1 stub}
  0x000001fb07ab900c: ffff ffe8 

  0x000001fb07ab9010: ; ImmutableOopMap {rdx=Oop [200]=Oop r9=Oop rdi=Oop [192]=Oop }
                      ;*synchronization entry
                      ; - org.lwjgl.system.Checks::checkBuffer@-1 (line 346)
                      ; - org.lwjgl.system.Checks::check@5 (line 444)
                      ; - org.lwjgl.vulkan.VK10::vkCmdBindVertexBuffers@11 (line 11256)
  0x000001fb07ab9010: 6c0f 3507 | e9b2 fbff 

  0x000001fb07ab9018: ;   {metadata({method} {0x000001fb1f09cd08} 'remaining' '()I' in 'java/nio/Buffer')}
  0x000001fb07ab9018: ff49 ba00 | cd09 1ffb | 0100 004c | 8954 2408 | 48c7 0424 | ffff ffff 

  0x000001fb07ab9030: ;   {runtime_call counter_overflow Runtime1 stub}
  0x000001fb07ab9030: e84b 0f35 

  0x000001fb07ab9034: ; ImmutableOopMap {[200]=Oop [192]=Oop r9=Oop }
                      ;*synchronization entry
                      ; - java.nio.Buffer::remaining@-1 (line 507)
                      ; - org.lwjgl.vulkan.VK10::vkCmdBindVertexBuffers@17 (line 11258)
  0x000001fb07ab9034: 07e9 3cfc 

  0x000001fb07ab9038: ;   {metadata({method} {0x000001fb605ed560} 'memAddress' '(Ljava/nio/LongBuffer;)J' in 'org/lwjgl/system/MemoryUtil')}
  0x000001fb07ab9038: ffff 49ba | 58d5 5e60 | fb01 0000 | 4c89 5424 | 0848 c704 | 24ff ffff 

  0x000001fb07ab9050: ;   {runtime_call counter_overflow Runtime1 stub}
  0x000001fb07ab9050: ffe8 2a0f 

  0x000001fb07ab9054: ; ImmutableOopMap {r9=Oop [200]=Oop [192]=Oop }
                      ;*synchronization entry
                      ; - org.lwjgl.system.MemoryUtil::memAddress@-1 (line 796)
                      ; - org.lwjgl.vulkan.VK10::vkCmdBindVertexBuffers@21 (line 11258)
  0x000001fb07ab9054: 3507 e9ba 

  0x000001fb07ab9058: ;   {metadata({method} {0x000001fb605ecd18} 'memAddress0' '(Ljava/nio/Buffer;)J' in 'org/lwjgl/system/MemoryUtil')}
  0x000001fb07ab9058: fcff ff49 | ba10 cd5e | 60fb 0100 | 004c 8954 | 2408 48c7 | 0424 ffff 

  0x000001fb07ab9070: ;   {runtime_call counter_overflow Runtime1 stub}
  0x000001fb07ab9070: ffff e809 

  0x000001fb07ab9074: ; ImmutableOopMap {r9=Oop [200]=Oop [192]=Oop }
                      ;*synchronization entry
                      ; - org.lwjgl.system.MemoryUtil::memAddress0@-1 (line 730)
                      ; - org.lwjgl.system.MemoryUtil::memAddress@6 (line 796)
                      ; - org.lwjgl.vulkan.VK10::vkCmdBindVertexBuffers@21 (line 11258)
  0x000001fb07ab9074: 0f35 07e9 | e8fc ffff 

  0x000001fb07ab907c: ;   {metadata({method} {0x000001fb602b0090} 'getLong' '(Ljava/lang/Object;J)J' in 'sun/misc/Unsafe')}
  0x000001fb07ab907c: 49ba 8800 | 2b60 fb01 | 0000 4c89 | 5424 0848 | c704 24ff 

  0x000001fb07ab9090: ;   {runtime_call counter_overflow Runtime1 stub}
  0x000001fb07ab9090: ffff ffe8 

  0x000001fb07ab9094: ; ImmutableOopMap {r9=Oop [200]=Oop [192]=Oop rax=Oop }
                      ;*synchronization entry
                      ; - sun.misc.Unsafe::getLong@-1 (line 267)
                      ; - org.lwjgl.system.MemoryUtil::memAddress0@7 (line 730)
                      ; - org.lwjgl.system.MemoryUtil::memAddress@6 (line 796)
                      ; - org.lwjgl.vulkan.VK10::vkCmdBindVertexBuffers@21 (line 11258)
  0x000001fb07ab9094: e80e 3507 | e913 fdff 

  0x000001fb07ab909c: ;   {metadata({method} {0x000001fb605ed560} 'memAddress' '(Ljava/nio/LongBuffer;)J' in 'org/lwjgl/system/MemoryUtil')}
  0x000001fb07ab909c: ff49 ba58 | d55e 60fb | 0100 004c | 8954 2408 | 48c7 0424 | ffff ffff 

  0x000001fb07ab90b4: ;   {runtime_call counter_overflow Runtime1 stub}
  0x000001fb07ab90b4: e8c7 0e35 

  0x000001fb07ab90b8: ; ImmutableOopMap {[200]=Oop [216]=Oop [192]=Oop }
                      ;*synchronization entry
                      ; - org.lwjgl.system.MemoryUtil::memAddress@-1 (line 796)
                      ; - org.lwjgl.vulkan.VK10::vkCmdBindVertexBuffers@25 (line 11258)
  0x000001fb07ab90b8: 07e9 75fd 

  0x000001fb07ab90bc: ;   {metadata({method} {0x000001fb605ecd18} 'memAddress0' '(Ljava/nio/Buffer;)J' in 'org/lwjgl/system/MemoryUtil')}
  0x000001fb07ab90bc: ffff 49ba | 10cd 5e60 | fb01 0000 | 4c89 5424 | 0848 c704 | 24ff ffff 

  0x000001fb07ab90d4: ;   {runtime_call counter_overflow Runtime1 stub}
  0x000001fb07ab90d4: ffe8 a60e 

  0x000001fb07ab90d8: ; ImmutableOopMap {[200]=Oop [216]=Oop rdi=Oop [192]=Oop }
                      ;*synchronization entry
                      ; - org.lwjgl.system.MemoryUtil::memAddress0@-1 (line 730)
                      ; - org.lwjgl.system.MemoryUtil::memAddress@6 (line 796)
                      ; - org.lwjgl.vulkan.VK10::vkCmdBindVertexBuffers@25 (line 11258)
  0x000001fb07ab90d8: 3507 e9b8 

  0x000001fb07ab90dc: ;   {metadata({method} {0x000001fb602b0090} 'getLong' '(Ljava/lang/Object;J)J' in 'sun/misc/Unsafe')}
  0x000001fb07ab90dc: fdff ff49 | ba88 002b | 60fb 0100 | 004c 8954 | 2408 48c7 | 0424 ffff 

  0x000001fb07ab90f4: ;   {runtime_call counter_overflow Runtime1 stub}
  0x000001fb07ab90f4: ffff e885 

  0x000001fb07ab90f8: ; ImmutableOopMap {[200]=Oop rdi=Oop [192]=Oop }
                      ;*synchronization entry
                      ; - sun.misc.Unsafe::getLong@-1 (line 267)
                      ; - org.lwjgl.system.MemoryUtil::memAddress0@7 (line 730)
                      ; - org.lwjgl.system.MemoryUtil::memAddress@6 (line 796)
                      ; - org.lwjgl.vulkan.VK10::vkCmdBindVertexBuffers@25 (line 11258)
  0x000001fb07ab90f8: 0e35 07e9 | defd ffff 

  0x000001fb07ab9100: ;   {internal_word}
  0x000001fb07ab9100: 49ba 5c8f | ab07 fb01 | 0000 4d89 | 9760 0300 

  0x000001fb07ab9110: ;   {runtime_call SafepointBlob}
  0x000001fb07ab9110: 00e9 eaa2 | 2a07 9090 | 498b 87d8 | 0300 0049 | c787 d803 | 0000 0000 | 0000 49c7 | 87e0 0300 
  0x000001fb07ab9130: 0000 0000 | 0048 81c4 | 0001 0000 

  0x000001fb07ab913c: ;   {runtime_call unwind_exception Runtime1 stub}
  0x000001fb07ab913c: 5de9 bed4 | 2b07 f4f4 | f4f4 f4f4 | f4f4 f4f4 | f4f4 f4f4 | f4f4 f4f4 | f4f4 f4f4 | f4f4 f4f4 
  0x000001fb07ab915c: f4f4 f4f4 
[Stub Code]
  0x000001fb07ab9160: ;   {no_reloc}
  0x000001fb07ab9160: 0f1f 4400 

  0x000001fb07ab9164: ;   {static_stub}
  0x000001fb07ab9164: 0048 bb00 | 0000 0000 

  0x000001fb07ab916c: ;   {runtime_call}
  0x000001fb07ab916c: 0000 00e9 | fbff ffff 

  0x000001fb07ab9174: ;   {static_stub}
  0x000001fb07ab9174: 9048 bb00 | 0000 0000 

  0x000001fb07ab917c: ;   {runtime_call}
  0x000001fb07ab917c: 0000 00e9 | fbff ffff 

  0x000001fb07ab9184: ;   {static_stub}
  0x000001fb07ab9184: 9048 bb00 | 0000 0000 

  0x000001fb07ab918c: ;   {runtime_call}
  0x000001fb07ab918c: 0000 00e9 | fbff ffff 

  0x000001fb07ab9194: ;   {static_stub}
  0x000001fb07ab9194: 9048 bb00 | 0000 0000 

  0x000001fb07ab919c: ;   {runtime_call}
  0x000001fb07ab919c: 0000 00e9 | fbff ffff 
[Exception Handler]
  0x000001fb07ab91a4: ;   {runtime_call handle_exception_from_callee Runtime1 stub}
  0x000001fb07ab91a4: e8d7 d734 

  0x000001fb07ab91a8: ;   {external_word}
  0x000001fb07ab91a8: 0748 b9a0 | e06e 54fb | 7f00 0048 

  0x000001fb07ab91b4: ;   {runtime_call}
  0x000001fb07ab91b4: 83e4 f049 | bae0 da3c | 54fb 7f00 | 0041 ffd2 

  0x000001fb07ab91c4: ;   {section_word}
  0x000001fb07ab91c4: f449 bac5 | 91ab 07fb | 0100 0041 

  0x000001fb07ab91d0: ;   {runtime_call DeoptimizationBlob}
  0x000001fb07ab91d0: 52e9 ca94 | 2a07 f4f4 
[/MachCode]


---------------  P R O C E S S  ---------------

Threads class SMR info:
_java_thread_list=0x000001fb69f0c3d0, length=24, elements={
0x000001fb7f7149a0, 0x000001fb7f715230, 0x000001fb7f723970, 0x000001fb7f725e70,
0x000001fb7f726760, 0x000001fb7f72ac50, 0x000001fb7f72ea10, 0x000001fb1e858960,
0x000001fb1e862e80, 0x000001fb1e97bd90, 0x000001fb1e986f80, 0x000001fb1eb8ff10,
0x000001fb64175d60, 0x000001fb641b9030, 0x000001fb641b9510, 0x000001fb64211ae0,
0x000001fb1eb63950, 0x000001fb1eb64370, 0x000001fb1eb63440, 0x000001fb1eb64880,
0x000001fb1eb652a0, 0x000001fb1eb62f30, 0x000001fb1eb64d90, 0x000001fb1eb657b0
}

Java Threads: ( => current thread )
  0x000001fb7f7149a0 JavaThread "Reference Handler" daemon [_thread_blocked, id=7768, stack(0x0000006bd5100000,0x0000006bd5200000)]
  0x000001fb7f715230 JavaThread "Finalizer" daemon [_thread_blocked, id=10396, stack(0x0000006bd5200000,0x0000006bd5300000)]
  0x000001fb7f723970 JavaThread "Signal Dispatcher" daemon [_thread_blocked, id=24772, stack(0x0000006bd5300000,0x0000006bd5400000)]
  0x000001fb7f725e70 JavaThread "Attach Listener" daemon [_thread_blocked, id=5940, stack(0x0000006bd5400000,0x0000006bd5500000)]
  0x000001fb7f726760 JavaThread "Service Thread" daemon [_thread_blocked, id=23524, stack(0x0000006bd5500000,0x0000006bd5600000)]
  0x000001fb7f72ac50 JavaThread "Monitor Deflation Thread" daemon [_thread_blocked, id=4288, stack(0x0000006bd5600000,0x0000006bd5700000)]
  0x000001fb7f72ea10 JavaThread "C2 CompilerThread0" daemon [_thread_blocked, id=22056, stack(0x0000006bd5700000,0x0000006bd5800000)]
  0x000001fb1e858960 JavaThread "C1 CompilerThread0" daemon [_thread_blocked, id=23460, stack(0x0000006bd5800000,0x0000006bd5900000)]
  0x000001fb1e862e80 JavaThread "Sweeper thread" daemon [_thread_blocked, id=21468, stack(0x0000006bd5900000,0x0000006bd5a00000)]
  0x000001fb1e97bd90 JavaThread "Notification Thread" daemon [_thread_blocked, id=21648, stack(0x0000006bd5a00000,0x0000006bd5b00000)]
  0x000001fb1e986f80 JavaThread "Common-Cleaner" daemon [_thread_blocked, id=15036, stack(0x0000006bd5c00000,0x0000006bd5d00000)]
  0x000001fb1eb8ff10 JavaThread "Java2D Disposer" daemon [_thread_blocked, id=15128, stack(0x0000006bd5e00000,0x0000006bd5f00000)]
  0x000001fb64175d60 JavaThread "AWT-Windows" daemon [_thread_in_native, id=24752, stack(0x0000006bd6000000,0x0000006bd6100000)]
  0x000001fb641b9030 JavaThread "HighResTimerThread" daemon [_thread_blocked, id=22880, stack(0x0000006bd6100000,0x0000006bd6200000)]
  0x000001fb641b9510 JavaThread "Thread-0" [_thread_blocked, id=22900, stack(0x0000006bd6200000,0x0000006bd6300000)]
  0x000001fb64211ae0 JavaThread "Timer-0" [_thread_in_native, id=25352, stack(0x0000006bd6300000,0x0000006bd6400000)]
  0x000001fb1eb63950 JavaThread "DestroyJavaVM" [_thread_blocked, id=17060, stack(0x0000006bd4a00000,0x0000006bd4b00000)]
  0x000001fb1eb64370 JavaThread "Thread-2" [_thread_blocked, id=24536, stack(0x0000006bd7000000,0x0000006bd7100000)]
  0x000001fb1eb63440 JavaThread "Thread-3" [_thread_blocked, id=23608, stack(0x0000006bd7100000,0x0000006bd7200000)]
=>0x000001fb1eb64880 JavaThread "Thread-4" [_thread_in_native, id=16544, stack(0x0000006bd7200000,0x0000006bd7300000)]
  0x000001fb1eb652a0 JavaThread "Thread-5" [_thread_blocked, id=24524, stack(0x0000006bd7300000,0x0000006bd7400000)]
  0x000001fb1eb62f30 JavaThread "Thread-6" [_thread_blocked, id=3012, stack(0x0000006bd7400000,0x0000006bd7500000)]
  0x000001fb1eb64d90 JavaThread "Thread-7" [_thread_blocked, id=10436, stack(0x0000006bd7500000,0x0000006bd7600000)]
  0x000001fb1eb657b0 JavaThread "Thread-8" [_thread_blocked, id=6352, stack(0x0000006bd7600000,0x0000006bd7700000)]

Other Threads:
  0x000001fb7f70ae70 VMThread "VM Thread" [stack: 0x0000006bd5000000,0x0000006bd5100000] [id=21512]
  0x000001fb79178ba0 WatcherThread [stack: 0x0000006bd5b00000,0x0000006bd5c00000] [id=16764]
  0x000001fb791593e0 GCTaskThread "GC Thread#0" [stack: 0x0000006bd4b00000,0x0000006bd4c00000] [id=25184]
  0x000001fb68e0f700 GCTaskThread "GC Thread#1" [stack: 0x0000006bd7700000,0x0000006bd7800000] [id=21752]
  0x000001fb67616f40 GCTaskThread "GC Thread#2" [stack: 0x0000006bd7800000,0x0000006bd7900000] [id=19956]
  0x000001fb69c4a7f0 GCTaskThread "GC Thread#3" [stack: 0x0000006bd7900000,0x0000006bd7a00000] [id=22716]
  0x000001fb64647cc0 GCTaskThread "GC Thread#4" [stack: 0x0000006bd7a00000,0x0000006bd7b00000] [id=21584]
  0x000001fb646487c0 GCTaskThread "GC Thread#5" [stack: 0x0000006bd7b00000,0x0000006bd7c00000] [id=21908]
  0x000001fb64647740 GCTaskThread "GC Thread#6" [stack: 0x0000006bd7c00000,0x0000006bd7d00000] [id=18756]
  0x000001fb64648a80 GCTaskThread "GC Thread#7" [stack: 0x0000006bd7d00000,0x0000006bd7e00000] [id=23196]
  0x000001fb7916a100 ConcurrentGCThread "G1 Main Marker" [stack: 0x0000006bd4c00000,0x0000006bd4d00000] [id=17172]
  0x000001fb7916b1b0 ConcurrentGCThread "G1 Conc#0" [stack: 0x0000006bd4d00000,0x0000006bd4e00000] [id=8612]
  0x000001fb791ae750 ConcurrentGCThread "G1 Refine#0" [stack: 0x0000006bd4e00000,0x0000006bd4f00000] [id=15432]
  0x000001fb791aec90 ConcurrentGCThread "G1 Service" [stack: 0x0000006bd4f00000,0x0000006bd5000000] [id=21536]

Threads with active compile tasks:

VM state: not at safepoint (normal execution)

VM Mutex/Monitor currently owned by a thread: None

Heap address: 0x0000000701400000, size: 4076 MB, Compressed Oops mode: Zero based, Oop shift amount: 3

CDS archive(s) mapped at: [0x000001fb1f000000-0x000001fb1fbd0000-0x000001fb1fbd0000), size 12386304, SharedBaseAddress: 0x000001fb1f000000, ArchiveRelocationMode: 1.
Compressed class space mapped at: 0x000001fb20000000-0x000001fb60000000, reserved size: 1073741824
Narrow klass base: 0x000001fb1f000000, Narrow klass shift: 0, Narrow klass range: 0x100000000

GC Precious Log:
 CPUs: 8 total, 8 available
 Memory: 16301M
 Large Page Support: Disabled
 NUMA Support: Disabled
 Compressed Oops: Enabled (Zero based)
 Heap Region Size: 2M
 Heap Min Capacity: 8M
 Heap Initial Capacity: 256M
 Heap Max Capacity: 4076M
 Pre-touch: Disabled
 Parallel Workers: 8
 Concurrent Workers: 2
 Concurrent Refinement Workers: 8
 Periodic GC: Disabled

Heap:
 garbage-first heap   total 262144K, used 25810K [0x0000000701400000, 0x0000000800000000)
  region size 2048K, 14 young (28672K), 2 survivors (4096K)
 Metaspace       used 9038K, committed 9216K, reserved 1114112K
  class space    used 576K, committed 704K, reserved 1048576K

Heap Regions: E=young(eden), S=young(survivor), O=old, HS=humongous(starts), HC=humongous(continues), CS=collection set, F=free, OA=open archive, CA=closed archive, TAMS=top-at-mark-start (previous, next)
|   0|0x0000000701400000, 0x0000000701400000, 0x0000000701600000|  0%| F|  |TAMS 0x0000000701400000, 0x0000000701400000| Untracked 
|   1|0x0000000701600000, 0x0000000701600000, 0x0000000701800000|  0%| F|  |TAMS 0x0000000701600000, 0x0000000701600000| Untracked 
|   2|0x0000000701800000, 0x0000000701800000, 0x0000000701a00000|  0%| F|  |TAMS 0x0000000701800000, 0x0000000701800000| Untracked 
|   3|0x0000000701a00000, 0x0000000701a00000, 0x0000000701c00000|  0%| F|  |TAMS 0x0000000701a00000, 0x0000000701a00000| Untracked 
|   4|0x0000000701c00000, 0x0000000701c00000, 0x0000000701e00000|  0%| F|  |TAMS 0x0000000701c00000, 0x0000000701c00000| Untracked 
|   5|0x0000000701e00000, 0x0000000701e00000, 0x0000000702000000|  0%| F|  |TAMS 0x0000000701e00000, 0x0000000701e00000| Untracked 
|   6|0x0000000702000000, 0x0000000702000000, 0x0000000702200000|  0%| F|  |TAMS 0x0000000702000000, 0x0000000702000000| Untracked 
|   7|0x0000000702200000, 0x0000000702200000, 0x0000000702400000|  0%| F|  |TAMS 0x0000000702200000, 0x0000000702200000| Untracked 
|   8|0x0000000702400000, 0x0000000702400000, 0x0000000702600000|  0%| F|  |TAMS 0x0000000702400000, 0x0000000702400000| Untracked 
|   9|0x0000000702600000, 0x0000000702600000, 0x0000000702800000|  0%| F|  |TAMS 0x0000000702600000, 0x0000000702600000| Untracked 
|  10|0x0000000702800000, 0x0000000702800000, 0x0000000702a00000|  0%| F|  |TAMS 0x0000000702800000, 0x0000000702800000| Untracked 
|  11|0x0000000702a00000, 0x0000000702a00000, 0x0000000702c00000|  0%| F|  |TAMS 0x0000000702a00000, 0x0000000702a00000| Untracked 
|  12|0x0000000702c00000, 0x0000000702c00000, 0x0000000702e00000|  0%| F|  |TAMS 0x0000000702c00000, 0x0000000702c00000| Untracked 
|  13|0x0000000702e00000, 0x0000000702e00000, 0x0000000703000000|  0%| F|  |TAMS 0x0000000702e00000, 0x0000000702e00000| Untracked 
|  14|0x0000000703000000, 0x0000000703000000, 0x0000000703200000|  0%| F|  |TAMS 0x0000000703000000, 0x0000000703000000| Untracked 
|  15|0x0000000703200000, 0x0000000703200000, 0x0000000703400000|  0%| F|  |TAMS 0x0000000703200000, 0x0000000703200000| Untracked 
|  16|0x0000000703400000, 0x0000000703400000, 0x0000000703600000|  0%| F|  |TAMS 0x0000000703400000, 0x0000000703400000| Untracked 
|  17|0x0000000703600000, 0x0000000703600000, 0x0000000703800000|  0%| F|  |TAMS 0x0000000703600000, 0x0000000703600000| Untracked 
|  18|0x0000000703800000, 0x0000000703800000, 0x0000000703a00000|  0%| F|  |TAMS 0x0000000703800000, 0x0000000703800000| Untracked 
|  19|0x0000000703a00000, 0x0000000703a00000, 0x0000000703c00000|  0%| F|  |TAMS 0x0000000703a00000, 0x0000000703a00000| Untracked 
|  20|0x0000000703c00000, 0x0000000703c00000, 0x0000000703e00000|  0%| F|  |TAMS 0x0000000703c00000, 0x0000000703c00000| Untracked 
|  21|0x0000000703e00000, 0x0000000703e00000, 0x0000000704000000|  0%| F|  |TAMS 0x0000000703e00000, 0x0000000703e00000| Untracked 
|  22|0x0000000704000000, 0x0000000704000000, 0x0000000704200000|  0%| F|  |TAMS 0x0000000704000000, 0x0000000704000000| Untracked 
|  23|0x0000000704200000, 0x0000000704200000, 0x0000000704400000|  0%| F|  |TAMS 0x0000000704200000, 0x0000000704200000| Untracked 
|  24|0x0000000704400000, 0x0000000704400000, 0x0000000704600000|  0%| F|  |TAMS 0x0000000704400000, 0x0000000704400000| Untracked 
|  25|0x0000000704600000, 0x0000000704600000, 0x0000000704800000|  0%| F|  |TAMS 0x0000000704600000, 0x0000000704600000| Untracked 
|  26|0x0000000704800000, 0x0000000704800000, 0x0000000704a00000|  0%| F|  |TAMS 0x0000000704800000, 0x0000000704800000| Untracked 
|  27|0x0000000704a00000, 0x0000000704a00000, 0x0000000704c00000|  0%| F|  |TAMS 0x0000000704a00000, 0x0000000704a00000| Untracked 
|  28|0x0000000704c00000, 0x0000000704c00000, 0x0000000704e00000|  0%| F|  |TAMS 0x0000000704c00000, 0x0000000704c00000| Untracked 
|  29|0x0000000704e00000, 0x0000000704e00000, 0x0000000705000000|  0%| F|  |TAMS 0x0000000704e00000, 0x0000000704e00000| Untracked 
|  30|0x0000000705000000, 0x0000000705000000, 0x0000000705200000|  0%| F|  |TAMS 0x0000000705000000, 0x0000000705000000| Untracked 
|  31|0x0000000705200000, 0x0000000705200000, 0x0000000705400000|  0%| F|  |TAMS 0x0000000705200000, 0x0000000705200000| Untracked 
|  32|0x0000000705400000, 0x0000000705400000, 0x0000000705600000|  0%| F|  |TAMS 0x0000000705400000, 0x0000000705400000| Untracked 
|  33|0x0000000705600000, 0x0000000705600000, 0x0000000705800000|  0%| F|  |TAMS 0x0000000705600000, 0x0000000705600000| Untracked 
|  34|0x0000000705800000, 0x0000000705800000, 0x0000000705a00000|  0%| F|  |TAMS 0x0000000705800000, 0x0000000705800000| Untracked 
|  35|0x0000000705a00000, 0x0000000705a00000, 0x0000000705c00000|  0%| F|  |TAMS 0x0000000705a00000, 0x0000000705a00000| Untracked 
|  36|0x0000000705c00000, 0x0000000705c00000, 0x0000000705e00000|  0%| F|  |TAMS 0x0000000705c00000, 0x0000000705c00000| Untracked 
|  37|0x0000000705e00000, 0x0000000705e00000, 0x0000000706000000|  0%| F|  |TAMS 0x0000000705e00000, 0x0000000705e00000| Untracked 
|  38|0x0000000706000000, 0x0000000706000000, 0x0000000706200000|  0%| F|  |TAMS 0x0000000706000000, 0x0000000706000000| Untracked 
|  39|0x0000000706200000, 0x0000000706200000, 0x0000000706400000|  0%| F|  |TAMS 0x0000000706200000, 0x0000000706200000| Untracked 
|  40|0x0000000706400000, 0x0000000706400000, 0x0000000706600000|  0%| F|  |TAMS 0x0000000706400000, 0x0000000706400000| Untracked 
|  41|0x0000000706600000, 0x0000000706600000, 0x0000000706800000|  0%| F|  |TAMS 0x0000000706600000, 0x0000000706600000| Untracked 
|  42|0x0000000706800000, 0x0000000706800000, 0x0000000706a00000|  0%| F|  |TAMS 0x0000000706800000, 0x0000000706800000| Untracked 
|  43|0x0000000706a00000, 0x0000000706a00000, 0x0000000706c00000|  0%| F|  |TAMS 0x0000000706a00000, 0x0000000706a00000| Untracked 
|  44|0x0000000706c00000, 0x0000000706c00000, 0x0000000706e00000|  0%| F|  |TAMS 0x0000000706c00000, 0x0000000706c00000| Untracked 
|  45|0x0000000706e00000, 0x0000000706e00000, 0x0000000707000000|  0%| F|  |TAMS 0x0000000706e00000, 0x0000000706e00000| Untracked 
|  46|0x0000000707000000, 0x0000000707000000, 0x0000000707200000|  0%| F|  |TAMS 0x0000000707000000, 0x0000000707000000| Untracked 
|  47|0x0000000707200000, 0x0000000707200000, 0x0000000707400000|  0%| F|  |TAMS 0x0000000707200000, 0x0000000707200000| Untracked 
|  48|0x0000000707400000, 0x0000000707400000, 0x0000000707600000|  0%| F|  |TAMS 0x0000000707400000, 0x0000000707400000| Untracked 
|  49|0x0000000707600000, 0x0000000707600000, 0x0000000707800000|  0%| F|  |TAMS 0x0000000707600000, 0x0000000707600000| Untracked 
|  50|0x0000000707800000, 0x0000000707800000, 0x0000000707a00000|  0%| F|  |TAMS 0x0000000707800000, 0x0000000707800000| Untracked 
|  51|0x0000000707a00000, 0x0000000707a00000, 0x0000000707c00000|  0%| F|  |TAMS 0x0000000707a00000, 0x0000000707a00000| Untracked 
|  52|0x0000000707c00000, 0x0000000707c00000, 0x0000000707e00000|  0%| F|  |TAMS 0x0000000707c00000, 0x0000000707c00000| Untracked 
|  53|0x0000000707e00000, 0x0000000707e00000, 0x0000000708000000|  0%| F|  |TAMS 0x0000000707e00000, 0x0000000707e00000| Untracked 
|  54|0x0000000708000000, 0x0000000708000000, 0x0000000708200000|  0%| F|  |TAMS 0x0000000708000000, 0x0000000708000000| Untracked 
|  55|0x0000000708200000, 0x0000000708200000, 0x0000000708400000|  0%| F|  |TAMS 0x0000000708200000, 0x0000000708200000| Untracked 
|  56|0x0000000708400000, 0x0000000708400000, 0x0000000708600000|  0%| F|  |TAMS 0x0000000708400000, 0x0000000708400000| Untracked 
|  57|0x0000000708600000, 0x0000000708600000, 0x0000000708800000|  0%| F|  |TAMS 0x0000000708600000, 0x0000000708600000| Untracked 
|  58|0x0000000708800000, 0x0000000708800000, 0x0000000708a00000|  0%| F|  |TAMS 0x0000000708800000, 0x0000000708800000| Untracked 
|  59|0x0000000708a00000, 0x0000000708a00000, 0x0000000708c00000|  0%| F|  |TAMS 0x0000000708a00000, 0x0000000708a00000| Untracked 
|  60|0x0000000708c00000, 0x0000000708c00000, 0x0000000708e00000|  0%| F|  |TAMS 0x0000000708c00000, 0x0000000708c00000| Untracked 
|  61|0x0000000708e00000, 0x0000000708e00000, 0x0000000709000000|  0%| F|  |TAMS 0x0000000708e00000, 0x0000000708e00000| Untracked 
|  62|0x0000000709000000, 0x0000000709000000, 0x0000000709200000|  0%| F|  |TAMS 0x0000000709000000, 0x0000000709000000| Untracked 
|  63|0x0000000709200000, 0x0000000709200000, 0x0000000709400000|  0%| F|  |TAMS 0x0000000709200000, 0x0000000709200000| Untracked 
|  64|0x0000000709400000, 0x0000000709400000, 0x0000000709600000|  0%| F|  |TAMS 0x0000000709400000, 0x0000000709400000| Untracked 
|  65|0x0000000709600000, 0x0000000709600000, 0x0000000709800000|  0%| F|  |TAMS 0x0000000709600000, 0x0000000709600000| Untracked 
|  66|0x0000000709800000, 0x0000000709800000, 0x0000000709a00000|  0%| F|  |TAMS 0x0000000709800000, 0x0000000709800000| Untracked 
|  67|0x0000000709a00000, 0x0000000709a00000, 0x0000000709c00000|  0%| F|  |TAMS 0x0000000709a00000, 0x0000000709a00000| Untracked 
|  68|0x0000000709c00000, 0x0000000709c00000, 0x0000000709e00000|  0%| F|  |TAMS 0x0000000709c00000, 0x0000000709c00000| Untracked 
|  69|0x0000000709e00000, 0x0000000709e00000, 0x000000070a000000|  0%| F|  |TAMS 0x0000000709e00000, 0x0000000709e00000| Untracked 
|  70|0x000000070a000000, 0x000000070a000000, 0x000000070a200000|  0%| F|  |TAMS 0x000000070a000000, 0x000000070a000000| Untracked 
|  71|0x000000070a200000, 0x000000070a200000, 0x000000070a400000|  0%| F|  |TAMS 0x000000070a200000, 0x000000070a200000| Untracked 
|  72|0x000000070a400000, 0x000000070a400000, 0x000000070a600000|  0%| F|  |TAMS 0x000000070a400000, 0x000000070a400000| Untracked 
|  73|0x000000070a600000, 0x000000070a600000, 0x000000070a800000|  0%| F|  |TAMS 0x000000070a600000, 0x000000070a600000| Untracked 
|  74|0x000000070a800000, 0x000000070a800000, 0x000000070aa00000|  0%| F|  |TAMS 0x000000070a800000, 0x000000070a800000| Untracked 
|  75|0x000000070aa00000, 0x000000070aa00000, 0x000000070ac00000|  0%| F|  |TAMS 0x000000070aa00000, 0x000000070aa00000| Untracked 
|  76|0x000000070ac00000, 0x000000070ac00000, 0x000000070ae00000|  0%| F|  |TAMS 0x000000070ac00000, 0x000000070ac00000| Untracked 
|  77|0x000000070ae00000, 0x000000070ae00000, 0x000000070b000000|  0%| F|  |TAMS 0x000000070ae00000, 0x000000070ae00000| Untracked 
|  78|0x000000070b000000, 0x000000070b000000, 0x000000070b200000|  0%| F|  |TAMS 0x000000070b000000, 0x000000070b000000| Untracked 
|  79|0x000000070b200000, 0x000000070b200000, 0x000000070b400000|  0%| F|  |TAMS 0x000000070b200000, 0x000000070b200000| Untracked 
|  80|0x000000070b400000, 0x000000070b400000, 0x000000070b600000|  0%| F|  |TAMS 0x000000070b400000, 0x000000070b400000| Untracked 
|  81|0x000000070b600000, 0x000000070b600000, 0x000000070b800000|  0%| F|  |TAMS 0x000000070b600000, 0x000000070b600000| Untracked 
|  82|0x000000070b800000, 0x000000070b800000, 0x000000070ba00000|  0%| F|  |TAMS 0x000000070b800000, 0x000000070b800000| Untracked 
|  83|0x000000070ba00000, 0x000000070ba00000, 0x000000070bc00000|  0%| F|  |TAMS 0x000000070ba00000, 0x000000070ba00000| Untracked 
|  84|0x000000070bc00000, 0x000000070bc00000, 0x000000070be00000|  0%| F|  |TAMS 0x000000070bc00000, 0x000000070bc00000| Untracked 
|  85|0x000000070be00000, 0x000000070be00000, 0x000000070c000000|  0%| F|  |TAMS 0x000000070be00000, 0x000000070be00000| Untracked 
|  86|0x000000070c000000, 0x000000070c000000, 0x000000070c200000|  0%| F|  |TAMS 0x000000070c000000, 0x000000070c000000| Untracked 
|  87|0x000000070c200000, 0x000000070c200000, 0x000000070c400000|  0%| F|  |TAMS 0x000000070c200000, 0x000000070c200000| Untracked 
|  88|0x000000070c400000, 0x000000070c400000, 0x000000070c600000|  0%| F|  |TAMS 0x000000070c400000, 0x000000070c400000| Untracked 
|  89|0x000000070c600000, 0x000000070c600000, 0x000000070c800000|  0%| F|  |TAMS 0x000000070c600000, 0x000000070c600000| Untracked 
|  90|0x000000070c800000, 0x000000070c800000, 0x000000070ca00000|  0%| F|  |TAMS 0x000000070c800000, 0x000000070c800000| Untracked 
|  91|0x000000070ca00000, 0x000000070ca00000, 0x000000070cc00000|  0%| F|  |TAMS 0x000000070ca00000, 0x000000070ca00000| Untracked 
|  92|0x000000070cc00000, 0x000000070cc00000, 0x000000070ce00000|  0%| F|  |TAMS 0x000000070cc00000, 0x000000070cc00000| Untracked 
|  93|0x000000070ce00000, 0x000000070ce00000, 0x000000070d000000|  0%| F|  |TAMS 0x000000070ce00000, 0x000000070ce00000| Untracked 
|  94|0x000000070d000000, 0x000000070d000000, 0x000000070d200000|  0%| F|  |TAMS 0x000000070d000000, 0x000000070d000000| Untracked 
|  95|0x000000070d200000, 0x000000070d200000, 0x000000070d400000|  0%| F|  |TAMS 0x000000070d200000, 0x000000070d200000| Untracked 
|  96|0x000000070d400000, 0x000000070d400000, 0x000000070d600000|  0%| F|  |TAMS 0x000000070d400000, 0x000000070d400000| Untracked 
|  97|0x000000070d600000, 0x000000070d600000, 0x000000070d800000|  0%| F|  |TAMS 0x000000070d600000, 0x000000070d600000| Untracked 
|  98|0x000000070d800000, 0x000000070d800000, 0x000000070da00000|  0%| F|  |TAMS 0x000000070d800000, 0x000000070d800000| Untracked 
|  99|0x000000070da00000, 0x000000070da00000, 0x000000070dc00000|  0%| F|  |TAMS 0x000000070da00000, 0x000000070da00000| Untracked 
| 100|0x000000070dc00000, 0x000000070dc00000, 0x000000070de00000|  0%| F|  |TAMS 0x000000070dc00000, 0x000000070dc00000| Untracked 
| 101|0x000000070de00000, 0x000000070de00000, 0x000000070e000000|  0%| F|  |TAMS 0x000000070de00000, 0x000000070de00000| Untracked 
| 102|0x000000070e000000, 0x000000070e000000, 0x000000070e200000|  0%| F|  |TAMS 0x000000070e000000, 0x000000070e000000| Untracked 
| 103|0x000000070e200000, 0x000000070e200000, 0x000000070e400000|  0%| F|  |TAMS 0x000000070e200000, 0x000000070e200000| Untracked 
| 104|0x000000070e400000, 0x000000070e400000, 0x000000070e600000|  0%| F|  |TAMS 0x000000070e400000, 0x000000070e400000| Untracked 
| 105|0x000000070e600000, 0x000000070e600000, 0x000000070e800000|  0%| F|  |TAMS 0x000000070e600000, 0x000000070e600000| Untracked 
| 106|0x000000070e800000, 0x000000070e800000, 0x000000070ea00000|  0%| F|  |TAMS 0x000000070e800000, 0x000000070e800000| Untracked 
| 107|0x000000070ea00000, 0x000000070ea00000, 0x000000070ec00000|  0%| F|  |TAMS 0x000000070ea00000, 0x000000070ea00000| Untracked 
| 108|0x000000070ec00000, 0x000000070ec00000, 0x000000070ee00000|  0%| F|  |TAMS 0x000000070ec00000, 0x000000070ec00000| Untracked 
| 109|0x000000070ee00000, 0x000000070ee00000, 0x000000070f000000|  0%| F|  |TAMS 0x000000070ee00000, 0x000000070ee00000| Untracked 
| 110|0x000000070f000000, 0x000000070f000000, 0x000000070f200000|  0%| F|  |TAMS 0x000000070f000000, 0x000000070f000000| Untracked 
| 111|0x000000070f200000, 0x000000070f200000, 0x000000070f400000|  0%| F|  |TAMS 0x000000070f200000, 0x000000070f200000| Untracked 
| 112|0x000000070f400000, 0x000000070f400000, 0x000000070f600000|  0%| F|  |TAMS 0x000000070f400000, 0x000000070f400000| Untracked 
| 113|0x000000070f600000, 0x000000070f600000, 0x000000070f800000|  0%| F|  |TAMS 0x000000070f600000, 0x000000070f600000| Untracked 
| 114|0x000000070f800000, 0x000000070f9d6180, 0x000000070fa00000| 91%| E|  |TAMS 0x000000070f800000, 0x000000070f800000| Complete 
| 115|0x000000070fa00000, 0x000000070fb34808, 0x000000070fc00000| 60%| S|CS|TAMS 0x000000070fa00000, 0x000000070fa00000| Complete 
| 116|0x000000070fc00000, 0x000000070fe00000, 0x000000070fe00000|100%| S|CS|TAMS 0x000000070fc00000, 0x000000070fc00000| Complete 
| 117|0x000000070fe00000, 0x0000000710000000, 0x0000000710000000|100%| E|CS|TAMS 0x000000070fe00000, 0x000000070fe00000| Complete 
| 118|0x0000000710000000, 0x0000000710200000, 0x0000000710200000|100%| E|CS|TAMS 0x0000000710000000, 0x0000000710000000| Complete 
| 119|0x0000000710200000, 0x0000000710400000, 0x0000000710400000|100%| E|CS|TAMS 0x0000000710200000, 0x0000000710200000| Complete 
| 120|0x0000000710400000, 0x0000000710600000, 0x0000000710600000|100%| E|CS|TAMS 0x0000000710400000, 0x0000000710400000| Complete 
| 121|0x0000000710600000, 0x0000000710800000, 0x0000000710800000|100%| E|CS|TAMS 0x0000000710600000, 0x0000000710600000| Complete 
| 122|0x0000000710800000, 0x0000000710a00000, 0x0000000710a00000|100%| E|CS|TAMS 0x0000000710800000, 0x0000000710800000| Complete 
| 123|0x0000000710a00000, 0x0000000710c00000, 0x0000000710c00000|100%| E|CS|TAMS 0x0000000710a00000, 0x0000000710a00000| Complete 
| 124|0x0000000710c00000, 0x0000000710e00000, 0x0000000710e00000|100%| E|CS|TAMS 0x0000000710c00000, 0x0000000710c00000| Complete 
| 125|0x0000000710e00000, 0x0000000711000000, 0x0000000711000000|100%| E|CS|TAMS 0x0000000710e00000, 0x0000000710e00000| Complete 
| 126|0x0000000711000000, 0x0000000711200000, 0x0000000711200000|100%| E|CS|TAMS 0x0000000711000000, 0x0000000711000000| Complete 
| 127|0x0000000711200000, 0x0000000711400000, 0x0000000711400000|100%| E|CS|TAMS 0x0000000711200000, 0x0000000711200000| Complete 

Card table byte_map: [0x000001fb7bc20000,0x000001fb7c420000] _byte_map_base: 0x000001fb78416000

Marking Bits (Prev, Next): (CMBitMap*) 0x000001fb79159900, (CMBitMap*) 0x000001fb79159940
 Prev Bits: [0x000001fb167e0000, 0x000001fb1a790000)
 Next Bits: [0x000001fb1a790000, 0x000001fb1e740000)

Polling page: 0x000001fb791b0000

Metaspace:

Usage:
  Non-class:      8.26 MB used.
      Class:    576.58 KB used.
       Both:      8.83 MB used.

Virtual space:
  Non-class space:       64.00 MB reserved,       8.31 MB ( 13%) committed,  1 nodes.
      Class space:        1.00 GB reserved,     704.00 KB ( <1%) committed,  1 nodes.
             Both:        1.06 GB reserved,       9.00 MB ( <1%) committed. 

Chunk freelists:
   Non-Class:  7.06 MB
       Class:  15.36 MB
        Both:  22.42 MB

MaxMetaspaceSize: unlimited
CompressedClassSpaceSize: 1.00 GB
Initial GC threshold: 21.00 MB
Current GC threshold: 21.00 MB
CDS: on
MetaspaceReclaimPolicy: balanced
 - commit_granule_bytes: 65536.
 - commit_granule_words: 8192.
 - virtual_space_node_default_size: 8388608.
 - enlarge_chunks_in_place: 1.
 - new_chunks_are_fully_committed: 0.
 - uncommit_free_chunks: 1.
 - use_allocation_guard: 0.
 - handle_deallocations: 1.


Internal statistics:

num_allocs_failed_limit: 0.
num_arena_births: 152.
num_arena_deaths: 0.
num_vsnodes_births: 2.
num_vsnodes_deaths: 0.
num_space_committed: 144.
num_space_uncommitted: 0.
num_chunks_returned_to_freelist: 0.
num_chunks_taken_from_freelist: 384.
num_chunk_merges: 0.
num_chunk_splits: 271.
num_chunks_enlarged: 197.
num_inconsistent_stats: 0.

CodeHeap 'non-profiled nmethods': size=120000Kb used=703Kb max_used=703Kb free=119296Kb
 bounds [0x000001fb0f2b0000, 0x000001fb0f520000, 0x000001fb167e0000]
CodeHeap 'profiled nmethods': size=120000Kb used=2977Kb max_used=2977Kb free=117022Kb
 bounds [0x000001fb077e0000, 0x000001fb07ad0000, 0x000001fb0ed10000]
CodeHeap 'non-nmethods': size=5760Kb used=1743Kb max_used=1773Kb free=4016Kb
 bounds [0x000001fb0ed10000, 0x000001fb0ef80000, 0x000001fb0f2b0000]
 total_blobs=2904 nmethods=1688 adapters=1129
 compilation: enabled
              stopped_count=0, restarted_count=0
 full_count=0

Compilation events (20 events):
Event: 8.737 Thread 0x000001fb7f72ea10 1680       4       org.lwjgl.vulkan.VK10::vkBeginCommandBuffer (9 bytes)
Event: 8.740 Thread 0x000001fb7f72ea10 nmethod 1680 0x000001fb0f359a10 code [0x000001fb0f359ba0, 0x000001fb0f359c68]
Event: 8.740 Thread 0x000001fb1e858960 1681       1       org.lwjgl.vulkan.DispatchableHandleInstance::getCapabilities (5 bytes)
Event: 8.740 Thread 0x000001fb1e858960 nmethod 1681 0x000001fb0f359d90 code [0x000001fb0f359f20, 0x000001fb0f359ff8]
Event: 9.011 Thread 0x000001fb7f72ea10 1682       4       java.util.HashMap$ValueIterator::next (8 bytes)
Event: 9.019 Thread 0x000001fb7f72ea10 nmethod 1682 0x000001fb0f35a090 code [0x000001fb0f35a220, 0x000001fb0f35a698]
Event: 9.032 Thread 0x000001fb7f72ea10 1683       4       java.lang.Long::valueOf (40 bytes)
Event: 9.034 Thread 0x000001fb7f72ea10 nmethod 1683 0x000001fb0f35a890 code [0x000001fb0f35aa20, 0x000001fb0f35ab18]
Event: 9.067 Thread 0x000001fb7f72ea10 1684       4       java.nio.FloatBuffer::put (69 bytes)
Event: 9.072 Thread 0x000001fb7f72ea10 nmethod 1684 0x000001fb0f35ac10 code [0x000001fb0f35ada0, 0x000001fb0f35b118]
Event: 9.077 Thread 0x000001fb7f72ea10 1685       4       processing.core.PMatrix3D::set (127 bytes)
Event: 9.078 Thread 0x000001fb7f72ea10 nmethod 1685 0x000001fb0f35b690 code [0x000001fb0f35b800, 0x000001fb0f35b958]
Event: 9.194 Thread 0x000001fb7f72ea10 1686       4       processing.opengl.PShader::setAttributeVBO (34 bytes)
Event: 9.244 Thread 0x000001fb7f72ea10 nmethod 1686 0x000001fb0f35ba10 code [0x000001fb0f35bca0, 0x000001fb0f35d3f0]
Event: 9.245 Thread 0x000001fb7f72ea10 1687       4       processing.core.PApplet::noise (8 bytes)
Event: 9.245 Thread 0x000001fb7f72ea10 nmethod 1687 0x000001fb0f35e490 code [0x000001fb0f35e620, 0x000001fb0f35e6c8]
Event: 9.302 Thread 0x000001fb7f72ea10 1688       4       processing.GL2VK.VertexAttribsBinding::vertexAttribPointer (551 bytes)
Event: 9.314 Thread 0x000001fb7f72ea10 nmethod 1688 0x000001fb0f35e790 code [0x000001fb0f35e960, 0x000001fb0f35eea8]
Event: 9.314 Thread 0x000001fb7f72ea10 1689       4       org.lwjgl.system.MemoryStack::callocLong (32 bytes)
Event: 9.323 Thread 0x000001fb7f72ea10 nmethod 1689 0x000001fb0f35f390 code [0x000001fb0f35f520, 0x000001fb0f35f808]

GC Heap History (2 events):
Event: 2.951 GC heap before
{Heap before GC invocations=0 (full 0):
 garbage-first heap   total 262144K, used 22528K [0x0000000701400000, 0x0000000800000000)
  region size 2048K, 11 young (22528K), 0 survivors (0K)
 Metaspace       used 8081K, committed 8256K, reserved 1114112K
  class space    used 548K, committed 640K, reserved 1048576K
}
Event: 2.957 GC heap after
{Heap after GC invocations=1 (full 0):
 garbage-first heap   total 262144K, used 3282K [0x0000000701400000, 0x0000000800000000)
  region size 2048K, 2 young (4096K), 2 survivors (4096K)
 Metaspace       used 8081K, committed 8256K, reserved 1114112K
  class space    used 548K, committed 640K, reserved 1048576K
}

Deoptimization events (20 events):
Event: 4.820 Thread 0x000001fb64211ae0 DEOPT PACKING pc=0x000001fb0f31a834 sp=0x0000006bd63fe940
Event: 4.820 Thread 0x000001fb64211ae0 DEOPT UNPACKING pc=0x000001fb0ed623a3 sp=0x0000006bd63fe8c0 mode 2
Event: 4.820 Thread 0x000001fb64211ae0 Uncommon trap: trap_request=0xffffffc6 fr.pc=0x000001fb0f31a834 relative=0x0000000000000094
Event: 4.820 Thread 0x000001fb64211ae0 Uncommon trap: reason=bimorphic_or_optimized_type_check action=maybe_recompile pc=0x000001fb0f31a834 method=org.lwjgl.system.CustomBuffer.address()J @ 12 c2
Event: 4.820 Thread 0x000001fb64211ae0 DEOPT PACKING pc=0x000001fb0f31a834 sp=0x0000006bd63fe940
Event: 4.820 Thread 0x000001fb64211ae0 DEOPT UNPACKING pc=0x000001fb0ed623a3 sp=0x0000006bd63fe8c0 mode 2
Event: 4.820 Thread 0x000001fb64211ae0 Uncommon trap: trap_request=0xffffff45 fr.pc=0x000001fb0f31cbfc relative=0x000000000000017c
Event: 4.820 Thread 0x000001fb64211ae0 Uncommon trap: reason=unstable_if action=reinterpret pc=0x000001fb0f31cbfc method=org.lwjgl.system.MemoryUtil.memSet(JIJ)V @ 49 c2
Event: 4.820 Thread 0x000001fb64211ae0 DEOPT PACKING pc=0x000001fb0f31cbfc sp=0x0000006bd63fe910
Event: 4.820 Thread 0x000001fb64211ae0 DEOPT UNPACKING pc=0x000001fb0ed623a3 sp=0x0000006bd63fe820 mode 2
Event: 5.741 Thread 0x000001fb64211ae0 DEOPT PACKING pc=0x000001fb079ebf36 sp=0x0000006bd63fea30
Event: 5.741 Thread 0x000001fb64211ae0 DEOPT UNPACKING pc=0x000001fb0ed62b43 sp=0x0000006bd63fdf38 mode 0
Event: 5.807 Thread 0x000001fb64211ae0 DEOPT PACKING pc=0x000001fb079eeba5 sp=0x0000006bd63fec90
Event: 5.807 Thread 0x000001fb64211ae0 DEOPT UNPACKING pc=0x000001fb0ed62b43 sp=0x0000006bd63fe138 mode 0
Event: 5.926 Thread 0x000001fb64211ae0 DEOPT PACKING pc=0x000001fb079fc0fa sp=0x0000006bd63fec10
Event: 5.926 Thread 0x000001fb64211ae0 DEOPT UNPACKING pc=0x000001fb0ed62b43 sp=0x0000006bd63fe0e8 mode 0
Event: 7.716 Thread 0x000001fb1eb64370 DEOPT PACKING pc=0x000001fb07abb303 sp=0x0000006bd70fdaa0
Event: 7.716 Thread 0x000001fb1eb64370 DEOPT UNPACKING pc=0x000001fb0ed62b43 sp=0x0000006bd70fcf38 mode 0
Event: 7.725 Thread 0x000001fb1eb64370 DEOPT PACKING pc=0x000001fb07abb303 sp=0x0000006bd70fd6c0
Event: 7.725 Thread 0x000001fb1eb64370 DEOPT UNPACKING pc=0x000001fb0ed62b43 sp=0x0000006bd70fcb58 mode 0

Classes unloaded (0 events):
No events

Classes redefined (0 events):
No events

Internal exceptions (20 events):
Event: 9.626 Thread 0x000001fb1eb62f30 Exception <a 'java/lang/InterruptedException'{0x00000007104d5288}: sleep interrupted> (0x00000007104d5288) 
thrown [s\open\src\hotspot\share\prims\jvm.cpp, line 3064]
Event: 9.627 Thread 0x000001fb1eb64d90 Exception <a 'java/lang/InterruptedException'{0x000000070ff7a4d8}: sleep interrupted> (0x000000070ff7a4d8) 
thrown [s\open\src\hotspot\share\prims\jvm.cpp, line 3064]
Event: 9.629 Thread 0x000001fb1eb657b0 Exception <a 'java/lang/InterruptedException'{0x000000070feccb38}: sleep interrupted> (0x000000070feccb38) 
thrown [s\open\src\hotspot\share\prims\jvm.cpp, line 3064]
Event: 9.631 Thread 0x000001fb1eb64370 Exception <a 'java/lang/InterruptedException'{0x000000070f890d60}: sleep interrupted> (0x000000070f890d60) 
thrown [s\open\src\hotspot\share\prims\jvm.cpp, line 3064]
Event: 9.633 Thread 0x000001fb1eb63440 Exception <a 'java/lang/InterruptedException'{0x000000070fe1f890}: sleep interrupted> (0x000000070fe1f890) 
thrown [s\open\src\hotspot\share\prims\jvm.cpp, line 3064]
Event: 9.635 Thread 0x000001fb1eb64880 Exception <a 'java/lang/InterruptedException'{0x000000070ff24070}: sleep interrupted> (0x000000070ff24070) 
thrown [s\open\src\hotspot\share\prims\jvm.cpp, line 3064]
Event: 9.636 Thread 0x000001fb1eb652a0 Exception <a 'java/lang/InterruptedException'{0x000000070fe76008}: sleep interrupted> (0x000000070fe76008) 
thrown [s\open\src\hotspot\share\prims\jvm.cpp, line 3064]
Event: 9.638 Thread 0x000001fb1eb62f30 Exception <a 'java/lang/InterruptedException'{0x00000007104d5698}: sleep interrupted> (0x00000007104d5698) 
thrown [s\open\src\hotspot\share\prims\jvm.cpp, line 3064]
Event: 9.640 Thread 0x000001fb1eb64d90 Exception <a 'java/lang/InterruptedException'{0x000000070ff7a8e8}: sleep interrupted> (0x000000070ff7a8e8) 
thrown [s\open\src\hotspot\share\prims\jvm.cpp, line 3064]
Event: 9.642 Thread 0x000001fb1eb657b0 Exception <a 'java/lang/InterruptedException'{0x000000070feccf48}: sleep interrupted> (0x000000070feccf48) 
thrown [s\open\src\hotspot\share\prims\jvm.cpp, line 3064]
Event: 9.644 Thread 0x000001fb1eb64370 Exception <a 'java/lang/InterruptedException'{0x000000070f891170}: sleep interrupted> (0x000000070f891170) 
thrown [s\open\src\hotspot\share\prims\jvm.cpp, line 3064]
Event: 9.646 Thread 0x000001fb1eb63440 Exception <a 'java/lang/InterruptedException'{0x000000070fe1fca0}: sleep interrupted> (0x000000070fe1fca0) 
thrown [s\open\src\hotspot\share\prims\jvm.cpp, line 3064]
Event: 9.648 Thread 0x000001fb1eb64880 Exception <a 'java/lang/InterruptedException'{0x000000070ff24480}: sleep interrupted> (0x000000070ff24480) 
thrown [s\open\src\hotspot\share\prims\jvm.cpp, line 3064]
Event: 9.649 Thread 0x000001fb1eb652a0 Exception <a 'java/lang/InterruptedException'{0x000000070fe76418}: sleep interrupted> (0x000000070fe76418) 
thrown [s\open\src\hotspot\share\prims\jvm.cpp, line 3064]
Event: 9.651 Thread 0x000001fb1eb62f30 Exception <a 'java/lang/InterruptedException'{0x00000007104d5aa8}: sleep interrupted> (0x00000007104d5aa8) 
thrown [s\open\src\hotspot\share\prims\jvm.cpp, line 3064]
Event: 9.654 Thread 0x000001fb1eb64d90 Exception <a 'java/lang/InterruptedException'{0x000000070ff7acf8}: sleep interrupted> (0x000000070ff7acf8) 
thrown [s\open\src\hotspot\share\prims\jvm.cpp, line 3064]
Event: 9.656 Thread 0x000001fb1eb657b0 Exception <a 'java/lang/InterruptedException'{0x000000070fecd358}: sleep interrupted> (0x000000070fecd358) 
thrown [s\open\src\hotspot\share\prims\jvm.cpp, line 3064]
Event: 9.658 Thread 0x000001fb1eb64370 Exception <a 'java/lang/InterruptedException'{0x000000070f891580}: sleep interrupted> (0x000000070f891580) 
thrown [s\open\src\hotspot\share\prims\jvm.cpp, line 3064]
Event: 9.660 Thread 0x000001fb1eb63440 Exception <a 'java/lang/InterruptedException'{0x000000070fe200b0}: sleep interrupted> (0x000000070fe200b0) 
thrown [s\open\src\hotspot\share\prims\jvm.cpp, line 3064]
Event: 9.662 Thread 0x000001fb1eb64880 Exception <a 'java/lang/InterruptedException'{0x000000070ff24890}: sleep interrupted> (0x000000070ff24890) 
thrown [s\open\src\hotspot\share\prims\jvm.cpp, line 3064]

VM Operations (20 events):
Event: 0.470 Executing VM operation: HandshakeAllThreads
Event: 0.470 Executing VM operation: HandshakeAllThreads done
Event: 0.543 Executing VM operation: HandshakeAllThreads
Event: 0.543 Executing VM operation: HandshakeAllThreads done
Event: 1.544 Executing VM operation: Cleanup
Event: 1.544 Executing VM operation: Cleanup done
Event: 2.866 Executing VM operation: HandshakeAllThreads
Event: 2.867 Executing VM operation: HandshakeAllThreads done
Event: 2.867 Executing VM operation: Cleanup
Event: 2.867 Executing VM operation: Cleanup done
Event: 2.950 Executing VM operation: G1CollectForAllocation
Event: 2.957 Executing VM operation: G1CollectForAllocation done
Event: 4.958 Executing VM operation: Cleanup
Event: 4.958 Executing VM operation: Cleanup done
Event: 6.958 Executing VM operation: Cleanup
Event: 6.959 Executing VM operation: Cleanup done
Event: 7.959 Executing VM operation: Cleanup
Event: 7.959 Executing VM operation: Cleanup done
Event: 8.959 Executing VM operation: Cleanup
Event: 8.960 Executing VM operation: Cleanup done

Events (20 events):
Event: 2.870 loading class sun/net/ProgressMeteringPolicy
Event: 2.870 loading class sun/net/ProgressMeteringPolicy done
Event: 2.870 loading class sun/net/DefaultProgressMeteringPolicy done
Event: 2.874 loading class java/util/regex/Pattern$BnM
Event: 2.874 loading class java/util/regex/Pattern$BnM done
Event: 2.874 loading class java/util/regex/Pattern$SliceS
Event: 2.875 loading class java/util/regex/Pattern$SliceS done
Event: 2.914 loading class java/lang/StringIndexOutOfBoundsException
Event: 2.915 loading class java/lang/StringIndexOutOfBoundsException done
Event: 2.931 loading class java/util/regex/Pattern$Neg
Event: 2.931 loading class java/util/regex/Pattern$Neg done
Event: 3.181 Thread 0x000001fb67bc4930 Thread exited: 0x000001fb67bc4930
Event: 3.367 loading class java/lang/invoke/VarHandleLongs$Array
Event: 3.367 loading class java/lang/invoke/VarHandleLongs$Array done
Event: 4.434 Thread 0x000001fb67bc3e90 Thread added: 0x000001fb67bc3e90
Event: 4.450 Thread 0x000001fb67bc43e0 Thread added: 0x000001fb67bc43e0
Event: 4.830 Thread 0x000001fb67bc43e0 Thread exited: 0x000001fb67bc43e0
Event: 4.841 Thread 0x000001fb67bc3e90 Thread exited: 0x000001fb67bc3e90
Event: 6.929 Thread 0x000001fb67bc53d0 Thread added: 0x000001fb67bc53d0
Event: 7.182 Thread 0x000001fb67bc53d0 Thread exited: 0x000001fb67bc53d0


Dynamic libraries:
0x00007ff793d40000 - 0x00007ff793d50000 	C:\Program Files\Java\jdk-17\bin\javaw.exe
0x00007ffbea810000 - 0x00007ffbeaa27000 	C:\WINDOWS\SYSTEM32\ntdll.dll
0x00007ffbe92a0000 - 0x00007ffbe9364000 	C:\WINDOWS\System32\KERNEL32.DLL
0x00007ffbe8180000 - 0x00007ffbe8537000 	C:\WINDOWS\System32\KERNELBASE.dll
0x00007ffbe7e50000 - 0x00007ffbe7f61000 	C:\WINDOWS\System32\ucrtbase.dll
0x00007ffbcbf80000 - 0x00007ffbcbf99000 	C:\Program Files\Java\jdk-17\bin\jli.dll
0x00007ffbcbeb0000 - 0x00007ffbcbecb000 	C:\Program Files\Java\jdk-17\bin\VCRUNTIME140.dll
0x00007ffbe9470000 - 0x00007ffbe9522000 	C:\WINDOWS\System32\ADVAPI32.dll
0x00007ffbea720000 - 0x00007ffbea7c7000 	C:\WINDOWS\System32\msvcrt.dll
0x00007ffbea240000 - 0x00007ffbea2e8000 	C:\WINDOWS\System32\sechost.dll
0x00007ffbe7f70000 - 0x00007ffbe7f98000 	C:\WINDOWS\System32\bcrypt.dll
0x00007ffbe8540000 - 0x00007ffbe8654000 	C:\WINDOWS\System32\RPCRT4.dll
0x00007ffbe9570000 - 0x00007ffbe971f000 	C:\WINDOWS\System32\USER32.dll
0x00007ffbe7e20000 - 0x00007ffbe7e46000 	C:\WINDOWS\System32\win32u.dll
0x00007ffbcc9f0000 - 0x00007ffbccc83000 	C:\WINDOWS\WinSxS\amd64_microsoft.windows.common-controls_6595b64144ccf1df_6.0.22621.3672_none_2713b9d173822955\COMCTL32.dll
0x00007ffbe9540000 - 0x00007ffbe9569000 	C:\WINDOWS\System32\GDI32.dll
0x00007ffbe8060000 - 0x00007ffbe8178000 	C:\WINDOWS\System32\gdi32full.dll
0x00007ffbe7d00000 - 0x00007ffbe7d9a000 	C:\WINDOWS\System32\msvcp_win.dll
0x00007ffbd7360000 - 0x00007ffbd736a000 	C:\WINDOWS\SYSTEM32\VERSION.dll
0x00007ffbe9990000 - 0x00007ffbe99c1000 	C:\WINDOWS\System32\IMM32.DLL
0x00007ffbd3500000 - 0x00007ffbd350c000 	C:\Program Files\Java\jdk-17\bin\vcruntime140_1.dll
0x00007ffbcbbc0000 - 0x00007ffbcbc4e000 	C:\Program Files\Java\jdk-17\bin\msvcp140.dll
0x00007ffb53e20000 - 0x00007ffb549ff000 	C:\Program Files\Java\jdk-17\bin\server\jvm.dll
0x00007ffbea350000 - 0x00007ffbea358000 	C:\WINDOWS\System32\PSAPI.DLL
0x00007ffbcb2d0000 - 0x00007ffbcb2d9000 	C:\WINDOWS\SYSTEM32\WSOCK32.dll
0x00007ffbe87a0000 - 0x00007ffbe8811000 	C:\WINDOWS\System32\WS2_32.dll
0x00007ffbe2580000 - 0x00007ffbe25b4000 	C:\WINDOWS\SYSTEM32\WINMM.dll
0x00007ffbe6b30000 - 0x00007ffbe6b48000 	C:\WINDOWS\SYSTEM32\kernel.appcore.dll
0x00007ffbcbf70000 - 0x00007ffbcbf7a000 	C:\Program Files\Java\jdk-17\bin\jimage.dll
0x00007ffbe5360000 - 0x00007ffbe5592000 	C:\WINDOWS\SYSTEM32\DBGHELP.DLL
0x00007ffbe88b0000 - 0x00007ffbe8c3e000 	C:\WINDOWS\System32\combase.dll
0x00007ffbea380000 - 0x00007ffbea457000 	C:\WINDOWS\System32\OLEAUT32.dll
0x00007ffbd5480000 - 0x00007ffbd54b2000 	C:\WINDOWS\SYSTEM32\dbgcore.DLL
0x00007ffbe7da0000 - 0x00007ffbe7e1b000 	C:\WINDOWS\System32\bcryptPrimitives.dll
0x00007ffbcbb90000 - 0x00007ffbcbbb5000 	C:\Program Files\Java\jdk-17\bin\java.dll
0x00007ffbcb3d0000 - 0x00007ffbcb4a7000 	C:\Program Files\Java\jdk-17\bin\jsvml.dll
0x00007ffbe99d0000 - 0x00007ffbea239000 	C:\WINDOWS\System32\SHELL32.dll
0x00007ffbe5a40000 - 0x00007ffbe633f000 	C:\WINDOWS\SYSTEM32\windows.storage.dll
0x00007ffbe5900000 - 0x00007ffbe5a3f000 	C:\WINDOWS\SYSTEM32\wintypes.dll
0x00007ffbea460000 - 0x00007ffbea559000 	C:\WINDOWS\System32\SHCORE.dll
0x00007ffbe9770000 - 0x00007ffbe97ce000 	C:\WINDOWS\System32\shlwapi.dll
0x00007ffbe7a50000 - 0x00007ffbe7a77000 	C:\WINDOWS\SYSTEM32\profapi.dll
0x00007ffba95a0000 - 0x00007ffba9731000 	C:\Program Files\Java\jdk-17\bin\awt.dll
0x00007ffbe2860000 - 0x00007ffbe28f7000 	C:\WINDOWS\SYSTEM32\apphelp.dll
0x00007ffbcbb70000 - 0x00007ffbcbb89000 	C:\Program Files\Java\jdk-17\bin\net.dll
0x00007ffbe2440000 - 0x00007ffbe2576000 	C:\WINDOWS\SYSTEM32\WINHTTP.dll
0x00007ffbe7000000 - 0x00007ffbe7069000 	C:\WINDOWS\system32\mswsock.dll
0x00007ffbcbb50000 - 0x00007ffbcbb66000 	C:\Program Files\Java\jdk-17\bin\nio.dll
0x00007ffbcbb30000 - 0x00007ffbcbb48000 	C:\Program Files\Java\jdk-17\bin\zip.dll
0x00007ffbe4b90000 - 0x00007ffbe4c41000 	C:\WINDOWS\system32\uxtheme.dll
0x00007ffbe8c40000 - 0x00007ffbe8da0000 	C:\WINDOWS\System32\MSCTF.dll
0x00007ffbea570000 - 0x00007ffbea715000 	C:\WINDOWS\System32\ole32.dll
0x00007ffbe4df0000 - 0x00007ffbe4e1b000 	C:\WINDOWS\system32\DWMAPI.DLL
0x00007ffb54be0000 - 0x00007ffb54ce0000 	C:\WINDOWS\system32\opengl32.dll
0x00007ffb54bb0000 - 0x00007ffb54bdd000 	C:\WINDOWS\SYSTEM32\GLU32.dll
0x00007ffbe4ca0000 - 0x00007ffbe4cd7000 	C:\WINDOWS\SYSTEM32\dxcore.dll
0x00007ffbcb350000 - 0x00007ffbcb3cb000 	C:\Users\teojo\AppData\Local\Temp\lwjgl_teojo\3.3.4+7\x64\lwjgl.dll
0x00007ffbbb5b0000 - 0x00007ffbbb635000 	C:\Users\teojo\AppData\Local\Temp\lwjgl_teojo\3.3.4+7\x64\glfw.dll
0x00007ffbb77b0000 - 0x00007ffbb77f6000 	C:\WINDOWS\SYSTEM32\dinput8.dll
0x00007ffbcb560000 - 0x00007ffbcb571000 	C:\WINDOWS\SYSTEM32\xinput1_4.dll
0x00007ffbe77e0000 - 0x00007ffbe780c000 	C:\WINDOWS\SYSTEM32\DEVOBJ.dll
0x00007ffbe7830000 - 0x00007ffbe787e000 	C:\WINDOWS\SYSTEM32\cfgmgr32.dll
0x00007ffbdd150000 - 0x00007ffbdd363000 	C:\WINDOWS\SYSTEM32\inputhost.dll
0x00007ffbe1fd0000 - 0x00007ffbe2103000 	C:\WINDOWS\SYSTEM32\CoreMessaging.dll
0x00007ffbe7330000 - 0x00007ffbe733c000 	C:\WINDOWS\SYSTEM32\CRYPTBASE.DLL
0x00007ffbddf20000 - 0x00007ffbde063000 	C:\WINDOWS\SYSTEM32\textinputframework.dll
0x00007ffbdf2c0000 - 0x00007ffbdf62d000 	C:\WINDOWS\SYSTEM32\CoreUIComponents.dll
0x00007ffbcc8c0000 - 0x00007ffbcc929000 	C:\WINDOWS\system32\Oleacc.dll
0x00007ffbb6f60000 - 0x00007ffbb70bf000 	C:\WINDOWS\SYSTEM32\vulkan-1.dll
0x00007ffbe4ce0000 - 0x00007ffbe4dd7000 	C:\WINDOWS\system32\dxgi.dll
0x00007ffbe0040000 - 0x00007ffbe005a000 	C:\WINDOWS\SYSTEM32\windows.staterepositorycore.dll
0x00007ffbdf8d0000 - 0x00007ffbdf919000 	C:\WINDOWS\SYSTEM32\directxdatabasehelper.dll
0x00007ffb50eb0000 - 0x00007ffb522fb000 	C:\WINDOWS\System32\DriverStore\FileRepository\64zh1339.inf_amd64_049a1eb556a79dfd\igvk64.dll
0x00007ffbdb340000 - 0x00007ffbdb707000 	C:\WINDOWS\System32\DriverStore\FileRepository\64zh1339.inf_amd64_049a1eb556a79dfd\igdgmm64.dll
0x00007ffbd7d80000 - 0x00007ffbdb332000 	C:\WINDOWS\System32\DriverStore\FileRepository\64zh1339.inf_amd64_049a1eb556a79dfd\igc64.dll
0x00007ffb53a00000 - 0x00007ffb53e1d000 	C:\WINDOWS\System32\DriverStore\FileRepository\64zh1339.inf_amd64_049a1eb556a79dfd\igdmd64.dll
0x00007ffb4e2c0000 - 0x00007ffb50eab000 	C:\WINDOWS\System32\DriverStore\FileRepository\nvmsoi.inf_amd64_f617ba55ceca6e18\nvoglv64.dll
0x00007ffbe8e20000 - 0x00007ffbe9294000 	C:\WINDOWS\System32\SETUPAPI.dll
0x00007ffbe68f0000 - 0x00007ffbe6904000 	C:\WINDOWS\SYSTEM32\WTSAPI32.dll
0x00007ffbe7420000 - 0x00007ffbe7432000 	C:\WINDOWS\SYSTEM32\msasn1.dll
0x00007ffbd7320000 - 0x00007ffbd7352000 	C:\WINDOWS\SYSTEM32\cryptnet.dll
0x00007ffbe7b90000 - 0x00007ffbe7cf6000 	C:\WINDOWS\System32\CRYPT32.dll
0x00007ffbd7140000 - 0x00007ffbd72a2000 	C:\WINDOWS\SYSTEM32\drvstore.dll
0x00007ffbe7280000 - 0x00007ffbe72c9000 	C:\WINDOWS\SYSTEM32\wldp.dll
0x00007ffbe7b20000 - 0x00007ffbe7b8c000 	C:\WINDOWS\System32\wintrust.dll
0x00007ffbe8da0000 - 0x00007ffbe8dbf000 	C:\WINDOWS\System32\imagehlp.dll
0x00007ffbe7350000 - 0x00007ffbe736b000 	C:\WINDOWS\SYSTEM32\CRYPTSP.dll
0x00007ffbe6a90000 - 0x00007ffbe6ac5000 	C:\WINDOWS\system32\rsaenh.dll
0x00007ffbe7070000 - 0x00007ffbe7096000 	C:\WINDOWS\SYSTEM32\gpapi.dll
0x00007ffb42770000 - 0x00007ffb4495d000 	C:\WINDOWS\System32\DriverStore\FileRepository\nvmsoi.inf_amd64_f617ba55ceca6e18\nvgpucomp64.dll
0x00007ffbe6c40000 - 0x00007ffbe6c74000 	C:\WINDOWS\SYSTEM32\ntmarta.dll
0x00007ffbe86f0000 - 0x00007ffbe87a0000 	C:\WINDOWS\System32\clbcatq.dll
0x00007ffbcd880000 - 0x00007ffbcd8b9000 	C:\WINDOWS\SYSTEM32\rometadata.dll
0x00007ffb40db0000 - 0x00007ffb42762000 	C:\VulkanSDK\1.3.275.0\Bin\VkLayer_khronos_validation.dll
0x00007ffbad9e0000 - 0x00007ffbada2e000 	C:\ProgramData\obs-studio-hook\graphics-hook64.dll
0x00007ffb80800000 - 0x00007ffb80834000 	C:\WINDOWS\SYSTEM32\ControlLib.dll
0x00007ffb56500000 - 0x00007ffb56689000 	C:\WINDOWS\System32\DriverStore\FileRepository\64zh1339.inf_amd64_049a1eb556a79dfd\igdml64.dll
0x00007ffbe0130000 - 0x00007ffbe0274000 	C:\Windows\System32\AppXDeploymentClient.dll
0x00007ffb4d2a0000 - 0x00007ffb4e2b2000 	C:\WINDOWS\System32\DriverStore\FileRepository\64zh1339.inf_amd64_049a1eb556a79dfd\ig9icd64.dll
0x00007ffbe73c0000 - 0x00007ffbe740d000 	C:\WINDOWS\SYSTEM32\powrprof.dll
0x00007ffbe73a0000 - 0x00007ffbe73b3000 	C:\WINDOWS\SYSTEM32\UMPDC.dll
0x00007ffbb8e40000 - 0x00007ffbb8e8b000 	C:\WINDOWS\system32\ApplicationTargetedFeatureDatabase.dll
0x00007ffbddb30000 - 0x00007ffbdddd2000 	C:\Windows\System32\twinapi.appcore.dll
0x00007ffb40770000 - 0x00007ffb40da5000 	C:\Users\teojo\AppData\Local\Temp\lwjgl_teojo\3.3.4+7\x64\shaderc.dll

dbghelp: loaded successfully - version: 4.0.5 - missing functions: none
symbol engine: initialized successfully - sym options: 0x614 - pdb path: .;C:\Program Files\Java\jdk-17\bin;C:\WINDOWS\SYSTEM32;C:\WINDOWS\WinSxS\amd64_microsoft.windows.common-controls_6595b64144ccf1df_6.0.22621.3672_none_2713b9d173822955;C:\Program Files\Java\jdk-17\bin\server;C:\Users\teojo\AppData\Local\Temp\lwjgl_teojo\3.3.4+7\x64;C:\WINDOWS\System32\DriverStore\FileRepository\64zh1339.inf_amd64_049a1eb556a79dfd;C:\WINDOWS\System32\DriverStore\FileRepository\nvmsoi.inf_amd64_f617ba55ceca6e18;C:\VulkanSDK\1.3.275.0\Bin;C:\ProgramData\obs-studio-hook

VM Arguments:
jvm_args: -Dfile.encoding=UTF-8 -Dstdout.encoding=UTF-8 -Dstderr.encoding=UTF-8 -XX:+ShowCodeDetailsInExceptionMessages 
java_command: Sketch1
java_class_path (initial): C:\mydata\projects\processing4\core\bin;C:\mydata\projects\processing4\core\library\jogl-all.jar;C:\mydata\projects\processing4\core\library\gluegen-rt.jar;C:\mydata\projects\processing4\core\library\lwjgl-vulkan\joml-1.10.7.jar;C:\mydata\projects\processing4\core\library\lwjgl-vulkan\lwjgl.jar;C:\mydata\projects\processing4\core\library\lwjgl-vulkan\lwjgl-assimp.jar;C:\mydata\projects\processing4\core\library\lwjgl-vulkan\lwjgl-assimp-natives-linux.jar;C:\mydata\projects\processing4\core\library\lwjgl-vulkan\lwjgl-assimp-natives-windows.jar;C:\mydata\projects\processing4\core\library\lwjgl-vulkan\lwjgl-assimp-sources.jar;C:\mydata\projects\processing4\core\library\lwjgl-vulkan\lwjgl-glfw.jar;C:\mydata\projects\processing4\core\library\lwjgl-vulkan\lwjgl-glfw-natives-linux.jar;C:\mydata\projects\processing4\core\library\lwjgl-vulkan\lwjgl-glfw-natives-windows.jar;C:\mydata\projects\processing4\core\library\lwjgl-vulkan\lwjgl-glfw-sources.jar;C:\mydata\projects\processing4\core\library\lwjgl-vulkan\lwjgl-natives-linux.jar;C:\mydata\projects\processing4\core\library\lwjgl-vulkan\lwjgl-natives-windows.jar;C:\mydata\projects\processing4\core\library\lwjgl-vulkan\lwjgl-openal.jar;C:\mydata\projects\processing4\core\library\lwjgl-vulkan\lwjgl-openal-natives-linux.jar;C:\mydata\projects\processing4\core\library\lwjgl-vulkan\lwjgl-openal-natives-windows.jar;C:\mydata\projects\processing4\core\library\lwjgl-vulkan\lwjgl-openal-sources.jar;C:\mydata\projects\processing4\core\library\lwjgl-vulkan\lwjgl-shaderc.jar;C:\mydata\projects\processing4\core\library\lwjgl-vulkan\lwjgl-shaderc-natives-linux.jar;C:\mydata\projects\processing4\core\library\lwjgl-vulkan\lwjgl-shaderc-natives-windows.jar;C:\mydata\projects\processing4\core\library\lwjgl-vulkan\lwjgl-shaderc-sources.jar;C:\mydata\projects\processing4\core\library\lwjgl-vulkan\lwjgl-sources.jar;C:\mydata\projects\processing4\core\library\lwjgl-vulkan\lwjgl-stb.jar;C:\mydata\projects\processing4\co
Launcher Type: SUN_STANDARD

[Global flags]
     intx CICompilerCount                          = 4                                         {product} {ergonomic}
     uint ConcGCThreads                            = 2                                         {product} {ergonomic}
     uint G1ConcRefinementThreads                  = 8                                         {product} {ergonomic}
   size_t G1HeapRegionSize                         = 2097152                                   {product} {ergonomic}
    uintx GCDrainStackTargetSize                   = 64                                        {product} {ergonomic}
   size_t InitialHeapSize                          = 268435456                                 {product} {ergonomic}
   size_t MarkStackSize                            = 4194304                                   {product} {ergonomic}
   size_t MaxHeapSize                              = 4273995776                                {product} {ergonomic}
   size_t MaxNewSize                               = 2562719744                                {product} {ergonomic}
   size_t MinHeapDeltaBytes                        = 2097152                                   {product} {ergonomic}
   size_t MinHeapSize                              = 8388608                                   {product} {ergonomic}
    uintx NonNMethodCodeHeapSize                   = 5839372                                {pd product} {ergonomic}
    uintx NonProfiledCodeHeapSize                  = 122909434                              {pd product} {ergonomic}
    uintx ProfiledCodeHeapSize                     = 122909434                              {pd product} {ergonomic}
    uintx ReservedCodeCacheSize                    = 251658240                              {pd product} {ergonomic}
     bool SegmentedCodeCache                       = true                                      {product} {ergonomic}
     bool ShowCodeDetailsInExceptionMessages       = true                                   {manageable} {command line}
   size_t SoftMaxHeapSize                          = 4273995776                             {manageable} {ergonomic}
     bool UseCompressedClassPointers               = true                           {product lp64_product} {ergonomic}
     bool UseCompressedOops                        = true                           {product lp64_product} {ergonomic}
     bool UseG1GC                                  = true                                      {product} {ergonomic}
     bool UseLargePagesIndividualAllocation        = false                                  {pd product} {ergonomic}

Logging:
Log output configuration:
 #0: stdout all=warning uptime,level,tags
 #1: stderr all=off uptime,level,tags

Environment Variables:
PATH=C:/Users/teojo/.p2/pool/plugins/org.eclipse.justj.openjdk.hotspot.jre.full.win32.x86_64_17.0.8.v20230831-1047/jre/bin/server;C:/Users/teojo/.p2/pool/plugins/org.eclipse.justj.openjdk.hotspot.jre.full.win32.x86_64_17.0.8.v20230831-1047/jre/bin;C:\VulkanSDK\1.3.275.0\Bin;C:\Program Files\Common Files\Oracle\Java\javapath;C:\Program Files (x86)\Common Files\Oracle\Java\java8path;C:\Program Files (x86)\Common Files\Oracle\Java\javapath;C:\WINDOWS\system32;C:\WINDOWS;C:\WINDOWS\System32\Wbem;C:\WINDOWS\System32\WindowsPowerShell\v1.0\;C:\WINDOWS\System32\OpenSSH\;C:\Program Files\dotnet\;C:\Program Files (x86)\NVIDIA Corporation\PhysX\Common;C:\Program Files\CMake\bin;C:\Program Files (x86)\Windows Kits\10\Windows Performance Toolkit\;C:\mydata\apps\apache-maven-3.9.8\bin\;C:\Users\teojo\AppData\Local\Microsoft\WindowsApps;C:\Users\teojo\AppData\Local\Programs\Microsoft VS Code\bin;C:\Users\teojo\.dotnet\tools;C:\msys64\ucrt64\bin;;C:\WINDOWS\system32;
USERNAME=teojo
OS=Windows_NT
PROCESSOR_IDENTIFIER=Intel64 Family 6 Model 142 Stepping 10, GenuineIntel



---------------  S Y S T E M  ---------------

OS:
 Windows 11 , 64 bit Build 22621 (10.0.22621.3958)
OS uptime: 0 days 9:27 hours
Hyper-V role detected

CPU: total 8 (initial active 8) (4 cores per cpu, 2 threads per core) family 6 model 142 stepping 10 microcode 0xf0, cx8, cmov, fxsr, ht, mmx, 3dnowpref, sse, sse2, sse3, ssse3, sse4.1, sse4.2, popcnt, lzcnt, tsc, tscinvbit, avx, avx2, aes, erms, clmul, bmi1, bmi2, rtm, adx, fma, vzeroupper, clflush, clflushopt, hv

Memory: 4k page, system-wide physical 16301M (4489M free)
TotalPageFile size 39491M (AvailPageFile size 5371M)
current process WorkingSet (physical memory assigned to process): 254M, peak: 281M
current process commit charge ("private bytes"): 580M, peak: 611M

vm_info: Java HotSpot(TM) 64-Bit Server VM (17.0.10+11-LTS-240) for windows-amd64 JRE (17.0.10+11-LTS-240), built on Dec 19 2023 21:47:25 by "mach5one" with MS VC++ 17.1 (VS2022)

END.
